Configuring server-side netem with 2% loss (bidirectional)
iperf 3.12
Linux narva 6.1.0-17-amd64 #1 SMP PREEMPT_DYNAMIC Debian 6.1.69-1 (2023-12-30) x86_64
iperf3 server is listening on port 25565 (PID 6241)
Waiting for iperf3 to handle client connection...
-----------------------------------------------------------
Server listening on 25565 (test #1)
-----------------------------------------------------------
Time: Tue, 24 Mar 2026 00:20:31 GMT
Accepted connection from fd00:0:0:1::1, port 52883
      Cookie: ddoslglmcpxi3yworajhsme42n74ztyvaeh3
      TCP MSS: 0 (default)
[  5] local fd00:0:0:3::1 port 25565 connected to fd00:0:0:1::1 port 34461
Starting Test: protocol: TCP, 1 streams, 131072 byte blocks, omitting 0 seconds, 10 second test, tos 0
[ ID] Interval           Transfer     Bitrate
[  5]   0.00-1.00   sec  1.25 MBytes  10.5 Mbits/sec                  
[  5]   1.00-2.00   sec  1.41 MBytes  11.8 Mbits/sec                  
[  5]   2.00-3.00   sec  1.05 MBytes  8.81 Mbits/sec                  
[  5]   3.00-4.00   sec  1.26 MBytes  10.6 Mbits/sec                  
[  5]   4.00-5.00   sec  1.24 MBytes  10.4 Mbits/sec                  
[  5]   5.00-6.00   sec   874 KBytes  7.16 Mbits/sec                  
[  5]   6.00-7.00   sec  1.42 MBytes  11.9 Mbits/sec                  
[  5]   7.00-8.00   sec  1.35 MBytes  11.3 Mbits/sec                  
[  5]   8.00-9.00   sec  1.10 MBytes  9.24 Mbits/sec                  
[  5]   9.00-10.00  sec  1.33 MBytes  11.2 Mbits/sec                  
[  5]  10.00-10.01  sec  11.2 KBytes  9.09 Mbits/sec                  
- - - - - - - - - - - - - - - - - - - - - - - - -
Test Complete. Summary Results:
[ ID] Interval           Transfer     Bitrate
[  5] (sender statistics not available)
[  5]   0.00-10.01  sec  12.3 MBytes  10.3 Mbits/sec                  receiver
rcv_tcp_congestion cubic
Server run complete.
