Configuring server-side netem with 1% loss (bidirectional)
iperf 3.12
Linux narva 6.1.0-17-amd64 #1 SMP PREEMPT_DYNAMIC Debian 6.1.69-1 (2023-12-30) x86_64
iperf3 server is listening on port 25565 (PID 5714)
Waiting for iperf3 to handle client connection...
-----------------------------------------------------------
Server listening on 25565 (test #1)
-----------------------------------------------------------
Time: Tue, 24 Mar 2026 00:19:03 GMT
Accepted connection from fd00:0:0:2::1, port 34707
      Cookie: qtrrjdeourg6w72ek6cirs3ee6bvodpu5zqh
      TCP MSS: 0 (default)
[  5] local fd00:0:0:3::1 port 25565 connected to fd00:0:0:2::1 port 57119
Starting Test: protocol: TCP, 1 streams, 131072 byte blocks, omitting 0 seconds, 10 second test, tos 0
[ ID] Interval           Transfer     Bitrate
[  5]   0.00-1.00   sec   531 KBytes  4.35 Mbits/sec                  
[  5]   1.00-2.00   sec   473 KBytes  3.87 Mbits/sec                  
[  5]   2.00-3.00   sec   344 KBytes  2.82 Mbits/sec                  
[  5]   3.00-4.00   sec   296 KBytes  2.42 Mbits/sec                  
[  5]   4.00-5.00   sec   361 KBytes  2.96 Mbits/sec                  
[  5]   5.00-6.00   sec   282 KBytes  2.31 Mbits/sec                  
[  5]   6.00-7.00   sec   279 KBytes  2.28 Mbits/sec                  
[  5]   7.00-8.00   sec   301 KBytes  2.47 Mbits/sec                  
[  5]   8.00-9.00   sec   266 KBytes  2.18 Mbits/sec                  
[  5]   9.00-10.00  sec   199 KBytes  1.63 Mbits/sec                  
[  5]  10.00-10.10  sec  29.3 KBytes  2.39 Mbits/sec                  
- - - - - - - - - - - - - - - - - - - - - - - - -
Test Complete. Summary Results:
[ ID] Interval           Transfer     Bitrate
[  5] (sender statistics not available)
[  5]   0.00-10.10  sec  3.28 MBytes  2.73 Mbits/sec                  receiver
rcv_tcp_congestion cubic
Server run complete.
