Configuring server-side netem with 5% loss (bidirectional)
iperf 3.12
Linux narva 6.1.0-17-amd64 #1 SMP PREEMPT_DYNAMIC Debian 6.1.69-1 (2023-12-30) x86_64
iperf3 server is listening on port 25565 (PID 8150)
Waiting for iperf3 to handle client connection...
-----------------------------------------------------------
Server listening on 25565 (test #1)
-----------------------------------------------------------
Time: Tue, 24 Mar 2026 00:25:44 GMT
Accepted connection from fd00:0:0:2::1, port 43119
      Cookie: pl4vatfoo6l6x7jojd4x7a4njpa752suxvxm
      TCP MSS: 0 (default)
[  5] local fd00:0:0:3::1 port 25565 connected to fd00:0:0:2::1 port 52229
Starting Test: protocol: TCP, 1 streams, 131072 byte blocks, omitting 0 seconds, 10 second test, tos 0
[ ID] Interval           Transfer     Bitrate
[  5]   0.00-1.00   sec   402 KBytes  3.29 Mbits/sec                  
[  5]   1.00-2.00   sec   124 KBytes  1.02 Mbits/sec                  
[  5]   2.00-3.00   sec   212 KBytes  1.74 Mbits/sec                  
[  5]   3.00-4.00   sec  60.0 KBytes   491 Kbits/sec                  
[  5]   4.00-5.00   sec  0.00 Bytes  0.00 bits/sec                  
[  5]   5.00-6.00   sec   389 KBytes  3.19 Mbits/sec                  
[  5]   6.00-7.00   sec   187 KBytes  1.53 Mbits/sec                  
[  5]   7.00-8.00   sec   141 KBytes  1.15 Mbits/sec                  
[  5]   8.00-9.00   sec   167 KBytes  1.37 Mbits/sec                  
[  5]   9.00-10.00  sec  90.6 KBytes   742 Kbits/sec                  
- - - - - - - - - - - - - - - - - - - - - - - - -
Test Complete. Summary Results:
[ ID] Interval           Transfer     Bitrate
[  5] (sender statistics not available)
[  5]   0.00-10.05  sec  1.73 MBytes  1.44 Mbits/sec                  receiver
rcv_tcp_congestion cubic
Server run complete.
