Configuring path properties with 1% loss
Checking path to the server
fd00:0:0:3::1 from fd00:0:0:1::1 dev enp2s0f1 table 100 src fd00:0:0:1::1 metric 1024 pref medium
Running iperf3 client via fd00:0:0:1::1 for 10s
iperf 3.12
Linux klaipeda 6.1.0-17-amd64 #1 SMP PREEMPT_DYNAMIC Debian 6.1.69-1 (2023-12-30) x86_64
Control connection MSS 1428
Time: Tue, 24 Mar 2026 00:19:56 GMT
Connecting to host fd00:0:0:3::1, port 25565
      Cookie: vjokao2rx3yqw6g27z5sp5f4z7ja2r627aji
      TCP MSS: 1428 (default)
[  5] local fd00:0:0:1::1 port 34745 connected to fd00:0:0:3::1 port 25565
Starting Test: protocol: TCP, 1 streams, 131072 byte blocks, omitting 0 seconds, 10 second test, tos 0
[ ID] Interval           Transfer     Bitrate         Retr  Cwnd
[  5]   0.00-1.00   sec  8.50 MBytes  71.3 Mbits/sec   39   69.7 KBytes       
[  5]   1.00-2.00   sec  2.27 MBytes  19.0 Mbits/sec   18   19.5 KBytes       
[  5]   2.00-3.00   sec  2.33 MBytes  19.5 Mbits/sec    7   43.2 KBytes       
[  5]   3.00-4.00   sec  2.33 MBytes  19.5 Mbits/sec   18   20.9 KBytes       
[  5]   4.00-5.00   sec  2.33 MBytes  19.5 Mbits/sec   20   13.9 KBytes       
[  5]   5.00-6.00   sec  2.27 MBytes  19.0 Mbits/sec   10   25.1 KBytes       
[  5]   6.00-7.00   sec  2.33 MBytes  19.5 Mbits/sec   20   13.9 KBytes       
[  5]   7.00-8.00   sec  1.15 MBytes  9.68 Mbits/sec   10   36.3 KBytes       
[  5]   8.00-9.00   sec  2.34 MBytes  19.6 Mbits/sec   26   19.5 KBytes       
[  5]   9.00-10.00  sec  2.33 MBytes  19.5 Mbits/sec   18   15.3 KBytes       
- - - - - - - - - - - - - - - - - - - - - - - - -
Test Complete. Summary Results:
[ ID] Interval           Transfer     Bitrate         Retr
[  5]   0.00-10.00  sec  28.2 MBytes  23.6 Mbits/sec  186             sender
[  5]   0.00-10.01  sec  24.9 MBytes  20.8 Mbits/sec                  receiver
CPU Utilization: local/sender 0.2% (0.1%u/0.2%s), remote/receiver 0.9% (0.2%u/0.8%s)
snd_tcp_congestion cubic
rcv_tcp_congestion cubic

iperf Done.
Client run complete.
