Configuring server-side netem with 0.5% loss (bidirectional)
iperf 3.12
Linux narva 6.1.0-17-amd64 #1 SMP PREEMPT_DYNAMIC Debian 6.1.69-1 (2023-12-30) x86_64
iperf3 server is listening on port 25565 (PID 4029)
Waiting for iperf3 to handle client connection...
-----------------------------------------------------------
Server listening on 25565 (test #1)
-----------------------------------------------------------
Time: Tue, 24 Mar 2026 00:14:24 GMT
Accepted connection from fd00:0:0:2::1, port 51761
      Cookie: h6tmlieqidujb44ectwor3ntbn5j26lnzec4
      TCP MSS: 0 (default)
[  5] local fd00:0:0:3::1 port 25565 connected to fd00:0:0:2::1 port 51485
Starting Test: protocol: TCP, 1 streams, 131072 byte blocks, omitting 0 seconds, 10 second test, tos 0
[ ID] Interval           Transfer     Bitrate
[  5]   0.00-1.00   sec  1.05 MBytes  8.82 Mbits/sec                  
[  5]   1.00-2.00   sec  1.10 MBytes  9.26 Mbits/sec                  
[  5]   2.00-3.00   sec   747 KBytes  6.12 Mbits/sec                  
[  5]   3.00-4.00   sec   780 KBytes  6.39 Mbits/sec                  
[  5]   4.00-5.00   sec   653 KBytes  5.35 Mbits/sec                  
[  5]   5.00-6.00   sec   929 KBytes  7.61 Mbits/sec                  
[  5]   6.00-7.00   sec  1.14 MBytes  9.58 Mbits/sec                  
[  5]   7.00-8.00   sec   879 KBytes  7.20 Mbits/sec                  
[  5]   8.00-9.00   sec   477 KBytes  3.91 Mbits/sec                  
[  5]   9.00-10.00  sec   417 KBytes  3.42 Mbits/sec                  
[  5]  10.00-10.05  sec  26.5 KBytes  4.30 Mbits/sec                  
- - - - - - - - - - - - - - - - - - - - - - - - -
Test Complete. Summary Results:
[ ID] Interval           Transfer     Bitrate
[  5] (sender statistics not available)
[  5]   0.00-10.05  sec  8.09 MBytes  6.75 Mbits/sec                  receiver
rcv_tcp_congestion cubic
Server run complete.
