Configuring server-side netem with 0.5% loss (bidirectional)
iperf 3.12
Linux narva 6.1.0-17-amd64 #1 SMP PREEMPT_DYNAMIC Debian 6.1.69-1 (2023-12-30) x86_64
iperf3 server is listening on port 25565 (PID 3719)
Waiting for iperf3 to handle client connection...
-----------------------------------------------------------
Server listening on 25565 (test #1)
-----------------------------------------------------------
Time: Tue, 24 Mar 2026 00:13:31 GMT
Accepted connection from fd00:0:0:1::1, port 54617
      Cookie: mwsnol3p7nhmmyj5276rku3jmwhueawwxdvz
      TCP MSS: 0 (default)
[  5] local fd00:0:0:3::1 port 25565 connected to fd00:0:0:1::1 port 49855
Starting Test: protocol: TCP, 1 streams, 131072 byte blocks, omitting 0 seconds, 10 second test, tos 0
[ ID] Interval           Transfer     Bitrate
[  5]   0.00-1.00   sec  5.53 MBytes  46.4 Mbits/sec                  
[  5]   1.00-2.00   sec  5.58 MBytes  46.8 Mbits/sec                  
[  5]   2.00-3.00   sec  3.96 MBytes  33.2 Mbits/sec                  
[  5]   3.00-4.00   sec  3.37 MBytes  28.3 Mbits/sec                  
[  5]   4.00-5.00   sec  2.77 MBytes  23.2 Mbits/sec                  
[  5]   5.00-6.00   sec  2.71 MBytes  22.8 Mbits/sec                  
[  5]   6.00-7.00   sec  4.06 MBytes  34.0 Mbits/sec                  
[  5]   7.00-8.00   sec  4.73 MBytes  39.7 Mbits/sec                  
[  5]   8.00-9.00   sec  5.27 MBytes  44.2 Mbits/sec                  
[  5]   9.00-10.00  sec  5.59 MBytes  46.9 Mbits/sec                  
[  5]  10.00-10.01  sec  34.9 KBytes  24.7 Mbits/sec                  
- - - - - - - - - - - - - - - - - - - - - - - - -
Test Complete. Summary Results:
[ ID] Interval           Transfer     Bitrate
[  5] (sender statistics not available)
[  5]   0.00-10.01  sec  43.6 MBytes  36.5 Mbits/sec                  receiver
rcv_tcp_congestion cubic
Server run complete.
