Configuring server-side netem with 5% loss (bidirectional)
iperf 3.12
Linux narva 6.1.0-17-amd64 #1 SMP PREEMPT_DYNAMIC Debian 6.1.69-1 (2023-12-30) x86_64
iperf3 server is listening on port 25565 (PID 7200)
Waiting for iperf3 to handle client connection...
-----------------------------------------------------------
Server listening on 25565 (test #1)
-----------------------------------------------------------
Time: Tue, 24 Mar 2026 00:23:07 GMT
Accepted connection from fd00:0:0:1::1, port 37811
      Cookie: 4zuf2v3mw5b4fzvl5neizlo32iksvluv27uh
      TCP MSS: 0 (default)
[  5] local fd00:0:0:3::1 port 25565 connected to fd00:0:0:1::1 port 60305
Starting Test: protocol: TCP, 1 streams, 131072 byte blocks, omitting 0 seconds, 10 second test, tos 0
[ ID] Interval           Transfer     Bitrate
[  5]   0.00-1.00   sec  1.44 MBytes  12.1 Mbits/sec                  
[  5]   1.00-2.00   sec   876 KBytes  7.17 Mbits/sec                  
[  5]   2.00-3.00   sec   445 KBytes  3.64 Mbits/sec                  
[  5]   3.00-4.00   sec   516 KBytes  4.23 Mbits/sec                  
[  5]   4.00-5.00   sec   565 KBytes  4.63 Mbits/sec                  
[  5]   5.00-6.00   sec   438 KBytes  3.59 Mbits/sec                  
[  5]   6.00-7.00   sec   813 KBytes  6.66 Mbits/sec                  
[  5]   7.00-8.00   sec   540 KBytes  4.42 Mbits/sec                  
[  5]   8.00-9.00   sec   715 KBytes  5.86 Mbits/sec                  
[  5]   9.00-10.00  sec   534 KBytes  4.38 Mbits/sec                  
[  5]  10.00-10.01  sec  4.18 KBytes  3.31 Mbits/sec                  
- - - - - - - - - - - - - - - - - - - - - - - - -
Test Complete. Summary Results:
[ ID] Interval           Transfer     Bitrate
[  5] (sender statistics not available)
[  5]   0.00-10.01  sec  6.76 MBytes  5.66 Mbits/sec                  receiver
rcv_tcp_congestion cubic
Server run complete.
