Configuring server-side netem with 2% loss (bidirectional)
iperf 3.12
Linux narva 6.1.0-17-amd64 #1 SMP PREEMPT_DYNAMIC Debian 6.1.69-1 (2023-12-30) x86_64
iperf3 server is listening on port 25565 (PID 6135)
Waiting for iperf3 to handle client connection...
-----------------------------------------------------------
Server listening on 25565 (test #1)
-----------------------------------------------------------
Time: Tue, 24 Mar 2026 00:20:14 GMT
Accepted connection from fd00:0:0:1::1, port 42483
      Cookie: qat4f6wy6tbzlot2ke7xiyghfipkfidcwt5u
      TCP MSS: 0 (default)
[  5] local fd00:0:0:3::1 port 25565 connected to fd00:0:0:1::1 port 44695
Starting Test: protocol: TCP, 1 streams, 131072 byte blocks, omitting 0 seconds, 10 second test, tos 0
[ ID] Interval           Transfer     Bitrate
[  5]   0.00-1.00   sec  5.16 MBytes  43.3 Mbits/sec                  
[  5]   1.00-2.00   sec  1.50 MBytes  12.6 Mbits/sec                  
[  5]   2.00-3.00   sec  1.81 MBytes  15.2 Mbits/sec                  
[  5]   3.00-4.00   sec  1.35 MBytes  11.3 Mbits/sec                  
[  5]   4.00-5.00   sec   954 KBytes  7.81 Mbits/sec                  
[  5]   5.00-6.00   sec  1.37 MBytes  11.5 Mbits/sec                  
[  5]   6.00-7.00   sec  1.48 MBytes  12.4 Mbits/sec                  
[  5]   7.00-8.00   sec  1.75 MBytes  14.7 Mbits/sec                  
[  5]   8.00-9.00   sec   767 KBytes  6.28 Mbits/sec                  
[  5]   9.00-10.00  sec  1.70 MBytes  14.2 Mbits/sec                  
[  5]  10.00-10.01  sec  8.37 KBytes  6.78 Mbits/sec                  
- - - - - - - - - - - - - - - - - - - - - - - - -
Test Complete. Summary Results:
[ ID] Interval           Transfer     Bitrate
[  5] (sender statistics not available)
[  5]   0.00-10.01  sec  17.8 MBytes  14.9 Mbits/sec                  receiver
rcv_tcp_congestion cubic
Server run complete.
