Configuring server-side netem with 2% loss (bidirectional)
iperf 3.12
Linux narva 6.1.0-17-amd64 #1 SMP PREEMPT_DYNAMIC Debian 6.1.69-1 (2023-12-30) x86_64
iperf3 server is listening on port 25565 (PID 6032)
Waiting for iperf3 to handle client connection...
-----------------------------------------------------------
Server listening on 25565 (test #1)
-----------------------------------------------------------
Time: Tue, 24 Mar 2026 00:19:56 GMT
Accepted connection from fd00:0:0:1::1, port 42319
      Cookie: ky44ywp3zznk7my4hlwimpwg57wfvlc2agx4
      TCP MSS: 0 (default)
[  5] local fd00:0:0:3::1 port 25565 connected to fd00:0:0:1::1 port 43009
Starting Test: protocol: TCP, 1 streams, 131072 byte blocks, omitting 0 seconds, 10 second test, tos 0
[ ID] Interval           Transfer     Bitrate
[  5]   0.00-1.00   sec  5.54 MBytes  46.5 Mbits/sec                  
[  5]   1.00-2.00   sec  2.14 MBytes  18.0 Mbits/sec                  
[  5]   2.00-3.00   sec  1.22 MBytes  10.2 Mbits/sec                  
[  5]   3.00-4.00   sec  1.34 MBytes  11.3 Mbits/sec                  
[  5]   4.00-5.00   sec  1.53 MBytes  12.9 Mbits/sec                  
[  5]   5.00-6.00   sec  1.09 MBytes  9.13 Mbits/sec                  
[  5]   6.00-7.00   sec   873 KBytes  7.15 Mbits/sec                  
[  5]   7.00-8.00   sec  1.03 MBytes  8.60 Mbits/sec                  
[  5]   8.00-9.00   sec  2.02 MBytes  17.0 Mbits/sec                  
[  5]   9.00-10.00  sec  1.40 MBytes  11.8 Mbits/sec                  
[  5]  10.00-10.01  sec  11.2 KBytes  8.64 Mbits/sec                  
- - - - - - - - - - - - - - - - - - - - - - - - -
Test Complete. Summary Results:
[ ID] Interval           Transfer     Bitrate
[  5] (sender statistics not available)
[  5]   0.00-10.01  sec  18.2 MBytes  15.2 Mbits/sec                  receiver
rcv_tcp_congestion cubic
Server run complete.
