Configuring server-side netem with 2% loss (bidirectional)
iperf 3.12
Linux narva 6.1.0-17-amd64 #1 SMP PREEMPT_DYNAMIC Debian 6.1.69-1 (2023-12-30) x86_64
iperf3 server is listening on port 25565 (PID 6989)
Waiting for iperf3 to handle client connection...
-----------------------------------------------------------
Server listening on 25565 (test #1)
-----------------------------------------------------------
Time: Tue, 24 Mar 2026 00:22:33 GMT
Accepted connection from fd00:0:0:2::1, port 55875
      Cookie: nkcpesc7nmy343xn44makcimysgigh3m6f6j
      TCP MSS: 0 (default)
[  5] local fd00:0:0:3::1 port 25565 connected to fd00:0:0:2::1 port 55967
Starting Test: protocol: TCP, 1 streams, 131072 byte blocks, omitting 0 seconds, 10 second test, tos 0
[ ID] Interval           Transfer     Bitrate
[  5]   0.00-1.00   sec   139 KBytes  1.14 Mbits/sec                  
[  5]   1.00-2.00   sec   190 KBytes  1.55 Mbits/sec                  
[  5]   2.00-3.00   sec   181 KBytes  1.49 Mbits/sec                  
[  5]   3.00-4.00   sec   163 KBytes  1.34 Mbits/sec                  
[  5]   4.00-5.00   sec   170 KBytes  1.39 Mbits/sec                  
[  5]   5.00-6.00   sec   135 KBytes  1.11 Mbits/sec                  
[  5]   6.00-7.00   sec   119 KBytes   971 Kbits/sec                  
[  5]   7.00-8.00   sec  58.6 KBytes   480 Kbits/sec                  
[  5]   8.00-9.00   sec   123 KBytes  1.01 Mbits/sec                  
[  5]   9.00-10.00  sec   138 KBytes  1.13 Mbits/sec                  
[  5]  10.00-10.10  sec  8.37 KBytes   683 Kbits/sec                  
- - - - - - - - - - - - - - - - - - - - - - - - -
Test Complete. Summary Results:
[ ID] Interval           Transfer     Bitrate
[  5] (sender statistics not available)
[  5]   0.00-10.10  sec  1.39 MBytes  1.16 Mbits/sec                  receiver
rcv_tcp_congestion cubic
Server run complete.
