Configuring path properties with 2% loss
Checking path to the server
fd00:0:0:3::1 from fd00:0:0:1::1 dev enp2s0f1 table 100 src fd00:0:0:1::1 metric 1024 pref medium
Running iperf3 client via fd00:0:0:1::1 for 10s
iperf 3.12
Linux klaipeda 6.1.0-17-amd64 #1 SMP PREEMPT_DYNAMIC Debian 6.1.69-1 (2023-12-30) x86_64
Control connection MSS 1428
Time: Tue, 24 Mar 2026 00:23:07 GMT
Connecting to host fd00:0:0:3::1, port 25565
      Cookie: c2m55itlu7iz4xxydsmgrej4ts2ilhl6janz
      TCP MSS: 1428 (default)
[  5] local fd00:0:0:1::1 port 55721 connected to fd00:0:0:3::1 port 25565
Starting Test: protocol: TCP, 1 streams, 131072 byte blocks, omitting 0 seconds, 10 second test, tos 0
[ ID] Interval           Transfer     Bitrate         Retr  Cwnd
[  5]   0.00-1.00   sec  1.46 MBytes  12.2 Mbits/sec   23   8.37 KBytes       
[  5]   1.00-2.00   sec  1.23 MBytes  10.3 Mbits/sec   21   6.97 KBytes       
[  5]   2.00-3.00   sec  1.29 MBytes  10.8 Mbits/sec   21   15.3 KBytes       
[  5]   3.00-4.00   sec  1.35 MBytes  11.3 Mbits/sec   23   15.3 KBytes       
[  5]   4.00-5.00   sec  1.85 MBytes  15.5 Mbits/sec   13   26.5 KBytes       
[  5]   5.00-6.00   sec  1.90 MBytes  15.9 Mbits/sec   25   18.1 KBytes       
[  5]   6.00-7.00   sec  1.59 MBytes  13.4 Mbits/sec   15   32.1 KBytes       
[  5]   7.00-8.00   sec  1.59 MBytes  13.4 Mbits/sec   21   16.7 KBytes       
[  5]   8.00-9.00   sec  1.47 MBytes  12.3 Mbits/sec   22   8.37 KBytes       
[  5]   9.00-10.00  sec  1004 KBytes  8.23 Mbits/sec   19   13.9 KBytes       
- - - - - - - - - - - - - - - - - - - - - - - - -
Test Complete. Summary Results:
[ ID] Interval           Transfer     Bitrate         Retr
[  5]   0.00-10.00  sec  14.7 MBytes  12.3 Mbits/sec  203             sender
[  5]   0.00-10.01  sec  14.5 MBytes  12.2 Mbits/sec                  receiver
CPU Utilization: local/sender 0.2% (0.1%u/0.1%s), remote/receiver 0.6% (0.1%u/0.6%s)
snd_tcp_congestion cubic
rcv_tcp_congestion cubic

iperf Done.
Client run complete.
