[1;37m[INFO]  Initializing DPDK. This will take a few seconds...[0m
[1;37m[INFO]  Found 6 usable devices:[0m
   Device 0: 6C:B3:11:4A:37:44 ([0;32mIntel Corporation I210 Gigabit Fiber Network Connection[0m)
   Device 1: A0:36:9F:3B:5B:4C ([0;32mIntel Corporation Ethernet Controller 10-Gigabit X540-AT2[0m)
   Device 2: A0:36:9F:3B:5B:4E ([0;32mIntel Corporation Ethernet Controller 10-Gigabit X540-AT2[0m)
   Device 3: 90:E2:BA:1C:55:7D ([0;32mIntel Corporation 82576 Gigabit Network Connection[0m)
   Device 4: 90:E2:BA:1C:55:7E ([0;32mIntel Corporation 82576 Gigabit Network Connection[0m)
   Device 5: 90:E2:BA:1C:55:7F ([0;32mIntel Corporation 82576 Gigabit Network Connection[0m)
[1;33m[WARN]  Device 2 already configured, skipping initilization[0m
[1;37m[INFO]  Waiting for devices to come up...[0m
[1;37m[INFO]  Device 2 (A0:36:9F:3B:5B:4E) is up: full-duplex 10000 MBit/s[0m
[1;37m[INFO]  [0;32m1 device is up.[0m[0m
[1;36m[Device: id=2] RX[0m: 13.14 Mpps, 7148 Mbit/s (9251 Mbit/s with framing)
[0;34m[Device: id=2] TX[0m: 13.16 Mpps, 7159 Mbit/s (9265 Mbit/s with framing)
[1;36m[Device: id=2] RX[0m: 14.21 Mpps, 7727 Mbit/s (10000 Mbit/s with framing)
[0;34m[Device: id=2] TX[0m: 14.21 Mpps, 7727 Mbit/s (10000 Mbit/s with framing)
[1;36m[Device: id=2] RX[0m: 14.21 Mpps, 7728 Mbit/s (10000 Mbit/s with framing)
[0;34m[Device: id=2] TX[0m: 14.19 Mpps, 7720 Mbit/s (9991 Mbit/s with framing)
[1;36m[Device: id=2] RX[0m: 14.20 Mpps, 7727 Mbit/s (10000 Mbit/s with framing)
[0;34m[Device: id=2] TX[0m: 14.20 Mpps, 7727 Mbit/s (10000 Mbit/s with framing)
[1;36m[Device: id=2] RX[0m: 14.21 Mpps, 7728 Mbit/s (10001 Mbit/s with framing)
[0;34m[Device: id=2] TX[0m: 14.18 Mpps, 7715 Mbit/s (9984 Mbit/s with framing)
[1;36m[Device: id=2] RX[0m: 14.20 Mpps, 7727 Mbit/s (10000 Mbit/s with framing)
[0;34m[Device: id=2] TX[0m: 14.20 Mpps, 7727 Mbit/s (10000 Mbit/s with framing)
[1;36m[Device: id=2] RX[0m: 14.21 Mpps, 7728 Mbit/s (10001 Mbit/s with framing)
[0;34m[Device: id=2] TX[0m: 14.20 Mpps, 7723 Mbit/s (9995 Mbit/s with framing)
[1;36m[Device: id=2] RX[0m: 14.20 Mpps, 7727 Mbit/s (10000 Mbit/s with framing)
[0;34m[Device: id=2] TX[0m: 14.20 Mpps, 7727 Mbit/s (10000 Mbit/s with framing)
[1;36m[Device: id=2] RX[0m: 14.21 Mpps, 7728 Mbit/s (10001 Mbit/s with framing)
[0;34m[Device: id=2] TX[0m: 14.20 Mpps, 7722 Mbit/s (9994 Mbit/s with framing)
[1;36m[Device: id=2] RX[0m: 14.20 Mpps, 7727 Mbit/s (10000 Mbit/s with framing)
[0;34m[Device: id=2] TX[0m: 14.19 Mpps, 7722 Mbit/s (9993 Mbit/s with framing)
[1;36m[Device: id=2] RX[0m: 14.20 Mpps, 7727 Mbit/s (10000 Mbit/s with framing)
[0;34m[Device: id=2] TX[0m: 14.20 Mpps, 7727 Mbit/s (10000 Mbit/s with framing)
[1;36m[Device: id=2] RX[0m: 14.21 Mpps, 7728 Mbit/s (10001 Mbit/s with framing)
[0;34m[Device: id=2] TX[0m: 14.20 Mpps, 7722 Mbit/s (9994 Mbit/s with framing)
[1;36m[Device: id=2] RX[0m: 14.20 Mpps, 7727 Mbit/s (10000 Mbit/s with framing)
[0;34m[Device: id=2] TX[0m: 14.20 Mpps, 7727 Mbit/s (10000 Mbit/s with framing)
[1;36m[Device: id=2] RX[0m: 14.21 Mpps, 7728 Mbit/s (10001 Mbit/s with framing)
[0;34m[Device: id=2] TX[0m: 14.21 Mpps, 7727 Mbit/s (10000 Mbit/s with framing)
[1;36m[Device: id=2] RX[0m: 14.20 Mpps, 7727 Mbit/s (10000 Mbit/s with framing)
[0;34m[Device: id=2] TX[0m: 14.20 Mpps, 7723 Mbit/s (9994 Mbit/s with framing)
[1;36m[Device: id=2] RX[0m: 14.20 Mpps, 7727 Mbit/s (10000 Mbit/s with framing)
[0;34m[Device: id=2] TX[0m: 14.20 Mpps, 7727 Mbit/s (10000 Mbit/s with framing)
[1;36m[Device: id=2] RX[0m: 14.21 Mpps, 7727 Mbit/s (10000 Mbit/s with framing)
[0;34m[Device: id=2] TX[0m: 14.21 Mpps, 7727 Mbit/s (10000 Mbit/s with framing)
[1;36m[Device: id=2] RX[0m: 14.21 Mpps, 7727 Mbit/s (10000 Mbit/s with framing)
[0;34m[Device: id=2] TX[0m: 14.20 Mpps, 7727 Mbit/s (10000 Mbit/s with framing)
[1;36m[Device: id=2] RX[0m: 14.21 Mpps, 7727 Mbit/s (10000 Mbit/s with framing)
[0;34m[Device: id=2] TX[0m: 14.20 Mpps, 7722 Mbit/s (9993 Mbit/s with framing)
[1;36m[Device: id=2] RX[0m: 14.20 Mpps, 7727 Mbit/s (10000 Mbit/s with framing)
[0;34m[Device: id=2] TX[0m: 14.20 Mpps, 7727 Mbit/s (10000 Mbit/s with framing)
[1;36m[Device: id=2] RX[0m: 14.21 Mpps, 7728 Mbit/s (10000 Mbit/s with framing)
[0;34m[Device: id=2] TX[0m: 14.21 Mpps, 7727 Mbit/s (10000 Mbit/s with framing)
[1;36m[Device: id=2] RX[0m: 14.21 Mpps, 7727 Mbit/s (10000 Mbit/s with framing)
[0;34m[Device: id=2] TX[0m: 14.21 Mpps, 7727 Mbit/s (10000 Mbit/s with framing)
[1;36m[Device: id=2] RX[0m: 14.21 Mpps, 7727 Mbit/s (10000 Mbit/s with framing)
[0;34m[Device: id=2] TX[0m: 14.21 Mpps, 7728 Mbit/s (10001 Mbit/s with framing)
[1;36m[Device: id=2] RX[0m: 14.21 Mpps, 7728 Mbit/s (10000 Mbit/s with framing)
[0;34m[Device: id=2] TX[0m: 14.20 Mpps, 7722 Mbit/s (9994 Mbit/s with framing)
[1;36m[Device: id=2] RX[0m: 14.20 Mpps, 7727 Mbit/s (10000 Mbit/s with framing)
[0;34m[Device: id=2] TX[0m: 14.21 Mpps, 7727 Mbit/s (10000 Mbit/s with framing)
[1;36m[Device: id=2] RX[0m: 14.21 Mpps, 7727 Mbit/s (10000 Mbit/s with framing)
[0;34m[Device: id=2] TX[0m: 14.21 Mpps, 7728 Mbit/s (10000 Mbit/s with framing)
[1;36m[Device: id=2] RX[0m: 14.21 Mpps, 7727 Mbit/s (10000 Mbit/s with framing)
[0;34m[Device: id=2] TX[0m: 14.21 Mpps, 7727 Mbit/s (10000 Mbit/s with framing)
[1;36m[Device: id=2] RX[0m: 14.21 Mpps, 7727 Mbit/s (10000 Mbit/s with framing)
[0;34m[Device: id=2] TX[0m: 14.21 Mpps, 7727 Mbit/s (10000 Mbit/s with framing)
[1;36m[Device: id=2] RX[0m: 14.21 Mpps, 7727 Mbit/s (10000 Mbit/s with framing)
[0;34m[Device: id=2] TX[0m: 14.21 Mpps, 7727 Mbit/s (10000 Mbit/s with framing)
[1;36m[Device: id=2] RX[0m: 14.21 Mpps, 7728 Mbit/s (10000 Mbit/s with framing)
[0;34m[Device: id=2] TX[0m: 14.20 Mpps, 7723 Mbit/s (9994 Mbit/s with framing)
[1;36m[Device: id=2] RX[0m: 14.20 Mpps, 7727 Mbit/s (10000 Mbit/s with framing)
[0;34m[Device: id=2] TX[0m: 14.21 Mpps, 7727 Mbit/s (10000 Mbit/s with framing)
[1;36m[Device: id=2] RX[0m: 14.21 Mpps, 7727 Mbit/s (10000 Mbit/s with framing)
[0;34m[Device: id=2] TX[0m: 14.21 Mpps, 7727 Mbit/s (10000 Mbit/s with framing)
[1;36m[Device: id=2] RX[0m: 14.21 Mpps, 7727 Mbit/s (10000 Mbit/s with framing)
[0;34m[Device: id=2] TX[0m: 14.21 Mpps, 7727 Mbit/s (10000 Mbit/s with framing)
[1;36m[Device: id=2] RX[0m: 14.21 Mpps, 7727 Mbit/s (10000 Mbit/s with framing)
[0;34m[Device: id=2] TX[0m: 14.21 Mpps, 7727 Mbit/s (10000 Mbit/s with framing)
[1;36m[Device: id=2] RX[0m: 14.21 Mpps, 7727 Mbit/s (10000 Mbit/s with framing)
[0;34m[Device: id=2] TX[0m: 14.21 Mpps, 7727 Mbit/s (10000 Mbit/s with framing)
[1;36m[Device: id=2] RX[0m: 14.21 Mpps, 7727 Mbit/s (10000 Mbit/s with framing)
[0;34m[Device: id=2] TX[0m: 14.21 Mpps, 7727 Mbit/s (10000 Mbit/s with framing)
[1;36m[Device: id=2] RX[0m: 14.21 Mpps, 7727 Mbit/s (10000 Mbit/s with framing)
[0;34m[Device: id=2] TX[0m: 14.21 Mpps, 7727 Mbit/s (10000 Mbit/s with framing)
[1;36m[Device: id=2] RX[0m: 14.21 Mpps, 7728 Mbit/s (10000 Mbit/s with framing)
[0;34m[Device: id=2] TX[0m: 14.20 Mpps, 7723 Mbit/s (9995 Mbit/s with framing)
[1;36m[Device: id=2] RX[0m: 14.20 Mpps, 7727 Mbit/s (10000 Mbit/s with framing)
[0;34m[Device: id=2] TX[0m: 14.20 Mpps, 7727 Mbit/s (10000 Mbit/s with framing)
[1;36m[Device: id=2] RX[0m: 14.21 Mpps, 7727 Mbit/s (10000 Mbit/s with framing)
[0;34m[Device: id=2] TX[0m: 14.21 Mpps, 7727 Mbit/s (10000 Mbit/s with framing)
[1;36m[Device: id=2] RX[0m: 14.21 Mpps, 7727 Mbit/s (10000 Mbit/s with framing)
[0;34m[Device: id=2] TX[0m: 14.21 Mpps, 7727 Mbit/s (10000 Mbit/s with framing)
[1;36m[Device: id=2] RX[0m: 14.21 Mpps, 7727 Mbit/s (10000 Mbit/s with framing)
[0;34m[Device: id=2] TX[0m: 14.21 Mpps, 7727 Mbit/s (10000 Mbit/s with framing)
[1;36m[Device: id=2] RX[0m: 14.21 Mpps, 7727 Mbit/s (10000 Mbit/s with framing)
[0;34m[Device: id=2] TX[0m: 14.21 Mpps, 7727 Mbit/s (10000 Mbit/s with framing)
[1;36m[Device: id=2] RX[0m: 14.21 Mpps, 7728 Mbit/s (10000 Mbit/s with framing)
[0;34m[Device: id=2] TX[0m: 14.21 Mpps, 7727 Mbit/s (10000 Mbit/s with framing)
[1;36m[Device: id=2] RX[0m: 14.21 Mpps, 7727 Mbit/s (10000 Mbit/s with framing)
[0;34m[Device: id=2] TX[0m: 14.20 Mpps, 7727 Mbit/s (10000 Mbit/s with framing)
[1;36m[Device: id=2] RX[0m: 14.21 Mpps, 7727 Mbit/s (10000 Mbit/s with framing)
[0;34m[Device: id=2] TX[0m: 14.21 Mpps, 7727 Mbit/s (10000 Mbit/s with framing)
[1;36m[Device: id=2] RX[0m: 14.21 Mpps, 7727 Mbit/s (10000 Mbit/s with framing)
[0;34m[Device: id=2] TX[0m: 14.21 Mpps, 7727 Mbit/s (10000 Mbit/s with framing)
[1;36m[Device: id=2] RX[0m: 14.21 Mpps, 7727 Mbit/s (10000 Mbit/s with framing)
[0;34m[Device: id=2] TX[0m: 14.21 Mpps, 7727 Mbit/s (10000 Mbit/s with framing)
[1;36m[Device: id=2] RX[0m: 14.21 Mpps, 7728 Mbit/s (10000 Mbit/s with framing)
[0;34m[Device: id=2] TX[0m: 14.20 Mpps, 7723 Mbit/s (9994 Mbit/s with framing)
[1;36m[Device: id=2] RX[0m: 14.20 Mpps, 7727 Mbit/s (10000 Mbit/s with framing)
[0;34m[Device: id=2] TX[0m: 14.20 Mpps, 7727 Mbit/s (10000 Mbit/s with framing)
[1;36m[Device: id=2] RX[0m: 14.21 Mpps, 7727 Mbit/s (10000 Mbit/s with framing)
[0;34m[Device: id=2] TX[0m: 14.21 Mpps, 7727 Mbit/s (10000 Mbit/s with framing)
[1;36m[Device: id=2] RX[0m: 14.21 Mpps, 7727 Mbit/s (10000 Mbit/s with framing)
[0;34m[Device: id=2] TX[0m: 14.21 Mpps, 7727 Mbit/s (10000 Mbit/s with framing)
[1;36m[Device: id=2] RX[0m: 14.21 Mpps, 7727 Mbit/s (10000 Mbit/s with framing)
[0;34m[Device: id=2] TX[0m: 14.21 Mpps, 7727 Mbit/s (10000 Mbit/s with framing)
[1;36m[Device: id=2] RX[0m: 14.21 Mpps, 7727 Mbit/s (10000 Mbit/s with framing)
[0;34m[Device: id=2] TX[0m: 14.21 Mpps, 7727 Mbit/s (10000 Mbit/s with framing)
[1;36m[Device: id=2] RX[0m: 14.21 Mpps, 7727 Mbit/s (10000 Mbit/s with framing)
[0;34m[Device: id=2] TX[0m: 14.21 Mpps, 7727 Mbit/s (10000 Mbit/s with framing)
[1;36m[Device: id=2] RX[0m: 14.21 Mpps, 7727 Mbit/s (10000 Mbit/s with framing)
[0;34m[Device: id=2] TX[0m: 14.21 Mpps, 7727 Mbit/s (10000 Mbit/s with framing)
[1;36m[Device: id=2] RX[0m: 14.21 Mpps, 7727 Mbit/s (10000 Mbit/s with framing)
[0;34m[Device: id=2] TX[0m: 14.21 Mpps, 7727 Mbit/s (10000 Mbit/s with framing)
[1;36m[Device: id=2] RX[0m: 14.21 Mpps, 7727 Mbit/s (10000 Mbit/s with framing)
[0;34m[Device: id=2] TX[0m: 14.21 Mpps, 7727 Mbit/s (10000 Mbit/s with framing)
[1;36m[Device: id=2] RX[0m: 14.21 Mpps, 7727 Mbit/s (10000 Mbit/s with framing)
[0;34m[Device: id=2] TX[0m: 14.20 Mpps, 7727 Mbit/s (10000 Mbit/s with framing)
[1;36m[Device: id=2] RX[0m: 14.21 Mpps, 7727 Mbit/s (10000 Mbit/s with framing)
[0;34m[Device: id=2] TX[0m: 14.21 Mpps, 7727 Mbit/s (10000 Mbit/s with framing)
[1;36m[Device: id=2] RX[0m: 14.21 Mpps, 7727 Mbit/s (10000 Mbit/s with framing)
[0;34m[Device: id=2] TX[0m: 14.21 Mpps, 7727 Mbit/s (10000 Mbit/s with framing)
[1;36m[Device: id=2] RX[0m: 14.21 Mpps, 7728 Mbit/s (10000 Mbit/s with framing)
[0;34m[Device: id=2] TX[0m: 14.20 Mpps, 7722 Mbit/s (9993 Mbit/s with framing)
[1;36m[Device: id=2] RX[0m: 14.20 Mpps, 7727 Mbit/s (10000 Mbit/s with framing)
[0;34m[Device: id=2] TX[0m: 14.20 Mpps, 7727 Mbit/s (10000 Mbit/s with framing)
[1;36m[Device: id=2] RX[0m: 14.21 Mpps, 7727 Mbit/s (10000 Mbit/s with framing)
[0;34m[Device: id=2] TX[0m: 14.21 Mpps, 7727 Mbit/s (10000 Mbit/s with framing)
[1;36m[Device: id=2] RX[0m: 14.21 Mpps, 7727 Mbit/s (10000 Mbit/s with framing)
[0;34m[Device: id=2] TX[0m: 14.21 Mpps, 7727 Mbit/s (10000 Mbit/s with framing)
[1;36m[Device: id=2] RX[0m: 14.21 Mpps, 7727 Mbit/s (10000 Mbit/s with framing)
[0;34m[Device: id=2] TX[0m: 14.21 Mpps, 7727 Mbit/s (10000 Mbit/s with framing)
[1;36m[Device: id=2] RX[0m: 14.21 Mpps, 7727 Mbit/s (10000 Mbit/s with framing)
[0;34m[Device: id=2] TX[0m: 14.21 Mpps, 7727 Mbit/s (10000 Mbit/s with framing)
[1;36m[Device: id=2] RX[0m: 14.21 Mpps, 7727 Mbit/s (10000 Mbit/s with framing)
[0;34m[Device: id=2] TX[0m: 14.21 Mpps, 7727 Mbit/s (10000 Mbit/s with framing)
[1;36m[Device: id=2] RX[0m: 14.21 Mpps, 7727 Mbit/s (10000 Mbit/s with framing)
[0;34m[Device: id=2] TX[0m: 14.21 Mpps, 7727 Mbit/s (10000 Mbit/s with framing)
[1;36m[Device: id=2] RX[0m: 14.21 Mpps, 7727 Mbit/s (10000 Mbit/s with framing)
[0;34m[Device: id=2] TX[0m: 14.21 Mpps, 7727 Mbit/s (10000 Mbit/s with framing)
[1;36m[Device: id=2] RX[0m: 14.21 Mpps, 7727 Mbit/s (10000 Mbit/s with framing)
[0;34m[Device: id=2] TX[0m: 14.21 Mpps, 7727 Mbit/s (10000 Mbit/s with framing)
[1;36m[Device: id=2] RX[0m: 14.21 Mpps, 7727 Mbit/s (10000 Mbit/s with framing)
[0;34m[Device: id=2] TX[0m: 14.21 Mpps, 7727 Mbit/s (10000 Mbit/s with framing)
[1;36m[Device: id=2] RX[0m: 14.21 Mpps, 7728 Mbit/s (10000 Mbit/s with framing)
[0;34m[Device: id=2] TX[0m: 14.21 Mpps, 7727 Mbit/s (10000 Mbit/s with framing)
[1;36m[Device: id=2] RX[0m: 14.21 Mpps, 7727 Mbit/s (10000 Mbit/s with framing)
[0;34m[Device: id=2] TX[0m: 14.21 Mpps, 7727 Mbit/s (10000 Mbit/s with framing)
[1;36m[Device: id=2] RX[0m: 14.21 Mpps, 7727 Mbit/s (10000 Mbit/s with framing)
[0;34m[Device: id=2] TX[0m: 14.21 Mpps, 7727 Mbit/s (10000 Mbit/s with framing)
[1;36m[Device: id=2] RX[0m: 14.21 Mpps, 7727 Mbit/s (10000 Mbit/s with framing)
[0;34m[Device: id=2] TX[0m: 14.21 Mpps, 7727 Mbit/s (10000 Mbit/s with framing)
[1;36m[Device: id=2] RX[0m: 14.20 Mpps, 7727 Mbit/s (10000 Mbit/s with framing)
[0;34m[Device: id=2] TX[0m: 14.21 Mpps, 7727 Mbit/s (10000 Mbit/s with framing)
[1;36m[Device: id=2] RX[0m: 14.21 Mpps, 7727 Mbit/s (10000 Mbit/s with framing)
[0;34m[Device: id=2] TX[0m: 14.21 Mpps, 7727 Mbit/s (10000 Mbit/s with framing)
[1;36m[Device: id=2] RX[0m: 14.21 Mpps, 7727 Mbit/s (10000 Mbit/s with framing)
[0;34m[Device: id=2] TX[0m: 14.21 Mpps, 7727 Mbit/s (10000 Mbit/s with framing)
[1;36m[Device: id=2] RX[0m: 14.21 Mpps, 7727 Mbit/s (10000 Mbit/s with framing)
[0;34m[Device: id=2] TX[0m: 14.20 Mpps, 7722 Mbit/s (9993 Mbit/s with framing)
[1;36m[Device: id=2] RX[0m: 14.20 Mpps, 7727 Mbit/s (10000 Mbit/s with framing)
[0;34m[Device: id=2] TX[0m: 14.20 Mpps, 7727 Mbit/s (10000 Mbit/s with framing)
[1;36m[Device: id=2] RX[0m: 14.21 Mpps, 7728 Mbit/s (10000 Mbit/s with framing)
[0;34m[Device: id=2] TX[0m: 14.21 Mpps, 7727 Mbit/s (10000 Mbit/s with framing)
[1;36m[Device: id=2] RX[0m: 14.21 Mpps, 7727 Mbit/s (10000 Mbit/s with framing)
[0;34m[Device: id=2] TX[0m: 14.21 Mpps, 7727 Mbit/s (10000 Mbit/s with framing)
[1;36m[Device: id=2] RX[0m: 14.21 Mpps, 7727 Mbit/s (10000 Mbit/s with framing)
[0;34m[Device: id=2] TX[0m: 14.21 Mpps, 7727 Mbit/s (10000 Mbit/s with framing)
[1;36m[Device: id=2] RX[0m: 14.21 Mpps, 7727 Mbit/s (10000 Mbit/s with framing)
[0;34m[Device: id=2] TX[0m: 14.21 Mpps, 7727 Mbit/s (10000 Mbit/s with framing)
[1;36m[Device: id=2] RX[0m: 14.21 Mpps, 7727 Mbit/s (10000 Mbit/s with framing)
[0;34m[Device: id=2] TX[0m: 14.21 Mpps, 7728 Mbit/s (10000 Mbit/s with framing)
[1;36m[Device: id=2] RX[0m: 14.21 Mpps, 7727 Mbit/s (10000 Mbit/s with framing)
[0;34m[Device: id=2] TX[0m: 14.21 Mpps, 7727 Mbit/s (10000 Mbit/s with framing)
[1;36m[Device: id=2] RX[0m: 14.21 Mpps, 7727 Mbit/s (10000 Mbit/s with framing)
[0;34m[Device: id=2] TX[0m: 14.21 Mpps, 7727 Mbit/s (10000 Mbit/s with framing)
[1;36m[Device: id=2] RX[0m: 14.21 Mpps, 7728 Mbit/s (10000 Mbit/s with framing)
[0;34m[Device: id=2] TX[0m: 14.21 Mpps, 7727 Mbit/s (10000 Mbit/s with framing)
[1;36m[Device: id=2] RX[0m: 14.21 Mpps, 7727 Mbit/s (10000 Mbit/s with framing)
[0;34m[Device: id=2] TX[0m: 14.21 Mpps, 7727 Mbit/s (10000 Mbit/s with framing)
[1;36m[Device: id=2] RX[0m: 14.21 Mpps, 7727 Mbit/s (10000 Mbit/s with framing)
[0;34m[Device: id=2] TX[0m: 14.21 Mpps, 7727 Mbit/s (10000 Mbit/s with framing)
[1;36m[Device: id=2] RX[0m: 14.21 Mpps, 7727 Mbit/s (10000 Mbit/s with framing)
[0;34m[Device: id=2] TX[0m: 14.21 Mpps, 7727 Mbit/s (10000 Mbit/s with framing)
[1;36m[Device: id=2] RX[0m: 14.21 Mpps, 7727 Mbit/s (10000 Mbit/s with framing)
[0;34m[Device: id=2] TX[0m: 14.21 Mpps, 7727 Mbit/s (10000 Mbit/s with framing)
[1;36m[Device: id=2] RX[0m: 14.21 Mpps, 7727 Mbit/s (10000 Mbit/s with framing)
[0;34m[Device: id=2] TX[0m: 14.21 Mpps, 7727 Mbit/s (10000 Mbit/s with framing)
[1;36m[Device: id=2] RX[0m: 14.21 Mpps, 7727 Mbit/s (10000 Mbit/s with framing)
[0;34m[Device: id=2] TX[0m: 14.21 Mpps, 7727 Mbit/s (10000 Mbit/s with framing)
[1;36m[Device: id=2] RX[0m: 14.21 Mpps, 7727 Mbit/s (10000 Mbit/s with framing)
[0;34m[Device: id=2] TX[0m: 14.21 Mpps, 7727 Mbit/s (10000 Mbit/s with framing)
[1;36m[Device: id=2] RX[0m: 14.21 Mpps, 7727 Mbit/s (10000 Mbit/s with framing)
[0;34m[Device: id=2] TX[0m: 14.21 Mpps, 7727 Mbit/s (10000 Mbit/s with framing)
[1;36m[Device: id=2] RX[0m: 14.21 Mpps, 7727 Mbit/s (10000 Mbit/s with framing)
[0;34m[Device: id=2] TX[0m: 14.21 Mpps, 7727 Mbit/s (10000 Mbit/s with framing)
[1;36m[Device: id=2] RX[0m: 14.21 Mpps, 7727 Mbit/s (10000 Mbit/s with framing)
[0;34m[Device: id=2] TX[0m: 14.21 Mpps, 7727 Mbit/s (10000 Mbit/s with framing)
[1;36m[Device: id=2] RX[0m: 14.21 Mpps, 7727 Mbit/s (10000 Mbit/s with framing)
[0;34m[Device: id=2] TX[0m: 14.21 Mpps, 7727 Mbit/s (10000 Mbit/s with framing)
[1;36m[Device: id=2] RX[0m: 14.21 Mpps, 7727 Mbit/s (10000 Mbit/s with framing)
[0;34m[Device: id=2] TX[0m: 14.21 Mpps, 7727 Mbit/s (10000 Mbit/s with framing)
[1;36m[Device: id=2] RX[0m: 14.21 Mpps, 7727 Mbit/s (10000 Mbit/s with framing)
[0;34m[Device: id=2] TX[0m: 14.21 Mpps, 7727 Mbit/s (10000 Mbit/s with framing)
[1;36m[Device: id=2] RX[0m: 14.21 Mpps, 7728 Mbit/s (10000 Mbit/s with framing)
[0;34m[Device: id=2] TX[0m: 14.20 Mpps, 7723 Mbit/s (9994 Mbit/s with framing)
[1;36m[Device: id=2] RX[0m: 14.20 Mpps, 7727 Mbit/s (10000 Mbit/s with framing)
[0;34m[Device: id=2] TX[0m: 14.20 Mpps, 7727 Mbit/s (10000 Mbit/s with framing)
[1;36m[Device: id=2] RX[0m: 14.21 Mpps, 7727 Mbit/s (10000 Mbit/s with framing)
[0;34m[Device: id=2] TX[0m: 14.21 Mpps, 7727 Mbit/s (10000 Mbit/s with framing)
[1;36m[Device: id=2] RX[0m: 14.21 Mpps, 7727 Mbit/s (10000 Mbit/s with framing)
[0;34m[Device: id=2] TX[0m: 14.21 Mpps, 7727 Mbit/s (10000 Mbit/s with framing)
[1;36m[Device: id=2] RX[0m: 14.21 Mpps, 7727 Mbit/s (10000 Mbit/s with framing)
[0;34m[Device: id=2] TX[0m: 14.21 Mpps, 7727 Mbit/s (10000 Mbit/s with framing)
[1;36m[Device: id=2] RX[0m: 14.21 Mpps, 7727 Mbit/s (10000 Mbit/s with framing)
[0;34m[Device: id=2] TX[0m: 14.21 Mpps, 7727 Mbit/s (10000 Mbit/s with framing)
[1;36m[Device: id=2] RX[0m: 14.21 Mpps, 7727 Mbit/s (10000 Mbit/s with framing)
[0;34m[Device: id=2] TX[0m: 14.21 Mpps, 7727 Mbit/s (10000 Mbit/s with framing)
[1;36m[Device: id=2] RX[0m: 14.21 Mpps, 7727 Mbit/s (10000 Mbit/s with framing)
[0;34m[Device: id=2] TX[0m: 14.21 Mpps, 7727 Mbit/s (10000 Mbit/s with framing)
[1;36m[Device: id=2] RX[0m: 14.21 Mpps, 7727 Mbit/s (10000 Mbit/s with framing)
[0;34m[Device: id=2] TX[0m: 14.21 Mpps, 7727 Mbit/s (10000 Mbit/s with framing)
[1;36m[Device: id=2] RX[0m: 14.21 Mpps, 7727 Mbit/s (10000 Mbit/s with framing)
[0;34m[Device: id=2] TX[0m: 14.21 Mpps, 7727 Mbit/s (10000 Mbit/s with framing)
[1;36m[Device: id=2] RX[0m: 14.21 Mpps, 7727 Mbit/s (10000 Mbit/s with framing)
[0;34m[Device: id=2] TX[0m: 14.21 Mpps, 7728 Mbit/s (10000 Mbit/s with framing)
[1;36m[Device: id=2] RX[0m: 14.21 Mpps, 7727 Mbit/s (10000 Mbit/s with framing)
[0;34m[Device: id=2] TX[0m: 14.21 Mpps, 7727 Mbit/s (10000 Mbit/s with framing)
[1;36m[Device: id=2] RX[0m: 14.21 Mpps, 7727 Mbit/s (10000 Mbit/s with framing)
[0;34m[Device: id=2] TX[0m: 14.21 Mpps, 7727 Mbit/s (10000 Mbit/s with framing)
[1;36m[Device: id=2] RX[0m: 14.21 Mpps, 7727 Mbit/s (10000 Mbit/s with framing)
[0;34m[Device: id=2] TX[0m: 14.21 Mpps, 7727 Mbit/s (10000 Mbit/s with framing)
[1;36m[Device: id=2] RX[0m: 14.21 Mpps, 7727 Mbit/s (10000 Mbit/s with framing)
[0;34m[Device: id=2] TX[0m: 14.21 Mpps, 7727 Mbit/s (10000 Mbit/s with framing)
[1;36m[Device: id=2] RX[0m: 14.21 Mpps, 7727 Mbit/s (10000 Mbit/s with framing)
[0;34m[Device: id=2] TX[0m: 14.21 Mpps, 7727 Mbit/s (10000 Mbit/s with framing)
[1;36m[Device: id=2] RX[0m: 14.21 Mpps, 7727 Mbit/s (10000 Mbit/s with framing)
[0;34m[Device: id=2] TX[0m: 14.20 Mpps, 7727 Mbit/s (10000 Mbit/s with framing)
[1;36m[Device: id=2] RX[0m: 14.21 Mpps, 7727 Mbit/s (10000 Mbit/s with framing)
[0;34m[Device: id=2] TX[0m: 14.21 Mpps, 7727 Mbit/s (10000 Mbit/s with framing)
[1;36m[Device: id=2] RX[0m: 14.21 Mpps, 7727 Mbit/s (10000 Mbit/s with framing)
[0;34m[Device: id=2] TX[0m: 14.21 Mpps, 7727 Mbit/s (10000 Mbit/s with framing)
[1;36m[Device: id=2] RX[0m: 14.21 Mpps, 7727 Mbit/s (10000 Mbit/s with framing)
[0;34m[Device: id=2] TX[0m: 14.21 Mpps, 7727 Mbit/s (10000 Mbit/s with framing)
[1;36m[Device: id=2] RX[0m: 14.21 Mpps, 7727 Mbit/s (10000 Mbit/s with framing)
[0;34m[Device: id=2] TX[0m: 14.21 Mpps, 7727 Mbit/s (10000 Mbit/s with framing)
[1;36m[Device: id=2] RX[0m: 14.21 Mpps, 7727 Mbit/s (10000 Mbit/s with framing)
[0;34m[Device: id=2] TX[0m: 14.21 Mpps, 7727 Mbit/s (10000 Mbit/s with framing)
[1;36m[Device: id=2] RX[0m: 14.21 Mpps, 7727 Mbit/s (10000 Mbit/s with framing)
[0;34m[Device: id=2] TX[0m: 14.21 Mpps, 7727 Mbit/s (10000 Mbit/s with framing)
[1;36m[Device: id=2] RX[0m: 14.21 Mpps, 7727 Mbit/s (10000 Mbit/s with framing)
[0;34m[Device: id=2] TX[0m: 14.21 Mpps, 7727 Mbit/s (10000 Mbit/s with framing)
[1;36m[Device: id=2] RX[0m: 14.21 Mpps, 7727 Mbit/s (10000 Mbit/s with framing)
[0;34m[Device: id=2] TX[0m: 14.21 Mpps, 7727 Mbit/s (10000 Mbit/s with framing)
[1;36m[Device: id=2] RX[0m: 14.21 Mpps, 7727 Mbit/s (10000 Mbit/s with framing)
[0;34m[Device: id=2] TX[0m: 14.21 Mpps, 7727 Mbit/s (10000 Mbit/s with framing)
[1;36m[Device: id=2] RX[0m: 14.21 Mpps, 7727 Mbit/s (10000 Mbit/s with framing)
[0;34m[Device: id=2] TX[0m: 14.21 Mpps, 7727 Mbit/s (10000 Mbit/s with framing)
[1;36m[Device: id=2] RX[0m: 14.21 Mpps, 7727 Mbit/s (10000 Mbit/s with framing)
[0;34m[Device: id=2] TX[0m: 14.21 Mpps, 7727 Mbit/s (10000 Mbit/s with framing)
[1;36m[Device: id=2] RX[0m: 14.21 Mpps, 7727 Mbit/s (10000 Mbit/s with framing)
[0;34m[Device: id=2] TX[0m: 14.21 Mpps, 7727 Mbit/s (10000 Mbit/s with framing)
[1;36m[Device: id=2] RX[0m: 14.21 Mpps, 7727 Mbit/s (10000 Mbit/s with framing)
[0;34m[Device: id=2] TX[0m: 14.21 Mpps, 7727 Mbit/s (10000 Mbit/s with framing)
[1;36m[Device: id=2] RX[0m: 14.21 Mpps, 7727 Mbit/s (10000 Mbit/s with framing)
[0;34m[Device: id=2] TX[0m: 14.20 Mpps, 7722 Mbit/s (9993 Mbit/s with framing)
[1;36m[Device: id=2] RX[0m: 14.20 Mpps, 7727 Mbit/s (10000 Mbit/s with framing)
[0;34m[Device: id=2] TX[0m: 14.20 Mpps, 7727 Mbit/s (10000 Mbit/s with framing)
[1;36m[Device: id=2] RX[0m: 14.21 Mpps, 7727 Mbit/s (10000 Mbit/s with framing)
[0;34m[Device: id=2] TX[0m: 14.21 Mpps, 7727 Mbit/s (10000 Mbit/s with framing)
[1;36m[Device: id=2] RX[0m: 14.21 Mpps, 7727 Mbit/s (10000 Mbit/s with framing)
[0;34m[Device: id=2] TX[0m: 14.21 Mpps, 7727 Mbit/s (10000 Mbit/s with framing)
[1;36m[Device: id=2] RX[0m: 14.21 Mpps, 7727 Mbit/s (10000 Mbit/s with framing)
[0;34m[Device: id=2] TX[0m: 14.21 Mpps, 7727 Mbit/s (10000 Mbit/s with framing)
[1;36m[Device: id=2] RX[0m: 14.21 Mpps, 7727 Mbit/s (10000 Mbit/s with framing)
[0;34m[Device: id=2] TX[0m: 14.21 Mpps, 7727 Mbit/s (10000 Mbit/s with framing)
[1;36m[Device: id=2] RX[0m: 14.21 Mpps, 7727 Mbit/s (10000 Mbit/s with framing)
[0;34m[Device: id=2] TX[0m: 14.21 Mpps, 7727 Mbit/s (10000 Mbit/s with framing)
[1;36m[Device: id=2] RX[0m: 14.21 Mpps, 7727 Mbit/s (10000 Mbit/s with framing)
[0;34m[Device: id=2] TX[0m: 14.21 Mpps, 7727 Mbit/s (10000 Mbit/s with framing)
[1;36m[Device: id=2] RX[0m: 14.21 Mpps, 7727 Mbit/s (10000 Mbit/s with framing)
[0;34m[Device: id=2] TX[0m: 14.21 Mpps, 7727 Mbit/s (10000 Mbit/s with framing)
[1;36m[Device: id=2] RX[0m: 14.20 Mpps, 7727 Mbit/s (10000 Mbit/s with framing)
[0;34m[Device: id=2] TX[0m: 14.21 Mpps, 7727 Mbit/s (10000 Mbit/s with framing)
[1;36m[Device: id=2] RX[0m: 14.21 Mpps, 7727 Mbit/s (10000 Mbit/s with framing)
[0;34m[Device: id=2] TX[0m: 14.21 Mpps, 7727 Mbit/s (10000 Mbit/s with framing)
[1;36m[Device: id=2] RX[0m: 14.21 Mpps, 7727 Mbit/s (10000 Mbit/s with framing)
[0;34m[Device: id=2] TX[0m: 14.21 Mpps, 7727 Mbit/s (10000 Mbit/s with framing)
[1;36m[Device: id=2] RX[0m: 14.21 Mpps, 7727 Mbit/s (10000 Mbit/s with framing)
[0;34m[Device: id=2] TX[0m: 14.21 Mpps, 7727 Mbit/s (10000 Mbit/s with framing)
[1;36m[Device: id=2] RX[0m: 14.21 Mpps, 7727 Mbit/s (10000 Mbit/s with framing)
[0;34m[Device: id=2] TX[0m: 14.21 Mpps, 7727 Mbit/s (10000 Mbit/s with framing)
[1;36m[Device: id=2] RX[0m: 14.21 Mpps, 7727 Mbit/s (10000 Mbit/s with framing)
[0;34m[Device: id=2] TX[0m: 14.21 Mpps, 7727 Mbit/s (10000 Mbit/s with framing)
[1;36m[Device: id=2] RX[0m: 14.21 Mpps, 7727 Mbit/s (10000 Mbit/s with framing)
[0;34m[Device: id=2] TX[0m: 14.21 Mpps, 7727 Mbit/s (10000 Mbit/s with framing)
[1;36m[Device: id=2] RX[0m: 14.21 Mpps, 7727 Mbit/s (10000 Mbit/s with framing)
[0;34m[Device: id=2] TX[0m: 14.21 Mpps, 7727 Mbit/s (10000 Mbit/s with framing)
[1;36m[Device: id=2] RX[0m: 14.21 Mpps, 7727 Mbit/s (10000 Mbit/s with framing)
[0;34m[Device: id=2] TX[0m: 14.21 Mpps, 7727 Mbit/s (10000 Mbit/s with framing)
[1;36m[Device: id=2] RX[0m: 14.21 Mpps, 7727 Mbit/s (10000 Mbit/s with framing)
[0;34m[Device: id=2] TX[0m: 14.21 Mpps, 7727 Mbit/s (10000 Mbit/s with framing)
[1;36m[Device: id=2] RX[0m: 14.21 Mpps, 7727 Mbit/s (10000 Mbit/s with framing)
[0;34m[Device: id=2] TX[0m: 14.21 Mpps, 7727 Mbit/s (10000 Mbit/s with framing)
[1;36m[Device: id=2] RX[0m: 14.21 Mpps, 7727 Mbit/s (10000 Mbit/s with framing)
[0;34m[Device: id=2] TX[0m: 14.21 Mpps, 7727 Mbit/s (10000 Mbit/s with framing)
[1;36m[Device: id=2] RX[0m: 14.21 Mpps, 7727 Mbit/s (10000 Mbit/s with framing)
[0;34m[Device: id=2] TX[0m: 14.21 Mpps, 7727 Mbit/s (10000 Mbit/s with framing)
[1;36m[Device: id=2] RX[0m: 14.21 Mpps, 7727 Mbit/s (10000 Mbit/s with framing)
[0;34m[Device: id=2] TX[0m: 14.21 Mpps, 7727 Mbit/s (10000 Mbit/s with framing)
[1;36m[Device: id=2] RX[0m: 14.21 Mpps, 7727 Mbit/s (10000 Mbit/s with framing)
[0;34m[Device: id=2] TX[0m: 14.21 Mpps, 7727 Mbit/s (10000 Mbit/s with framing)
[1;36m[Device: id=2] RX[0m: 14.21 Mpps, 7727 Mbit/s (10000 Mbit/s with framing)
[0;34m[Device: id=2] TX[0m: 14.21 Mpps, 7727 Mbit/s (10000 Mbit/s with framing)
[1;36m[Device: id=2] RX[0m: 14.21 Mpps, 7727 Mbit/s (10000 Mbit/s with framing)
[0;34m[Device: id=2] TX[0m: 14.21 Mpps, 7727 Mbit/s (10000 Mbit/s with framing)
[1;36m[Device: id=2] RX[0m: 14.21 Mpps, 7727 Mbit/s (10000 Mbit/s with framing)
[0;34m[Device: id=2] TX[0m: 14.21 Mpps, 7728 Mbit/s (10000 Mbit/s with framing)
[1;36m[Device: id=2] RX[0m: 14.21 Mpps, 7727 Mbit/s (10000 Mbit/s with framing)
[0;34m[Device: id=2] TX[0m: 14.20 Mpps, 7727 Mbit/s (10000 Mbit/s with framing)
[1;36m[Device: id=2] RX[0m: 14.21 Mpps, 7727 Mbit/s (10000 Mbit/s with framing)
[0;34m[Device: id=2] TX[0m: 14.21 Mpps, 7727 Mbit/s (10000 Mbit/s with framing)
[1;36m[Device: id=2] RX[0m: 14.21 Mpps, 7727 Mbit/s (10000 Mbit/s with framing)
[0;34m[Device: id=2] TX[0m: 14.21 Mpps, 7727 Mbit/s (10000 Mbit/s with framing)
[1;36m[Device: id=2] RX[0m: 14.21 Mpps, 7727 Mbit/s (10000 Mbit/s with framing)
[0;34m[Device: id=2] TX[0m: 14.21 Mpps, 7727 Mbit/s (10000 Mbit/s with framing)
[1;36m[Device: id=2] RX[0m: 14.21 Mpps, 7727 Mbit/s (10000 Mbit/s with framing)
[0;34m[Device: id=2] TX[0m: 14.21 Mpps, 7727 Mbit/s (10000 Mbit/s with framing)
[1;36m[Device: id=2] RX[0m: 14.21 Mpps, 7727 Mbit/s (10000 Mbit/s with framing)
[0;34m[Device: id=2] TX[0m: 14.21 Mpps, 7727 Mbit/s (10000 Mbit/s with framing)
[1;36m[Device: id=2] RX[0m: 14.21 Mpps, 7727 Mbit/s (10000 Mbit/s with framing)
[0;34m[Device: id=2] TX[0m: 14.21 Mpps, 7727 Mbit/s (10000 Mbit/s with framing)
[1;36m[Device: id=2] RX[0m: 14.21 Mpps, 7727 Mbit/s (10000 Mbit/s with framing)
[0;34m[Device: id=2] TX[0m: 14.20 Mpps, 7727 Mbit/s (10000 Mbit/s with framing)
[1;36m[Device: id=2] RX[0m: 14.21 Mpps, 7727 Mbit/s (10000 Mbit/s with framing)
[0;34m[Device: id=2] TX[0m: 14.21 Mpps, 7727 Mbit/s (10000 Mbit/s with framing)
[1;36m[Device: id=2] RX[0m: 14.21 Mpps, 7727 Mbit/s (10000 Mbit/s with framing)
[0;34m[Device: id=2] TX[0m: 14.21 Mpps, 7727 Mbit/s (10000 Mbit/s with framing)
[1;36m[Device: id=2] RX[0m: 14.21 Mpps, 7727 Mbit/s (10000 Mbit/s with framing)
[0;34m[Device: id=2] TX[0m: 14.21 Mpps, 7727 Mbit/s (10000 Mbit/s with framing)
[1;36m[Device: id=2] RX[0m: 14.21 Mpps, 7727 Mbit/s (10000 Mbit/s with framing)
[0;34m[Device: id=2] TX[0m: 14.21 Mpps, 7727 Mbit/s (10000 Mbit/s with framing)
[1;36m[Device: id=2] RX[0m: 14.21 Mpps, 7727 Mbit/s (10000 Mbit/s with framing)
[0;34m[Device: id=2] TX[0m: 14.21 Mpps, 7727 Mbit/s (10000 Mbit/s with framing)
[1;36m[Device: id=2] RX[0m: 14.21 Mpps, 7728 Mbit/s (10000 Mbit/s with framing)
[0;34m[Device: id=2] TX[0m: 14.19 Mpps, 7721 Mbit/s (9991 Mbit/s with framing)
[1;36m[Device: id=2] RX[0m: 14.20 Mpps, 7727 Mbit/s (10000 Mbit/s with framing)
[0;34m[Device: id=2] TX[0m: 14.20 Mpps, 7727 Mbit/s (10000 Mbit/s with framing)
[1;36m[Device: id=2] RX[0m: 14.21 Mpps, 7727 Mbit/s (10000 Mbit/s with framing)
[0;34m[Device: id=2] TX[0m: 14.21 Mpps, 7727 Mbit/s (10000 Mbit/s with framing)
[1;36m[Device: id=2] RX[0m: 14.21 Mpps, 7727 Mbit/s (10000 Mbit/s with framing)
[0;34m[Device: id=2] TX[0m: 14.21 Mpps, 7727 Mbit/s (10000 Mbit/s with framing)
[1;36m[Device: id=2] RX[0m: 14.21 Mpps, 7727 Mbit/s (10000 Mbit/s with framing)
[0;34m[Device: id=2] TX[0m: 14.21 Mpps, 7727 Mbit/s (10000 Mbit/s with framing)
[1;36m[Device: id=2] RX[0m: 14.21 Mpps, 7727 Mbit/s (10000 Mbit/s with framing)
[0;34m[Device: id=2] TX[0m: 14.20 Mpps, 7727 Mbit/s (10000 Mbit/s with framing)
[1;36m[Device: id=2] RX[0m: 14.21 Mpps, 7727 Mbit/s (10000 Mbit/s with framing)
[0;34m[Device: id=2] TX[0m: 14.21 Mpps, 7727 Mbit/s (10000 Mbit/s with framing)
[1;36m[Device: id=2] RX[0m: 14.21 Mpps, 7727 Mbit/s (10000 Mbit/s with framing)
[0;34m[Device: id=2] TX[0m: 14.21 Mpps, 7727 Mbit/s (10000 Mbit/s with framing)
[1;36m[Device: id=2] RX[0m: 14.21 Mpps, 7727 Mbit/s (10000 Mbit/s with framing)
[0;34m[Device: id=2] TX[0m: 14.21 Mpps, 7727 Mbit/s (10000 Mbit/s with framing)
[1;36m[Device: id=2] RX[0m: 14.21 Mpps, 7727 Mbit/s (10000 Mbit/s with framing)
[0;34m[Device: id=2] TX[0m: 14.21 Mpps, 7727 Mbit/s (10000 Mbit/s with framing)
[1;36m[Device: id=2] RX[0m: 14.21 Mpps, 7727 Mbit/s (10000 Mbit/s with framing)
[0;34m[Device: id=2] TX[0m: 14.21 Mpps, 7727 Mbit/s (10000 Mbit/s with framing)
[1;36m[Device: id=2] RX[0m: 14.21 Mpps, 7727 Mbit/s (10000 Mbit/s with framing)
[0;34m[Device: id=2] TX[0m: 14.21 Mpps, 7727 Mbit/s (10000 Mbit/s with framing)
[1;36m[Device: id=2] RX[0m: 14.21 Mpps, 7727 Mbit/s (10000 Mbit/s with framing)
[0;34m[Device: id=2] TX[0m: 14.21 Mpps, 7727 Mbit/s (10000 Mbit/s with framing)
[1;36m[Device: id=2] RX[0m: 14.21 Mpps, 7727 Mbit/s (10000 Mbit/s with framing)
[0;34m[Device: id=2] TX[0m: 14.21 Mpps, 7727 Mbit/s (10000 Mbit/s with framing)
[1;36m[Device: id=2] RX[0m: 14.21 Mpps, 7727 Mbit/s (10000 Mbit/s with framing)
[0;34m[Device: id=2] TX[0m: 14.21 Mpps, 7727 Mbit/s (10000 Mbit/s with framing)
[1;36m[Device: id=2] RX[0m: 14.21 Mpps, 7727 Mbit/s (10000 Mbit/s with framing)
[0;34m[Device: id=2] TX[0m: 14.21 Mpps, 7727 Mbit/s (10000 Mbit/s with framing)
[1;36m[Device: id=2] RX[0m: 14.21 Mpps, 7727 Mbit/s (10000 Mbit/s with framing)
[0;34m[Device: id=2] TX[0m: 14.21 Mpps, 7727 Mbit/s (10000 Mbit/s with framing)
[1;36m[Device: id=2] RX[0m: 14.21 Mpps, 7727 Mbit/s (10000 Mbit/s with framing)
[0;34m[Device: id=2] TX[0m: 14.21 Mpps, 7727 Mbit/s (10000 Mbit/s with framing)
[1;36m[Device: id=2] RX[0m: 14.21 Mpps, 7727 Mbit/s (10000 Mbit/s with framing)
[0;34m[Device: id=2] TX[0m: 14.21 Mpps, 7727 Mbit/s (10000 Mbit/s with framing)
[1;36m[Device: id=2] RX[0m: 14.21 Mpps, 7727 Mbit/s (10000 Mbit/s with framing)
[0;34m[Device: id=2] TX[0m: 14.21 Mpps, 7727 Mbit/s (10000 Mbit/s with framing)
[1;36m[Device: id=2] RX[0m: 14.21 Mpps, 7727 Mbit/s (10000 Mbit/s with framing)
[0;34m[Device: id=2] TX[0m: 14.21 Mpps, 7727 Mbit/s (10000 Mbit/s with framing)
[1;36m[Device: id=2] RX[0m: 14.21 Mpps, 7727 Mbit/s (10000 Mbit/s with framing)
[0;34m[Device: id=2] TX[0m: 14.21 Mpps, 7727 Mbit/s (10000 Mbit/s with framing)
[1;36m[Device: id=2] RX[0m: 14.21 Mpps, 7727 Mbit/s (10000 Mbit/s with framing)
[0;34m[Device: id=2] TX[0m: 14.21 Mpps, 7727 Mbit/s (10000 Mbit/s with framing)
[1;36m[Device: id=2] RX[0m: 14.21 Mpps, 7727 Mbit/s (10000 Mbit/s with framing)
[0;34m[Device: id=2] TX[0m: 14.21 Mpps, 7727 Mbit/s (10000 Mbit/s with framing)
[1;36m[Device: id=2] RX[0m: 14.21 Mpps, 7727 Mbit/s (10000 Mbit/s with framing)
[0;34m[Device: id=2] TX[0m: 14.21 Mpps, 7727 Mbit/s (10000 Mbit/s with framing)
[1;36m[Device: id=2] RX[0m: 14.21 Mpps, 7727 Mbit/s (10000 Mbit/s with framing)
[0;34m[Device: id=2] TX[0m: 14.21 Mpps, 7727 Mbit/s (10000 Mbit/s with framing)
[1;36m[Device: id=2] RX[0m: 14.21 Mpps, 7727 Mbit/s (10000 Mbit/s with framing)
[0;34m[Device: id=2] TX[0m: 14.21 Mpps, 7727 Mbit/s (10000 Mbit/s with framing)
[1;36m[Device: id=2] RX[0m: 14.21 Mpps, 7727 Mbit/s (10000 Mbit/s with framing)
[0;34m[Device: id=2] TX[0m: 14.21 Mpps, 7727 Mbit/s (10000 Mbit/s with framing)
[1;36m[Device: id=2] RX[0m: 14.21 Mpps, 7727 Mbit/s (10000 Mbit/s with framing)
[0;34m[Device: id=2] TX[0m: 14.21 Mpps, 7727 Mbit/s (10000 Mbit/s with framing)
[1;36m[Device: id=2] RX[0m: 14.21 Mpps, 7727 Mbit/s (10000 Mbit/s with framing)
[0;34m[Device: id=2] TX[0m: 14.21 Mpps, 7727 Mbit/s (10000 Mbit/s with framing)
[1;36m[Device: id=2] RX[0m: 14.21 Mpps, 7727 Mbit/s (10000 Mbit/s with framing)
[0;34m[Device: id=2] TX[0m: 14.21 Mpps, 7727 Mbit/s (10000 Mbit/s with framing)
[1;36m[Device: id=2] RX[0m: 14.21 Mpps, 7727 Mbit/s (10000 Mbit/s with framing)
[0;34m[Device: id=2] TX[0m: 14.21 Mpps, 7727 Mbit/s (10000 Mbit/s with framing)
[1;36m[Device: id=2] RX[0m: 14.21 Mpps, 7727 Mbit/s (10000 Mbit/s with framing)
[0;34m[Device: id=2] TX[0m: 14.21 Mpps, 7727 Mbit/s (10000 Mbit/s with framing)
[1;36m[Device: id=2] RX[0m: 14.21 Mpps, 7727 Mbit/s (10000 Mbit/s with framing)
[0;34m[Device: id=2] TX[0m: 14.21 Mpps, 7727 Mbit/s (10000 Mbit/s with framing)
[1;36m[Device: id=2] RX[0m: 14.21 Mpps, 7727 Mbit/s (10000 Mbit/s with framing)
[0;34m[Device: id=2] TX[0m: 14.21 Mpps, 7727 Mbit/s (10000 Mbit/s with framing)
[1;36m[Device: id=2] RX[0m: 14.21 Mpps, 7727 Mbit/s (10000 Mbit/s with framing)
[0;34m[Device: id=2] TX[0m: 14.21 Mpps, 7727 Mbit/s (10000 Mbit/s with framing)
[1;36m[Device: id=2] RX[0m: 14.21 Mpps, 7727 Mbit/s (10000 Mbit/s with framing)
[0;34m[Device: id=2] TX[0m: 14.21 Mpps, 7727 Mbit/s (10000 Mbit/s with framing)
[1;36m[Device: id=2] RX[0m: 14.21 Mpps, 7727 Mbit/s (10000 Mbit/s with framing)
[0;34m[Device: id=2] TX[0m: 14.21 Mpps, 7727 Mbit/s (10000 Mbit/s with framing)
[1;36m[Device: id=2] RX[0m: 14.21 Mpps, 7727 Mbit/s (10000 Mbit/s with framing)
[0;34m[Device: id=2] TX[0m: 14.21 Mpps, 7727 Mbit/s (10000 Mbit/s with framing)
[1;36m[Device: id=2] RX[0m: 14.21 Mpps, 7727 Mbit/s (10000 Mbit/s with framing)
[0;34m[Device: id=2] TX[0m: 14.21 Mpps, 7727 Mbit/s (10000 Mbit/s with framing)
[1;36m[Device: id=2] RX[0m: 14.21 Mpps, 7727 Mbit/s (10000 Mbit/s with framing)
[0;34m[Device: id=2] TX[0m: 14.21 Mpps, 7727 Mbit/s (10000 Mbit/s with framing)
[1;36m[Device: id=2] RX[0m: 14.20 Mpps, 7727 Mbit/s (10000 Mbit/s with framing)
[0;34m[Device: id=2] TX[0m: 14.21 Mpps, 7727 Mbit/s (10000 Mbit/s with framing)
[1;36m[Device: id=2] RX[0m: 14.21 Mpps, 7727 Mbit/s (10000 Mbit/s with framing)
[0;34m[Device: id=2] TX[0m: 14.21 Mpps, 7727 Mbit/s (10000 Mbit/s with framing)
[1;36m[Device: id=2] RX[0m: 14.21 Mpps, 7727 Mbit/s (10000 Mbit/s with framing)
[0;34m[Device: id=2] TX[0m: 14.21 Mpps, 7727 Mbit/s (10000 Mbit/s with framing)
[1;36m[Device: id=2] RX[0m: 14.21 Mpps, 7727 Mbit/s (10000 Mbit/s with framing)
[0;34m[Device: id=2] TX[0m: 14.21 Mpps, 7727 Mbit/s (10000 Mbit/s with framing)
[1;36m[Device: id=2] RX[0m: 14.21 Mpps, 7727 Mbit/s (10000 Mbit/s with framing)
[0;34m[Device: id=2] TX[0m: 14.21 Mpps, 7727 Mbit/s (10000 Mbit/s with framing)
[1;36m[Device: id=2] RX[0m: 14.21 Mpps, 7727 Mbit/s (10000 Mbit/s with framing)
[0;34m[Device: id=2] TX[0m: 14.21 Mpps, 7727 Mbit/s (10000 Mbit/s with framing)
[1;36m[Device: id=2] RX[0m: 14.21 Mpps, 7727 Mbit/s (10000 Mbit/s with framing)
[0;34m[Device: id=2] TX[0m: 14.21 Mpps, 7727 Mbit/s (10000 Mbit/s with framing)
[1;36m[Device: id=2] RX[0m: 14.21 Mpps, 7727 Mbit/s (10000 Mbit/s with framing)
[0;34m[Device: id=2] TX[0m: 14.21 Mpps, 7727 Mbit/s (10000 Mbit/s with framing)
[1;36m[Device: id=2] RX[0m: 14.21 Mpps, 7727 Mbit/s (10000 Mbit/s with framing)
[0;34m[Device: id=2] TX[0m: 14.21 Mpps, 7727 Mbit/s (10000 Mbit/s with framing)
[1;36m[Device: id=2] RX[0m: 14.21 Mpps, 7727 Mbit/s (10000 Mbit/s with framing)
[0;34m[Device: id=2] TX[0m: 14.20 Mpps, 7722 Mbit/s (9994 Mbit/s with framing)
[1;36m[Device: id=2] RX[0m: 14.20 Mpps, 7727 Mbit/s (10000 Mbit/s with framing)
[0;34m[Device: id=2] TX[0m: 14.21 Mpps, 7727 Mbit/s (10000 Mbit/s with framing)
[1;36m[Device: id=2] RX[0m: 14.21 Mpps, 7727 Mbit/s (10000 Mbit/s with framing)
[0;34m[Device: id=2] TX[0m: 14.21 Mpps, 7727 Mbit/s (10000 Mbit/s with framing)
[1;36m[Device: id=2] RX[0m: 14.21 Mpps, 7727 Mbit/s (10000 Mbit/s with framing)
[0;34m[Device: id=2] TX[0m: 14.21 Mpps, 7727 Mbit/s (10000 Mbit/s with framing)
[1;36m[Device: id=2] RX[0m: 14.21 Mpps, 7727 Mbit/s (10000 Mbit/s with framing)
[0;34m[Device: id=2] TX[0m: 14.21 Mpps, 7727 Mbit/s (10000 Mbit/s with framing)
[1;36m[Device: id=2] RX[0m: 14.21 Mpps, 7727 Mbit/s (10000 Mbit/s with framing)
[0;34m[Device: id=2] TX[0m: 14.21 Mpps, 7727 Mbit/s (10000 Mbit/s with framing)
[1;36m[Device: id=2] RX[0m: 14.21 Mpps, 7727 Mbit/s (10000 Mbit/s with framing)
[0;34m[Device: id=2] TX[0m: 14.21 Mpps, 7727 Mbit/s (10000 Mbit/s with framing)
[1;36m[Device: id=2] RX[0m: 14.21 Mpps, 7727 Mbit/s (10000 Mbit/s with framing)
[0;34m[Device: id=2] TX[0m: 14.21 Mpps, 7727 Mbit/s (10000 Mbit/s with framing)
[1;36m[Device: id=2] RX[0m: 14.21 Mpps, 7727 Mbit/s (10000 Mbit/s with framing)
[0;34m[Device: id=2] TX[0m: 14.21 Mpps, 7727 Mbit/s (10000 Mbit/s with framing)
[1;36m[Device: id=2] RX[0m: 14.21 Mpps, 7727 Mbit/s (10000 Mbit/s with framing)
[0;34m[Device: id=2] TX[0m: 14.21 Mpps, 7727 Mbit/s (10000 Mbit/s with framing)
[1;36m[Device: id=2] RX[0m: 14.21 Mpps, 7727 Mbit/s (10000 Mbit/s with framing)
[0;34m[Device: id=2] TX[0m: 14.21 Mpps, 7727 Mbit/s (10000 Mbit/s with framing)
[1;36m[Device: id=2] RX[0m: 14.21 Mpps, 7727 Mbit/s (10000 Mbit/s with framing)
[0;34m[Device: id=2] TX[0m: 14.21 Mpps, 7727 Mbit/s (10000 Mbit/s with framing)
[1;36m[Device: id=2] RX[0m: 14.21 Mpps, 7727 Mbit/s (10000 Mbit/s with framing)
[0;34m[Device: id=2] TX[0m: 14.21 Mpps, 7727 Mbit/s (10000 Mbit/s with framing)
[1;36m[Device: id=2] RX[0m: 14.21 Mpps, 7727 Mbit/s (10000 Mbit/s with framing)
[0;34m[Device: id=2] TX[0m: 14.21 Mpps, 7727 Mbit/s (10000 Mbit/s with framing)
[1;36m[Device: id=2] RX[0m: 14.21 Mpps, 7727 Mbit/s (10000 Mbit/s with framing)
[0;34m[Device: id=2] TX[0m: 14.21 Mpps, 7727 Mbit/s (10000 Mbit/s with framing)
[1;36m[Device: id=2] RX[0m: 14.21 Mpps, 7727 Mbit/s (10000 Mbit/s with framing)
[0;34m[Device: id=2] TX[0m: 14.20 Mpps, 7727 Mbit/s (10000 Mbit/s with framing)
[1;36m[Device: id=2] RX[0m: 14.21 Mpps, 7727 Mbit/s (10000 Mbit/s with framing)
[0;34m[Device: id=2] TX[0m: 14.21 Mpps, 7727 Mbit/s (10000 Mbit/s with framing)
[1;36m[Device: id=2] RX[0m: 14.21 Mpps, 7727 Mbit/s (10000 Mbit/s with framing)
[0;34m[Device: id=2] TX[0m: 14.21 Mpps, 7727 Mbit/s (10000 Mbit/s with framing)
[1;36m[Device: id=2] RX[0m: 14.21 Mpps, 7727 Mbit/s (10000 Mbit/s with framing)
[0;34m[Device: id=2] TX[0m: 14.21 Mpps, 7727 Mbit/s (10000 Mbit/s with framing)
[1;36m[Device: id=2] RX[0m: 14.21 Mpps, 7727 Mbit/s (10000 Mbit/s with framing)
[0;34m[Device: id=2] TX[0m: 14.21 Mpps, 7727 Mbit/s (10000 Mbit/s with framing)
[1;36m[Device: id=2] RX[0m: 14.21 Mpps, 7727 Mbit/s (10000 Mbit/s with framing)
[0;34m[Device: id=2] TX[0m: 14.21 Mpps, 7727 Mbit/s (10000 Mbit/s with framing)
[1;36m[Device: id=2] RX[0m: 14.21 Mpps, 7727 Mbit/s (10000 Mbit/s with framing)
[0;34m[Device: id=2] TX[0m: 14.21 Mpps, 7727 Mbit/s (10000 Mbit/s with framing)
[1;36m[Device: id=2] RX[0m: 14.21 Mpps, 7727 Mbit/s (10000 Mbit/s with framing)
[0;34m[Device: id=2] TX[0m: 14.21 Mpps, 7727 Mbit/s (10000 Mbit/s with framing)
[1;36m[Device: id=2] RX[0m: 14.21 Mpps, 7727 Mbit/s (10000 Mbit/s with framing)
[0;34m[Device: id=2] TX[0m: 14.21 Mpps, 7727 Mbit/s (10000 Mbit/s with framing)
[1;36m[Device: id=2] RX[0m: 14.21 Mpps, 7727 Mbit/s (10000 Mbit/s with framing)
[0;34m[Device: id=2] TX[0m: 14.21 Mpps, 7727 Mbit/s (10000 Mbit/s with framing)
[1;36m[Device: id=2] RX[0m: 14.21 Mpps, 7727 Mbit/s (10000 Mbit/s with framing)
[0;34m[Device: id=2] TX[0m: 14.21 Mpps, 7727 Mbit/s (10000 Mbit/s with framing)
[1;36m[Device: id=2] RX[0m: 14.21 Mpps, 7727 Mbit/s (10000 Mbit/s with framing)
[0;34m[Device: id=2] TX[0m: 14.21 Mpps, 7727 Mbit/s (10000 Mbit/s with framing)
[1;36m[Device: id=2] RX[0m: 14.21 Mpps, 7728 Mbit/s (10000 Mbit/s with framing)
[0;34m[Device: id=2] TX[0m: 14.21 Mpps, 7727 Mbit/s (10000 Mbit/s with framing)
[1;36m[Device: id=2] RX[0m: 14.21 Mpps, 7727 Mbit/s (10000 Mbit/s with framing)
[0;34m[Device: id=2] TX[0m: 14.21 Mpps, 7727 Mbit/s (10000 Mbit/s with framing)
[1;36m[Device: id=2] RX[0m: 14.21 Mpps, 7727 Mbit/s (10000 Mbit/s with framing)
[0;34m[Device: id=2] TX[0m: 14.21 Mpps, 7727 Mbit/s (10000 Mbit/s with framing)
[1;36m[Device: id=2] RX[0m: 14.21 Mpps, 7727 Mbit/s (10000 Mbit/s with framing)
[0;34m[Device: id=2] TX[0m: 14.21 Mpps, 7727 Mbit/s (10000 Mbit/s with framing)
[1;36m[Device: id=2] RX[0m: 14.21 Mpps, 7727 Mbit/s (10000 Mbit/s with framing)
[0;34m[Device: id=2] TX[0m: 14.21 Mpps, 7727 Mbit/s (10000 Mbit/s with framing)
[1;36m[Device: id=2] RX[0m: 14.21 Mpps, 7727 Mbit/s (10000 Mbit/s with framing)
[0;34m[Device: id=2] TX[0m: 14.21 Mpps, 7727 Mbit/s (10000 Mbit/s with framing)
[1;36m[Device: id=2] RX[0m: 14.21 Mpps, 7727 Mbit/s (10000 Mbit/s with framing)
[0;34m[Device: id=2] TX[0m: 14.21 Mpps, 7727 Mbit/s (10000 Mbit/s with framing)
[1;36m[Device: id=2] RX[0m: 14.21 Mpps, 7727 Mbit/s (10000 Mbit/s with framing)
[0;34m[Device: id=2] TX[0m: 14.21 Mpps, 7727 Mbit/s (10000 Mbit/s with framing)
[1;36m[Device: id=2] RX[0m: 14.21 Mpps, 7727 Mbit/s (10000 Mbit/s with framing)
[0;34m[Device: id=2] TX[0m: 14.20 Mpps, 7727 Mbit/s (10000 Mbit/s with framing)
[1;36m[Device: id=2] RX[0m: 14.21 Mpps, 7727 Mbit/s (10000 Mbit/s with framing)
[0;34m[Device: id=2] TX[0m: 14.20 Mpps, 7727 Mbit/s (10000 Mbit/s with framing)
[1;36m[Device: id=2] RX[0m: 14.21 Mpps, 7727 Mbit/s (10000 Mbit/s with framing)
[0;34m[Device: id=2] TX[0m: 14.21 Mpps, 7727 Mbit/s (10000 Mbit/s with framing)
[1;36m[Device: id=2] RX[0m: 14.21 Mpps, 7727 Mbit/s (10000 Mbit/s with framing)
[0;34m[Device: id=2] TX[0m: 14.21 Mpps, 7727 Mbit/s (10000 Mbit/s with framing)
[1;36m[Device: id=2] RX[0m: 14.21 Mpps, 7727 Mbit/s (10000 Mbit/s with framing)
[0;34m[Device: id=2] TX[0m: 14.21 Mpps, 7727 Mbit/s (10000 Mbit/s with framing)
[1;36m[Device: id=2] RX[0m: 14.21 Mpps, 7727 Mbit/s (10000 Mbit/s with framing)
[0;34m[Device: id=2] TX[0m: 14.21 Mpps, 7727 Mbit/s (10000 Mbit/s with framing)
[1;36m[Device: id=2] RX[0m: 14.21 Mpps, 7727 Mbit/s (10000 Mbit/s with framing)
[0;34m[Device: id=2] TX[0m: 14.21 Mpps, 7727 Mbit/s (10000 Mbit/s with framing)
[1;36m[Device: id=2] RX[0m: 14.21 Mpps, 7727 Mbit/s (10000 Mbit/s with framing)
[0;34m[Device: id=2] TX[0m: 14.21 Mpps, 7727 Mbit/s (10000 Mbit/s with framing)
[1;36m[Device: id=2] RX[0m: 14.21 Mpps, 7727 Mbit/s (10000 Mbit/s with framing)
[0;34m[Device: id=2] TX[0m: 14.21 Mpps, 7727 Mbit/s (10000 Mbit/s with framing)
[1;36m[Device: id=2] RX[0m: 14.21 Mpps, 7727 Mbit/s (10000 Mbit/s with framing)
[0;34m[Device: id=2] TX[0m: 14.21 Mpps, 7727 Mbit/s (10000 Mbit/s with framing)
[1;36m[Device: id=2] RX[0m: 14.21 Mpps, 7727 Mbit/s (10000 Mbit/s with framing)
[0;34m[Device: id=2] TX[0m: 14.21 Mpps, 7727 Mbit/s (10000 Mbit/s with framing)
[1;36m[Device: id=2] RX[0m: 14.21 Mpps, 7727 Mbit/s (10000 Mbit/s with framing)
[0;34m[Device: id=2] TX[0m: 14.21 Mpps, 7727 Mbit/s (10000 Mbit/s with framing)
[1;36m[Device: id=2] RX[0m: 14.21 Mpps, 7727 Mbit/s (10000 Mbit/s with framing)
[0;34m[Device: id=2] TX[0m: 14.21 Mpps, 7727 Mbit/s (10000 Mbit/s with framing)
[1;36m[Device: id=2] RX[0m: 14.21 Mpps, 7727 Mbit/s (10000 Mbit/s with framing)
[0;34m[Device: id=2] TX[0m: 14.21 Mpps, 7727 Mbit/s (10000 Mbit/s with framing)
[1;36m[Device: id=2] RX[0m: 14.21 Mpps, 7727 Mbit/s (10000 Mbit/s with framing)
[0;34m[Device: id=2] TX[0m: 14.21 Mpps, 7727 Mbit/s (10000 Mbit/s with framing)
[1;36m[Device: id=2] RX[0m: 14.21 Mpps, 7727 Mbit/s (10000 Mbit/s with framing)
[0;34m[Device: id=2] TX[0m: 14.21 Mpps, 7727 Mbit/s (10000 Mbit/s with framing)
[1;36m[Device: id=2] RX[0m: 14.21 Mpps, 7727 Mbit/s (10000 Mbit/s with framing)
[0;34m[Device: id=2] TX[0m: 14.21 Mpps, 7727 Mbit/s (10000 Mbit/s with framing)
[1;36m[Device: id=2] RX[0m: 14.21 Mpps, 7727 Mbit/s (10000 Mbit/s with framing)
[0;34m[Device: id=2] TX[0m: 14.21 Mpps, 7727 Mbit/s (10000 Mbit/s with framing)
[1;36m[Device: id=2] RX[0m: 14.21 Mpps, 7727 Mbit/s (10000 Mbit/s with framing)
[0;34m[Device: id=2] TX[0m: 14.21 Mpps, 7727 Mbit/s (10000 Mbit/s with framing)
[1;36m[Device: id=2] RX[0m: 14.21 Mpps, 7727 Mbit/s (10000 Mbit/s with framing)
[0;34m[Device: id=2] TX[0m: 14.21 Mpps, 7727 Mbit/s (10000 Mbit/s with framing)
[1;36m[Device: id=2] RX[0m: 14.21 Mpps, 7727 Mbit/s (10000 Mbit/s with framing)
[0;34m[Device: id=2] TX[0m: 14.21 Mpps, 7727 Mbit/s (10000 Mbit/s with framing)
[1;36m[Device: id=2] RX[0m: 14.21 Mpps, 7727 Mbit/s (10000 Mbit/s with framing)
[0;34m[Device: id=2] TX[0m: 14.21 Mpps, 7727 Mbit/s (10000 Mbit/s with framing)
[1;36m[Device: id=2] RX[0m: 14.21 Mpps, 7727 Mbit/s (10000 Mbit/s with framing)
[0;34m[Device: id=2] TX[0m: 14.21 Mpps, 7727 Mbit/s (10000 Mbit/s with framing)
[1;36m[Device: id=2] RX[0m: 14.21 Mpps, 7727 Mbit/s (10000 Mbit/s with framing)
[0;34m[Device: id=2] TX[0m: 14.21 Mpps, 7727 Mbit/s (10000 Mbit/s with framing)
[1;36m[Device: id=2] RX[0m: 14.21 Mpps, 7727 Mbit/s (10000 Mbit/s with framing)
[0;34m[Device: id=2] TX[0m: 14.21 Mpps, 7727 Mbit/s (10000 Mbit/s with framing)
[1;36m[Device: id=2] RX[0m: 14.21 Mpps, 7727 Mbit/s (10000 Mbit/s with framing)
[0;34m[Device: id=2] TX[0m: 14.19 Mpps, 7722 Mbit/s (9993 Mbit/s with framing)
[1;36m[Device: id=2] RX[0m: 14.20 Mpps, 7727 Mbit/s (10000 Mbit/s with framing)
[0;34m[Device: id=2] TX[0m: 14.20 Mpps, 7727 Mbit/s (10000 Mbit/s with framing)
[1;36m[Device: id=2] RX[0m: 14.21 Mpps, 7727 Mbit/s (10000 Mbit/s with framing)
[0;34m[Device: id=2] TX[0m: 14.21 Mpps, 7727 Mbit/s (10000 Mbit/s with framing)
[1;36m[Device: id=2] RX[0m: 14.21 Mpps, 7727 Mbit/s (10000 Mbit/s with framing)
[0;34m[Device: id=2] TX[0m: 14.21 Mpps, 7727 Mbit/s (10000 Mbit/s with framing)
[1;36m[Device: id=2] RX[0m: 14.21 Mpps, 7727 Mbit/s (10000 Mbit/s with framing)
[0;34m[Device: id=2] TX[0m: 14.21 Mpps, 7727 Mbit/s (10000 Mbit/s with framing)
[1;36m[Device: id=2] RX[0m: 14.21 Mpps, 7727 Mbit/s (10000 Mbit/s with framing)
[0;34m[Device: id=2] TX[0m: 14.21 Mpps, 7727 Mbit/s (10000 Mbit/s with framing)
[1;36m[Device: id=2] RX[0m: 14.21 Mpps, 7727 Mbit/s (10000 Mbit/s with framing)
[0;34m[Device: id=2] TX[0m: 14.21 Mpps, 7727 Mbit/s (10000 Mbit/s with framing)
[1;36m[Device: id=2] RX[0m: 14.21 Mpps, 7727 Mbit/s (10000 Mbit/s with framing)
[0;34m[Device: id=2] TX[0m: 14.21 Mpps, 7727 Mbit/s (10000 Mbit/s with framing)
[1;36m[Device: id=2] RX[0m: 14.21 Mpps, 7727 Mbit/s (10000 Mbit/s with framing)
[0;34m[Device: id=2] TX[0m: 14.21 Mpps, 7727 Mbit/s (10000 Mbit/s with framing)
[1;36m[Device: id=2] RX[0m: 14.21 Mpps, 7727 Mbit/s (10000 Mbit/s with framing)
[0;34m[Device: id=2] TX[0m: 14.21 Mpps, 7727 Mbit/s (10000 Mbit/s with framing)
[1;36m[Device: id=2] RX[0m: 14.20 Mpps, 7727 Mbit/s (10000 Mbit/s with framing)
[0;34m[Device: id=2] TX[0m: 14.21 Mpps, 7727 Mbit/s (10000 Mbit/s with framing)
[1;36m[Device: id=2] RX[0m: 14.21 Mpps, 7727 Mbit/s (10000 Mbit/s with framing)
[0;34m[Device: id=2] TX[0m: 14.21 Mpps, 7727 Mbit/s (10000 Mbit/s with framing)
[1;36m[Device: id=2] RX[0m: 14.21 Mpps, 7727 Mbit/s (10000 Mbit/s with framing)
[0;34m[Device: id=2] TX[0m: 14.21 Mpps, 7727 Mbit/s (10000 Mbit/s with framing)
[1;36m[Device: id=2] RX[0m: 14.21 Mpps, 7727 Mbit/s (10000 Mbit/s with framing)
[0;34m[Device: id=2] TX[0m: 14.21 Mpps, 7727 Mbit/s (10000 Mbit/s with framing)
[1;36m[Device: id=2] RX[0m: 14.21 Mpps, 7727 Mbit/s (10000 Mbit/s with framing)
[0;34m[Device: id=2] TX[0m: 14.20 Mpps, 7727 Mbit/s (10000 Mbit/s with framing)
[1;36m[Device: id=2] RX[0m: 14.21 Mpps, 7727 Mbit/s (10000 Mbit/s with framing)
[0;34m[Device: id=2] TX[0m: 14.21 Mpps, 7727 Mbit/s (10000 Mbit/s with framing)
[1;36m[Device: id=2] RX[0m: 14.21 Mpps, 7727 Mbit/s (10000 Mbit/s with framing)
[0;34m[Device: id=2] TX[0m: 14.21 Mpps, 7727 Mbit/s (10000 Mbit/s with framing)
[1;36m[Device: id=2] RX[0m: 14.21 Mpps, 7727 Mbit/s (10000 Mbit/s with framing)
[0;34m[Device: id=2] TX[0m: 14.21 Mpps, 7727 Mbit/s (10000 Mbit/s with framing)
[1;36m[Device: id=2] RX[0m: 14.21 Mpps, 7727 Mbit/s (10000 Mbit/s with framing)
[0;34m[Device: id=2] TX[0m: 14.21 Mpps, 7727 Mbit/s (10000 Mbit/s with framing)
[1;36m[Device: id=2] RX[0m: 14.21 Mpps, 7727 Mbit/s (10000 Mbit/s with framing)
[0;34m[Device: id=2] TX[0m: 14.21 Mpps, 7727 Mbit/s (10000 Mbit/s with framing)
[1;36m[Device: id=2] RX[0m: 14.21 Mpps, 7727 Mbit/s (10000 Mbit/s with framing)
[0;34m[Device: id=2] TX[0m: 14.20 Mpps, 7727 Mbit/s (10000 Mbit/s with framing)
[1;36m[Device: id=2] RX[0m: 14.21 Mpps, 7727 Mbit/s (10000 Mbit/s with framing)
[0;34m[Device: id=2] TX[0m: 14.21 Mpps, 7727 Mbit/s (10000 Mbit/s with framing)
[1;36m[Device: id=2] RX[0m: 14.21 Mpps, 7727 Mbit/s (10000 Mbit/s with framing)
[0;34m[Device: id=2] TX[0m: 14.21 Mpps, 7727 Mbit/s (10000 Mbit/s with framing)
[1;36m[Device: id=2] RX[0m: 14.21 Mpps, 7727 Mbit/s (10000 Mbit/s with framing)
[0;34m[Device: id=2] TX[0m: 14.21 Mpps, 7727 Mbit/s (10000 Mbit/s with framing)
[1;36m[Device: id=2] RX[0m: 14.21 Mpps, 7727 Mbit/s (10000 Mbit/s with framing)
[0;34m[Device: id=2] TX[0m: 14.21 Mpps, 7727 Mbit/s (10000 Mbit/s with framing)
[1;36m[Device: id=2] RX[0m: 14.21 Mpps, 7727 Mbit/s (10000 Mbit/s with framing)
[0;34m[Device: id=2] TX[0m: 14.21 Mpps, 7727 Mbit/s (10000 Mbit/s with framing)
[1;36m[Device: id=2] RX[0m: 14.21 Mpps, 7727 Mbit/s (10000 Mbit/s with framing)
[0;34m[Device: id=2] TX[0m: 14.21 Mpps, 7727 Mbit/s (10000 Mbit/s with framing)
[1;36m[Device: id=2] RX[0m: 14.21 Mpps, 7727 Mbit/s (10000 Mbit/s with framing)
[0;34m[Device: id=2] TX[0m: 14.21 Mpps, 7727 Mbit/s (10000 Mbit/s with framing)
[1;36m[Device: id=2] RX[0m: 14.21 Mpps, 7727 Mbit/s (10000 Mbit/s with framing)
[0;34m[Device: id=2] TX[0m: 14.21 Mpps, 7727 Mbit/s (10000 Mbit/s with framing)
[1;36m[Device: id=2] RX[0m: 14.21 Mpps, 7727 Mbit/s (10000 Mbit/s with framing)
[0;34m[Device: id=2] TX[0m: 14.21 Mpps, 7727 Mbit/s (10000 Mbit/s with framing)
[1;36m[Device: id=2] RX[0m: 14.21 Mpps, 7727 Mbit/s (10000 Mbit/s with framing)
[0;34m[Device: id=2] TX[0m: 14.21 Mpps, 7727 Mbit/s (10000 Mbit/s with framing)
[1;36m[Device: id=2] RX[0m: 14.21 Mpps, 7727 Mbit/s (10000 Mbit/s with framing)
[0;34m[Device: id=2] TX[0m: 14.21 Mpps, 7727 Mbit/s (10000 Mbit/s with framing)
[1;36m[Device: id=2] RX[0m: 14.21 Mpps, 7727 Mbit/s (10000 Mbit/s with framing)
[0;34m[Device: id=2] TX[0m: 14.21 Mpps, 7727 Mbit/s (10000 Mbit/s with framing)
[1;36m[Device: id=2] RX[0m: 14.21 Mpps, 7727 Mbit/s (10000 Mbit/s with framing)
[0;34m[Device: id=2] TX[0m: 14.21 Mpps, 7727 Mbit/s (10000 Mbit/s with framing)
[1;36m[Device: id=2] RX[0m: 14.21 Mpps, 7727 Mbit/s (10000 Mbit/s with framing)
[0;34m[Device: id=2] TX[0m: 14.21 Mpps, 7727 Mbit/s (10000 Mbit/s with framing)
[1;36m[Device: id=2] RX[0m: 14.21 Mpps, 7727 Mbit/s (10000 Mbit/s with framing)
[0;34m[Device: id=2] TX[0m: 14.21 Mpps, 7727 Mbit/s (10000 Mbit/s with framing)
[1;36m[Device: id=2] RX[0m: 14.21 Mpps, 7727 Mbit/s (10000 Mbit/s with framing)
[0;34m[Device: id=2] TX[0m: 14.21 Mpps, 7727 Mbit/s (10000 Mbit/s with framing)
[1;36m[Device: id=2] RX[0m: 14.21 Mpps, 7727 Mbit/s (10000 Mbit/s with framing)
[0;34m[Device: id=2] TX[0m: 14.21 Mpps, 7727 Mbit/s (10000 Mbit/s with framing)
[1;36m[Device: id=2] RX[0m: 14.21 Mpps, 7727 Mbit/s (10000 Mbit/s with framing)
[0;34m[Device: id=2] TX[0m: 14.21 Mpps, 7727 Mbit/s (10000 Mbit/s with framing)
[1;36m[Device: id=2] RX[0m: 14.21 Mpps, 7727 Mbit/s (10000 Mbit/s with framing)
[0;34m[Device: id=2] TX[0m: 14.21 Mpps, 7727 Mbit/s (10000 Mbit/s with framing)
[1;36m[Device: id=2] RX[0m: 14.21 Mpps, 7727 Mbit/s (10000 Mbit/s with framing)
[0;34m[Device: id=2] TX[0m: 14.21 Mpps, 7727 Mbit/s (10000 Mbit/s with framing)
[1;36m[Device: id=2] RX[0m: 14.21 Mpps, 7727 Mbit/s (10000 Mbit/s with framing)
[0;34m[Device: id=2] TX[0m: 14.21 Mpps, 7727 Mbit/s (10000 Mbit/s with framing)
[1;36m[Device: id=2] RX[0m: 14.21 Mpps, 7727 Mbit/s (10000 Mbit/s with framing)
[0;34m[Device: id=2] TX[0m: 14.21 Mpps, 7727 Mbit/s (10000 Mbit/s with framing)
[1;36m[Device: id=2] RX[0m: 14.21 Mpps, 7727 Mbit/s (10000 Mbit/s with framing)
[0;34m[Device: id=2] TX[0m: 14.21 Mpps, 7727 Mbit/s (10000 Mbit/s with framing)
[1;36m[Device: id=2] RX[0m: 14.21 Mpps, 7727 Mbit/s (10000 Mbit/s with framing)
[0;34m[Device: id=2] TX[0m: 14.21 Mpps, 7727 Mbit/s (10000 Mbit/s with framing)
[1;36m[Device: id=2] RX[0m: 14.21 Mpps, 7727 Mbit/s (10000 Mbit/s with framing)
[0;34m[Device: id=2] TX[0m: 14.21 Mpps, 7727 Mbit/s (10000 Mbit/s with framing)
[1;36m[Device: id=2] RX[0m: 14.21 Mpps, 7727 Mbit/s (10000 Mbit/s with framing)
[0;34m[Device: id=2] TX[0m: 14.21 Mpps, 7727 Mbit/s (10000 Mbit/s with framing)
[1;36m[Device: id=2] RX[0m: 14.21 Mpps, 7727 Mbit/s (10000 Mbit/s with framing)
[0;34m[Device: id=2] TX[0m: 14.21 Mpps, 7727 Mbit/s (10000 Mbit/s with framing)
[1;36m[Device: id=2] RX[0m: 14.21 Mpps, 7727 Mbit/s (10000 Mbit/s with framing)
[0;34m[Device: id=2] TX[0m: 14.21 Mpps, 7727 Mbit/s (10000 Mbit/s with framing)
[1;36m[Device: id=2] RX[0m: 14.21 Mpps, 7727 Mbit/s (10000 Mbit/s with framing)
[0;34m[Device: id=2] TX[0m: 14.21 Mpps, 7727 Mbit/s (10000 Mbit/s with framing)
[1;36m[Device: id=2] RX[0m: 14.21 Mpps, 7727 Mbit/s (10000 Mbit/s with framing)
[0;34m[Device: id=2] TX[0m: 14.21 Mpps, 7727 Mbit/s (10000 Mbit/s with framing)
[1;36m[Device: id=2] RX[0m: 14.21 Mpps, 7727 Mbit/s (10000 Mbit/s with framing)
[0;34m[Device: id=2] TX[0m: 14.21 Mpps, 7727 Mbit/s (10000 Mbit/s with framing)
[1;36m[Device: id=2] RX[0m: 14.21 Mpps, 7727 Mbit/s (10000 Mbit/s with framing)
[0;34m[Device: id=2] TX[0m: 14.21 Mpps, 7727 Mbit/s (10000 Mbit/s with framing)
[1;36m[Device: id=2] RX[0m: 14.21 Mpps, 7727 Mbit/s (10000 Mbit/s with framing)
[0;34m[Device: id=2] TX[0m: 14.21 Mpps, 7727 Mbit/s (10000 Mbit/s with framing)
[1;36m[Device: id=2] RX[0m: 14.21 Mpps, 7727 Mbit/s (10000 Mbit/s with framing)
[0;34m[Device: id=2] TX[0m: 14.21 Mpps, 7727 Mbit/s (10000 Mbit/s with framing)
[1;36m[Device: id=2] RX[0m: 14.21 Mpps, 7727 Mbit/s (10000 Mbit/s with framing)
[0;34m[Device: id=2] TX[0m: 14.21 Mpps, 7727 Mbit/s (10000 Mbit/s with framing)
[1;36m[Device: id=2] RX[0m: 14.21 Mpps, 7727 Mbit/s (10000 Mbit/s with framing)
[0;34m[Device: id=2] TX[0m: 14.21 Mpps, 7727 Mbit/s (10000 Mbit/s with framing)
[1;36m[Device: id=2] RX[0m: 14.21 Mpps, 7727 Mbit/s (10000 Mbit/s with framing)
[0;34m[Device: id=2] TX[0m: 14.21 Mpps, 7727 Mbit/s (10000 Mbit/s with framing)
[1;36m[Device: id=2] RX[0m: 14.21 Mpps, 7727 Mbit/s (10000 Mbit/s with framing)
[0;34m[Device: id=2] TX[0m: 14.21 Mpps, 7727 Mbit/s (10000 Mbit/s with framing)
[1;36m[Device: id=2] RX[0m: 14.21 Mpps, 7727 Mbit/s (10000 Mbit/s with framing)
[0;34m[Device: id=2] TX[0m: 14.20 Mpps, 7722 Mbit/s (9994 Mbit/s with framing)
[1;36m[Device: id=2] RX[0m: 14.21 Mpps, 7727 Mbit/s (10000 Mbit/s with framing)
[0;34m[Device: id=2] TX[0m: 14.20 Mpps, 7727 Mbit/s (10000 Mbit/s with framing)
[1;36m[Device: id=2] RX[0m: 14.21 Mpps, 7727 Mbit/s (10000 Mbit/s with framing)
[0;34m[Device: id=2] TX[0m: 14.21 Mpps, 7727 Mbit/s (10000 Mbit/s with framing)
[1;36m[Device: id=2] RX[0m: 14.21 Mpps, 7727 Mbit/s (10000 Mbit/s with framing)
[0;34m[Device: id=2] TX[0m: 14.21 Mpps, 7727 Mbit/s (10000 Mbit/s with framing)
[1;36m[Device: id=2] RX[0m: 14.21 Mpps, 7727 Mbit/s (10000 Mbit/s with framing)
[0;34m[Device: id=2] TX[0m: 14.21 Mpps, 7727 Mbit/s (10000 Mbit/s with framing)
[1;36m[Device: id=2] RX[0m: 14.21 Mpps, 7727 Mbit/s (10000 Mbit/s with framing)
[0;34m[Device: id=2] TX[0m: 14.21 Mpps, 7727 Mbit/s (10000 Mbit/s with framing)
[1;36m[Device: id=2] RX[0m: 14.21 Mpps, 7727 Mbit/s (10000 Mbit/s with framing)
[0;34m[Device: id=2] TX[0m: 14.21 Mpps, 7727 Mbit/s (10000 Mbit/s with framing)
[1;36m[Device: id=2] RX[0m: 14.21 Mpps, 7727 Mbit/s (10000 Mbit/s with framing)
[0;34m[Device: id=2] TX[0m: 14.21 Mpps, 7728 Mbit/s (10000 Mbit/s with framing)
[1;36m[Device: id=2] RX[0m: 14.21 Mpps, 7727 Mbit/s (10000 Mbit/s with framing)
[0;34m[Device: id=2] TX[0m: 14.20 Mpps, 7727 Mbit/s (10000 Mbit/s with framing)
[1;36m[Device: id=2] RX[0m: 3.78 Mpps, 2058 Mbit/s (2663 Mbit/s with framing)
[0;34m[Device: id=2] TX[0m: 3.50 Mpps, 1903 Mbit/s (2463 Mbit/s with framing)
[1;36m[Device: id=2] RX[0m: 0.00 Mpps, 0 Mbit/s (0 Mbit/s with framing)
[0;34m[Device: id=2] TX[0m: 0.00 Mpps, 0 Mbit/s (0 Mbit/s with framing)
[1;36m[Device: id=2] RX[0m: 0.00 Mpps, 0 Mbit/s (0 Mbit/s with framing)
[0;34m[Device: id=2] TX[0m: 0.00 Mpps, 0 Mbit/s (0 Mbit/s with framing)
[1;36m[Device: id=2] RX[0m: 0.00 Mpps, 0 Mbit/s (0 Mbit/s with framing)
[0;34m[Device: id=2] TX[0m: 0.00 Mpps, 0 Mbit/s (0 Mbit/s with framing)
[1;36m[Device: id=2] RX[0m: 14.05 (StdDev 1.42) Mpps, 7646 (StdDev 770) Mbit/s (9894 Mbit/s with framing), total 5016010334 packets with 341081500388 bytes (incl. CRC)
[0;34m[Device: id=2] TX[0m: 14.05 (StdDev 1.42) Mpps, 7645 (StdDev 774) Mbit/s (9893 Mbit/s with framing), total 5015794271 packets with 341066808180 bytes (incl. CRC)
