Configuring path properties with 5% loss
Checking path to the server
fd00:0:0:3::1 from fd00:0:0:2::1 dev enp2s0f0 table 200 src fd00:0:0:2::1 metric 1024 pref medium
Running iperf3 client via fd00:0:0:2::1 for 10s
iperf 3.12
Linux klaipeda 6.1.0-17-amd64 #1 SMP PREEMPT_DYNAMIC Debian 6.1.69-1 (2023-12-30) x86_64
Control connection MSS 1428
Time: Tue, 24 Mar 2026 00:29:14 GMT
Connecting to host fd00:0:0:3::1, port 25565
      Cookie: pl4vatfoo6l6x7jojd4x7a4njpa752suxvxm
      TCP MSS: 1428 (default)
[  5] local fd00:0:0:2::1 port 52229 connected to fd00:0:0:3::1 port 25565
Starting Test: protocol: TCP, 1 streams, 131072 byte blocks, omitting 0 seconds, 10 second test, tos 0
[ ID] Interval           Transfer     Bitrate         Retr  Cwnd
[  5]   0.00-1.00   sec   605 KBytes  4.96 Mbits/sec    7   19.5 KBytes       
[  5]   1.00-2.00   sec   126 KBytes  1.03 Mbits/sec   15   4.18 KBytes       
[  5]   2.00-3.00   sec   251 KBytes  2.06 Mbits/sec    0   16.7 KBytes       
[  5]   3.00-4.00   sec  0.00 Bytes  0.00 bits/sec    4   1.39 KBytes       
[  5]   4.00-5.00   sec  0.00 Bytes  0.00 bits/sec    3   9.76 KBytes       
[  5]   5.00-6.00   sec   378 KBytes  3.10 Mbits/sec    2   20.9 KBytes       
[  5]   6.00-7.00   sec   251 KBytes  2.06 Mbits/sec   10   12.6 KBytes       
[  5]   7.00-8.00   sec   126 KBytes  1.03 Mbits/sec    9   9.76 KBytes       
[  5]   8.00-9.00   sec   126 KBytes  1.03 Mbits/sec    6   9.76 KBytes       
[  5]   9.00-10.00  sec   126 KBytes  1.03 Mbits/sec    5   1.39 KBytes       
- - - - - - - - - - - - - - - - - - - - - - - - -
Test Complete. Summary Results:
[ ID] Interval           Transfer     Bitrate         Retr
[  5]   0.00-10.00  sec  1.94 MBytes  1.63 Mbits/sec   61             sender
[  5]   0.00-10.05  sec  1.73 MBytes  1.44 Mbits/sec                  receiver
CPU Utilization: local/sender 0.5% (0.1%u/0.4%s), remote/receiver 0.1% (0.0%u/0.1%s)
snd_tcp_congestion cubic
rcv_tcp_congestion cubic

iperf Done.
Client run complete.
