Configuring path properties with 2% loss
Checking path to the server
fd00:0:0:3::1 from fd00:0:0:2::1 dev enp2s0f0 table 200 src fd00:0:0:2::1 metric 1024 pref medium
Running iperf3 client via fd00:0:0:2::1 for 10s
iperf 3.12
Linux klaipeda 6.1.0-17-amd64 #1 SMP PREEMPT_DYNAMIC Debian 6.1.69-1 (2023-12-30) x86_64
Control connection MSS 1428
Time: Tue, 24 Mar 2026 00:25:28 GMT
Connecting to host fd00:0:0:3::1, port 25565
      Cookie: 7gzmb7is74knmcd4fw22sxfuae46oyttmzpi
      TCP MSS: 1428 (default)
[  5] local fd00:0:0:2::1 port 48653 connected to fd00:0:0:3::1 port 25565
Starting Test: protocol: TCP, 1 streams, 131072 byte blocks, omitting 0 seconds, 10 second test, tos 0
[ ID] Interval           Transfer     Bitrate         Retr  Cwnd
[  5]   0.00-1.00   sec  8.62 MBytes  72.3 Mbits/sec   48   73.9 KBytes       
[  5]   1.00-2.00   sec  2.38 MBytes  19.9 Mbits/sec   26   18.1 KBytes       
[  5]   2.00-3.00   sec  1.23 MBytes  10.3 Mbits/sec   12   20.9 KBytes       
[  5]   3.00-4.00   sec  1.14 MBytes  9.58 Mbits/sec   20   19.5 KBytes       
[  5]   4.00-5.00   sec  1.25 MBytes  10.5 Mbits/sec   21   13.9 KBytes       
[  5]   5.00-6.00   sec  1.13 MBytes  9.45 Mbits/sec   23   13.9 KBytes       
[  5]   6.00-7.00   sec  1.20 MBytes  10.1 Mbits/sec   20   13.9 KBytes       
[  5]   7.00-8.00   sec  1.17 MBytes  9.84 Mbits/sec   13   18.1 KBytes       
[  5]   8.00-9.00   sec  2.38 MBytes  19.9 Mbits/sec   18   12.6 KBytes       
[  5]   9.00-10.00  sec  1.23 MBytes  10.3 Mbits/sec   21   25.1 KBytes       
- - - - - - - - - - - - - - - - - - - - - - - - -
Test Complete. Summary Results:
[ ID] Interval           Transfer     Bitrate         Retr
[  5]   0.00-10.00  sec  21.7 MBytes  18.2 Mbits/sec  222             sender
[  5]   0.00-10.01  sec  18.4 MBytes  15.4 Mbits/sec                  receiver
CPU Utilization: local/sender 0.2% (0.0%u/0.2%s), remote/receiver 0.8% (0.1%u/0.7%s)
snd_tcp_congestion cubic
rcv_tcp_congestion cubic

iperf Done.
Client run complete.
