Configuring path properties with 0.5% loss
Checking path to the server
fd00:0:0:3::1 from fd00:0:0:2::1 dev enp2s0f0 table 200 src fd00:0:0:2::1 metric 1024 pref medium
Running iperf3 client via fd00:0:0:2::1 for 10s
iperf 3.12
Linux klaipeda 6.1.0-17-amd64 #1 SMP PREEMPT_DYNAMIC Debian 6.1.69-1 (2023-12-30) x86_64
Control connection MSS 1428
Time: Tue, 24 Mar 2026 00:17:53 GMT
Connecting to host fd00:0:0:3::1, port 25565
      Cookie: h6tmlieqidujb44ectwor3ntbn5j26lnzec4
      TCP MSS: 1428 (default)
[  5] local fd00:0:0:2::1 port 51485 connected to fd00:0:0:3::1 port 25565
Starting Test: protocol: TCP, 1 streams, 131072 byte blocks, omitting 0 seconds, 10 second test, tos 0
[ ID] Interval           Transfer     Bitrate         Retr  Cwnd
[  5]   0.00-1.00   sec  2.13 MBytes  17.9 Mbits/sec    6   75.3 KBytes       
[  5]   1.00-2.00   sec   941 KBytes  7.71 Mbits/sec    4   55.8 KBytes       
[  5]   2.00-3.00   sec   879 KBytes  7.20 Mbits/sec    2   41.8 KBytes       
[  5]   3.00-4.00   sec   879 KBytes  7.20 Mbits/sec    4   27.9 KBytes       
[  5]   4.00-5.00   sec   439 KBytes  3.60 Mbits/sec    0   40.4 KBytes       
[  5]   5.00-6.00   sec   879 KBytes  7.20 Mbits/sec    0   55.8 KBytes       
[  5]   6.00-7.00   sec  1.35 MBytes  11.3 Mbits/sec    2   50.2 KBytes       
[  5]   7.00-8.00   sec   879 KBytes  7.20 Mbits/sec    4   32.1 KBytes       
[  5]   8.00-9.00   sec   439 KBytes  3.60 Mbits/sec    4   22.3 KBytes       
[  5]   9.00-10.00  sec   439 KBytes  3.60 Mbits/sec    2   26.5 KBytes       
- - - - - - - - - - - - - - - - - - - - - - - - -
Test Complete. Summary Results:
[ ID] Interval           Transfer     Bitrate         Retr
[  5]   0.00-10.00  sec  9.12 MBytes  7.65 Mbits/sec   28             sender
[  5]   0.00-10.05  sec  8.09 MBytes  6.75 Mbits/sec                  receiver
CPU Utilization: local/sender 0.6% (0.1%u/0.5%s), remote/receiver 0.8% (0.0%u/0.8%s)
snd_tcp_congestion cubic
rcv_tcp_congestion cubic

iperf Done.
Client run complete.
