Configuring path properties with 0.5% loss
Checking path to the server
fd00:0:0:3::1 from fd00:0:0:1::1 dev enp2s0f1 table 100 src fd00:0:0:1::1 metric 1024 pref medium
Running iperf3 client via fd00:0:0:1::1 for 10s
iperf 3.12
Linux klaipeda 6.1.0-17-amd64 #1 SMP PREEMPT_DYNAMIC Debian 6.1.69-1 (2023-12-30) x86_64
Control connection MSS 1428
Time: Tue, 24 Mar 2026 00:17:01 GMT
Connecting to host fd00:0:0:3::1, port 25565
      Cookie: mwsnol3p7nhmmyj5276rku3jmwhueawwxdvz
      TCP MSS: 1428 (default)
[  5] local fd00:0:0:1::1 port 49855 connected to fd00:0:0:3::1 port 25565
Starting Test: protocol: TCP, 1 streams, 131072 byte blocks, omitting 0 seconds, 10 second test, tos 0
[ ID] Interval           Transfer     Bitrate         Retr  Cwnd
[  5]   0.00-1.00   sec  8.43 MBytes  70.7 Mbits/sec   29   96.2 KBytes       
[  5]   1.00-2.00   sec  5.52 MBytes  46.3 Mbits/sec   14   51.6 KBytes       
[  5]   2.00-3.00   sec  3.31 MBytes  27.8 Mbits/sec   17   33.5 KBytes       
[  5]   3.00-4.00   sec  3.31 MBytes  27.8 Mbits/sec   13   30.7 KBytes       
[  5]   4.00-5.00   sec  3.31 MBytes  27.8 Mbits/sec   10   37.7 KBytes       
[  5]   5.00-6.00   sec  2.21 MBytes  18.5 Mbits/sec   13   30.7 KBytes       
[  5]   6.00-7.00   sec  4.41 MBytes  37.0 Mbits/sec   16   30.7 KBytes       
[  5]   7.00-8.00   sec  4.41 MBytes  37.0 Mbits/sec   10   51.6 KBytes       
[  5]   8.00-9.00   sec  5.52 MBytes  46.3 Mbits/sec    9   68.3 KBytes       
[  5]   9.00-10.00  sec  5.52 MBytes  46.3 Mbits/sec    9   76.7 KBytes       
- - - - - - - - - - - - - - - - - - - - - - - - -
Test Complete. Summary Results:
[ ID] Interval           Transfer     Bitrate         Retr
[  5]   0.00-10.00  sec  45.9 MBytes  38.5 Mbits/sec  140             sender
[  5]   0.00-10.01  sec  43.6 MBytes  36.5 Mbits/sec                  receiver
CPU Utilization: local/sender 0.3% (0.0%u/0.3%s), remote/receiver 2.2% (0.3%u/1.8%s)
snd_tcp_congestion cubic
rcv_tcp_congestion cubic

iperf Done.
Client run complete.
