Configuring server-side netem with 2% loss (bidirectional)
iperf 3.12
Linux narva 6.1.0-17-amd64 #1 SMP PREEMPT_DYNAMIC Debian 6.1.69-1 (2023-12-30) x86_64
iperf3 server is listening on port 25565 (PID 6672)
Waiting for iperf3 to handle client connection...
-----------------------------------------------------------
Server listening on 25565 (test #1)
-----------------------------------------------------------
Time: Tue, 24 Mar 2026 00:21:41 GMT
Accepted connection from fd00:0:0:2::1, port 45625
      Cookie: 2g66vfn5y52d2pnvn35rl2arohdwuvioaoec
      TCP MSS: 0 (default)
[  5] local fd00:0:0:3::1 port 25565 connected to fd00:0:0:2::1 port 53273
Starting Test: protocol: TCP, 1 streams, 131072 byte blocks, omitting 0 seconds, 10 second test, tos 0
[ ID] Interval           Transfer     Bitrate
[  5]   0.00-1.00   sec  78.1 KBytes   640 Kbits/sec                  
[  5]   1.00-2.00   sec  85.1 KBytes   697 Kbits/sec                  
[  5]   2.00-3.00   sec  83.7 KBytes   685 Kbits/sec                  
[  5]   3.00-4.00   sec   100 KBytes   823 Kbits/sec                  
[  5]   4.00-5.00   sec   103 KBytes   845 Kbits/sec                  
[  5]   5.00-6.00   sec   139 KBytes  1.14 Mbits/sec                  
[  5]   6.00-7.00   sec   144 KBytes  1.18 Mbits/sec                  
[  5]   7.00-8.00   sec   135 KBytes  1.11 Mbits/sec                  
[  5]   8.00-9.00   sec   142 KBytes  1.17 Mbits/sec                  
[  5]   9.00-10.00  sec   211 KBytes  1.73 Mbits/sec                  
[  5]  10.00-10.10  sec  1.39 KBytes   114 Kbits/sec                  
- - - - - - - - - - - - - - - - - - - - - - - - -
Test Complete. Summary Results:
[ ID] Interval           Transfer     Bitrate
[  5] (sender statistics not available)
[  5]   0.00-10.10  sec  1.19 MBytes   992 Kbits/sec                  receiver
rcv_tcp_congestion cubic
Server run complete.
