Configuring server-side netem with 5% loss (bidirectional)
iperf 3.12
Linux narva 6.1.0-17-amd64 #1 SMP PREEMPT_DYNAMIC Debian 6.1.69-1 (2023-12-30) x86_64
iperf3 server is listening on port 25565 (PID 8254)
Waiting for iperf3 to handle client connection...
-----------------------------------------------------------
Server listening on 25565 (test #1)
-----------------------------------------------------------
Time: Tue, 24 Mar 2026 00:26:03 GMT
Accepted connection from fd00:0:0:2::1, port 50625
      Cookie: ty7azjl774yn5nh44m25vncrfy2qgyvzjman
      TCP MSS: 0 (default)
[  5] local fd00:0:0:3::1 port 25565 connected to fd00:0:0:2::1 port 37995
Starting Test: protocol: TCP, 1 streams, 131072 byte blocks, omitting 0 seconds, 10 second test, tos 0
[ ID] Interval           Transfer     Bitrate
[  5]   0.00-1.00   sec   204 KBytes  1.67 Mbits/sec                  
[  5]   1.00-2.00   sec   128 KBytes  1.05 Mbits/sec                  
[  5]   2.00-3.00   sec   141 KBytes  1.15 Mbits/sec                  
[  5]   3.00-4.00   sec  79.5 KBytes   651 Kbits/sec                  
[  5]   4.00-5.00   sec  97.6 KBytes   800 Kbits/sec                  
[  5]   5.00-6.00   sec  72.5 KBytes   594 Kbits/sec                  
[  5]   6.00-7.00   sec  47.4 KBytes   388 Kbits/sec                  
[  5]   7.00-8.00   sec  94.8 KBytes   777 Kbits/sec                  
[  5]   8.00-9.00   sec  99.0 KBytes   811 Kbits/sec                  
[  5]   9.00-10.00  sec  76.7 KBytes   628 Kbits/sec                  
[  5]  10.00-10.42  sec  58.6 KBytes  1.15 Mbits/sec                  
- - - - - - - - - - - - - - - - - - - - - - - - -
Test Complete. Summary Results:
[ ID] Interval           Transfer     Bitrate
[  5] (sender statistics not available)
[  5]   0.00-10.42  sec  1.07 MBytes   864 Kbits/sec                  receiver
rcv_tcp_congestion cubic
Server run complete.
