Configuring path properties with 1% loss
Checking path to the server
fd00:0:0:3::1 from fd00:0:0:2::1 dev enp2s0f0 table 200 src fd00:0:0:2::1 metric 1024 pref medium
Running iperf3 client via fd00:0:0:2::1 for 10s
iperf 3.12
Linux klaipeda 6.1.0-17-amd64 #1 SMP PREEMPT_DYNAMIC Debian 6.1.69-1 (2023-12-30) x86_64
Control connection MSS 1428
Time: Tue, 24 Mar 2026 00:21:23 GMT
Connecting to host fd00:0:0:3::1, port 25565
      Cookie: 44qesdlvulgoftljnhim33cmwwwhqwibxlue
      TCP MSS: 1428 (default)
[  5] local fd00:0:0:2::1 port 53149 connected to fd00:0:0:3::1 port 25565
Starting Test: protocol: TCP, 1 streams, 131072 byte blocks, omitting 0 seconds, 10 second test, tos 0
[ ID] Interval           Transfer     Bitrate         Retr  Cwnd
[  5]   0.00-1.00   sec  2.55 MBytes  21.4 Mbits/sec   10    163 KBytes       
[  5]   1.00-2.00   sec  1.35 MBytes  11.3 Mbits/sec    4   82.3 KBytes       
[  5]   2.00-3.00   sec   628 KBytes  5.14 Mbits/sec   11   25.1 KBytes       
[  5]   3.00-4.00   sec  0.00 Bytes  0.00 bits/sec    8   9.76 KBytes       
[  5]   4.00-5.00   sec   628 KBytes  5.14 Mbits/sec    2   13.9 KBytes       
[  5]   5.00-6.00   sec  0.00 Bytes  0.00 bits/sec    3   13.9 KBytes       
[  5]   6.00-7.00   sec   628 KBytes  5.14 Mbits/sec    4   19.5 KBytes       
[  5]   7.00-8.00   sec  0.00 Bytes  0.00 bits/sec    4   15.3 KBytes       
[  5]   8.00-9.00   sec   628 KBytes  5.14 Mbits/sec    3   19.5 KBytes       
[  5]   9.00-10.00  sec  0.00 Bytes  0.00 bits/sec    6   19.5 KBytes       
- - - - - - - - - - - - - - - - - - - - - - - - -
Test Complete. Summary Results:
[ ID] Interval           Transfer     Bitrate         Retr
[  5]   0.00-10.00  sec  6.35 MBytes  5.33 Mbits/sec   55             sender
[  5]   0.00-10.05  sec  5.17 MBytes  4.31 Mbits/sec                  receiver
CPU Utilization: local/sender 0.5% (0.1%u/0.4%s), remote/receiver 0.4% (0.1%u/0.4%s)
snd_tcp_congestion cubic
rcv_tcp_congestion cubic

iperf Done.
Client run complete.
