Configuring path properties with 5% loss
Checking path to the server
fd00:0:0:3::1 from fd00:0:0:2::1 dev enp2s0f0 table 200 src fd00:0:0:2::1 metric 1024 pref medium
Running iperf3 client via fd00:0:0:2::1 for 10s
iperf 3.12
Linux klaipeda 6.1.0-17-amd64 #1 SMP PREEMPT_DYNAMIC Debian 6.1.69-1 (2023-12-30) x86_64
Control connection MSS 1428
Time: Tue, 24 Mar 2026 00:28:56 GMT
Connecting to host fd00:0:0:3::1, port 25565
      Cookie: amh33fvy5ej2qpk3uimvg6mod2powmeulqyj
      TCP MSS: 1428 (default)
[  5] local fd00:0:0:2::1 port 35499 connected to fd00:0:0:3::1 port 25565
Starting Test: protocol: TCP, 1 streams, 131072 byte blocks, omitting 0 seconds, 10 second test, tos 0
[ ID] Interval           Transfer     Bitrate         Retr  Cwnd
[  5]   0.00-1.00   sec  1.02 MBytes  8.57 Mbits/sec   32   8.37 KBytes       
[  5]   1.00-2.00   sec   565 KBytes  4.63 Mbits/sec   24   8.37 KBytes       
[  5]   2.00-3.00   sec   502 KBytes  4.11 Mbits/sec   25   4.18 KBytes       
[  5]   3.00-4.00   sec  1004 KBytes  8.23 Mbits/sec   25   16.7 KBytes       
[  5]   4.00-5.00   sec   690 KBytes  5.65 Mbits/sec   30   8.37 KBytes       
[  5]   5.00-6.00   sec   377 KBytes  3.08 Mbits/sec   27   2.79 KBytes       
[  5]   6.00-7.00   sec   565 KBytes  4.63 Mbits/sec   23   9.76 KBytes       
[  5]   7.00-8.00   sec   502 KBytes  4.11 Mbits/sec   27   4.18 KBytes       
[  5]   8.00-9.00   sec   439 KBytes  3.60 Mbits/sec   21   6.97 KBytes       
[  5]   9.00-10.00  sec   753 KBytes  6.17 Mbits/sec   25   5.58 KBytes       
- - - - - - - - - - - - - - - - - - - - - - - - -
Test Complete. Summary Results:
[ ID] Interval           Transfer     Bitrate         Retr
[  5]   0.00-10.00  sec  6.29 MBytes  5.28 Mbits/sec  259             sender
[  5]   0.00-10.01  sec  6.14 MBytes  5.14 Mbits/sec                  receiver
CPU Utilization: local/sender 0.2% (0.1%u/0.1%s), remote/receiver 0.4% (0.1%u/0.3%s)
snd_tcp_congestion cubic
rcv_tcp_congestion cubic

iperf Done.
Client run complete.
