Configuring path properties with 0% loss
Checking path to the server
fd00:0:0:3::1 from fd00:0:0:2::1 dev enp2s0f0 table 200 src fd00:0:0:2::1 metric 1024 pref medium
Running iperf3 client via fd00:0:0:2::1 for 10s
iperf 3.12
Linux klaipeda 6.1.0-17-amd64 #1 SMP PREEMPT_DYNAMIC Debian 6.1.69-1 (2023-12-30) x86_64
Control connection MSS 1428
Time: Tue, 24 Mar 2026 00:14:18 GMT
Connecting to host fd00:0:0:3::1, port 25565
      Cookie: qrioicuzaglqld54mxurqoc5i4f5f42scmo7
      TCP MSS: 1428 (default)
[  5] local fd00:0:0:2::1 port 53723 connected to fd00:0:0:3::1 port 25565
Starting Test: protocol: TCP, 1 streams, 131072 byte blocks, omitting 0 seconds, 10 second test, tos 0
[ ID] Interval           Transfer     Bitrate         Retr  Cwnd
[  5]   0.00-1.00   sec  2.07 MBytes  17.4 Mbits/sec    0    243 KBytes       
[  5]   1.00-2.00   sec  1.65 MBytes  13.9 Mbits/sec    0    300 KBytes       
[  5]   2.00-3.00   sec  1.41 MBytes  11.8 Mbits/sec    0    358 KBytes       
[  5]   3.00-4.00   sec   816 KBytes  6.68 Mbits/sec    0    416 KBytes       
[  5]   4.00-5.00   sec  1.78 MBytes  14.9 Mbits/sec    0    473 KBytes       
[  5]   5.00-6.00   sec  1004 KBytes  8.22 Mbits/sec    0    531 KBytes       
[  5]   6.00-7.00   sec  2.27 MBytes  19.0 Mbits/sec    0    588 KBytes       
[  5]   7.00-8.00   sec  1.17 MBytes  9.78 Mbits/sec    0    646 KBytes       
[  5]   8.00-9.00   sec  1.25 MBytes  10.5 Mbits/sec    0    703 KBytes       
[  5]   9.00-10.00  sec  1.25 MBytes  10.5 Mbits/sec    0    761 KBytes       
- - - - - - - - - - - - - - - - - - - - - - - - -
Test Complete. Summary Results:
[ ID] Interval           Transfer     Bitrate         Retr
[  5]   0.00-10.00  sec  14.6 MBytes  12.3 Mbits/sec    0             sender
[  5]   0.00-10.66  sec  11.9 MBytes  9.36 Mbits/sec                  receiver
CPU Utilization: local/sender 0.6% (0.1%u/0.5%s), remote/receiver 2.1% (0.1%u/2.0%s)
snd_tcp_congestion cubic
rcv_tcp_congestion cubic

iperf Done.
Client run complete.
