Configuring path properties with 1% loss
Checking path to the server
fd00:0:0:3::1 from fd00:0:0:2::1 dev enp2s0f0 table 200 src fd00:0:0:2::1 metric 1024 pref medium
Running iperf3 client via fd00:0:0:2::1 for 10s
iperf 3.12
Linux klaipeda 6.1.0-17-amd64 #1 SMP PREEMPT_DYNAMIC Debian 6.1.69-1 (2023-12-30) x86_64
Control connection MSS 1428
Time: Tue, 24 Mar 2026 00:21:58 GMT
Connecting to host fd00:0:0:3::1, port 25565
      Cookie: 5ygjruker42eguissxbzuxyq5evxoxmjdgse
      TCP MSS: 1428 (default)
[  5] local fd00:0:0:2::1 port 44383 connected to fd00:0:0:3::1 port 25565
Starting Test: protocol: TCP, 1 streams, 131072 byte blocks, omitting 0 seconds, 10 second test, tos 0
[ ID] Interval           Transfer     Bitrate         Retr  Cwnd
[  5]   0.00-1.00   sec  8.88 MBytes  74.4 Mbits/sec   28    184 KBytes       
[  5]   1.00-2.00   sec  5.00 MBytes  41.9 Mbits/sec   29   44.6 KBytes       
[  5]   2.00-3.00   sec  2.50 MBytes  21.0 Mbits/sec   17   25.1 KBytes       
[  5]   3.00-4.00   sec  2.50 MBytes  21.0 Mbits/sec   20   11.2 KBytes       
[  5]   4.00-5.00   sec  1.25 MBytes  10.5 Mbits/sec   18   16.7 KBytes       
[  5]   5.00-6.00   sec  1.25 MBytes  10.5 Mbits/sec   15   15.3 KBytes       
[  5]   6.00-7.00   sec  2.50 MBytes  21.0 Mbits/sec   16   25.1 KBytes       
[  5]   7.00-8.00   sec  1.25 MBytes  10.5 Mbits/sec   11   23.7 KBytes       
[  5]   8.00-9.00   sec  2.50 MBytes  21.0 Mbits/sec   20   15.3 KBytes       
[  5]   9.00-10.00  sec  1.25 MBytes  10.5 Mbits/sec   15   16.7 KBytes       
- - - - - - - - - - - - - - - - - - - - - - - - -
Test Complete. Summary Results:
[ ID] Interval           Transfer     Bitrate         Retr
[  5]   0.00-10.00  sec  28.9 MBytes  24.2 Mbits/sec  189             sender
[  5]   0.00-10.01  sec  25.6 MBytes  21.5 Mbits/sec                  receiver
CPU Utilization: local/sender 0.2% (0.0%u/0.2%s), remote/receiver 1.1% (0.1%u/1.0%s)
snd_tcp_congestion cubic
rcv_tcp_congestion cubic

iperf Done.
Client run complete.
