Configuring path properties with 1% loss
Checking path to the server
fd00:0:0:3::1 from fd00:0:0:1::1 dev enp2s0f1 table 100 src fd00:0:0:1::1 metric 1024 pref medium
Running iperf3 client via fd00:0:0:1::1 for 10s
iperf 3.12
Linux klaipeda 6.1.0-17-amd64 #1 SMP PREEMPT_DYNAMIC Debian 6.1.69-1 (2023-12-30) x86_64
Control connection MSS 1428
Time: Tue, 24 Mar 2026 00:20:13 GMT
Connecting to host fd00:0:0:3::1, port 25565
      Cookie: hmesanpo6uvuazemat4qf4mclgtct7a6nxnb
      TCP MSS: 1428 (default)
[  5] local fd00:0:0:1::1 port 42737 connected to fd00:0:0:3::1 port 25565
Starting Test: protocol: TCP, 1 streams, 131072 byte blocks, omitting 0 seconds, 10 second test, tos 0
[ ID] Interval           Transfer     Bitrate         Retr  Cwnd
[  5]   0.00-1.00   sec  8.22 MBytes  68.9 Mbits/sec   46   48.8 KBytes       
[  5]   1.00-2.00   sec  5.82 MBytes  48.8 Mbits/sec    9   60.0 KBytes       
[  5]   2.00-3.00   sec  2.33 MBytes  19.5 Mbits/sec   23   13.9 KBytes       
[  5]   3.00-4.00   sec  1.13 MBytes  9.48 Mbits/sec   18   13.9 KBytes       
[  5]   4.00-5.00   sec  2.30 MBytes  19.3 Mbits/sec   12   20.9 KBytes       
[  5]   5.00-6.00   sec  2.32 MBytes  19.5 Mbits/sec   12   15.3 KBytes       
[  5]   6.00-7.00   sec  1.17 MBytes  9.81 Mbits/sec   17   19.5 KBytes       
[  5]   7.00-8.00   sec  2.33 MBytes  19.5 Mbits/sec   16   25.1 KBytes       
[  5]   8.00-9.00   sec  1.13 MBytes  9.45 Mbits/sec   22   6.97 KBytes       
[  5]   9.00-10.00  sec  1.14 MBytes  9.56 Mbits/sec   17   15.3 KBytes       
- - - - - - - - - - - - - - - - - - - - - - - - -
Test Complete. Summary Results:
[ ID] Interval           Transfer     Bitrate         Retr
[  5]   0.00-10.00  sec  27.9 MBytes  23.4 Mbits/sec  192             sender
[  5]   0.00-10.01  sec  25.6 MBytes  21.5 Mbits/sec                  receiver
CPU Utilization: local/sender 0.2% (0.0%u/0.2%s), remote/receiver 1.1% (0.1%u/1.0%s)
snd_tcp_congestion cubic
rcv_tcp_congestion cubic

iperf Done.
Client run complete.
