Configuring path properties with 0.5% loss
Checking path to the server
fd00:0:0:3::1 from fd00:0:0:2::1 dev enp2s0f0 table 200 src fd00:0:0:2::1 metric 1024 pref medium
Running iperf3 client via fd00:0:0:2::1 for 10s
iperf 3.12
Linux klaipeda 6.1.0-17-amd64 #1 SMP PREEMPT_DYNAMIC Debian 6.1.69-1 (2023-12-30) x86_64
Control connection MSS 1428
Time: Tue, 24 Mar 2026 00:18:10 GMT
Connecting to host fd00:0:0:3::1, port 25565
      Cookie: pjklfwgrlmdqrso4ezt5l73upyd5yo7l3z2t
      TCP MSS: 1428 (default)
[  5] local fd00:0:0:2::1 port 60621 connected to fd00:0:0:3::1 port 25565
Starting Test: protocol: TCP, 1 streams, 131072 byte blocks, omitting 0 seconds, 10 second test, tos 0
[ ID] Interval           Transfer     Bitrate         Retr  Cwnd
[  5]   0.00-1.00   sec  2.49 MBytes  20.9 Mbits/sec    0    400 KBytes       
[  5]   1.00-2.00   sec  1.78 MBytes  14.9 Mbits/sec    0    457 KBytes       
[  5]   2.00-3.00   sec  1004 KBytes  8.23 Mbits/sec    6    229 KBytes       
[  5]   3.00-4.00   sec   941 KBytes  7.71 Mbits/sec   10   83.7 KBytes       
[  5]   4.00-5.00   sec   941 KBytes  7.71 Mbits/sec    4   66.9 KBytes       
[  5]   5.00-6.00   sec   941 KBytes  7.71 Mbits/sec    4   54.4 KBytes       
[  5]   6.00-7.00   sec  0.00 Bytes  0.00 bits/sec    3   33.5 KBytes       
[  5]   7.00-8.00   sec  0.00 Bytes  0.00 bits/sec    2   27.9 KBytes       
[  5]   8.00-9.00   sec   941 KBytes  7.72 Mbits/sec    0   34.9 KBytes       
[  5]   9.00-10.00  sec  0.00 Bytes  0.00 bits/sec    2   29.3 KBytes       
- - - - - - - - - - - - - - - - - - - - - - - - -
Test Complete. Summary Results:
[ ID] Interval           Transfer     Bitrate         Retr
[  5]   0.00-10.00  sec  8.93 MBytes  7.49 Mbits/sec   31             sender
[  5]   0.00-10.43  sec  6.88 MBytes  5.53 Mbits/sec                  receiver
CPU Utilization: local/sender 1.0% (0.3%u/0.7%s), remote/receiver 0.7% (0.2%u/0.5%s)
snd_tcp_congestion cubic
rcv_tcp_congestion cubic

iperf Done.
Client run complete.
