Configuring server-side netem with 5% loss (bidirectional)
iperf 3.12
Linux narva 6.1.0-17-amd64 #1 SMP PREEMPT_DYNAMIC Debian 6.1.69-1 (2023-12-30) x86_64
iperf3 server is listening on port 25565 (PID 7619)
Waiting for iperf3 to handle client connection...
-----------------------------------------------------------
Server listening on 25565 (test #1)
-----------------------------------------------------------
Time: Tue, 24 Mar 2026 00:24:16 GMT
Accepted connection from fd00:0:0:1::1, port 40199
      Cookie: nsmfihvl7f53tmvgaeoiwn6pdgiduh5or6np
      TCP MSS: 0 (default)
[  5] local fd00:0:0:3::1 port 25565 connected to fd00:0:0:1::1 port 36259
Starting Test: protocol: TCP, 1 streams, 131072 byte blocks, omitting 0 seconds, 10 second test, tos 0
[ ID] Interval           Transfer     Bitrate
[  5]   0.00-1.00   sec  3.92 MBytes  32.9 Mbits/sec                  
[  5]   1.00-2.00   sec   895 KBytes  7.33 Mbits/sec                  
[  5]   2.00-3.00   sec   675 KBytes  5.53 Mbits/sec                  
[  5]   3.00-4.00   sec   542 KBytes  4.44 Mbits/sec                  
[  5]   4.00-5.00   sec   644 KBytes  5.28 Mbits/sec                  
[  5]   5.00-6.00   sec   756 KBytes  6.19 Mbits/sec                  
[  5]   6.00-7.00   sec   492 KBytes  4.03 Mbits/sec                  
[  5]   7.00-8.00   sec   520 KBytes  4.26 Mbits/sec                  
[  5]   8.00-9.00   sec   469 KBytes  3.84 Mbits/sec                  
[  5]   9.00-10.00  sec   452 KBytes  3.70 Mbits/sec                  
- - - - - - - - - - - - - - - - - - - - - - - - -
Test Complete. Summary Results:
[ ID] Interval           Transfer     Bitrate
[  5] (sender statistics not available)
[  5]   0.00-10.01  sec  9.24 MBytes  7.74 Mbits/sec                  receiver
rcv_tcp_congestion cubic
Server run complete.
