Configuring path properties with 0.5% loss
Checking path to the server
fd00:0:0:3::1 from fd00:0:0:2::1 dev enp2s0f0 table 200 src fd00:0:0:2::1 metric 1024 pref medium
Running iperf3 client via fd00:0:0:2::1 for 10s
iperf 3.12
Linux klaipeda 6.1.0-17-amd64 #1 SMP PREEMPT_DYNAMIC Debian 6.1.69-1 (2023-12-30) x86_64
Control connection MSS 1428
Time: Tue, 24 Mar 2026 00:18:46 GMT
Connecting to host fd00:0:0:3::1, port 25565
      Cookie: e7kwvjzw4ricq6ijknngw3oi22ekbx4z36pm
      TCP MSS: 1428 (default)
[  5] local fd00:0:0:2::1 port 53355 connected to fd00:0:0:3::1 port 25565
Starting Test: protocol: TCP, 1 streams, 131072 byte blocks, omitting 0 seconds, 10 second test, tos 0
[ ID] Interval           Transfer     Bitrate         Retr  Cwnd
[  5]   0.00-1.00   sec  5.18 MBytes  43.5 Mbits/sec    8    178 KBytes       
[  5]   1.00-2.00   sec  2.45 MBytes  20.6 Mbits/sec    8   37.7 KBytes       
[  5]   2.00-3.00   sec   816 KBytes  6.68 Mbits/sec    6   16.7 KBytes       
[  5]   3.00-4.00   sec  0.00 Bytes  0.00 bits/sec    0   29.3 KBytes       
[  5]   4.00-5.00   sec   753 KBytes  6.17 Mbits/sec    3   22.3 KBytes       
[  5]   5.00-6.00   sec   753 KBytes  6.17 Mbits/sec    2   25.1 KBytes       
[  5]   6.00-7.00   sec  0.00 Bytes  0.00 bits/sec    4   19.5 KBytes       
[  5]   7.00-8.00   sec   753 KBytes  6.17 Mbits/sec    2   23.7 KBytes       
[  5]   8.00-9.00   sec  0.00 Bytes  0.00 bits/sec    0   37.7 KBytes       
[  5]   9.00-10.00  sec   816 KBytes  6.68 Mbits/sec    2   37.7 KBytes       
- - - - - - - - - - - - - - - - - - - - - - - - -
Test Complete. Summary Results:
[ ID] Interval           Transfer     Bitrate         Retr
[  5]   0.00-10.00  sec  11.4 MBytes  9.59 Mbits/sec   35             sender
[  5]   0.00-10.05  sec  9.77 MBytes  8.16 Mbits/sec                  receiver
CPU Utilization: local/sender 0.6% (0.1%u/0.5%s), remote/receiver 0.6% (0.0%u/0.6%s)
snd_tcp_congestion cubic
rcv_tcp_congestion cubic

iperf Done.
Client run complete.
