Configuring path properties with 0% loss
Checking path to the server
fd00:0:0:3::1 from fd00:0:0:2::1 dev enp2s0f0 table 200 src fd00:0:0:2::1 metric 1024 pref medium
Running iperf3 client via fd00:0:0:2::1 for 10s
iperf 3.12
Linux klaipeda 6.1.0-17-amd64 #1 SMP PREEMPT_DYNAMIC Debian 6.1.69-1 (2023-12-30) x86_64
Control connection MSS 1428
Time: Tue, 24 Mar 2026 00:13:59 GMT
Connecting to host fd00:0:0:3::1, port 25565
      Cookie: d3ufexqqdo7wbub7crn2xfhlpzj6p4v3fjmq
      TCP MSS: 1428 (default)
[  5] local fd00:0:0:2::1 port 42025 connected to fd00:0:0:3::1 port 25565
Starting Test: protocol: TCP, 1 streams, 131072 byte blocks, omitting 0 seconds, 10 second test, tos 0
[ ID] Interval           Transfer     Bitrate         Retr  Cwnd
[  5]   0.00-1.00   sec  2.52 MBytes  21.1 Mbits/sec    0    303 KBytes       
[  5]   1.00-2.00   sec  1.35 MBytes  11.3 Mbits/sec    0    360 KBytes       
[  5]   2.00-3.00   sec  1.53 MBytes  12.9 Mbits/sec    0    417 KBytes       
[  5]   3.00-4.00   sec   941 KBytes  7.71 Mbits/sec    0    476 KBytes       
[  5]   4.00-5.00   sec  2.02 MBytes  17.0 Mbits/sec    0    533 KBytes       
[  5]   5.00-6.00   sec  1.16 MBytes  9.74 Mbits/sec    0    590 KBytes       
[  5]   6.00-7.00   sec  1.23 MBytes  10.3 Mbits/sec    0    648 KBytes       
[  5]   7.00-8.00   sec  1.15 MBytes  9.62 Mbits/sec    0    706 KBytes       
[  5]   8.00-9.00   sec  1.25 MBytes  10.5 Mbits/sec    0    763 KBytes       
[  5]   9.00-10.00  sec  1.25 MBytes  10.5 Mbits/sec    0    820 KBytes       
- - - - - - - - - - - - - - - - - - - - - - - - -
Test Complete. Summary Results:
[ ID] Interval           Transfer     Bitrate         Retr
[  5]   0.00-10.00  sec  14.4 MBytes  12.1 Mbits/sec    0             sender
[  5]   0.00-10.71  sec  12.1 MBytes  9.47 Mbits/sec                  receiver
CPU Utilization: local/sender 0.2% (0.0%u/0.1%s), remote/receiver 2.1% (0.3%u/1.8%s)
snd_tcp_congestion cubic
rcv_tcp_congestion cubic

iperf Done.
Client run complete.
