Configuring path properties with 0.5% loss
Checking path to the server
fd00:0:0:3::1 from fd00:0:0:1::1 dev enp2s0f1 table 100 src fd00:0:0:1::1 metric 1024 pref medium
Running iperf3 client via fd00:0:0:1::1 for 10s
iperf 3.12
Linux klaipeda 6.1.0-17-amd64 #1 SMP PREEMPT_DYNAMIC Debian 6.1.69-1 (2023-12-30) x86_64
Control connection MSS 1428
Time: Tue, 24 Mar 2026 00:16:26 GMT
Connecting to host fd00:0:0:3::1, port 25565
      Cookie: tooz4lxjrdmw2woasx566blxxmkxayoeq2dn
      TCP MSS: 1428 (default)
[  5] local fd00:0:0:1::1 port 35183 connected to fd00:0:0:3::1 port 25565
Starting Test: protocol: TCP, 1 streams, 131072 byte blocks, omitting 0 seconds, 10 second test, tos 0
[ ID] Interval           Transfer     Bitrate         Retr  Cwnd
[  5]   0.00-1.00   sec  9.00 MBytes  75.5 Mbits/sec    5    463 KBytes       
[  5]   1.00-2.00   sec  5.00 MBytes  41.9 Mbits/sec    8    252 KBytes       
[  5]   2.00-3.00   sec  6.25 MBytes  52.4 Mbits/sec   24   62.8 KBytes       
[  5]   3.00-4.00   sec  5.00 MBytes  41.9 Mbits/sec   13   48.8 KBytes       
[  5]   4.00-5.00   sec  5.00 MBytes  41.9 Mbits/sec   11   50.2 KBytes       
[  5]   5.00-6.00   sec  5.00 MBytes  41.9 Mbits/sec    6   51.6 KBytes       
[  5]   6.00-7.00   sec  5.00 MBytes  41.9 Mbits/sec   15   41.8 KBytes       
[  5]   7.00-8.00   sec  2.50 MBytes  21.0 Mbits/sec   18   25.1 KBytes       
[  5]   8.00-9.00   sec  2.50 MBytes  21.0 Mbits/sec   12   26.5 KBytes       
[  5]   9.00-10.00  sec  2.50 MBytes  21.0 Mbits/sec   14   27.9 KBytes       
- - - - - - - - - - - - - - - - - - - - - - - - -
Test Complete. Summary Results:
[ ID] Interval           Transfer     Bitrate         Retr
[  5]   0.00-10.00  sec  47.8 MBytes  40.1 Mbits/sec  126             sender
[  5]   0.00-10.01  sec  45.2 MBytes  37.9 Mbits/sec                  receiver
CPU Utilization: local/sender 0.3% (0.0%u/0.3%s), remote/receiver 2.5% (0.4%u/2.0%s)
snd_tcp_congestion cubic
rcv_tcp_congestion cubic

iperf Done.
Client run complete.
