Configuring server-side netem with 1% loss (bidirectional)
iperf 3.12
Linux narva 6.1.0-17-amd64 #1 SMP PREEMPT_DYNAMIC Debian 6.1.69-1 (2023-12-30) x86_64
iperf3 server is listening on port 25565 (PID 4679)
Waiting for iperf3 to handle client connection...
-----------------------------------------------------------
Server listening on 25565 (test #1)
-----------------------------------------------------------
Time: Tue, 24 Mar 2026 00:16:09 GMT
Accepted connection from fd00:0:0:1::1, port 58463
      Cookie: yrgoucsvz3jbzqmki5dflcrqbkdizh3rimss
      TCP MSS: 0 (default)
[  5] local fd00:0:0:3::1 port 25565 connected to fd00:0:0:1::1 port 41281
Starting Test: protocol: TCP, 1 streams, 131072 byte blocks, omitting 0 seconds, 10 second test, tos 0
[ ID] Interval           Transfer     Bitrate
[  5]   0.00-1.00   sec  4.83 MBytes  40.5 Mbits/sec                  
[  5]   1.00-2.00   sec  1.91 MBytes  16.0 Mbits/sec                  
[  5]   2.00-3.00   sec  2.32 MBytes  19.5 Mbits/sec                  
[  5]   3.00-4.00   sec  2.02 MBytes  16.9 Mbits/sec                  
[  5]   4.00-5.00   sec  1.80 MBytes  15.1 Mbits/sec                  
[  5]   5.00-6.00   sec  2.58 MBytes  21.7 Mbits/sec                  
[  5]   6.00-7.00   sec  2.10 MBytes  17.6 Mbits/sec                  
[  5]   7.00-8.00   sec  1.98 MBytes  16.6 Mbits/sec                  
[  5]   8.00-9.00   sec  1.98 MBytes  16.6 Mbits/sec                  
[  5]   9.00-10.00  sec  1.71 MBytes  14.4 Mbits/sec                  
[  5]  10.00-10.01  sec  20.9 KBytes  17.1 Mbits/sec                  
- - - - - - - - - - - - - - - - - - - - - - - - -
Test Complete. Summary Results:
[ ID] Interval           Transfer     Bitrate
[  5] (sender statistics not available)
[  5]   0.00-10.01  sec  23.3 MBytes  19.5 Mbits/sec                  receiver
rcv_tcp_congestion cubic
Server run complete.
