Configuring server-side netem with 1% loss (bidirectional)
iperf 3.12
Linux narva 6.1.0-17-amd64 #1 SMP PREEMPT_DYNAMIC Debian 6.1.69-1 (2023-12-30) x86_64
iperf3 server is listening on port 25565 (PID 4558)
Waiting for iperf3 to handle client connection...
-----------------------------------------------------------
Server listening on 25565 (test #1)
-----------------------------------------------------------
Time: Tue, 24 Mar 2026 00:15:51 GMT
Accepted connection from fd00:0:0:1::1, port 37117
      Cookie: g5wqvinffmw4qcd7sgulmyvqrnlykpkrqogr
      TCP MSS: 0 (default)
[  5] local fd00:0:0:3::1 port 25565 connected to fd00:0:0:1::1 port 44083
Starting Test: protocol: TCP, 1 streams, 131072 byte blocks, omitting 0 seconds, 10 second test, tos 0
[ ID] Interval           Transfer     Bitrate
[  5]   0.00-1.00   sec  5.53 MBytes  46.4 Mbits/sec                  
[  5]   1.00-2.00   sec  4.05 MBytes  34.0 Mbits/sec                  
[  5]   2.00-3.00   sec  2.70 MBytes  22.6 Mbits/sec                  
[  5]   3.00-4.00   sec  1.99 MBytes  16.7 Mbits/sec                  
[  5]   4.00-5.00   sec  1.19 MBytes  9.97 Mbits/sec                  
[  5]   5.00-6.00   sec  2.65 MBytes  22.2 Mbits/sec                  
[  5]   6.00-7.00   sec  1.91 MBytes  16.0 Mbits/sec                  
[  5]   7.00-8.00   sec  3.14 MBytes  26.3 Mbits/sec                  
[  5]   8.00-9.00   sec  1.93 MBytes  16.2 Mbits/sec                  
[  5]   9.00-10.00  sec  1.81 MBytes  15.2 Mbits/sec                  
[  5]  10.00-10.01  sec  23.7 KBytes  18.6 Mbits/sec                  
- - - - - - - - - - - - - - - - - - - - - - - - -
Test Complete. Summary Results:
[ ID] Interval           Transfer     Bitrate
[  5] (sender statistics not available)
[  5]   0.00-10.01  sec  26.9 MBytes  22.6 Mbits/sec                  receiver
rcv_tcp_congestion cubic
Server run complete.
