Configuring server-side netem with 5% loss (bidirectional)
iperf 3.12
Linux narva 6.1.0-17-amd64 #1 SMP PREEMPT_DYNAMIC Debian 6.1.69-1 (2023-12-30) x86_64
iperf3 server is listening on port 25565 (PID 7096)
Waiting for iperf3 to handle client connection...
-----------------------------------------------------------
Server listening on 25565 (test #1)
-----------------------------------------------------------
Time: Tue, 24 Mar 2026 00:22:50 GMT
Accepted connection from fd00:0:0:1::1, port 44573
      Cookie: i3lpu6isqa67v5nlcow5laiejyyhqxax57o2
      TCP MSS: 0 (default)
[  5] local fd00:0:0:3::1 port 25565 connected to fd00:0:0:1::1 port 44399
Starting Test: protocol: TCP, 1 streams, 131072 byte blocks, omitting 0 seconds, 10 second test, tos 0
[ ID] Interval           Transfer     Bitrate
[  5]   0.00-1.00   sec  3.81 MBytes  32.0 Mbits/sec                  
[  5]   1.00-2.00   sec   678 KBytes  5.55 Mbits/sec                  
[  5]   2.00-3.00   sec   874 KBytes  7.16 Mbits/sec                  
[  5]   3.00-4.00   sec   700 KBytes  5.74 Mbits/sec                  
[  5]   4.00-5.00   sec   375 KBytes  3.07 Mbits/sec                  
[  5]   5.00-6.00   sec   436 KBytes  3.58 Mbits/sec                  
[  5]   6.00-7.00   sec   715 KBytes  5.86 Mbits/sec                  
[  5]   7.00-8.00   sec   681 KBytes  5.57 Mbits/sec                  
[  5]   8.00-9.00   sec   445 KBytes  3.64 Mbits/sec                  
[  5]   9.00-10.00  sec   530 KBytes  4.34 Mbits/sec                  
[  5]  10.00-10.05  sec  43.2 KBytes  7.00 Mbits/sec                  
- - - - - - - - - - - - - - - - - - - - - - - - -
Test Complete. Summary Results:
[ ID] Interval           Transfer     Bitrate
[  5] (sender statistics not available)
[  5]   0.00-10.05  sec  9.16 MBytes  7.65 Mbits/sec                  receiver
rcv_tcp_congestion cubic
Server run complete.
