Configuring server-side netem with 5% loss (bidirectional)
iperf 3.12
Linux narva 6.1.0-17-amd64 #1 SMP PREEMPT_DYNAMIC Debian 6.1.69-1 (2023-12-30) x86_64
iperf3 server is listening on port 25565 (PID 7412)
Waiting for iperf3 to handle client connection...
-----------------------------------------------------------
Server listening on 25565 (test #1)
-----------------------------------------------------------
Time: Tue, 24 Mar 2026 00:23:42 GMT
Accepted connection from fd00:0:0:1::1, port 60421
      Cookie: h25bflkee4puskybtptkbbaqmzcmfomvp4ub
      TCP MSS: 0 (default)
[  5] local fd00:0:0:3::1 port 25565 connected to fd00:0:0:1::1 port 36691
Starting Test: protocol: TCP, 1 streams, 131072 byte blocks, omitting 0 seconds, 10 second test, tos 0
[ ID] Interval           Transfer     Bitrate
[  5]   0.00-1.00   sec   544 KBytes  4.45 Mbits/sec                  
[  5]   1.00-2.00   sec   312 KBytes  2.56 Mbits/sec                  
[  5]   2.00-3.00   sec   637 KBytes  5.22 Mbits/sec                  
[  5]   3.00-4.00   sec   538 KBytes  4.41 Mbits/sec                  
[  5]   4.00-5.00   sec   796 KBytes  6.52 Mbits/sec                  
[  5]   5.00-6.00   sec   538 KBytes  4.41 Mbits/sec                  
[  5]   6.00-7.00   sec   605 KBytes  4.96 Mbits/sec                  
[  5]   7.00-8.00   sec   498 KBytes  4.08 Mbits/sec                  
[  5]   8.00-9.00   sec   478 KBytes  3.92 Mbits/sec                  
[  5]   9.00-10.00  sec   813 KBytes  6.66 Mbits/sec                  
[  5]  10.00-10.01  sec  9.76 KBytes  7.92 Mbits/sec                  
- - - - - - - - - - - - - - - - - - - - - - - - -
Test Complete. Summary Results:
[ ID] Interval           Transfer     Bitrate
[  5] (sender statistics not available)
[  5]   0.00-10.01  sec  5.64 MBytes  4.72 Mbits/sec                  receiver
rcv_tcp_congestion cubic
Server run complete.
