Configuring path properties with 0.5% loss
Checking path to the server
fd00:0:0:3::1 from fd00:0:0:2::1 dev enp2s0f0 table 200 src fd00:0:0:2::1 metric 1024 pref medium
Running iperf3 client via fd00:0:0:2::1 for 10s
iperf 3.12
Linux klaipeda 6.1.0-17-amd64 #1 SMP PREEMPT_DYNAMIC Debian 6.1.69-1 (2023-12-30) x86_64
Control connection MSS 1428
Time: Tue, 24 Mar 2026 00:17:36 GMT
Connecting to host fd00:0:0:3::1, port 25565
      Cookie: bvhwnvyjjwdyc4qvnan4cstdu3jtffvuqhsy
      TCP MSS: 1428 (default)
[  5] local fd00:0:0:2::1 port 55503 connected to fd00:0:0:3::1 port 25565
Starting Test: protocol: TCP, 1 streams, 131072 byte blocks, omitting 0 seconds, 10 second test, tos 0
[ ID] Interval           Transfer     Bitrate         Retr  Cwnd
[  5]   0.00-1.00   sec  2.43 MBytes  20.4 Mbits/sec    4    229 KBytes       
[  5]   1.00-2.00   sec  1.35 MBytes  11.3 Mbits/sec    5    166 KBytes       
[  5]   2.00-3.00   sec  1.35 MBytes  11.3 Mbits/sec    2    128 KBytes       
[  5]   3.00-4.00   sec   690 KBytes  5.65 Mbits/sec    1    100 KBytes       
[  5]   4.00-5.00   sec  1.41 MBytes  11.8 Mbits/sec    8   55.8 KBytes       
[  5]   5.00-6.00   sec  1.35 MBytes  11.3 Mbits/sec    4   34.9 KBytes       
[  5]   6.00-7.00   sec   690 KBytes  5.65 Mbits/sec    6   23.7 KBytes       
[  5]   7.00-8.00   sec  1.35 MBytes  11.3 Mbits/sec    0   48.8 KBytes       
[  5]   8.00-9.00   sec  1.35 MBytes  11.3 Mbits/sec    0   64.1 KBytes       
[  5]   9.00-10.00  sec   690 KBytes  5.65 Mbits/sec    6   44.6 KBytes       
- - - - - - - - - - - - - - - - - - - - - - - - -
Test Complete. Summary Results:
[ ID] Interval           Transfer     Bitrate         Retr
[  5]   0.00-10.00  sec  12.6 MBytes  10.6 Mbits/sec   36             sender
[  5]   0.00-10.04  sec  11.3 MBytes  9.47 Mbits/sec                  receiver
CPU Utilization: local/sender 0.2% (0.0%u/0.2%s), remote/receiver 1.8% (0.2%u/1.6%s)
snd_tcp_congestion cubic
rcv_tcp_congestion cubic

iperf Done.
Client run complete.
