Configuring path properties with 0.5% loss
Checking path to the server
fd00:0:0:3::1 from fd00:0:0:1::1 dev enp2s0f1 table 100 src fd00:0:0:1::1 metric 1024 pref medium
Running iperf3 client via fd00:0:0:1::1 for 10s
iperf 3.12
Linux klaipeda 6.1.0-17-amd64 #1 SMP PREEMPT_DYNAMIC Debian 6.1.69-1 (2023-12-30) x86_64
Control connection MSS 1428
Time: Tue, 24 Mar 2026 00:17:18 GMT
Connecting to host fd00:0:0:3::1, port 25565
      Cookie: m7h6zazdp4niic6rvry5dog3zrby4kw2cjpw
      TCP MSS: 1428 (default)
[  5] local fd00:0:0:1::1 port 50913 connected to fd00:0:0:3::1 port 25565
Starting Test: protocol: TCP, 1 streams, 131072 byte blocks, omitting 0 seconds, 10 second test, tos 0
[ ID] Interval           Transfer     Bitrate         Retr  Cwnd
[  5]   0.00-1.00   sec  8.61 MBytes  72.2 Mbits/sec    9    325 KBytes       
[  5]   1.00-2.00   sec  6.13 MBytes  51.4 Mbits/sec   14   97.6 KBytes       
[  5]   2.00-3.00   sec  4.89 MBytes  41.0 Mbits/sec   16   47.4 KBytes       
[  5]   3.00-4.00   sec  3.62 MBytes  30.4 Mbits/sec   14   33.5 KBytes       
[  5]   4.00-5.00   sec  2.50 MBytes  21.0 Mbits/sec   13   22.3 KBytes       
[  5]   5.00-6.00   sec  3.62 MBytes  30.4 Mbits/sec   12   30.7 KBytes       
[  5]   6.00-7.00   sec  3.75 MBytes  31.4 Mbits/sec   11   46.0 KBytes       
[  5]   7.00-8.00   sec  2.38 MBytes  19.9 Mbits/sec   15   29.3 KBytes       
[  5]   8.00-9.00   sec  1.25 MBytes  10.5 Mbits/sec   16   22.3 KBytes       
[  5]   9.00-10.00  sec  2.50 MBytes  21.0 Mbits/sec   12   23.7 KBytes       
- - - - - - - - - - - - - - - - - - - - - - - - -
Test Complete. Summary Results:
[ ID] Interval           Transfer     Bitrate         Retr
[  5]   0.00-10.00  sec  39.2 MBytes  32.9 Mbits/sec  132             sender
[  5]   0.00-10.01  sec  36.4 MBytes  30.5 Mbits/sec                  receiver
CPU Utilization: local/sender 0.3% (0.0%u/0.2%s), remote/receiver 1.9% (0.2%u/1.7%s)
snd_tcp_congestion cubic
rcv_tcp_congestion cubic

iperf Done.
Client run complete.
