Configuring server-side netem with 5% loss (bidirectional)
iperf 3.12
Linux narva 6.1.0-17-amd64 #1 SMP PREEMPT_DYNAMIC Debian 6.1.69-1 (2023-12-30) x86_64
iperf3 server is listening on port 25565 (PID 8047)
Waiting for iperf3 to handle client connection...
-----------------------------------------------------------
Server listening on 25565 (test #1)
-----------------------------------------------------------
Time: Tue, 24 Mar 2026 00:25:26 GMT
Accepted connection from fd00:0:0:2::1, port 44443
      Cookie: amh33fvy5ej2qpk3uimvg6mod2powmeulqyj
      TCP MSS: 0 (default)
[  5] local fd00:0:0:3::1 port 25565 connected to fd00:0:0:2::1 port 35499
Starting Test: protocol: TCP, 1 streams, 131072 byte blocks, omitting 0 seconds, 10 second test, tos 0
[ ID] Interval           Transfer     Bitrate
[  5]   0.00-1.00   sec   835 KBytes  6.84 Mbits/sec                  
[  5]   1.00-2.00   sec   616 KBytes  5.05 Mbits/sec                  
[  5]   2.00-3.00   sec   510 KBytes  4.18 Mbits/sec                  
[  5]   3.00-4.00   sec  1007 KBytes  8.25 Mbits/sec                  
[  5]   4.00-5.00   sec   682 KBytes  5.59 Mbits/sec                  
[  5]   5.00-6.00   sec   370 KBytes  3.03 Mbits/sec                  
[  5]   6.00-7.00   sec   608 KBytes  4.98 Mbits/sec                  
[  5]   7.00-8.00   sec   512 KBytes  4.19 Mbits/sec                  
[  5]   8.00-9.00   sec   427 KBytes  3.50 Mbits/sec                  
[  5]   9.00-10.00  sec   720 KBytes  5.89 Mbits/sec                  
- - - - - - - - - - - - - - - - - - - - - - - - -
Test Complete. Summary Results:
[ ID] Interval           Transfer     Bitrate
[  5] (sender statistics not available)
[  5]   0.00-10.01  sec  6.14 MBytes  5.14 Mbits/sec                  receiver
rcv_tcp_congestion cubic
Server run complete.
