Configuring server-side netem with 5% loss (bidirectional)
iperf 3.12
Linux narva 6.1.0-17-amd64 #1 SMP PREEMPT_DYNAMIC Debian 6.1.69-1 (2023-12-30) x86_64
iperf3 server is listening on port 25565 (PID 7306)
Waiting for iperf3 to handle client connection...
-----------------------------------------------------------
Server listening on 25565 (test #1)
-----------------------------------------------------------
Time: Tue, 24 Mar 2026 00:23:25 GMT
Accepted connection from fd00:0:0:1::1, port 39905
      Cookie: bfbghhvoddbnwpd3jkopaxet46ncxhh3oqeb
      TCP MSS: 0 (default)
[  5] local fd00:0:0:3::1 port 25565 connected to fd00:0:0:1::1 port 34513
Starting Test: protocol: TCP, 1 streams, 131072 byte blocks, omitting 0 seconds, 10 second test, tos 0
[ ID] Interval           Transfer     Bitrate
[  5]   0.00-1.00   sec  4.99 MBytes  41.9 Mbits/sec                  
[  5]   1.00-2.00   sec   740 KBytes  6.07 Mbits/sec                  
[  5]   2.00-3.00   sec   510 KBytes  4.18 Mbits/sec                  
[  5]   3.00-4.00   sec   534 KBytes  4.38 Mbits/sec                  
[  5]   4.00-5.00   sec   722 KBytes  5.92 Mbits/sec                  
[  5]   5.00-6.00   sec   895 KBytes  7.33 Mbits/sec                  
[  5]   6.00-7.00   sec   457 KBytes  3.75 Mbits/sec                  
[  5]   7.00-8.00   sec   427 KBytes  3.50 Mbits/sec                  
[  5]   8.00-9.00   sec   445 KBytes  3.64 Mbits/sec                  
[  5]   9.00-10.00  sec   654 KBytes  5.36 Mbits/sec                  
[  5]  10.00-10.01  sec  1.39 KBytes  1.07 Mbits/sec                  
- - - - - - - - - - - - - - - - - - - - - - - - -
Test Complete. Summary Results:
[ ID] Interval           Transfer     Bitrate
[  5] (sender statistics not available)
[  5]   0.00-10.01  sec  10.3 MBytes  8.59 Mbits/sec                  receiver
rcv_tcp_congestion cubic
Server run complete.
