Configuring server-side netem with 1% loss (bidirectional)
iperf 3.12
Linux narva 6.1.0-17-amd64 #1 SMP PREEMPT_DYNAMIC Debian 6.1.69-1 (2023-12-30) x86_64
iperf3 server is listening on port 25565 (PID 5405)
Waiting for iperf3 to handle client connection...
-----------------------------------------------------------
Server listening on 25565 (test #1)
-----------------------------------------------------------
Time: Tue, 24 Mar 2026 00:18:11 GMT
Accepted connection from fd00:0:0:2::1, port 58275
      Cookie: kyh5v63yrmmhgjqhlo4n7cutpv6iwngdydbd
      TCP MSS: 0 (default)
[  5] local fd00:0:0:3::1 port 25565 connected to fd00:0:0:2::1 port 44915
Starting Test: protocol: TCP, 1 streams, 131072 byte blocks, omitting 0 seconds, 10 second test, tos 0
[ ID] Interval           Transfer     Bitrate
[  5]   0.00-1.00   sec   734 KBytes  6.01 Mbits/sec                  
[  5]   1.00-2.00   sec  1.12 MBytes  9.38 Mbits/sec                  
[  5]   2.00-3.00   sec   707 KBytes  5.79 Mbits/sec                  
[  5]   3.00-4.00   sec   517 KBytes  4.24 Mbits/sec                  
[  5]   4.00-5.00   sec   284 KBytes  2.33 Mbits/sec                  
[  5]   5.00-6.00   sec   159 KBytes  1.30 Mbits/sec                  
[  5]   6.00-7.00   sec   181 KBytes  1.49 Mbits/sec                  
[  5]   7.00-8.00   sec   199 KBytes  1.63 Mbits/sec                  
[  5]   8.00-9.00   sec   152 KBytes  1.25 Mbits/sec                  
[  5]   9.00-10.00  sec   181 KBytes  1.49 Mbits/sec                  
[  5]  10.00-10.10  sec  16.7 KBytes  1.36 Mbits/sec                  
- - - - - - - - - - - - - - - - - - - - - - - - -
Test Complete. Summary Results:
[ ID] Interval           Transfer     Bitrate
[  5] (sender statistics not available)
[  5]   0.00-10.10  sec  4.18 MBytes  3.47 Mbits/sec                  receiver
rcv_tcp_congestion cubic
Server run complete.
