[1;37m[INFO]  Initializing DPDK. This will take a few seconds...[0m
[1;37m[INFO]  Found 6 usable devices:[0m
   Device 0: 6C:B3:11:4A:37:44 ([0;32mIntel Corporation I210 Gigabit Fiber Network Connection[0m)
   Device 1: A0:36:9F:3B:5B:4C ([0;32mIntel Corporation Ethernet Controller 10-Gigabit X540-AT2[0m)
   Device 2: A0:36:9F:3B:5B:4E ([0;32mIntel Corporation Ethernet Controller 10-Gigabit X540-AT2[0m)
   Device 3: 90:E2:BA:1C:55:7D ([0;32mIntel Corporation 82576 Gigabit Network Connection[0m)
   Device 4: 90:E2:BA:1C:55:7E ([0;32mIntel Corporation 82576 Gigabit Network Connection[0m)
   Device 5: 90:E2:BA:1C:55:7F ([0;32mIntel Corporation 82576 Gigabit Network Connection[0m)
[1;33m[WARN]  Device 2 already configured, skipping initilization[0m
[1;37m[INFO]  Waiting for devices to come up...[0m
[1;37m[INFO]  Device 2 (A0:36:9F:3B:5B:4E) is up: full-duplex 10000 MBit/s[0m
[1;37m[INFO]  [0;32m1 device is up.[0m[0m
[1;36m[Device: id=2] RX[0m: 0.01 Mpps, 100 Mbit/s (102 Mbit/s with framing)
[0;34m[Device: id=2] TX[0m: 0.01 Mpps, 102 Mbit/s (104 Mbit/s with framing)
[1;36m[Device: id=2] RX[0m: 0.02 Mpps, 106 Mbit/s (110 Mbit/s with framing)
[0;34m[Device: id=2] TX[0m: 0.02 Mpps, 106 Mbit/s (110 Mbit/s with framing)
[1;36m[Device: id=2] RX[0m: 0.02 Mpps, 106 Mbit/s (110 Mbit/s with framing)
[0;34m[Device: id=2] TX[0m: 0.02 Mpps, 106 Mbit/s (110 Mbit/s with framing)
[1;36m[Device: id=2] RX[0m: 0.02 Mpps, 106 Mbit/s (110 Mbit/s with framing)
[0;34m[Device: id=2] TX[0m: 0.02 Mpps, 106 Mbit/s (110 Mbit/s with framing)
[1;36m[Device: id=2] RX[0m: 0.02 Mpps, 106 Mbit/s (110 Mbit/s with framing)
[0;34m[Device: id=2] TX[0m: 0.02 Mpps, 106 Mbit/s (110 Mbit/s with framing)
[1;36m[Device: id=2] RX[0m: 0.02 Mpps, 106 Mbit/s (110 Mbit/s with framing)
[0;34m[Device: id=2] TX[0m: 0.02 Mpps, 106 Mbit/s (110 Mbit/s with framing)
[1;36m[Device: id=2] RX[0m: 0.02 Mpps, 106 Mbit/s (110 Mbit/s with framing)
[0;34m[Device: id=2] TX[0m: 0.02 Mpps, 106 Mbit/s (110 Mbit/s with framing)
[1;36m[Device: id=2] RX[0m: 0.02 Mpps, 106 Mbit/s (110 Mbit/s with framing)
[0;34m[Device: id=2] TX[0m: 0.02 Mpps, 106 Mbit/s (110 Mbit/s with framing)
[1;36m[Device: id=2] RX[0m: 0.03 Mpps, 107 Mbit/s (112 Mbit/s with framing)
[0;34m[Device: id=2] TX[0m: 0.03 Mpps, 107 Mbit/s (112 Mbit/s with framing)
[1;36m[Device: id=2] RX[0m: 0.03 Mpps, 107 Mbit/s (112 Mbit/s with framing)
[0;34m[Device: id=2] TX[0m: 0.03 Mpps, 107 Mbit/s (112 Mbit/s with framing)
[1;36m[Device: id=2] RX[0m: 0.03 Mpps, 107 Mbit/s (111 Mbit/s with framing)
[0;34m[Device: id=2] TX[0m: 0.03 Mpps, 107 Mbit/s (111 Mbit/s with framing)
[1;36m[Device: id=2] RX[0m: 0.03 Mpps, 107 Mbit/s (112 Mbit/s with framing)
[0;34m[Device: id=2] TX[0m: 0.03 Mpps, 107 Mbit/s (112 Mbit/s with framing)
[1;36m[Device: id=2] RX[0m: 0.03 Mpps, 107 Mbit/s (111 Mbit/s with framing)
[0;34m[Device: id=2] TX[0m: 0.03 Mpps, 107 Mbit/s (111 Mbit/s with framing)
[1;36m[Device: id=2] RX[0m: 0.03 Mpps, 107 Mbit/s (111 Mbit/s with framing)
[0;34m[Device: id=2] TX[0m: 0.03 Mpps, 107 Mbit/s (111 Mbit/s with framing)
[1;36m[Device: id=2] RX[0m: 0.03 Mpps, 107 Mbit/s (111 Mbit/s with framing)
[0;34m[Device: id=2] TX[0m: 0.03 Mpps, 107 Mbit/s (111 Mbit/s with framing)
[1;36m[Device: id=2] RX[0m: 0.03 Mpps, 107 Mbit/s (111 Mbit/s with framing)
[0;34m[Device: id=2] TX[0m: 0.03 Mpps, 107 Mbit/s (111 Mbit/s with framing)
[1;36m[Device: id=2] RX[0m: 0.03 Mpps, 107 Mbit/s (112 Mbit/s with framing)
[0;34m[Device: id=2] TX[0m: 0.03 Mpps, 107 Mbit/s (112 Mbit/s with framing)
[1;36m[Device: id=2] RX[0m: 0.03 Mpps, 107 Mbit/s (112 Mbit/s with framing)
[0;34m[Device: id=2] TX[0m: 0.03 Mpps, 107 Mbit/s (112 Mbit/s with framing)
[1;36m[Device: id=2] RX[0m: 0.03 Mpps, 107 Mbit/s (112 Mbit/s with framing)
[0;34m[Device: id=2] TX[0m: 0.03 Mpps, 107 Mbit/s (112 Mbit/s with framing)
[1;36m[Device: id=2] RX[0m: 0.03 Mpps, 107 Mbit/s (111 Mbit/s with framing)
[0;34m[Device: id=2] TX[0m: 0.03 Mpps, 107 Mbit/s (111 Mbit/s with framing)
[1;36m[Device: id=2] RX[0m: 0.03 Mpps, 107 Mbit/s (112 Mbit/s with framing)
[0;34m[Device: id=2] TX[0m: 0.03 Mpps, 107 Mbit/s (112 Mbit/s with framing)
[1;36m[Device: id=2] RX[0m: 0.03 Mpps, 107 Mbit/s (112 Mbit/s with framing)
[0;34m[Device: id=2] TX[0m: 0.03 Mpps, 107 Mbit/s (112 Mbit/s with framing)
[1;36m[Device: id=2] RX[0m: 0.03 Mpps, 107 Mbit/s (112 Mbit/s with framing)
[0;34m[Device: id=2] TX[0m: 0.03 Mpps, 107 Mbit/s (112 Mbit/s with framing)
[1;36m[Device: id=2] RX[0m: 0.03 Mpps, 107 Mbit/s (111 Mbit/s with framing)
[0;34m[Device: id=2] TX[0m: 0.03 Mpps, 107 Mbit/s (111 Mbit/s with framing)
[1;36m[Device: id=2] RX[0m: 0.03 Mpps, 107 Mbit/s (112 Mbit/s with framing)
[0;34m[Device: id=2] TX[0m: 0.03 Mpps, 107 Mbit/s (111 Mbit/s with framing)
[1;36m[Device: id=2] RX[0m: 0.03 Mpps, 107 Mbit/s (112 Mbit/s with framing)
[0;34m[Device: id=2] TX[0m: 0.03 Mpps, 107 Mbit/s (112 Mbit/s with framing)
[1;36m[Device: id=2] RX[0m: 0.03 Mpps, 107 Mbit/s (112 Mbit/s with framing)
[0;34m[Device: id=2] TX[0m: 0.03 Mpps, 107 Mbit/s (112 Mbit/s with framing)
[1;36m[Device: id=2] RX[0m: 0.03 Mpps, 107 Mbit/s (112 Mbit/s with framing)
[0;34m[Device: id=2] TX[0m: 0.03 Mpps, 107 Mbit/s (112 Mbit/s with framing)
[1;36m[Device: id=2] RX[0m: 0.03 Mpps, 107 Mbit/s (112 Mbit/s with framing)
[0;34m[Device: id=2] TX[0m: 0.03 Mpps, 107 Mbit/s (112 Mbit/s with framing)
[1;36m[Device: id=2] RX[0m: 0.03 Mpps, 107 Mbit/s (112 Mbit/s with framing)
[0;34m[Device: id=2] TX[0m: 0.03 Mpps, 107 Mbit/s (112 Mbit/s with framing)
[1;36m[Device: id=2] RX[0m: 0.03 Mpps, 107 Mbit/s (112 Mbit/s with framing)
[0;34m[Device: id=2] TX[0m: 0.03 Mpps, 107 Mbit/s (112 Mbit/s with framing)
[1;36m[Device: id=2] RX[0m: 0.03 Mpps, 107 Mbit/s (112 Mbit/s with framing)
[0;34m[Device: id=2] TX[0m: 0.03 Mpps, 107 Mbit/s (112 Mbit/s with framing)
[1;36m[Device: id=2] RX[0m: 0.03 Mpps, 107 Mbit/s (112 Mbit/s with framing)
[0;34m[Device: id=2] TX[0m: 0.03 Mpps, 107 Mbit/s (112 Mbit/s with framing)
[1;36m[Device: id=2] RX[0m: 0.03 Mpps, 107 Mbit/s (112 Mbit/s with framing)
[0;34m[Device: id=2] TX[0m: 0.03 Mpps, 107 Mbit/s (112 Mbit/s with framing)
[1;36m[Device: id=2] RX[0m: 0.03 Mpps, 107 Mbit/s (112 Mbit/s with framing)
[0;34m[Device: id=2] TX[0m: 0.03 Mpps, 107 Mbit/s (112 Mbit/s with framing)
[1;36m[Device: id=2] RX[0m: 0.03 Mpps, 107 Mbit/s (112 Mbit/s with framing)
[0;34m[Device: id=2] TX[0m: 0.03 Mpps, 107 Mbit/s (112 Mbit/s with framing)
[1;36m[Device: id=2] RX[0m: 0.03 Mpps, 107 Mbit/s (112 Mbit/s with framing)
[0;34m[Device: id=2] TX[0m: 0.03 Mpps, 107 Mbit/s (112 Mbit/s with framing)
[1;36m[Device: id=2] RX[0m: 0.03 Mpps, 107 Mbit/s (112 Mbit/s with framing)
[0;34m[Device: id=2] TX[0m: 0.03 Mpps, 107 Mbit/s (112 Mbit/s with framing)
[1;36m[Device: id=2] RX[0m: 0.03 Mpps, 107 Mbit/s (112 Mbit/s with framing)
[0;34m[Device: id=2] TX[0m: 0.03 Mpps, 107 Mbit/s (112 Mbit/s with framing)
[1;36m[Device: id=2] RX[0m: 0.03 Mpps, 107 Mbit/s (112 Mbit/s with framing)
[0;34m[Device: id=2] TX[0m: 0.03 Mpps, 107 Mbit/s (112 Mbit/s with framing)
[1;36m[Device: id=2] RX[0m: 0.03 Mpps, 107 Mbit/s (112 Mbit/s with framing)
[0;34m[Device: id=2] TX[0m: 0.03 Mpps, 107 Mbit/s (112 Mbit/s with framing)
[1;36m[Device: id=2] RX[0m: 0.03 Mpps, 107 Mbit/s (112 Mbit/s with framing)
[0;34m[Device: id=2] TX[0m: 0.03 Mpps, 107 Mbit/s (112 Mbit/s with framing)
[1;36m[Device: id=2] RX[0m: 0.03 Mpps, 107 Mbit/s (112 Mbit/s with framing)
[0;34m[Device: id=2] TX[0m: 0.03 Mpps, 107 Mbit/s (112 Mbit/s with framing)
[1;36m[Device: id=2] RX[0m: 0.03 Mpps, 107 Mbit/s (112 Mbit/s with framing)
[0;34m[Device: id=2] TX[0m: 0.03 Mpps, 107 Mbit/s (112 Mbit/s with framing)
[1;36m[Device: id=2] RX[0m: 0.03 Mpps, 107 Mbit/s (112 Mbit/s with framing)
[0;34m[Device: id=2] TX[0m: 0.03 Mpps, 107 Mbit/s (112 Mbit/s with framing)
[1;36m[Device: id=2] RX[0m: 0.03 Mpps, 107 Mbit/s (112 Mbit/s with framing)
[0;34m[Device: id=2] TX[0m: 0.03 Mpps, 107 Mbit/s (112 Mbit/s with framing)
[1;36m[Device: id=2] RX[0m: 0.03 Mpps, 107 Mbit/s (112 Mbit/s with framing)
[0;34m[Device: id=2] TX[0m: 0.03 Mpps, 107 Mbit/s (112 Mbit/s with framing)
[1;36m[Device: id=2] RX[0m: 0.03 Mpps, 107 Mbit/s (112 Mbit/s with framing)
[0;34m[Device: id=2] TX[0m: 0.03 Mpps, 107 Mbit/s (112 Mbit/s with framing)
[1;36m[Device: id=2] RX[0m: 0.03 Mpps, 107 Mbit/s (112 Mbit/s with framing)
[0;34m[Device: id=2] TX[0m: 0.03 Mpps, 107 Mbit/s (112 Mbit/s with framing)
[1;36m[Device: id=2] RX[0m: 0.03 Mpps, 107 Mbit/s (112 Mbit/s with framing)
[0;34m[Device: id=2] TX[0m: 0.03 Mpps, 107 Mbit/s (112 Mbit/s with framing)
[1;36m[Device: id=2] RX[0m: 0.03 Mpps, 107 Mbit/s (112 Mbit/s with framing)
[0;34m[Device: id=2] TX[0m: 0.03 Mpps, 107 Mbit/s (112 Mbit/s with framing)
[1;36m[Device: id=2] RX[0m: 0.03 Mpps, 107 Mbit/s (112 Mbit/s with framing)
[0;34m[Device: id=2] TX[0m: 0.03 Mpps, 107 Mbit/s (112 Mbit/s with framing)
[1;36m[Device: id=2] RX[0m: 0.03 Mpps, 107 Mbit/s (112 Mbit/s with framing)
[0;34m[Device: id=2] TX[0m: 0.03 Mpps, 107 Mbit/s (112 Mbit/s with framing)
[1;36m[Device: id=2] RX[0m: 0.03 Mpps, 107 Mbit/s (112 Mbit/s with framing)
[0;34m[Device: id=2] TX[0m: 0.03 Mpps, 107 Mbit/s (112 Mbit/s with framing)
[1;36m[Device: id=2] RX[0m: 0.03 Mpps, 107 Mbit/s (112 Mbit/s with framing)
[0;34m[Device: id=2] TX[0m: 0.03 Mpps, 107 Mbit/s (112 Mbit/s with framing)
[1;36m[Device: id=2] RX[0m: 0.03 Mpps, 107 Mbit/s (112 Mbit/s with framing)
[0;34m[Device: id=2] TX[0m: 0.03 Mpps, 107 Mbit/s (112 Mbit/s with framing)
[1;36m[Device: id=2] RX[0m: 0.03 Mpps, 107 Mbit/s (112 Mbit/s with framing)
[0;34m[Device: id=2] TX[0m: 0.03 Mpps, 107 Mbit/s (112 Mbit/s with framing)
[1;36m[Device: id=2] RX[0m: 0.03 Mpps, 107 Mbit/s (112 Mbit/s with framing)
[0;34m[Device: id=2] TX[0m: 0.03 Mpps, 107 Mbit/s (112 Mbit/s with framing)
[1;36m[Device: id=2] RX[0m: 0.03 Mpps, 107 Mbit/s (112 Mbit/s with framing)
[0;34m[Device: id=2] TX[0m: 0.03 Mpps, 107 Mbit/s (112 Mbit/s with framing)
[1;36m[Device: id=2] RX[0m: 0.03 Mpps, 107 Mbit/s (112 Mbit/s with framing)
[0;34m[Device: id=2] TX[0m: 0.03 Mpps, 107 Mbit/s (112 Mbit/s with framing)
[1;36m[Device: id=2] RX[0m: 0.03 Mpps, 107 Mbit/s (112 Mbit/s with framing)
[0;34m[Device: id=2] TX[0m: 0.03 Mpps, 107 Mbit/s (112 Mbit/s with framing)
[1;36m[Device: id=2] RX[0m: 0.03 Mpps, 107 Mbit/s (112 Mbit/s with framing)
[0;34m[Device: id=2] TX[0m: 0.03 Mpps, 107 Mbit/s (112 Mbit/s with framing)
[1;36m[Device: id=2] RX[0m: 0.03 Mpps, 107 Mbit/s (112 Mbit/s with framing)
[0;34m[Device: id=2] TX[0m: 0.03 Mpps, 107 Mbit/s (112 Mbit/s with framing)
[1;36m[Device: id=2] RX[0m: 0.03 Mpps, 107 Mbit/s (112 Mbit/s with framing)
[0;34m[Device: id=2] TX[0m: 0.03 Mpps, 107 Mbit/s (111 Mbit/s with framing)
[1;36m[Device: id=2] RX[0m: 0.03 Mpps, 107 Mbit/s (112 Mbit/s with framing)
[0;34m[Device: id=2] TX[0m: 0.03 Mpps, 107 Mbit/s (112 Mbit/s with framing)
[1;36m[Device: id=2] RX[0m: 0.03 Mpps, 107 Mbit/s (112 Mbit/s with framing)
[0;34m[Device: id=2] TX[0m: 0.03 Mpps, 107 Mbit/s (112 Mbit/s with framing)
[1;36m[Device: id=2] RX[0m: 0.03 Mpps, 107 Mbit/s (112 Mbit/s with framing)
[0;34m[Device: id=2] TX[0m: 0.03 Mpps, 107 Mbit/s (112 Mbit/s with framing)
[1;36m[Device: id=2] RX[0m: 0.03 Mpps, 107 Mbit/s (111 Mbit/s with framing)
[0;34m[Device: id=2] TX[0m: 0.03 Mpps, 107 Mbit/s (111 Mbit/s with framing)
[1;36m[Device: id=2] RX[0m: 0.03 Mpps, 107 Mbit/s (112 Mbit/s with framing)
[0;34m[Device: id=2] TX[0m: 0.03 Mpps, 107 Mbit/s (112 Mbit/s with framing)
[1;36m[Device: id=2] RX[0m: 0.03 Mpps, 107 Mbit/s (112 Mbit/s with framing)
[0;34m[Device: id=2] TX[0m: 0.03 Mpps, 107 Mbit/s (112 Mbit/s with framing)
[1;36m[Device: id=2] RX[0m: 0.03 Mpps, 107 Mbit/s (112 Mbit/s with framing)
[0;34m[Device: id=2] TX[0m: 0.03 Mpps, 107 Mbit/s (112 Mbit/s with framing)
[1;36m[Device: id=2] RX[0m: 0.03 Mpps, 107 Mbit/s (112 Mbit/s with framing)
[0;34m[Device: id=2] TX[0m: 0.03 Mpps, 107 Mbit/s (112 Mbit/s with framing)
[1;36m[Device: id=2] RX[0m: 0.03 Mpps, 108 Mbit/s (112 Mbit/s with framing)
[0;34m[Device: id=2] TX[0m: 0.03 Mpps, 108 Mbit/s (112 Mbit/s with framing)
[1;36m[Device: id=2] RX[0m: 0.03 Mpps, 107 Mbit/s (112 Mbit/s with framing)
[0;34m[Device: id=2] TX[0m: 0.03 Mpps, 107 Mbit/s (112 Mbit/s with framing)
[1;36m[Device: id=2] RX[0m: 0.03 Mpps, 107 Mbit/s (112 Mbit/s with framing)
[0;34m[Device: id=2] TX[0m: 0.03 Mpps, 107 Mbit/s (111 Mbit/s with framing)
[1;36m[Device: id=2] RX[0m: 0.03 Mpps, 107 Mbit/s (112 Mbit/s with framing)
[0;34m[Device: id=2] TX[0m: 0.03 Mpps, 107 Mbit/s (112 Mbit/s with framing)
[1;36m[Device: id=2] RX[0m: 0.03 Mpps, 107 Mbit/s (112 Mbit/s with framing)
[0;34m[Device: id=2] TX[0m: 0.03 Mpps, 107 Mbit/s (112 Mbit/s with framing)
[1;36m[Device: id=2] RX[0m: 0.03 Mpps, 107 Mbit/s (112 Mbit/s with framing)
[0;34m[Device: id=2] TX[0m: 0.03 Mpps, 107 Mbit/s (112 Mbit/s with framing)
[1;36m[Device: id=2] RX[0m: 0.03 Mpps, 107 Mbit/s (112 Mbit/s with framing)
[0;34m[Device: id=2] TX[0m: 0.03 Mpps, 107 Mbit/s (112 Mbit/s with framing)
[1;36m[Device: id=2] RX[0m: 0.03 Mpps, 107 Mbit/s (112 Mbit/s with framing)
[0;34m[Device: id=2] TX[0m: 0.03 Mpps, 107 Mbit/s (112 Mbit/s with framing)
[1;36m[Device: id=2] RX[0m: 0.03 Mpps, 107 Mbit/s (112 Mbit/s with framing)
[0;34m[Device: id=2] TX[0m: 0.03 Mpps, 107 Mbit/s (112 Mbit/s with framing)
[1;36m[Device: id=2] RX[0m: 0.03 Mpps, 107 Mbit/s (112 Mbit/s with framing)
[0;34m[Device: id=2] TX[0m: 0.03 Mpps, 107 Mbit/s (112 Mbit/s with framing)
[1;36m[Device: id=2] RX[0m: 0.03 Mpps, 107 Mbit/s (112 Mbit/s with framing)
[0;34m[Device: id=2] TX[0m: 0.03 Mpps, 107 Mbit/s (111 Mbit/s with framing)
[1;36m[Device: id=2] RX[0m: 0.03 Mpps, 107 Mbit/s (112 Mbit/s with framing)
[0;34m[Device: id=2] TX[0m: 0.03 Mpps, 107 Mbit/s (112 Mbit/s with framing)
[1;36m[Device: id=2] RX[0m: 0.03 Mpps, 107 Mbit/s (112 Mbit/s with framing)
[0;34m[Device: id=2] TX[0m: 0.03 Mpps, 107 Mbit/s (112 Mbit/s with framing)
[1;36m[Device: id=2] RX[0m: 0.03 Mpps, 107 Mbit/s (112 Mbit/s with framing)
[0;34m[Device: id=2] TX[0m: 0.03 Mpps, 107 Mbit/s (112 Mbit/s with framing)
[1;36m[Device: id=2] RX[0m: 0.03 Mpps, 107 Mbit/s (112 Mbit/s with framing)
[0;34m[Device: id=2] TX[0m: 0.03 Mpps, 107 Mbit/s (112 Mbit/s with framing)
[1;36m[Device: id=2] RX[0m: 0.03 Mpps, 107 Mbit/s (112 Mbit/s with framing)
[0;34m[Device: id=2] TX[0m: 0.03 Mpps, 107 Mbit/s (112 Mbit/s with framing)
[1;36m[Device: id=2] RX[0m: 0.03 Mpps, 107 Mbit/s (112 Mbit/s with framing)
[0;34m[Device: id=2] TX[0m: 0.03 Mpps, 107 Mbit/s (112 Mbit/s with framing)
[1;36m[Device: id=2] RX[0m: 0.03 Mpps, 107 Mbit/s (112 Mbit/s with framing)
[0;34m[Device: id=2] TX[0m: 0.03 Mpps, 107 Mbit/s (112 Mbit/s with framing)
[1;36m[Device: id=2] RX[0m: 0.03 Mpps, 107 Mbit/s (112 Mbit/s with framing)
[0;34m[Device: id=2] TX[0m: 0.03 Mpps, 107 Mbit/s (112 Mbit/s with framing)
[1;36m[Device: id=2] RX[0m: 0.03 Mpps, 107 Mbit/s (112 Mbit/s with framing)
[0;34m[Device: id=2] TX[0m: 0.03 Mpps, 107 Mbit/s (112 Mbit/s with framing)
[1;36m[Device: id=2] RX[0m: 0.03 Mpps, 107 Mbit/s (112 Mbit/s with framing)
[0;34m[Device: id=2] TX[0m: 0.03 Mpps, 107 Mbit/s (112 Mbit/s with framing)
[1;36m[Device: id=2] RX[0m: 0.03 Mpps, 107 Mbit/s (112 Mbit/s with framing)
[0;34m[Device: id=2] TX[0m: 0.03 Mpps, 107 Mbit/s (112 Mbit/s with framing)
[1;36m[Device: id=2] RX[0m: 0.03 Mpps, 107 Mbit/s (112 Mbit/s with framing)
[0;34m[Device: id=2] TX[0m: 0.03 Mpps, 107 Mbit/s (112 Mbit/s with framing)
[1;36m[Device: id=2] RX[0m: 0.03 Mpps, 107 Mbit/s (112 Mbit/s with framing)
[0;34m[Device: id=2] TX[0m: 0.03 Mpps, 107 Mbit/s (112 Mbit/s with framing)
[1;36m[Device: id=2] RX[0m: 0.03 Mpps, 107 Mbit/s (112 Mbit/s with framing)
[0;34m[Device: id=2] TX[0m: 0.03 Mpps, 107 Mbit/s (112 Mbit/s with framing)
[1;36m[Device: id=2] RX[0m: 0.03 Mpps, 107 Mbit/s (112 Mbit/s with framing)
[0;34m[Device: id=2] TX[0m: 0.03 Mpps, 107 Mbit/s (112 Mbit/s with framing)
[1;36m[Device: id=2] RX[0m: 0.03 Mpps, 107 Mbit/s (112 Mbit/s with framing)
[0;34m[Device: id=2] TX[0m: 0.03 Mpps, 107 Mbit/s (112 Mbit/s with framing)
[1;36m[Device: id=2] RX[0m: 0.03 Mpps, 108 Mbit/s (112 Mbit/s with framing)
[0;34m[Device: id=2] TX[0m: 0.03 Mpps, 108 Mbit/s (112 Mbit/s with framing)
[1;36m[Device: id=2] RX[0m: 0.03 Mpps, 108 Mbit/s (112 Mbit/s with framing)
[0;34m[Device: id=2] TX[0m: 0.03 Mpps, 107 Mbit/s (112 Mbit/s with framing)
[1;36m[Device: id=2] RX[0m: 0.03 Mpps, 107 Mbit/s (112 Mbit/s with framing)
[0;34m[Device: id=2] TX[0m: 0.03 Mpps, 107 Mbit/s (112 Mbit/s with framing)
[1;36m[Device: id=2] RX[0m: 0.03 Mpps, 107 Mbit/s (112 Mbit/s with framing)
[0;34m[Device: id=2] TX[0m: 0.03 Mpps, 107 Mbit/s (112 Mbit/s with framing)
[1;36m[Device: id=2] RX[0m: 0.03 Mpps, 107 Mbit/s (112 Mbit/s with framing)
[0;34m[Device: id=2] TX[0m: 0.03 Mpps, 107 Mbit/s (112 Mbit/s with framing)
[1;36m[Device: id=2] RX[0m: 0.03 Mpps, 107 Mbit/s (112 Mbit/s with framing)
[0;34m[Device: id=2] TX[0m: 0.03 Mpps, 107 Mbit/s (112 Mbit/s with framing)
[1;36m[Device: id=2] RX[0m: 0.03 Mpps, 107 Mbit/s (112 Mbit/s with framing)
[0;34m[Device: id=2] TX[0m: 0.03 Mpps, 107 Mbit/s (112 Mbit/s with framing)
[1;36m[Device: id=2] RX[0m: 0.03 Mpps, 107 Mbit/s (112 Mbit/s with framing)
[0;34m[Device: id=2] TX[0m: 0.03 Mpps, 107 Mbit/s (112 Mbit/s with framing)
[1;36m[Device: id=2] RX[0m: 0.03 Mpps, 108 Mbit/s (112 Mbit/s with framing)
[0;34m[Device: id=2] TX[0m: 0.03 Mpps, 107 Mbit/s (112 Mbit/s with framing)
[1;36m[Device: id=2] RX[0m: 0.03 Mpps, 107 Mbit/s (112 Mbit/s with framing)
[0;34m[Device: id=2] TX[0m: 0.03 Mpps, 107 Mbit/s (112 Mbit/s with framing)
[1;36m[Device: id=2] RX[0m: 0.03 Mpps, 107 Mbit/s (112 Mbit/s with framing)
[0;34m[Device: id=2] TX[0m: 0.03 Mpps, 107 Mbit/s (112 Mbit/s with framing)
[1;36m[Device: id=2] RX[0m: 0.03 Mpps, 108 Mbit/s (112 Mbit/s with framing)
[0;34m[Device: id=2] TX[0m: 0.03 Mpps, 108 Mbit/s (112 Mbit/s with framing)
[1;36m[Device: id=2] RX[0m: 0.03 Mpps, 107 Mbit/s (112 Mbit/s with framing)
[0;34m[Device: id=2] TX[0m: 0.03 Mpps, 107 Mbit/s (112 Mbit/s with framing)
[1;36m[Device: id=2] RX[0m: 0.03 Mpps, 107 Mbit/s (112 Mbit/s with framing)
[0;34m[Device: id=2] TX[0m: 0.03 Mpps, 107 Mbit/s (112 Mbit/s with framing)
[1;36m[Device: id=2] RX[0m: 0.03 Mpps, 107 Mbit/s (112 Mbit/s with framing)
[0;34m[Device: id=2] TX[0m: 0.03 Mpps, 107 Mbit/s (112 Mbit/s with framing)
[1;36m[Device: id=2] RX[0m: 0.03 Mpps, 107 Mbit/s (112 Mbit/s with framing)
[0;34m[Device: id=2] TX[0m: 0.03 Mpps, 107 Mbit/s (112 Mbit/s with framing)
[1;36m[Device: id=2] RX[0m: 0.03 Mpps, 107 Mbit/s (112 Mbit/s with framing)
[0;34m[Device: id=2] TX[0m: 0.03 Mpps, 107 Mbit/s (112 Mbit/s with framing)
[1;36m[Device: id=2] RX[0m: 0.03 Mpps, 107 Mbit/s (111 Mbit/s with framing)
[0;34m[Device: id=2] TX[0m: 0.03 Mpps, 107 Mbit/s (111 Mbit/s with framing)
[1;36m[Device: id=2] RX[0m: 0.03 Mpps, 107 Mbit/s (111 Mbit/s with framing)
[0;34m[Device: id=2] TX[0m: 0.03 Mpps, 107 Mbit/s (111 Mbit/s with framing)
[1;36m[Device: id=2] RX[0m: 0.03 Mpps, 107 Mbit/s (111 Mbit/s with framing)
[0;34m[Device: id=2] TX[0m: 0.03 Mpps, 107 Mbit/s (111 Mbit/s with framing)
[1;36m[Device: id=2] RX[0m: 0.03 Mpps, 107 Mbit/s (111 Mbit/s with framing)
[0;34m[Device: id=2] TX[0m: 0.03 Mpps, 107 Mbit/s (111 Mbit/s with framing)
[1;36m[Device: id=2] RX[0m: 0.03 Mpps, 107 Mbit/s (111 Mbit/s with framing)
[0;34m[Device: id=2] TX[0m: 0.03 Mpps, 107 Mbit/s (111 Mbit/s with framing)
[1;36m[Device: id=2] RX[0m: 0.03 Mpps, 107 Mbit/s (111 Mbit/s with framing)
[0;34m[Device: id=2] TX[0m: 0.03 Mpps, 107 Mbit/s (111 Mbit/s with framing)
[1;36m[Device: id=2] RX[0m: 0.03 Mpps, 107 Mbit/s (111 Mbit/s with framing)
[0;34m[Device: id=2] TX[0m: 0.03 Mpps, 107 Mbit/s (111 Mbit/s with framing)
[1;36m[Device: id=2] RX[0m: 0.03 Mpps, 107 Mbit/s (111 Mbit/s with framing)
[0;34m[Device: id=2] TX[0m: 0.03 Mpps, 107 Mbit/s (111 Mbit/s with framing)
[1;36m[Device: id=2] RX[0m: 0.03 Mpps, 107 Mbit/s (111 Mbit/s with framing)
[0;34m[Device: id=2] TX[0m: 0.03 Mpps, 107 Mbit/s (111 Mbit/s with framing)
[1;36m[Device: id=2] RX[0m: 0.03 Mpps, 107 Mbit/s (111 Mbit/s with framing)
[0;34m[Device: id=2] TX[0m: 0.03 Mpps, 107 Mbit/s (111 Mbit/s with framing)
[1;36m[Device: id=2] RX[0m: 0.03 Mpps, 107 Mbit/s (111 Mbit/s with framing)
[0;34m[Device: id=2] TX[0m: 0.03 Mpps, 107 Mbit/s (111 Mbit/s with framing)
[1;36m[Device: id=2] RX[0m: 0.03 Mpps, 107 Mbit/s (111 Mbit/s with framing)
[0;34m[Device: id=2] TX[0m: 0.03 Mpps, 107 Mbit/s (111 Mbit/s with framing)
[1;36m[Device: id=2] RX[0m: 0.03 Mpps, 107 Mbit/s (111 Mbit/s with framing)
[0;34m[Device: id=2] TX[0m: 0.03 Mpps, 107 Mbit/s (111 Mbit/s with framing)
[1;36m[Device: id=2] RX[0m: 0.03 Mpps, 107 Mbit/s (111 Mbit/s with framing)
[0;34m[Device: id=2] TX[0m: 0.03 Mpps, 107 Mbit/s (111 Mbit/s with framing)
[1;36m[Device: id=2] RX[0m: 0.03 Mpps, 107 Mbit/s (111 Mbit/s with framing)
[0;34m[Device: id=2] TX[0m: 0.03 Mpps, 107 Mbit/s (111 Mbit/s with framing)
[1;36m[Device: id=2] RX[0m: 0.03 Mpps, 107 Mbit/s (111 Mbit/s with framing)
[0;34m[Device: id=2] TX[0m: 0.03 Mpps, 107 Mbit/s (111 Mbit/s with framing)
[1;36m[Device: id=2] RX[0m: 0.03 Mpps, 107 Mbit/s (112 Mbit/s with framing)
[0;34m[Device: id=2] TX[0m: 0.03 Mpps, 107 Mbit/s (112 Mbit/s with framing)
[1;36m[Device: id=2] RX[0m: 0.03 Mpps, 107 Mbit/s (111 Mbit/s with framing)
[0;34m[Device: id=2] TX[0m: 0.03 Mpps, 107 Mbit/s (111 Mbit/s with framing)
[1;36m[Device: id=2] RX[0m: 0.03 Mpps, 107 Mbit/s (111 Mbit/s with framing)
[0;34m[Device: id=2] TX[0m: 0.03 Mpps, 107 Mbit/s (111 Mbit/s with framing)
[1;36m[Device: id=2] RX[0m: 0.03 Mpps, 107 Mbit/s (111 Mbit/s with framing)
[0;34m[Device: id=2] TX[0m: 0.03 Mpps, 107 Mbit/s (111 Mbit/s with framing)
[1;36m[Device: id=2] RX[0m: 0.03 Mpps, 107 Mbit/s (111 Mbit/s with framing)
[0;34m[Device: id=2] TX[0m: 0.03 Mpps, 107 Mbit/s (111 Mbit/s with framing)
[1;36m[Device: id=2] RX[0m: 0.03 Mpps, 107 Mbit/s (111 Mbit/s with framing)
[0;34m[Device: id=2] TX[0m: 0.03 Mpps, 107 Mbit/s (111 Mbit/s with framing)
[1;36m[Device: id=2] RX[0m: 0.03 Mpps, 107 Mbit/s (111 Mbit/s with framing)
[0;34m[Device: id=2] TX[0m: 0.03 Mpps, 107 Mbit/s (111 Mbit/s with framing)
[1;36m[Device: id=2] RX[0m: 0.03 Mpps, 107 Mbit/s (111 Mbit/s with framing)
[0;34m[Device: id=2] TX[0m: 0.03 Mpps, 107 Mbit/s (111 Mbit/s with framing)
[1;36m[Device: id=2] RX[0m: 0.03 Mpps, 107 Mbit/s (111 Mbit/s with framing)
[0;34m[Device: id=2] TX[0m: 0.03 Mpps, 107 Mbit/s (111 Mbit/s with framing)
[1;36m[Device: id=2] RX[0m: 0.03 Mpps, 107 Mbit/s (111 Mbit/s with framing)
[0;34m[Device: id=2] TX[0m: 0.03 Mpps, 107 Mbit/s (111 Mbit/s with framing)
[1;36m[Device: id=2] RX[0m: 0.03 Mpps, 107 Mbit/s (111 Mbit/s with framing)
[0;34m[Device: id=2] TX[0m: 0.03 Mpps, 107 Mbit/s (111 Mbit/s with framing)
[1;36m[Device: id=2] RX[0m: 0.03 Mpps, 107 Mbit/s (111 Mbit/s with framing)
[0;34m[Device: id=2] TX[0m: 0.03 Mpps, 107 Mbit/s (111 Mbit/s with framing)
[1;36m[Device: id=2] RX[0m: 0.03 Mpps, 107 Mbit/s (111 Mbit/s with framing)
[0;34m[Device: id=2] TX[0m: 0.03 Mpps, 107 Mbit/s (111 Mbit/s with framing)
[1;36m[Device: id=2] RX[0m: 0.03 Mpps, 107 Mbit/s (111 Mbit/s with framing)
[0;34m[Device: id=2] TX[0m: 0.03 Mpps, 107 Mbit/s (111 Mbit/s with framing)
[1;36m[Device: id=2] RX[0m: 0.03 Mpps, 107 Mbit/s (111 Mbit/s with framing)
[0;34m[Device: id=2] TX[0m: 0.03 Mpps, 107 Mbit/s (111 Mbit/s with framing)
[1;36m[Device: id=2] RX[0m: 0.03 Mpps, 107 Mbit/s (111 Mbit/s with framing)
[0;34m[Device: id=2] TX[0m: 0.03 Mpps, 107 Mbit/s (111 Mbit/s with framing)
[1;36m[Device: id=2] RX[0m: 0.03 Mpps, 107 Mbit/s (111 Mbit/s with framing)
[0;34m[Device: id=2] TX[0m: 0.03 Mpps, 107 Mbit/s (111 Mbit/s with framing)
[1;36m[Device: id=2] RX[0m: 0.03 Mpps, 107 Mbit/s (111 Mbit/s with framing)
[0;34m[Device: id=2] TX[0m: 0.03 Mpps, 107 Mbit/s (111 Mbit/s with framing)
[1;36m[Device: id=2] RX[0m: 0.03 Mpps, 107 Mbit/s (112 Mbit/s with framing)
[0;34m[Device: id=2] TX[0m: 0.03 Mpps, 107 Mbit/s (112 Mbit/s with framing)
[1;36m[Device: id=2] RX[0m: 0.03 Mpps, 107 Mbit/s (111 Mbit/s with framing)
[0;34m[Device: id=2] TX[0m: 0.03 Mpps, 107 Mbit/s (112 Mbit/s with framing)
[1;36m[Device: id=2] RX[0m: 0.03 Mpps, 107 Mbit/s (111 Mbit/s with framing)
[0;34m[Device: id=2] TX[0m: 0.03 Mpps, 107 Mbit/s (111 Mbit/s with framing)
[1;36m[Device: id=2] RX[0m: 0.03 Mpps, 107 Mbit/s (112 Mbit/s with framing)
[0;34m[Device: id=2] TX[0m: 0.03 Mpps, 107 Mbit/s (112 Mbit/s with framing)
[1;36m[Device: id=2] RX[0m: 0.03 Mpps, 107 Mbit/s (112 Mbit/s with framing)
[0;34m[Device: id=2] TX[0m: 0.03 Mpps, 107 Mbit/s (112 Mbit/s with framing)
[1;36m[Device: id=2] RX[0m: 0.03 Mpps, 107 Mbit/s (111 Mbit/s with framing)
[0;34m[Device: id=2] TX[0m: 0.03 Mpps, 107 Mbit/s (111 Mbit/s with framing)
[1;36m[Device: id=2] RX[0m: 0.03 Mpps, 107 Mbit/s (112 Mbit/s with framing)
[0;34m[Device: id=2] TX[0m: 0.03 Mpps, 107 Mbit/s (112 Mbit/s with framing)
[1;36m[Device: id=2] RX[0m: 0.03 Mpps, 107 Mbit/s (111 Mbit/s with framing)
[0;34m[Device: id=2] TX[0m: 0.03 Mpps, 107 Mbit/s (111 Mbit/s with framing)
[1;36m[Device: id=2] RX[0m: 0.03 Mpps, 107 Mbit/s (111 Mbit/s with framing)
[0;34m[Device: id=2] TX[0m: 0.03 Mpps, 107 Mbit/s (111 Mbit/s with framing)
[1;36m[Device: id=2] RX[0m: 0.03 Mpps, 107 Mbit/s (111 Mbit/s with framing)
[0;34m[Device: id=2] TX[0m: 0.03 Mpps, 107 Mbit/s (111 Mbit/s with framing)
[1;36m[Device: id=2] RX[0m: 0.03 Mpps, 107 Mbit/s (111 Mbit/s with framing)
[0;34m[Device: id=2] TX[0m: 0.03 Mpps, 107 Mbit/s (111 Mbit/s with framing)
[1;36m[Device: id=2] RX[0m: 0.03 Mpps, 107 Mbit/s (111 Mbit/s with framing)
[0;34m[Device: id=2] TX[0m: 0.03 Mpps, 107 Mbit/s (111 Mbit/s with framing)
[1;36m[Device: id=2] RX[0m: 0.03 Mpps, 107 Mbit/s (112 Mbit/s with framing)
[0;34m[Device: id=2] TX[0m: 0.03 Mpps, 107 Mbit/s (112 Mbit/s with framing)
[1;36m[Device: id=2] RX[0m: 0.03 Mpps, 107 Mbit/s (111 Mbit/s with framing)
[0;34m[Device: id=2] TX[0m: 0.03 Mpps, 107 Mbit/s (111 Mbit/s with framing)
[1;36m[Device: id=2] RX[0m: 0.03 Mpps, 107 Mbit/s (111 Mbit/s with framing)
[0;34m[Device: id=2] TX[0m: 0.03 Mpps, 107 Mbit/s (111 Mbit/s with framing)
[1;36m[Device: id=2] RX[0m: 0.03 Mpps, 107 Mbit/s (111 Mbit/s with framing)
[0;34m[Device: id=2] TX[0m: 0.03 Mpps, 107 Mbit/s (111 Mbit/s with framing)
[1;36m[Device: id=2] RX[0m: 0.03 Mpps, 107 Mbit/s (111 Mbit/s with framing)
[0;34m[Device: id=2] TX[0m: 0.03 Mpps, 107 Mbit/s (111 Mbit/s with framing)
[1;36m[Device: id=2] RX[0m: 0.03 Mpps, 107 Mbit/s (111 Mbit/s with framing)
[0;34m[Device: id=2] TX[0m: 0.03 Mpps, 107 Mbit/s (111 Mbit/s with framing)
[1;36m[Device: id=2] RX[0m: 0.03 Mpps, 107 Mbit/s (111 Mbit/s with framing)
[0;34m[Device: id=2] TX[0m: 0.03 Mpps, 107 Mbit/s (111 Mbit/s with framing)
[1;36m[Device: id=2] RX[0m: 0.03 Mpps, 107 Mbit/s (111 Mbit/s with framing)
[0;34m[Device: id=2] TX[0m: 0.03 Mpps, 107 Mbit/s (111 Mbit/s with framing)
[1;36m[Device: id=2] RX[0m: 0.03 Mpps, 107 Mbit/s (111 Mbit/s with framing)
[0;34m[Device: id=2] TX[0m: 0.03 Mpps, 107 Mbit/s (111 Mbit/s with framing)
[1;36m[Device: id=2] RX[0m: 0.03 Mpps, 107 Mbit/s (111 Mbit/s with framing)
[0;34m[Device: id=2] TX[0m: 0.03 Mpps, 107 Mbit/s (111 Mbit/s with framing)
[1;36m[Device: id=2] RX[0m: 0.03 Mpps, 107 Mbit/s (111 Mbit/s with framing)
[0;34m[Device: id=2] TX[0m: 0.03 Mpps, 107 Mbit/s (111 Mbit/s with framing)
[1;36m[Device: id=2] RX[0m: 0.03 Mpps, 107 Mbit/s (111 Mbit/s with framing)
[0;34m[Device: id=2] TX[0m: 0.03 Mpps, 107 Mbit/s (111 Mbit/s with framing)
[1;36m[Device: id=2] RX[0m: 0.03 Mpps, 107 Mbit/s (111 Mbit/s with framing)
[0;34m[Device: id=2] TX[0m: 0.03 Mpps, 107 Mbit/s (111 Mbit/s with framing)
[1;36m[Device: id=2] RX[0m: 0.03 Mpps, 107 Mbit/s (111 Mbit/s with framing)
[0;34m[Device: id=2] TX[0m: 0.03 Mpps, 107 Mbit/s (111 Mbit/s with framing)
[1;36m[Device: id=2] RX[0m: 0.03 Mpps, 107 Mbit/s (111 Mbit/s with framing)
[0;34m[Device: id=2] TX[0m: 0.03 Mpps, 107 Mbit/s (111 Mbit/s with framing)
[1;36m[Device: id=2] RX[0m: 0.03 Mpps, 107 Mbit/s (111 Mbit/s with framing)
[0;34m[Device: id=2] TX[0m: 0.03 Mpps, 107 Mbit/s (111 Mbit/s with framing)
[1;36m[Device: id=2] RX[0m: 0.03 Mpps, 107 Mbit/s (111 Mbit/s with framing)
[0;34m[Device: id=2] TX[0m: 0.03 Mpps, 107 Mbit/s (111 Mbit/s with framing)
[1;36m[Device: id=2] RX[0m: 0.03 Mpps, 107 Mbit/s (111 Mbit/s with framing)
[0;34m[Device: id=2] TX[0m: 0.03 Mpps, 107 Mbit/s (111 Mbit/s with framing)
[1;36m[Device: id=2] RX[0m: 0.03 Mpps, 107 Mbit/s (111 Mbit/s with framing)
[0;34m[Device: id=2] TX[0m: 0.03 Mpps, 107 Mbit/s (111 Mbit/s with framing)
[1;36m[Device: id=2] RX[0m: 0.03 Mpps, 107 Mbit/s (111 Mbit/s with framing)
[0;34m[Device: id=2] TX[0m: 0.03 Mpps, 107 Mbit/s (111 Mbit/s with framing)
[1;36m[Device: id=2] RX[0m: 0.03 Mpps, 107 Mbit/s (111 Mbit/s with framing)
[0;34m[Device: id=2] TX[0m: 0.03 Mpps, 107 Mbit/s (111 Mbit/s with framing)
[1;36m[Device: id=2] RX[0m: 0.03 Mpps, 107 Mbit/s (111 Mbit/s with framing)
[0;34m[Device: id=2] TX[0m: 0.03 Mpps, 107 Mbit/s (111 Mbit/s with framing)
[1;36m[Device: id=2] RX[0m: 0.03 Mpps, 107 Mbit/s (111 Mbit/s with framing)
[0;34m[Device: id=2] TX[0m: 0.03 Mpps, 107 Mbit/s (111 Mbit/s with framing)
[1;36m[Device: id=2] RX[0m: 0.03 Mpps, 107 Mbit/s (111 Mbit/s with framing)
[0;34m[Device: id=2] TX[0m: 0.03 Mpps, 107 Mbit/s (111 Mbit/s with framing)
[1;36m[Device: id=2] RX[0m: 0.03 Mpps, 107 Mbit/s (111 Mbit/s with framing)
[0;34m[Device: id=2] TX[0m: 0.03 Mpps, 107 Mbit/s (111 Mbit/s with framing)
[1;36m[Device: id=2] RX[0m: 0.03 Mpps, 107 Mbit/s (111 Mbit/s with framing)
[0;34m[Device: id=2] TX[0m: 0.03 Mpps, 107 Mbit/s (111 Mbit/s with framing)
[1;36m[Device: id=2] RX[0m: 0.03 Mpps, 107 Mbit/s (111 Mbit/s with framing)
[0;34m[Device: id=2] TX[0m: 0.03 Mpps, 107 Mbit/s (111 Mbit/s with framing)
[1;36m[Device: id=2] RX[0m: 0.03 Mpps, 107 Mbit/s (111 Mbit/s with framing)
[0;34m[Device: id=2] TX[0m: 0.03 Mpps, 107 Mbit/s (111 Mbit/s with framing)
[1;36m[Device: id=2] RX[0m: 0.03 Mpps, 107 Mbit/s (111 Mbit/s with framing)
[0;34m[Device: id=2] TX[0m: 0.03 Mpps, 107 Mbit/s (111 Mbit/s with framing)
[1;36m[Device: id=2] RX[0m: 0.03 Mpps, 107 Mbit/s (111 Mbit/s with framing)
[0;34m[Device: id=2] TX[0m: 0.03 Mpps, 107 Mbit/s (111 Mbit/s with framing)
[1;36m[Device: id=2] RX[0m: 0.03 Mpps, 107 Mbit/s (112 Mbit/s with framing)
[0;34m[Device: id=2] TX[0m: 0.03 Mpps, 107 Mbit/s (112 Mbit/s with framing)
[1;36m[Device: id=2] RX[0m: 0.03 Mpps, 107 Mbit/s (111 Mbit/s with framing)
[0;34m[Device: id=2] TX[0m: 0.03 Mpps, 107 Mbit/s (111 Mbit/s with framing)
[1;36m[Device: id=2] RX[0m: 0.03 Mpps, 107 Mbit/s (111 Mbit/s with framing)
[0;34m[Device: id=2] TX[0m: 0.03 Mpps, 107 Mbit/s (111 Mbit/s with framing)
[1;36m[Device: id=2] RX[0m: 0.03 Mpps, 107 Mbit/s (111 Mbit/s with framing)
[0;34m[Device: id=2] TX[0m: 0.03 Mpps, 107 Mbit/s (111 Mbit/s with framing)
[1;36m[Device: id=2] RX[0m: 0.03 Mpps, 107 Mbit/s (112 Mbit/s with framing)
[0;34m[Device: id=2] TX[0m: 0.03 Mpps, 107 Mbit/s (111 Mbit/s with framing)
[1;36m[Device: id=2] RX[0m: 0.03 Mpps, 107 Mbit/s (111 Mbit/s with framing)
[0;34m[Device: id=2] TX[0m: 0.03 Mpps, 107 Mbit/s (111 Mbit/s with framing)
[1;36m[Device: id=2] RX[0m: 0.03 Mpps, 107 Mbit/s (111 Mbit/s with framing)
[0;34m[Device: id=2] TX[0m: 0.03 Mpps, 107 Mbit/s (111 Mbit/s with framing)
[1;36m[Device: id=2] RX[0m: 0.03 Mpps, 107 Mbit/s (111 Mbit/s with framing)
[0;34m[Device: id=2] TX[0m: 0.03 Mpps, 107 Mbit/s (111 Mbit/s with framing)
[1;36m[Device: id=2] RX[0m: 0.03 Mpps, 107 Mbit/s (111 Mbit/s with framing)
[0;34m[Device: id=2] TX[0m: 0.03 Mpps, 107 Mbit/s (111 Mbit/s with framing)
[1;36m[Device: id=2] RX[0m: 0.03 Mpps, 107 Mbit/s (111 Mbit/s with framing)
[0;34m[Device: id=2] TX[0m: 0.03 Mpps, 107 Mbit/s (111 Mbit/s with framing)
[1;36m[Device: id=2] RX[0m: 0.03 Mpps, 107 Mbit/s (111 Mbit/s with framing)
[0;34m[Device: id=2] TX[0m: 0.03 Mpps, 107 Mbit/s (111 Mbit/s with framing)
[1;36m[Device: id=2] RX[0m: 0.03 Mpps, 107 Mbit/s (111 Mbit/s with framing)
[0;34m[Device: id=2] TX[0m: 0.03 Mpps, 107 Mbit/s (111 Mbit/s with framing)
[1;36m[Device: id=2] RX[0m: 0.03 Mpps, 107 Mbit/s (111 Mbit/s with framing)
[0;34m[Device: id=2] TX[0m: 0.03 Mpps, 107 Mbit/s (111 Mbit/s with framing)
[1;36m[Device: id=2] RX[0m: 0.03 Mpps, 107 Mbit/s (112 Mbit/s with framing)
[0;34m[Device: id=2] TX[0m: 0.03 Mpps, 107 Mbit/s (112 Mbit/s with framing)
[1;36m[Device: id=2] RX[0m: 0.03 Mpps, 107 Mbit/s (111 Mbit/s with framing)
[0;34m[Device: id=2] TX[0m: 0.03 Mpps, 107 Mbit/s (111 Mbit/s with framing)
[1;36m[Device: id=2] RX[0m: 0.03 Mpps, 107 Mbit/s (112 Mbit/s with framing)
[0;34m[Device: id=2] TX[0m: 0.03 Mpps, 107 Mbit/s (112 Mbit/s with framing)
[1;36m[Device: id=2] RX[0m: 0.03 Mpps, 107 Mbit/s (111 Mbit/s with framing)
[0;34m[Device: id=2] TX[0m: 0.03 Mpps, 107 Mbit/s (111 Mbit/s with framing)
[1;36m[Device: id=2] RX[0m: 0.03 Mpps, 107 Mbit/s (112 Mbit/s with framing)
[0;34m[Device: id=2] TX[0m: 0.03 Mpps, 107 Mbit/s (112 Mbit/s with framing)
[1;36m[Device: id=2] RX[0m: 0.03 Mpps, 107 Mbit/s (112 Mbit/s with framing)
[0;34m[Device: id=2] TX[0m: 0.03 Mpps, 107 Mbit/s (111 Mbit/s with framing)
[1;36m[Device: id=2] RX[0m: 0.03 Mpps, 107 Mbit/s (111 Mbit/s with framing)
[0;34m[Device: id=2] TX[0m: 0.03 Mpps, 107 Mbit/s (111 Mbit/s with framing)
[1;36m[Device: id=2] RX[0m: 0.03 Mpps, 107 Mbit/s (112 Mbit/s with framing)
[0;34m[Device: id=2] TX[0m: 0.03 Mpps, 107 Mbit/s (112 Mbit/s with framing)
[1;36m[Device: id=2] RX[0m: 0.03 Mpps, 107 Mbit/s (112 Mbit/s with framing)
[0;34m[Device: id=2] TX[0m: 0.03 Mpps, 107 Mbit/s (112 Mbit/s with framing)
[1;36m[Device: id=2] RX[0m: 0.03 Mpps, 107 Mbit/s (112 Mbit/s with framing)
[0;34m[Device: id=2] TX[0m: 0.03 Mpps, 107 Mbit/s (112 Mbit/s with framing)
[1;36m[Device: id=2] RX[0m: 0.03 Mpps, 107 Mbit/s (111 Mbit/s with framing)
[0;34m[Device: id=2] TX[0m: 0.03 Mpps, 107 Mbit/s (111 Mbit/s with framing)
[1;36m[Device: id=2] RX[0m: 0.03 Mpps, 107 Mbit/s (111 Mbit/s with framing)
[0;34m[Device: id=2] TX[0m: 0.03 Mpps, 107 Mbit/s (111 Mbit/s with framing)
[1;36m[Device: id=2] RX[0m: 0.03 Mpps, 107 Mbit/s (112 Mbit/s with framing)
[0;34m[Device: id=2] TX[0m: 0.03 Mpps, 107 Mbit/s (112 Mbit/s with framing)
[1;36m[Device: id=2] RX[0m: 0.03 Mpps, 107 Mbit/s (111 Mbit/s with framing)
[0;34m[Device: id=2] TX[0m: 0.03 Mpps, 107 Mbit/s (111 Mbit/s with framing)
[1;36m[Device: id=2] RX[0m: 0.03 Mpps, 107 Mbit/s (111 Mbit/s with framing)
[0;34m[Device: id=2] TX[0m: 0.03 Mpps, 107 Mbit/s (111 Mbit/s with framing)
[1;36m[Device: id=2] RX[0m: 0.03 Mpps, 107 Mbit/s (112 Mbit/s with framing)
[0;34m[Device: id=2] TX[0m: 0.03 Mpps, 107 Mbit/s (112 Mbit/s with framing)
[1;36m[Device: id=2] RX[0m: 0.03 Mpps, 107 Mbit/s (111 Mbit/s with framing)
[0;34m[Device: id=2] TX[0m: 0.03 Mpps, 107 Mbit/s (112 Mbit/s with framing)
[1;36m[Device: id=2] RX[0m: 0.03 Mpps, 107 Mbit/s (111 Mbit/s with framing)
[0;34m[Device: id=2] TX[0m: 0.03 Mpps, 107 Mbit/s (111 Mbit/s with framing)
[1;36m[Device: id=2] RX[0m: 0.03 Mpps, 107 Mbit/s (111 Mbit/s with framing)
[0;34m[Device: id=2] TX[0m: 0.03 Mpps, 107 Mbit/s (111 Mbit/s with framing)
[1;36m[Device: id=2] RX[0m: 0.03 Mpps, 107 Mbit/s (112 Mbit/s with framing)
[0;34m[Device: id=2] TX[0m: 0.03 Mpps, 107 Mbit/s (112 Mbit/s with framing)
[1;36m[Device: id=2] RX[0m: 0.03 Mpps, 107 Mbit/s (111 Mbit/s with framing)
[0;34m[Device: id=2] TX[0m: 0.03 Mpps, 107 Mbit/s (111 Mbit/s with framing)
[1;36m[Device: id=2] RX[0m: 0.03 Mpps, 107 Mbit/s (111 Mbit/s with framing)
[0;34m[Device: id=2] TX[0m: 0.03 Mpps, 107 Mbit/s (111 Mbit/s with framing)
[1;36m[Device: id=2] RX[0m: 0.03 Mpps, 107 Mbit/s (111 Mbit/s with framing)
[0;34m[Device: id=2] TX[0m: 0.03 Mpps, 107 Mbit/s (111 Mbit/s with framing)
[1;36m[Device: id=2] RX[0m: 0.03 Mpps, 107 Mbit/s (111 Mbit/s with framing)
[0;34m[Device: id=2] TX[0m: 0.03 Mpps, 107 Mbit/s (111 Mbit/s with framing)
[1;36m[Device: id=2] RX[0m: 0.03 Mpps, 107 Mbit/s (111 Mbit/s with framing)
[0;34m[Device: id=2] TX[0m: 0.03 Mpps, 107 Mbit/s (111 Mbit/s with framing)
[1;36m[Device: id=2] RX[0m: 0.03 Mpps, 107 Mbit/s (111 Mbit/s with framing)
[0;34m[Device: id=2] TX[0m: 0.03 Mpps, 107 Mbit/s (111 Mbit/s with framing)
[1;36m[Device: id=2] RX[0m: 0.03 Mpps, 107 Mbit/s (111 Mbit/s with framing)
[0;34m[Device: id=2] TX[0m: 0.03 Mpps, 107 Mbit/s (111 Mbit/s with framing)
[1;36m[Device: id=2] RX[0m: 0.03 Mpps, 107 Mbit/s (111 Mbit/s with framing)
[0;34m[Device: id=2] TX[0m: 0.03 Mpps, 107 Mbit/s (111 Mbit/s with framing)
[1;36m[Device: id=2] RX[0m: 0.03 Mpps, 107 Mbit/s (111 Mbit/s with framing)
[0;34m[Device: id=2] TX[0m: 0.03 Mpps, 107 Mbit/s (111 Mbit/s with framing)
[1;36m[Device: id=2] RX[0m: 0.03 Mpps, 107 Mbit/s (111 Mbit/s with framing)
[0;34m[Device: id=2] TX[0m: 0.03 Mpps, 107 Mbit/s (111 Mbit/s with framing)
[1;36m[Device: id=2] RX[0m: 0.03 Mpps, 107 Mbit/s (111 Mbit/s with framing)
[0;34m[Device: id=2] TX[0m: 0.03 Mpps, 107 Mbit/s (111 Mbit/s with framing)
[1;36m[Device: id=2] RX[0m: 0.03 Mpps, 107 Mbit/s (111 Mbit/s with framing)
[0;34m[Device: id=2] TX[0m: 0.03 Mpps, 107 Mbit/s (111 Mbit/s with framing)
[1;36m[Device: id=2] RX[0m: 0.03 Mpps, 107 Mbit/s (111 Mbit/s with framing)
[0;34m[Device: id=2] TX[0m: 0.03 Mpps, 107 Mbit/s (111 Mbit/s with framing)
[1;36m[Device: id=2] RX[0m: 0.03 Mpps, 107 Mbit/s (111 Mbit/s with framing)
[0;34m[Device: id=2] TX[0m: 0.03 Mpps, 107 Mbit/s (111 Mbit/s with framing)
[1;36m[Device: id=2] RX[0m: 0.03 Mpps, 107 Mbit/s (111 Mbit/s with framing)
[0;34m[Device: id=2] TX[0m: 0.03 Mpps, 107 Mbit/s (111 Mbit/s with framing)
[1;36m[Device: id=2] RX[0m: 0.03 Mpps, 107 Mbit/s (111 Mbit/s with framing)
[0;34m[Device: id=2] TX[0m: 0.03 Mpps, 107 Mbit/s (111 Mbit/s with framing)
[1;36m[Device: id=2] RX[0m: 0.03 Mpps, 107 Mbit/s (111 Mbit/s with framing)
[0;34m[Device: id=2] TX[0m: 0.03 Mpps, 107 Mbit/s (111 Mbit/s with framing)
[1;36m[Device: id=2] RX[0m: 0.03 Mpps, 107 Mbit/s (111 Mbit/s with framing)
[0;34m[Device: id=2] TX[0m: 0.03 Mpps, 107 Mbit/s (111 Mbit/s with framing)
[1;36m[Device: id=2] RX[0m: 0.03 Mpps, 107 Mbit/s (111 Mbit/s with framing)
[0;34m[Device: id=2] TX[0m: 0.03 Mpps, 107 Mbit/s (111 Mbit/s with framing)
[1;36m[Device: id=2] RX[0m: 0.03 Mpps, 107 Mbit/s (112 Mbit/s with framing)
[0;34m[Device: id=2] TX[0m: 0.03 Mpps, 107 Mbit/s (112 Mbit/s with framing)
[1;36m[Device: id=2] RX[0m: 0.03 Mpps, 107 Mbit/s (111 Mbit/s with framing)
[0;34m[Device: id=2] TX[0m: 0.03 Mpps, 107 Mbit/s (111 Mbit/s with framing)
[1;36m[Device: id=2] RX[0m: 0.03 Mpps, 107 Mbit/s (111 Mbit/s with framing)
[0;34m[Device: id=2] TX[0m: 0.03 Mpps, 107 Mbit/s (111 Mbit/s with framing)
[1;36m[Device: id=2] RX[0m: 0.03 Mpps, 107 Mbit/s (112 Mbit/s with framing)
[0;34m[Device: id=2] TX[0m: 0.03 Mpps, 107 Mbit/s (112 Mbit/s with framing)
[1;36m[Device: id=2] RX[0m: 0.03 Mpps, 107 Mbit/s (111 Mbit/s with framing)
[0;34m[Device: id=2] TX[0m: 0.03 Mpps, 107 Mbit/s (111 Mbit/s with framing)
[1;36m[Device: id=2] RX[0m: 0.03 Mpps, 107 Mbit/s (111 Mbit/s with framing)
[0;34m[Device: id=2] TX[0m: 0.03 Mpps, 107 Mbit/s (111 Mbit/s with framing)
[1;36m[Device: id=2] RX[0m: 0.03 Mpps, 107 Mbit/s (111 Mbit/s with framing)
[0;34m[Device: id=2] TX[0m: 0.03 Mpps, 107 Mbit/s (111 Mbit/s with framing)
[1;36m[Device: id=2] RX[0m: 0.03 Mpps, 107 Mbit/s (111 Mbit/s with framing)
[0;34m[Device: id=2] TX[0m: 0.03 Mpps, 107 Mbit/s (111 Mbit/s with framing)
[1;36m[Device: id=2] RX[0m: 0.03 Mpps, 107 Mbit/s (111 Mbit/s with framing)
[0;34m[Device: id=2] TX[0m: 0.03 Mpps, 107 Mbit/s (111 Mbit/s with framing)
[1;36m[Device: id=2] RX[0m: 0.03 Mpps, 107 Mbit/s (112 Mbit/s with framing)
[0;34m[Device: id=2] TX[0m: 0.03 Mpps, 107 Mbit/s (112 Mbit/s with framing)
[1;36m[Device: id=2] RX[0m: 0.03 Mpps, 107 Mbit/s (111 Mbit/s with framing)
[0;34m[Device: id=2] TX[0m: 0.03 Mpps, 107 Mbit/s (111 Mbit/s with framing)
[1;36m[Device: id=2] RX[0m: 0.03 Mpps, 107 Mbit/s (111 Mbit/s with framing)
[0;34m[Device: id=2] TX[0m: 0.03 Mpps, 107 Mbit/s (111 Mbit/s with framing)
[1;36m[Device: id=2] RX[0m: 0.03 Mpps, 107 Mbit/s (111 Mbit/s with framing)
[0;34m[Device: id=2] TX[0m: 0.03 Mpps, 107 Mbit/s (111 Mbit/s with framing)
[1;36m[Device: id=2] RX[0m: 0.03 Mpps, 107 Mbit/s (112 Mbit/s with framing)
[0;34m[Device: id=2] TX[0m: 0.03 Mpps, 107 Mbit/s (111 Mbit/s with framing)
[1;36m[Device: id=2] RX[0m: 0.03 Mpps, 107 Mbit/s (112 Mbit/s with framing)
[0;34m[Device: id=2] TX[0m: 0.03 Mpps, 107 Mbit/s (112 Mbit/s with framing)
[1;36m[Device: id=2] RX[0m: 0.03 Mpps, 107 Mbit/s (111 Mbit/s with framing)
[0;34m[Device: id=2] TX[0m: 0.03 Mpps, 107 Mbit/s (111 Mbit/s with framing)
[1;36m[Device: id=2] RX[0m: 0.03 Mpps, 107 Mbit/s (111 Mbit/s with framing)
[0;34m[Device: id=2] TX[0m: 0.03 Mpps, 107 Mbit/s (111 Mbit/s with framing)
[1;36m[Device: id=2] RX[0m: 0.03 Mpps, 107 Mbit/s (111 Mbit/s with framing)
[0;34m[Device: id=2] TX[0m: 0.03 Mpps, 107 Mbit/s (111 Mbit/s with framing)
[1;36m[Device: id=2] RX[0m: 0.03 Mpps, 107 Mbit/s (112 Mbit/s with framing)
[0;34m[Device: id=2] TX[0m: 0.03 Mpps, 107 Mbit/s (111 Mbit/s with framing)
[1;36m[Device: id=2] RX[0m: 0.03 Mpps, 107 Mbit/s (111 Mbit/s with framing)
[0;34m[Device: id=2] TX[0m: 0.03 Mpps, 107 Mbit/s (111 Mbit/s with framing)
[1;36m[Device: id=2] RX[0m: 0.03 Mpps, 107 Mbit/s (112 Mbit/s with framing)
[0;34m[Device: id=2] TX[0m: 0.03 Mpps, 107 Mbit/s (112 Mbit/s with framing)
[1;36m[Device: id=2] RX[0m: 0.03 Mpps, 107 Mbit/s (111 Mbit/s with framing)
[0;34m[Device: id=2] TX[0m: 0.03 Mpps, 107 Mbit/s (111 Mbit/s with framing)
[1;36m[Device: id=2] RX[0m: 0.03 Mpps, 107 Mbit/s (111 Mbit/s with framing)
[0;34m[Device: id=2] TX[0m: 0.03 Mpps, 107 Mbit/s (111 Mbit/s with framing)
[1;36m[Device: id=2] RX[0m: 0.03 Mpps, 107 Mbit/s (111 Mbit/s with framing)
[0;34m[Device: id=2] TX[0m: 0.03 Mpps, 107 Mbit/s (111 Mbit/s with framing)
[1;36m[Device: id=2] RX[0m: 0.03 Mpps, 107 Mbit/s (111 Mbit/s with framing)
[0;34m[Device: id=2] TX[0m: 0.03 Mpps, 107 Mbit/s (111 Mbit/s with framing)
[1;36m[Device: id=2] RX[0m: 0.03 Mpps, 107 Mbit/s (111 Mbit/s with framing)
[0;34m[Device: id=2] TX[0m: 0.03 Mpps, 107 Mbit/s (111 Mbit/s with framing)
[1;36m[Device: id=2] RX[0m: 0.03 Mpps, 107 Mbit/s (111 Mbit/s with framing)
[0;34m[Device: id=2] TX[0m: 0.03 Mpps, 107 Mbit/s (111 Mbit/s with framing)
[1;36m[Device: id=2] RX[0m: 0.03 Mpps, 107 Mbit/s (111 Mbit/s with framing)
[0;34m[Device: id=2] TX[0m: 0.03 Mpps, 107 Mbit/s (111 Mbit/s with framing)
[1;36m[Device: id=2] RX[0m: 0.03 Mpps, 107 Mbit/s (112 Mbit/s with framing)
[0;34m[Device: id=2] TX[0m: 0.03 Mpps, 107 Mbit/s (112 Mbit/s with framing)
[1;36m[Device: id=2] RX[0m: 0.03 Mpps, 107 Mbit/s (112 Mbit/s with framing)
[0;34m[Device: id=2] TX[0m: 0.03 Mpps, 107 Mbit/s (112 Mbit/s with framing)
[1;36m[Device: id=2] RX[0m: 0.03 Mpps, 107 Mbit/s (112 Mbit/s with framing)
[0;34m[Device: id=2] TX[0m: 0.03 Mpps, 107 Mbit/s (112 Mbit/s with framing)
[1;36m[Device: id=2] RX[0m: 0.03 Mpps, 107 Mbit/s (111 Mbit/s with framing)
[0;34m[Device: id=2] TX[0m: 0.03 Mpps, 107 Mbit/s (111 Mbit/s with framing)
[1;36m[Device: id=2] RX[0m: 0.03 Mpps, 107 Mbit/s (112 Mbit/s with framing)
[0;34m[Device: id=2] TX[0m: 0.03 Mpps, 107 Mbit/s (112 Mbit/s with framing)
[1;36m[Device: id=2] RX[0m: 0.03 Mpps, 107 Mbit/s (112 Mbit/s with framing)
[0;34m[Device: id=2] TX[0m: 0.03 Mpps, 107 Mbit/s (112 Mbit/s with framing)
[1;36m[Device: id=2] RX[0m: 0.03 Mpps, 107 Mbit/s (111 Mbit/s with framing)
[0;34m[Device: id=2] TX[0m: 0.03 Mpps, 107 Mbit/s (111 Mbit/s with framing)
[1;36m[Device: id=2] RX[0m: 0.03 Mpps, 107 Mbit/s (111 Mbit/s with framing)
[0;34m[Device: id=2] TX[0m: 0.03 Mpps, 107 Mbit/s (111 Mbit/s with framing)
[1;36m[Device: id=2] RX[0m: 0.03 Mpps, 107 Mbit/s (112 Mbit/s with framing)
[0;34m[Device: id=2] TX[0m: 0.03 Mpps, 107 Mbit/s (112 Mbit/s with framing)
[1;36m[Device: id=2] RX[0m: 0.03 Mpps, 107 Mbit/s (112 Mbit/s with framing)
[0;34m[Device: id=2] TX[0m: 0.03 Mpps, 107 Mbit/s (112 Mbit/s with framing)
[1;36m[Device: id=2] RX[0m: 0.03 Mpps, 107 Mbit/s (111 Mbit/s with framing)
[0;34m[Device: id=2] TX[0m: 0.03 Mpps, 107 Mbit/s (111 Mbit/s with framing)
[1;36m[Device: id=2] RX[0m: 0.03 Mpps, 107 Mbit/s (112 Mbit/s with framing)
[0;34m[Device: id=2] TX[0m: 0.03 Mpps, 107 Mbit/s (112 Mbit/s with framing)
[1;36m[Device: id=2] RX[0m: 0.03 Mpps, 107 Mbit/s (112 Mbit/s with framing)
[0;34m[Device: id=2] TX[0m: 0.03 Mpps, 107 Mbit/s (112 Mbit/s with framing)
[1;36m[Device: id=2] RX[0m: 0.03 Mpps, 107 Mbit/s (111 Mbit/s with framing)
[0;34m[Device: id=2] TX[0m: 0.03 Mpps, 107 Mbit/s (111 Mbit/s with framing)
[1;36m[Device: id=2] RX[0m: 0.03 Mpps, 107 Mbit/s (111 Mbit/s with framing)
[0;34m[Device: id=2] TX[0m: 0.03 Mpps, 107 Mbit/s (111 Mbit/s with framing)
[1;36m[Device: id=2] RX[0m: 0.03 Mpps, 107 Mbit/s (111 Mbit/s with framing)
[0;34m[Device: id=2] TX[0m: 0.03 Mpps, 107 Mbit/s (111 Mbit/s with framing)
[1;36m[Device: id=2] RX[0m: 0.03 Mpps, 107 Mbit/s (112 Mbit/s with framing)
[0;34m[Device: id=2] TX[0m: 0.03 Mpps, 107 Mbit/s (112 Mbit/s with framing)
[1;36m[Device: id=2] RX[0m: 0.03 Mpps, 107 Mbit/s (111 Mbit/s with framing)
[0;34m[Device: id=2] TX[0m: 0.03 Mpps, 107 Mbit/s (111 Mbit/s with framing)
[1;36m[Device: id=2] RX[0m: 0.03 Mpps, 107 Mbit/s (112 Mbit/s with framing)
[0;34m[Device: id=2] TX[0m: 0.03 Mpps, 107 Mbit/s (112 Mbit/s with framing)
[1;36m[Device: id=2] RX[0m: 0.03 Mpps, 107 Mbit/s (112 Mbit/s with framing)
[0;34m[Device: id=2] TX[0m: 0.03 Mpps, 107 Mbit/s (112 Mbit/s with framing)
[1;36m[Device: id=2] RX[0m: 0.03 Mpps, 107 Mbit/s (111 Mbit/s with framing)
[0;34m[Device: id=2] TX[0m: 0.03 Mpps, 107 Mbit/s (111 Mbit/s with framing)
[1;36m[Device: id=2] RX[0m: 0.03 Mpps, 107 Mbit/s (111 Mbit/s with framing)
[0;34m[Device: id=2] TX[0m: 0.03 Mpps, 107 Mbit/s (111 Mbit/s with framing)
[1;36m[Device: id=2] RX[0m: 0.03 Mpps, 107 Mbit/s (111 Mbit/s with framing)
[0;34m[Device: id=2] TX[0m: 0.03 Mpps, 107 Mbit/s (111 Mbit/s with framing)
[1;36m[Device: id=2] RX[0m: 0.03 Mpps, 107 Mbit/s (112 Mbit/s with framing)
[0;34m[Device: id=2] TX[0m: 0.03 Mpps, 107 Mbit/s (112 Mbit/s with framing)
[1;36m[Device: id=2] RX[0m: 0.03 Mpps, 107 Mbit/s (112 Mbit/s with framing)
[0;34m[Device: id=2] TX[0m: 0.03 Mpps, 107 Mbit/s (111 Mbit/s with framing)
[1;36m[Device: id=2] RX[0m: 0.03 Mpps, 107 Mbit/s (111 Mbit/s with framing)
[0;34m[Device: id=2] TX[0m: 0.03 Mpps, 107 Mbit/s (111 Mbit/s with framing)
[1;36m[Device: id=2] RX[0m: 0.03 Mpps, 107 Mbit/s (111 Mbit/s with framing)
[0;34m[Device: id=2] TX[0m: 0.03 Mpps, 107 Mbit/s (111 Mbit/s with framing)
[1;36m[Device: id=2] RX[0m: 0.03 Mpps, 107 Mbit/s (111 Mbit/s with framing)
[0;34m[Device: id=2] TX[0m: 0.03 Mpps, 107 Mbit/s (111 Mbit/s with framing)
[1;36m[Device: id=2] RX[0m: 0.03 Mpps, 107 Mbit/s (111 Mbit/s with framing)
[0;34m[Device: id=2] TX[0m: 0.03 Mpps, 107 Mbit/s (111 Mbit/s with framing)
[1;36m[Device: id=2] RX[0m: 0.03 Mpps, 107 Mbit/s (111 Mbit/s with framing)
[0;34m[Device: id=2] TX[0m: 0.03 Mpps, 107 Mbit/s (111 Mbit/s with framing)
[1;36m[Device: id=2] RX[0m: 0.03 Mpps, 107 Mbit/s (111 Mbit/s with framing)
[0;34m[Device: id=2] TX[0m: 0.03 Mpps, 107 Mbit/s (111 Mbit/s with framing)
[1;36m[Device: id=2] RX[0m: 0.03 Mpps, 107 Mbit/s (111 Mbit/s with framing)
[0;34m[Device: id=2] TX[0m: 0.03 Mpps, 107 Mbit/s (111 Mbit/s with framing)
[1;36m[Device: id=2] RX[0m: 0.03 Mpps, 107 Mbit/s (111 Mbit/s with framing)
[0;34m[Device: id=2] TX[0m: 0.03 Mpps, 107 Mbit/s (111 Mbit/s with framing)
[1;36m[Device: id=2] RX[0m: 0.03 Mpps, 107 Mbit/s (111 Mbit/s with framing)
[0;34m[Device: id=2] TX[0m: 0.03 Mpps, 107 Mbit/s (111 Mbit/s with framing)
[1;36m[Device: id=2] RX[0m: 0.03 Mpps, 107 Mbit/s (111 Mbit/s with framing)
[0;34m[Device: id=2] TX[0m: 0.03 Mpps, 107 Mbit/s (111 Mbit/s with framing)
[1;36m[Device: id=2] RX[0m: 0.03 Mpps, 107 Mbit/s (111 Mbit/s with framing)
[0;34m[Device: id=2] TX[0m: 0.03 Mpps, 107 Mbit/s (111 Mbit/s with framing)
[1;36m[Device: id=2] RX[0m: 0.03 Mpps, 107 Mbit/s (111 Mbit/s with framing)
[0;34m[Device: id=2] TX[0m: 0.03 Mpps, 107 Mbit/s (111 Mbit/s with framing)
[1;36m[Device: id=2] RX[0m: 0.03 Mpps, 107 Mbit/s (111 Mbit/s with framing)
[0;34m[Device: id=2] TX[0m: 0.03 Mpps, 107 Mbit/s (111 Mbit/s with framing)
[1;36m[Device: id=2] RX[0m: 0.03 Mpps, 107 Mbit/s (111 Mbit/s with framing)
[0;34m[Device: id=2] TX[0m: 0.03 Mpps, 107 Mbit/s (111 Mbit/s with framing)
[1;36m[Device: id=2] RX[0m: 0.03 Mpps, 107 Mbit/s (111 Mbit/s with framing)
[0;34m[Device: id=2] TX[0m: 0.03 Mpps, 107 Mbit/s (111 Mbit/s with framing)
[1;36m[Device: id=2] RX[0m: 0.03 Mpps, 107 Mbit/s (111 Mbit/s with framing)
[0;34m[Device: id=2] TX[0m: 0.03 Mpps, 107 Mbit/s (111 Mbit/s with framing)
[1;36m[Device: id=2] RX[0m: 0.03 Mpps, 107 Mbit/s (111 Mbit/s with framing)
[0;34m[Device: id=2] TX[0m: 0.03 Mpps, 107 Mbit/s (111 Mbit/s with framing)
[1;36m[Device: id=2] RX[0m: 0.03 Mpps, 107 Mbit/s (111 Mbit/s with framing)
[0;34m[Device: id=2] TX[0m: 0.03 Mpps, 107 Mbit/s (111 Mbit/s with framing)
[1;36m[Device: id=2] RX[0m: 0.03 Mpps, 107 Mbit/s (111 Mbit/s with framing)
[0;34m[Device: id=2] TX[0m: 0.03 Mpps, 107 Mbit/s (111 Mbit/s with framing)
[1;36m[Device: id=2] RX[0m: 0.03 Mpps, 107 Mbit/s (111 Mbit/s with framing)
[0;34m[Device: id=2] TX[0m: 0.03 Mpps, 107 Mbit/s (111 Mbit/s with framing)
[1;36m[Device: id=2] RX[0m: 0.03 Mpps, 107 Mbit/s (111 Mbit/s with framing)
[0;34m[Device: id=2] TX[0m: 0.03 Mpps, 107 Mbit/s (111 Mbit/s with framing)
[1;36m[Device: id=2] RX[0m: 0.03 Mpps, 107 Mbit/s (111 Mbit/s with framing)
[0;34m[Device: id=2] TX[0m: 0.03 Mpps, 107 Mbit/s (111 Mbit/s with framing)
[1;36m[Device: id=2] RX[0m: 0.03 Mpps, 107 Mbit/s (111 Mbit/s with framing)
[0;34m[Device: id=2] TX[0m: 0.03 Mpps, 107 Mbit/s (111 Mbit/s with framing)
[1;36m[Device: id=2] RX[0m: 0.03 Mpps, 107 Mbit/s (112 Mbit/s with framing)
[0;34m[Device: id=2] TX[0m: 0.03 Mpps, 107 Mbit/s (112 Mbit/s with framing)
[1;36m[Device: id=2] RX[0m: 0.03 Mpps, 107 Mbit/s (112 Mbit/s with framing)
[0;34m[Device: id=2] TX[0m: 0.03 Mpps, 107 Mbit/s (112 Mbit/s with framing)
[1;36m[Device: id=2] RX[0m: 0.03 Mpps, 107 Mbit/s (111 Mbit/s with framing)
[0;34m[Device: id=2] TX[0m: 0.03 Mpps, 107 Mbit/s (111 Mbit/s with framing)
[1;36m[Device: id=2] RX[0m: 0.03 Mpps, 107 Mbit/s (111 Mbit/s with framing)
[0;34m[Device: id=2] TX[0m: 0.03 Mpps, 107 Mbit/s (111 Mbit/s with framing)
[1;36m[Device: id=2] RX[0m: 0.03 Mpps, 107 Mbit/s (111 Mbit/s with framing)
[0;34m[Device: id=2] TX[0m: 0.03 Mpps, 107 Mbit/s (111 Mbit/s with framing)
[1;36m[Device: id=2] RX[0m: 0.03 Mpps, 107 Mbit/s (111 Mbit/s with framing)
[0;34m[Device: id=2] TX[0m: 0.03 Mpps, 107 Mbit/s (111 Mbit/s with framing)
[1;36m[Device: id=2] RX[0m: 0.03 Mpps, 107 Mbit/s (111 Mbit/s with framing)
[0;34m[Device: id=2] TX[0m: 0.03 Mpps, 107 Mbit/s (111 Mbit/s with framing)
[1;36m[Device: id=2] RX[0m: 0.03 Mpps, 107 Mbit/s (111 Mbit/s with framing)
[0;34m[Device: id=2] TX[0m: 0.03 Mpps, 107 Mbit/s (112 Mbit/s with framing)
[1;36m[Device: id=2] RX[0m: 0.03 Mpps, 107 Mbit/s (111 Mbit/s with framing)
[0;34m[Device: id=2] TX[0m: 0.03 Mpps, 107 Mbit/s (111 Mbit/s with framing)
[1;36m[Device: id=2] RX[0m: 0.03 Mpps, 107 Mbit/s (112 Mbit/s with framing)
[0;34m[Device: id=2] TX[0m: 0.03 Mpps, 107 Mbit/s (112 Mbit/s with framing)
[1;36m[Device: id=2] RX[0m: 0.03 Mpps, 107 Mbit/s (111 Mbit/s with framing)
[0;34m[Device: id=2] TX[0m: 0.03 Mpps, 107 Mbit/s (111 Mbit/s with framing)
[1;36m[Device: id=2] RX[0m: 0.03 Mpps, 107 Mbit/s (111 Mbit/s with framing)
[0;34m[Device: id=2] TX[0m: 0.03 Mpps, 107 Mbit/s (111 Mbit/s with framing)
[1;36m[Device: id=2] RX[0m: 0.03 Mpps, 107 Mbit/s (111 Mbit/s with framing)
[0;34m[Device: id=2] TX[0m: 0.03 Mpps, 107 Mbit/s (111 Mbit/s with framing)
[1;36m[Device: id=2] RX[0m: 0.03 Mpps, 107 Mbit/s (111 Mbit/s with framing)
[0;34m[Device: id=2] TX[0m: 0.03 Mpps, 107 Mbit/s (111 Mbit/s with framing)
[1;36m[Device: id=2] RX[0m: 0.03 Mpps, 107 Mbit/s (111 Mbit/s with framing)
[0;34m[Device: id=2] TX[0m: 0.03 Mpps, 107 Mbit/s (111 Mbit/s with framing)
[1;36m[Device: id=2] RX[0m: 0.03 Mpps, 107 Mbit/s (111 Mbit/s with framing)
[0;34m[Device: id=2] TX[0m: 0.03 Mpps, 107 Mbit/s (111 Mbit/s with framing)
[1;36m[Device: id=2] RX[0m: 0.03 Mpps, 107 Mbit/s (111 Mbit/s with framing)
[0;34m[Device: id=2] TX[0m: 0.03 Mpps, 107 Mbit/s (111 Mbit/s with framing)
[1;36m[Device: id=2] RX[0m: 0.03 Mpps, 107 Mbit/s (111 Mbit/s with framing)
[0;34m[Device: id=2] TX[0m: 0.03 Mpps, 107 Mbit/s (111 Mbit/s with framing)
[1;36m[Device: id=2] RX[0m: 0.03 Mpps, 107 Mbit/s (111 Mbit/s with framing)
[0;34m[Device: id=2] TX[0m: 0.03 Mpps, 107 Mbit/s (111 Mbit/s with framing)
[1;36m[Device: id=2] RX[0m: 0.03 Mpps, 107 Mbit/s (111 Mbit/s with framing)
[0;34m[Device: id=2] TX[0m: 0.03 Mpps, 107 Mbit/s (111 Mbit/s with framing)
[1;36m[Device: id=2] RX[0m: 0.03 Mpps, 107 Mbit/s (112 Mbit/s with framing)
[0;34m[Device: id=2] TX[0m: 0.03 Mpps, 107 Mbit/s (111 Mbit/s with framing)
[1;36m[Device: id=2] RX[0m: 0.03 Mpps, 107 Mbit/s (111 Mbit/s with framing)
[0;34m[Device: id=2] TX[0m: 0.03 Mpps, 107 Mbit/s (111 Mbit/s with framing)
[1;36m[Device: id=2] RX[0m: 0.03 Mpps, 107 Mbit/s (111 Mbit/s with framing)
[0;34m[Device: id=2] TX[0m: 0.03 Mpps, 107 Mbit/s (111 Mbit/s with framing)
[1;36m[Device: id=2] RX[0m: 0.03 Mpps, 107 Mbit/s (111 Mbit/s with framing)
[0;34m[Device: id=2] TX[0m: 0.03 Mpps, 107 Mbit/s (111 Mbit/s with framing)
[1;36m[Device: id=2] RX[0m: 0.03 Mpps, 107 Mbit/s (111 Mbit/s with framing)
[0;34m[Device: id=2] TX[0m: 0.03 Mpps, 107 Mbit/s (111 Mbit/s with framing)
[1;36m[Device: id=2] RX[0m: 0.03 Mpps, 107 Mbit/s (111 Mbit/s with framing)
[0;34m[Device: id=2] TX[0m: 0.03 Mpps, 107 Mbit/s (111 Mbit/s with framing)
[1;36m[Device: id=2] RX[0m: 0.03 Mpps, 107 Mbit/s (111 Mbit/s with framing)
[0;34m[Device: id=2] TX[0m: 0.03 Mpps, 107 Mbit/s (111 Mbit/s with framing)
[1;36m[Device: id=2] RX[0m: 0.03 Mpps, 107 Mbit/s (111 Mbit/s with framing)
[0;34m[Device: id=2] TX[0m: 0.03 Mpps, 107 Mbit/s (111 Mbit/s with framing)
[1;36m[Device: id=2] RX[0m: 0.03 Mpps, 107 Mbit/s (111 Mbit/s with framing)
[0;34m[Device: id=2] TX[0m: 0.03 Mpps, 107 Mbit/s (111 Mbit/s with framing)
[1;36m[Device: id=2] RX[0m: 0.03 Mpps, 107 Mbit/s (112 Mbit/s with framing)
[0;34m[Device: id=2] TX[0m: 0.03 Mpps, 107 Mbit/s (112 Mbit/s with framing)
[1;36m[Device: id=2] RX[0m: 0.01 Mpps, 26 Mbit/s (27 Mbit/s with framing)
[0;34m[Device: id=2] TX[0m: 0.01 Mpps, 24 Mbit/s (24 Mbit/s with framing)
[1;36m[Device: id=2] RX[0m: 0.00 Mpps, 0 Mbit/s (0 Mbit/s with framing)
[0;34m[Device: id=2] TX[0m: 0.00 Mpps, 0 Mbit/s (0 Mbit/s with framing)
[1;36m[Device: id=2] RX[0m: 0.00 Mpps, 0 Mbit/s (0 Mbit/s with framing)
[0;34m[Device: id=2] TX[0m: 0.00 Mpps, 0 Mbit/s (0 Mbit/s with framing)
[1;36m[Device: id=2] RX[0m: 0.00 Mpps, 0 Mbit/s (0 Mbit/s with framing)
[0;34m[Device: id=2] TX[0m: 0.00 Mpps, 0 Mbit/s (0 Mbit/s with framing)
[1;36m[Device: id=2] RX[0m: 0.03 (StdDev 0.00) Mpps, 106 (StdDev 11) Mbit/s (110 Mbit/s with framing), total 9273409 packets with 4733431844 bytes (incl. CRC)
[0;34m[Device: id=2] TX[0m: 0.03 (StdDev 0.00) Mpps, 106 (StdDev 11) Mbit/s (110 Mbit/s with framing), total 9273708 packets with 4733739216 bytes (incl. CRC)
