[1;37m[INFO]  Initializing DPDK. This will take a few seconds...[0m
[1;37m[INFO]  Found 6 usable devices:[0m
   Device 0: 6C:B3:11:4A:37:44 ([0;32mIntel Corporation I210 Gigabit Fiber Network Connection[0m)
   Device 1: A0:36:9F:3B:5B:4C ([0;32mIntel Corporation Ethernet Controller 10-Gigabit X540-AT2[0m)
   Device 2: A0:36:9F:3B:5B:4E ([0;32mIntel Corporation Ethernet Controller 10-Gigabit X540-AT2[0m)
   Device 3: 90:E2:BA:1C:55:7D ([0;32mIntel Corporation 82576 Gigabit Network Connection[0m)
   Device 4: 90:E2:BA:1C:55:7E ([0;32mIntel Corporation 82576 Gigabit Network Connection[0m)
   Device 5: 90:E2:BA:1C:55:7F ([0;32mIntel Corporation 82576 Gigabit Network Connection[0m)
[1;33m[WARN]  Device 2 already configured, skipping initilization[0m
[1;37m[INFO]  Waiting for devices to come up...[0m
[1;37m[INFO]  Device 2 (A0:36:9F:3B:5B:4E) is up: full-duplex 10000 MBit/s[0m
[1;37m[INFO]  [0;32m1 device is up.[0m[0m
[1;36m[Device: id=2] RX[0m: 0.18 Mpps, 95 Mbit/s (123 Mbit/s with framing)
[0;34m[Device: id=2] TX[0m: 0.18 Mpps, 96 Mbit/s (124 Mbit/s with framing)
[1;36m[Device: id=2] RX[0m: 0.20 Mpps, 107 Mbit/s (139 Mbit/s with framing)
[0;34m[Device: id=2] TX[0m: 0.20 Mpps, 107 Mbit/s (139 Mbit/s with framing)
[1;36m[Device: id=2] RX[0m: 0.20 Mpps, 108 Mbit/s (140 Mbit/s with framing)
[0;34m[Device: id=2] TX[0m: 0.20 Mpps, 108 Mbit/s (140 Mbit/s with framing)
[1;36m[Device: id=2] RX[0m: 0.20 Mpps, 108 Mbit/s (140 Mbit/s with framing)
[0;34m[Device: id=2] TX[0m: 0.20 Mpps, 108 Mbit/s (140 Mbit/s with framing)
[1;36m[Device: id=2] RX[0m: 0.20 Mpps, 108 Mbit/s (139 Mbit/s with framing)
[0;34m[Device: id=2] TX[0m: 0.20 Mpps, 108 Mbit/s (139 Mbit/s with framing)
[1;36m[Device: id=2] RX[0m: 0.20 Mpps, 108 Mbit/s (139 Mbit/s with framing)
[0;34m[Device: id=2] TX[0m: 0.20 Mpps, 108 Mbit/s (139 Mbit/s with framing)
[1;36m[Device: id=2] RX[0m: 0.20 Mpps, 107 Mbit/s (139 Mbit/s with framing)
[0;34m[Device: id=2] TX[0m: 0.20 Mpps, 107 Mbit/s (139 Mbit/s with framing)
[1;36m[Device: id=2] RX[0m: 0.20 Mpps, 107 Mbit/s (139 Mbit/s with framing)
[0;34m[Device: id=2] TX[0m: 0.20 Mpps, 107 Mbit/s (139 Mbit/s with framing)
[1;36m[Device: id=2] RX[0m: 0.20 Mpps, 107 Mbit/s (139 Mbit/s with framing)
[0;34m[Device: id=2] TX[0m: 0.20 Mpps, 107 Mbit/s (139 Mbit/s with framing)
[1;36m[Device: id=2] RX[0m: 0.20 Mpps, 107 Mbit/s (138 Mbit/s with framing)
[0;34m[Device: id=2] TX[0m: 0.20 Mpps, 107 Mbit/s (138 Mbit/s with framing)
[1;36m[Device: id=2] RX[0m: 0.20 Mpps, 107 Mbit/s (139 Mbit/s with framing)
[0;34m[Device: id=2] TX[0m: 0.20 Mpps, 107 Mbit/s (139 Mbit/s with framing)
[1;36m[Device: id=2] RX[0m: 0.20 Mpps, 107 Mbit/s (139 Mbit/s with framing)
[0;34m[Device: id=2] TX[0m: 0.20 Mpps, 107 Mbit/s (139 Mbit/s with framing)
[1;36m[Device: id=2] RX[0m: 0.20 Mpps, 107 Mbit/s (139 Mbit/s with framing)
[0;34m[Device: id=2] TX[0m: 0.20 Mpps, 107 Mbit/s (139 Mbit/s with framing)
[1;36m[Device: id=2] RX[0m: 0.20 Mpps, 107 Mbit/s (139 Mbit/s with framing)
[0;34m[Device: id=2] TX[0m: 0.20 Mpps, 107 Mbit/s (139 Mbit/s with framing)
[1;36m[Device: id=2] RX[0m: 0.20 Mpps, 107 Mbit/s (139 Mbit/s with framing)
[0;34m[Device: id=2] TX[0m: 0.20 Mpps, 107 Mbit/s (139 Mbit/s with framing)
[1;36m[Device: id=2] RX[0m: 0.20 Mpps, 107 Mbit/s (139 Mbit/s with framing)
[0;34m[Device: id=2] TX[0m: 0.20 Mpps, 107 Mbit/s (139 Mbit/s with framing)
[1;36m[Device: id=2] RX[0m: 0.20 Mpps, 107 Mbit/s (139 Mbit/s with framing)
[0;34m[Device: id=2] TX[0m: 0.20 Mpps, 107 Mbit/s (139 Mbit/s with framing)
[1;36m[Device: id=2] RX[0m: 0.20 Mpps, 107 Mbit/s (139 Mbit/s with framing)
[0;34m[Device: id=2] TX[0m: 0.20 Mpps, 107 Mbit/s (139 Mbit/s with framing)
[1;36m[Device: id=2] RX[0m: 0.20 Mpps, 107 Mbit/s (139 Mbit/s with framing)
[0;34m[Device: id=2] TX[0m: 0.20 Mpps, 107 Mbit/s (139 Mbit/s with framing)
[1;36m[Device: id=2] RX[0m: 0.20 Mpps, 107 Mbit/s (138 Mbit/s with framing)
[0;34m[Device: id=2] TX[0m: 0.20 Mpps, 107 Mbit/s (138 Mbit/s with framing)
[1;36m[Device: id=2] RX[0m: 0.20 Mpps, 107 Mbit/s (138 Mbit/s with framing)
[0;34m[Device: id=2] TX[0m: 0.20 Mpps, 107 Mbit/s (138 Mbit/s with framing)
[1;36m[Device: id=2] RX[0m: 0.20 Mpps, 107 Mbit/s (138 Mbit/s with framing)
[0;34m[Device: id=2] TX[0m: 0.20 Mpps, 107 Mbit/s (138 Mbit/s with framing)
[1;36m[Device: id=2] RX[0m: 0.20 Mpps, 107 Mbit/s (138 Mbit/s with framing)
[0;34m[Device: id=2] TX[0m: 0.20 Mpps, 107 Mbit/s (138 Mbit/s with framing)
[1;36m[Device: id=2] RX[0m: 0.20 Mpps, 107 Mbit/s (138 Mbit/s with framing)
[0;34m[Device: id=2] TX[0m: 0.20 Mpps, 107 Mbit/s (138 Mbit/s with framing)
[1;36m[Device: id=2] RX[0m: 0.20 Mpps, 107 Mbit/s (138 Mbit/s with framing)
[0;34m[Device: id=2] TX[0m: 0.20 Mpps, 107 Mbit/s (138 Mbit/s with framing)
[1;36m[Device: id=2] RX[0m: 0.20 Mpps, 107 Mbit/s (139 Mbit/s with framing)
[0;34m[Device: id=2] TX[0m: 0.20 Mpps, 107 Mbit/s (139 Mbit/s with framing)
[1;36m[Device: id=2] RX[0m: 0.20 Mpps, 107 Mbit/s (138 Mbit/s with framing)
[0;34m[Device: id=2] TX[0m: 0.20 Mpps, 107 Mbit/s (138 Mbit/s with framing)
[1;36m[Device: id=2] RX[0m: 0.20 Mpps, 107 Mbit/s (138 Mbit/s with framing)
[0;34m[Device: id=2] TX[0m: 0.20 Mpps, 107 Mbit/s (138 Mbit/s with framing)
[1;36m[Device: id=2] RX[0m: 0.20 Mpps, 107 Mbit/s (138 Mbit/s with framing)
[0;34m[Device: id=2] TX[0m: 0.20 Mpps, 107 Mbit/s (138 Mbit/s with framing)
[1;36m[Device: id=2] RX[0m: 0.20 Mpps, 107 Mbit/s (138 Mbit/s with framing)
[0;34m[Device: id=2] TX[0m: 0.20 Mpps, 107 Mbit/s (138 Mbit/s with framing)
[1;36m[Device: id=2] RX[0m: 0.20 Mpps, 107 Mbit/s (138 Mbit/s with framing)
[0;34m[Device: id=2] TX[0m: 0.20 Mpps, 107 Mbit/s (138 Mbit/s with framing)
[1;36m[Device: id=2] RX[0m: 0.20 Mpps, 107 Mbit/s (138 Mbit/s with framing)
[0;34m[Device: id=2] TX[0m: 0.20 Mpps, 107 Mbit/s (138 Mbit/s with framing)
[1;36m[Device: id=2] RX[0m: 0.20 Mpps, 107 Mbit/s (138 Mbit/s with framing)
[0;34m[Device: id=2] TX[0m: 0.20 Mpps, 107 Mbit/s (138 Mbit/s with framing)
[1;36m[Device: id=2] RX[0m: 0.20 Mpps, 107 Mbit/s (139 Mbit/s with framing)
[0;34m[Device: id=2] TX[0m: 0.20 Mpps, 107 Mbit/s (139 Mbit/s with framing)
[1;36m[Device: id=2] RX[0m: 0.20 Mpps, 107 Mbit/s (139 Mbit/s with framing)
[0;34m[Device: id=2] TX[0m: 0.20 Mpps, 107 Mbit/s (139 Mbit/s with framing)
[1;36m[Device: id=2] RX[0m: 0.20 Mpps, 107 Mbit/s (139 Mbit/s with framing)
[0;34m[Device: id=2] TX[0m: 0.20 Mpps, 107 Mbit/s (139 Mbit/s with framing)
[1;36m[Device: id=2] RX[0m: 0.20 Mpps, 107 Mbit/s (139 Mbit/s with framing)
[0;34m[Device: id=2] TX[0m: 0.20 Mpps, 107 Mbit/s (139 Mbit/s with framing)
[1;36m[Device: id=2] RX[0m: 0.20 Mpps, 107 Mbit/s (139 Mbit/s with framing)
[0;34m[Device: id=2] TX[0m: 0.20 Mpps, 107 Mbit/s (138 Mbit/s with framing)
[1;36m[Device: id=2] RX[0m: 0.20 Mpps, 107 Mbit/s (139 Mbit/s with framing)
[0;34m[Device: id=2] TX[0m: 0.20 Mpps, 107 Mbit/s (139 Mbit/s with framing)
[1;36m[Device: id=2] RX[0m: 0.20 Mpps, 107 Mbit/s (139 Mbit/s with framing)
[0;34m[Device: id=2] TX[0m: 0.20 Mpps, 107 Mbit/s (139 Mbit/s with framing)
[1;36m[Device: id=2] RX[0m: 0.20 Mpps, 107 Mbit/s (139 Mbit/s with framing)
[0;34m[Device: id=2] TX[0m: 0.20 Mpps, 107 Mbit/s (139 Mbit/s with framing)
[1;36m[Device: id=2] RX[0m: 0.20 Mpps, 107 Mbit/s (139 Mbit/s with framing)
[0;34m[Device: id=2] TX[0m: 0.20 Mpps, 107 Mbit/s (139 Mbit/s with framing)
[1;36m[Device: id=2] RX[0m: 0.20 Mpps, 107 Mbit/s (139 Mbit/s with framing)
[0;34m[Device: id=2] TX[0m: 0.20 Mpps, 107 Mbit/s (139 Mbit/s with framing)
[1;36m[Device: id=2] RX[0m: 0.20 Mpps, 107 Mbit/s (139 Mbit/s with framing)
[0;34m[Device: id=2] TX[0m: 0.20 Mpps, 107 Mbit/s (139 Mbit/s with framing)
[1;36m[Device: id=2] RX[0m: 0.20 Mpps, 107 Mbit/s (138 Mbit/s with framing)
[0;34m[Device: id=2] TX[0m: 0.20 Mpps, 107 Mbit/s (139 Mbit/s with framing)
[1;36m[Device: id=2] RX[0m: 0.20 Mpps, 107 Mbit/s (139 Mbit/s with framing)
[0;34m[Device: id=2] TX[0m: 0.20 Mpps, 107 Mbit/s (139 Mbit/s with framing)
[1;36m[Device: id=2] RX[0m: 0.20 Mpps, 107 Mbit/s (139 Mbit/s with framing)
[0;34m[Device: id=2] TX[0m: 0.20 Mpps, 107 Mbit/s (139 Mbit/s with framing)
[1;36m[Device: id=2] RX[0m: 0.20 Mpps, 107 Mbit/s (139 Mbit/s with framing)
[0;34m[Device: id=2] TX[0m: 0.20 Mpps, 107 Mbit/s (139 Mbit/s with framing)
[1;36m[Device: id=2] RX[0m: 0.20 Mpps, 107 Mbit/s (139 Mbit/s with framing)
[0;34m[Device: id=2] TX[0m: 0.20 Mpps, 107 Mbit/s (139 Mbit/s with framing)
[1;36m[Device: id=2] RX[0m: 0.20 Mpps, 107 Mbit/s (138 Mbit/s with framing)
[0;34m[Device: id=2] TX[0m: 0.20 Mpps, 107 Mbit/s (139 Mbit/s with framing)
[1;36m[Device: id=2] RX[0m: 0.20 Mpps, 107 Mbit/s (139 Mbit/s with framing)
[0;34m[Device: id=2] TX[0m: 0.20 Mpps, 107 Mbit/s (139 Mbit/s with framing)
[1;36m[Device: id=2] RX[0m: 0.20 Mpps, 107 Mbit/s (139 Mbit/s with framing)
[0;34m[Device: id=2] TX[0m: 0.20 Mpps, 107 Mbit/s (139 Mbit/s with framing)
[1;36m[Device: id=2] RX[0m: 0.20 Mpps, 107 Mbit/s (139 Mbit/s with framing)
[0;34m[Device: id=2] TX[0m: 0.20 Mpps, 107 Mbit/s (139 Mbit/s with framing)
[1;36m[Device: id=2] RX[0m: 0.20 Mpps, 107 Mbit/s (138 Mbit/s with framing)
[0;34m[Device: id=2] TX[0m: 0.20 Mpps, 107 Mbit/s (138 Mbit/s with framing)
[1;36m[Device: id=2] RX[0m: 0.20 Mpps, 107 Mbit/s (139 Mbit/s with framing)
[0;34m[Device: id=2] TX[0m: 0.20 Mpps, 107 Mbit/s (139 Mbit/s with framing)
[1;36m[Device: id=2] RX[0m: 0.20 Mpps, 107 Mbit/s (139 Mbit/s with framing)
[0;34m[Device: id=2] TX[0m: 0.20 Mpps, 107 Mbit/s (139 Mbit/s with framing)
[1;36m[Device: id=2] RX[0m: 0.20 Mpps, 107 Mbit/s (139 Mbit/s with framing)
[0;34m[Device: id=2] TX[0m: 0.20 Mpps, 107 Mbit/s (139 Mbit/s with framing)
[1;36m[Device: id=2] RX[0m: 0.20 Mpps, 107 Mbit/s (138 Mbit/s with framing)
[0;34m[Device: id=2] TX[0m: 0.20 Mpps, 107 Mbit/s (138 Mbit/s with framing)
[1;36m[Device: id=2] RX[0m: 0.20 Mpps, 107 Mbit/s (139 Mbit/s with framing)
[0;34m[Device: id=2] TX[0m: 0.20 Mpps, 107 Mbit/s (139 Mbit/s with framing)
[1;36m[Device: id=2] RX[0m: 0.20 Mpps, 107 Mbit/s (139 Mbit/s with framing)
[0;34m[Device: id=2] TX[0m: 0.20 Mpps, 107 Mbit/s (139 Mbit/s with framing)
[1;36m[Device: id=2] RX[0m: 0.20 Mpps, 107 Mbit/s (139 Mbit/s with framing)
[0;34m[Device: id=2] TX[0m: 0.20 Mpps, 107 Mbit/s (139 Mbit/s with framing)
[1;36m[Device: id=2] RX[0m: 0.20 Mpps, 107 Mbit/s (138 Mbit/s with framing)
[0;34m[Device: id=2] TX[0m: 0.20 Mpps, 107 Mbit/s (138 Mbit/s with framing)
[1;36m[Device: id=2] RX[0m: 0.20 Mpps, 107 Mbit/s (138 Mbit/s with framing)
[0;34m[Device: id=2] TX[0m: 0.20 Mpps, 107 Mbit/s (138 Mbit/s with framing)
[1;36m[Device: id=2] RX[0m: 0.20 Mpps, 107 Mbit/s (139 Mbit/s with framing)
[0;34m[Device: id=2] TX[0m: 0.20 Mpps, 107 Mbit/s (139 Mbit/s with framing)
[1;36m[Device: id=2] RX[0m: 0.20 Mpps, 107 Mbit/s (139 Mbit/s with framing)
[0;34m[Device: id=2] TX[0m: 0.20 Mpps, 107 Mbit/s (139 Mbit/s with framing)
[1;36m[Device: id=2] RX[0m: 0.20 Mpps, 107 Mbit/s (139 Mbit/s with framing)
[0;34m[Device: id=2] TX[0m: 0.20 Mpps, 107 Mbit/s (139 Mbit/s with framing)
[1;36m[Device: id=2] RX[0m: 0.20 Mpps, 107 Mbit/s (139 Mbit/s with framing)
[0;34m[Device: id=2] TX[0m: 0.20 Mpps, 107 Mbit/s (138 Mbit/s with framing)
[1;36m[Device: id=2] RX[0m: 0.20 Mpps, 107 Mbit/s (138 Mbit/s with framing)
[0;34m[Device: id=2] TX[0m: 0.20 Mpps, 107 Mbit/s (138 Mbit/s with framing)
[1;36m[Device: id=2] RX[0m: 0.20 Mpps, 107 Mbit/s (138 Mbit/s with framing)
[0;34m[Device: id=2] TX[0m: 0.20 Mpps, 107 Mbit/s (138 Mbit/s with framing)
[1;36m[Device: id=2] RX[0m: 0.20 Mpps, 107 Mbit/s (138 Mbit/s with framing)
[0;34m[Device: id=2] TX[0m: 0.20 Mpps, 107 Mbit/s (138 Mbit/s with framing)
[1;36m[Device: id=2] RX[0m: 0.20 Mpps, 107 Mbit/s (138 Mbit/s with framing)
[0;34m[Device: id=2] TX[0m: 0.20 Mpps, 107 Mbit/s (138 Mbit/s with framing)
[1;36m[Device: id=2] RX[0m: 0.20 Mpps, 107 Mbit/s (138 Mbit/s with framing)
[0;34m[Device: id=2] TX[0m: 0.20 Mpps, 107 Mbit/s (138 Mbit/s with framing)
[1;36m[Device: id=2] RX[0m: 0.20 Mpps, 107 Mbit/s (139 Mbit/s with framing)
[0;34m[Device: id=2] TX[0m: 0.20 Mpps, 107 Mbit/s (139 Mbit/s with framing)
[1;36m[Device: id=2] RX[0m: 0.20 Mpps, 107 Mbit/s (139 Mbit/s with framing)
[0;34m[Device: id=2] TX[0m: 0.20 Mpps, 107 Mbit/s (139 Mbit/s with framing)
[1;36m[Device: id=2] RX[0m: 0.20 Mpps, 107 Mbit/s (138 Mbit/s with framing)
[0;34m[Device: id=2] TX[0m: 0.20 Mpps, 107 Mbit/s (138 Mbit/s with framing)
[1;36m[Device: id=2] RX[0m: 0.20 Mpps, 107 Mbit/s (139 Mbit/s with framing)
[0;34m[Device: id=2] TX[0m: 0.20 Mpps, 107 Mbit/s (139 Mbit/s with framing)
[1;36m[Device: id=2] RX[0m: 0.20 Mpps, 107 Mbit/s (139 Mbit/s with framing)
[0;34m[Device: id=2] TX[0m: 0.20 Mpps, 107 Mbit/s (139 Mbit/s with framing)
[1;36m[Device: id=2] RX[0m: 0.20 Mpps, 107 Mbit/s (139 Mbit/s with framing)
[0;34m[Device: id=2] TX[0m: 0.20 Mpps, 107 Mbit/s (138 Mbit/s with framing)
[1;36m[Device: id=2] RX[0m: 0.20 Mpps, 107 Mbit/s (139 Mbit/s with framing)
[0;34m[Device: id=2] TX[0m: 0.20 Mpps, 107 Mbit/s (139 Mbit/s with framing)
[1;36m[Device: id=2] RX[0m: 0.20 Mpps, 107 Mbit/s (139 Mbit/s with framing)
[0;34m[Device: id=2] TX[0m: 0.20 Mpps, 107 Mbit/s (139 Mbit/s with framing)
[1;36m[Device: id=2] RX[0m: 0.20 Mpps, 107 Mbit/s (138 Mbit/s with framing)
[0;34m[Device: id=2] TX[0m: 0.20 Mpps, 107 Mbit/s (138 Mbit/s with framing)
[1;36m[Device: id=2] RX[0m: 0.20 Mpps, 107 Mbit/s (138 Mbit/s with framing)
[0;34m[Device: id=2] TX[0m: 0.20 Mpps, 107 Mbit/s (138 Mbit/s with framing)
[1;36m[Device: id=2] RX[0m: 0.20 Mpps, 107 Mbit/s (139 Mbit/s with framing)
[0;34m[Device: id=2] TX[0m: 0.20 Mpps, 107 Mbit/s (139 Mbit/s with framing)
[1;36m[Device: id=2] RX[0m: 0.20 Mpps, 107 Mbit/s (138 Mbit/s with framing)
[0;34m[Device: id=2] TX[0m: 0.20 Mpps, 107 Mbit/s (138 Mbit/s with framing)
[1;36m[Device: id=2] RX[0m: 0.20 Mpps, 107 Mbit/s (138 Mbit/s with framing)
[0;34m[Device: id=2] TX[0m: 0.20 Mpps, 107 Mbit/s (138 Mbit/s with framing)
[1;36m[Device: id=2] RX[0m: 0.20 Mpps, 107 Mbit/s (138 Mbit/s with framing)
[0;34m[Device: id=2] TX[0m: 0.20 Mpps, 107 Mbit/s (138 Mbit/s with framing)
[1;36m[Device: id=2] RX[0m: 0.20 Mpps, 107 Mbit/s (138 Mbit/s with framing)
[0;34m[Device: id=2] TX[0m: 0.20 Mpps, 107 Mbit/s (138 Mbit/s with framing)
[1;36m[Device: id=2] RX[0m: 0.20 Mpps, 107 Mbit/s (138 Mbit/s with framing)
[0;34m[Device: id=2] TX[0m: 0.20 Mpps, 107 Mbit/s (138 Mbit/s with framing)
[1;36m[Device: id=2] RX[0m: 0.20 Mpps, 107 Mbit/s (138 Mbit/s with framing)
[0;34m[Device: id=2] TX[0m: 0.20 Mpps, 107 Mbit/s (138 Mbit/s with framing)
[1;36m[Device: id=2] RX[0m: 0.20 Mpps, 107 Mbit/s (138 Mbit/s with framing)
[0;34m[Device: id=2] TX[0m: 0.20 Mpps, 107 Mbit/s (138 Mbit/s with framing)
[1;36m[Device: id=2] RX[0m: 0.20 Mpps, 107 Mbit/s (138 Mbit/s with framing)
[0;34m[Device: id=2] TX[0m: 0.20 Mpps, 107 Mbit/s (138 Mbit/s with framing)
[1;36m[Device: id=2] RX[0m: 0.20 Mpps, 107 Mbit/s (138 Mbit/s with framing)
[0;34m[Device: id=2] TX[0m: 0.20 Mpps, 107 Mbit/s (138 Mbit/s with framing)
[1;36m[Device: id=2] RX[0m: 0.20 Mpps, 107 Mbit/s (138 Mbit/s with framing)
[0;34m[Device: id=2] TX[0m: 0.20 Mpps, 107 Mbit/s (138 Mbit/s with framing)
[1;36m[Device: id=2] RX[0m: 0.20 Mpps, 107 Mbit/s (138 Mbit/s with framing)
[0;34m[Device: id=2] TX[0m: 0.20 Mpps, 107 Mbit/s (138 Mbit/s with framing)
[1;36m[Device: id=2] RX[0m: 0.20 Mpps, 107 Mbit/s (139 Mbit/s with framing)
[0;34m[Device: id=2] TX[0m: 0.20 Mpps, 107 Mbit/s (139 Mbit/s with framing)
[1;36m[Device: id=2] RX[0m: 0.20 Mpps, 107 Mbit/s (138 Mbit/s with framing)
[0;34m[Device: id=2] TX[0m: 0.20 Mpps, 107 Mbit/s (138 Mbit/s with framing)
[1;36m[Device: id=2] RX[0m: 0.20 Mpps, 107 Mbit/s (138 Mbit/s with framing)
[0;34m[Device: id=2] TX[0m: 0.20 Mpps, 107 Mbit/s (138 Mbit/s with framing)
[1;36m[Device: id=2] RX[0m: 0.20 Mpps, 107 Mbit/s (138 Mbit/s with framing)
[0;34m[Device: id=2] TX[0m: 0.20 Mpps, 107 Mbit/s (138 Mbit/s with framing)
[1;36m[Device: id=2] RX[0m: 0.20 Mpps, 107 Mbit/s (138 Mbit/s with framing)
[0;34m[Device: id=2] TX[0m: 0.20 Mpps, 107 Mbit/s (138 Mbit/s with framing)
[1;36m[Device: id=2] RX[0m: 0.20 Mpps, 107 Mbit/s (138 Mbit/s with framing)
[0;34m[Device: id=2] TX[0m: 0.20 Mpps, 107 Mbit/s (138 Mbit/s with framing)
[1;36m[Device: id=2] RX[0m: 0.20 Mpps, 107 Mbit/s (138 Mbit/s with framing)
[0;34m[Device: id=2] TX[0m: 0.20 Mpps, 107 Mbit/s (138 Mbit/s with framing)
[1;36m[Device: id=2] RX[0m: 0.20 Mpps, 107 Mbit/s (138 Mbit/s with framing)
[0;34m[Device: id=2] TX[0m: 0.20 Mpps, 107 Mbit/s (138 Mbit/s with framing)
[1;36m[Device: id=2] RX[0m: 0.20 Mpps, 107 Mbit/s (138 Mbit/s with framing)
[0;34m[Device: id=2] TX[0m: 0.20 Mpps, 107 Mbit/s (138 Mbit/s with framing)
[1;36m[Device: id=2] RX[0m: 0.20 Mpps, 107 Mbit/s (138 Mbit/s with framing)
[0;34m[Device: id=2] TX[0m: 0.20 Mpps, 107 Mbit/s (138 Mbit/s with framing)
[1;36m[Device: id=2] RX[0m: 0.20 Mpps, 107 Mbit/s (138 Mbit/s with framing)
[0;34m[Device: id=2] TX[0m: 0.20 Mpps, 107 Mbit/s (138 Mbit/s with framing)
[1;36m[Device: id=2] RX[0m: 0.20 Mpps, 107 Mbit/s (138 Mbit/s with framing)
[0;34m[Device: id=2] TX[0m: 0.20 Mpps, 107 Mbit/s (138 Mbit/s with framing)
[1;36m[Device: id=2] RX[0m: 0.20 Mpps, 107 Mbit/s (139 Mbit/s with framing)
[0;34m[Device: id=2] TX[0m: 0.20 Mpps, 107 Mbit/s (139 Mbit/s with framing)
[1;36m[Device: id=2] RX[0m: 0.20 Mpps, 107 Mbit/s (138 Mbit/s with framing)
[0;34m[Device: id=2] TX[0m: 0.20 Mpps, 107 Mbit/s (138 Mbit/s with framing)
[1;36m[Device: id=2] RX[0m: 0.20 Mpps, 107 Mbit/s (138 Mbit/s with framing)
[0;34m[Device: id=2] TX[0m: 0.20 Mpps, 107 Mbit/s (138 Mbit/s with framing)
[1;36m[Device: id=2] RX[0m: 0.20 Mpps, 107 Mbit/s (138 Mbit/s with framing)
[0;34m[Device: id=2] TX[0m: 0.20 Mpps, 107 Mbit/s (138 Mbit/s with framing)
[1;36m[Device: id=2] RX[0m: 0.20 Mpps, 107 Mbit/s (138 Mbit/s with framing)
[0;34m[Device: id=2] TX[0m: 0.20 Mpps, 107 Mbit/s (138 Mbit/s with framing)
[1;36m[Device: id=2] RX[0m: 0.20 Mpps, 107 Mbit/s (138 Mbit/s with framing)
[0;34m[Device: id=2] TX[0m: 0.20 Mpps, 107 Mbit/s (138 Mbit/s with framing)
[1;36m[Device: id=2] RX[0m: 0.20 Mpps, 107 Mbit/s (138 Mbit/s with framing)
[0;34m[Device: id=2] TX[0m: 0.20 Mpps, 107 Mbit/s (138 Mbit/s with framing)
[1;36m[Device: id=2] RX[0m: 0.20 Mpps, 107 Mbit/s (138 Mbit/s with framing)
[0;34m[Device: id=2] TX[0m: 0.20 Mpps, 107 Mbit/s (138 Mbit/s with framing)
[1;36m[Device: id=2] RX[0m: 0.20 Mpps, 107 Mbit/s (138 Mbit/s with framing)
[0;34m[Device: id=2] TX[0m: 0.20 Mpps, 107 Mbit/s (138 Mbit/s with framing)
[1;36m[Device: id=2] RX[0m: 0.20 Mpps, 107 Mbit/s (138 Mbit/s with framing)
[0;34m[Device: id=2] TX[0m: 0.20 Mpps, 107 Mbit/s (138 Mbit/s with framing)
[1;36m[Device: id=2] RX[0m: 0.20 Mpps, 107 Mbit/s (138 Mbit/s with framing)
[0;34m[Device: id=2] TX[0m: 0.20 Mpps, 107 Mbit/s (138 Mbit/s with framing)
[1;36m[Device: id=2] RX[0m: 0.20 Mpps, 107 Mbit/s (138 Mbit/s with framing)
[0;34m[Device: id=2] TX[0m: 0.20 Mpps, 107 Mbit/s (138 Mbit/s with framing)
[1;36m[Device: id=2] RX[0m: 0.20 Mpps, 107 Mbit/s (138 Mbit/s with framing)
[0;34m[Device: id=2] TX[0m: 0.20 Mpps, 107 Mbit/s (138 Mbit/s with framing)
[1;36m[Device: id=2] RX[0m: 0.20 Mpps, 107 Mbit/s (138 Mbit/s with framing)
[0;34m[Device: id=2] TX[0m: 0.20 Mpps, 107 Mbit/s (138 Mbit/s with framing)
[1;36m[Device: id=2] RX[0m: 0.20 Mpps, 107 Mbit/s (138 Mbit/s with framing)
[0;34m[Device: id=2] TX[0m: 0.20 Mpps, 107 Mbit/s (138 Mbit/s with framing)
[1;36m[Device: id=2] RX[0m: 0.20 Mpps, 107 Mbit/s (138 Mbit/s with framing)
[0;34m[Device: id=2] TX[0m: 0.20 Mpps, 107 Mbit/s (138 Mbit/s with framing)
[1;36m[Device: id=2] RX[0m: 0.20 Mpps, 107 Mbit/s (138 Mbit/s with framing)
[0;34m[Device: id=2] TX[0m: 0.20 Mpps, 107 Mbit/s (138 Mbit/s with framing)
[1;36m[Device: id=2] RX[0m: 0.20 Mpps, 107 Mbit/s (138 Mbit/s with framing)
[0;34m[Device: id=2] TX[0m: 0.20 Mpps, 107 Mbit/s (138 Mbit/s with framing)
[1;36m[Device: id=2] RX[0m: 0.20 Mpps, 107 Mbit/s (138 Mbit/s with framing)
[0;34m[Device: id=2] TX[0m: 0.20 Mpps, 107 Mbit/s (138 Mbit/s with framing)
[1;36m[Device: id=2] RX[0m: 0.20 Mpps, 107 Mbit/s (138 Mbit/s with framing)
[0;34m[Device: id=2] TX[0m: 0.20 Mpps, 107 Mbit/s (138 Mbit/s with framing)
[1;36m[Device: id=2] RX[0m: 0.20 Mpps, 107 Mbit/s (138 Mbit/s with framing)
[0;34m[Device: id=2] TX[0m: 0.20 Mpps, 107 Mbit/s (138 Mbit/s with framing)
[1;36m[Device: id=2] RX[0m: 0.20 Mpps, 107 Mbit/s (138 Mbit/s with framing)
[0;34m[Device: id=2] TX[0m: 0.20 Mpps, 107 Mbit/s (138 Mbit/s with framing)
[1;36m[Device: id=2] RX[0m: 0.20 Mpps, 107 Mbit/s (138 Mbit/s with framing)
[0;34m[Device: id=2] TX[0m: 0.20 Mpps, 107 Mbit/s (138 Mbit/s with framing)
[1;36m[Device: id=2] RX[0m: 0.20 Mpps, 107 Mbit/s (138 Mbit/s with framing)
[0;34m[Device: id=2] TX[0m: 0.20 Mpps, 107 Mbit/s (138 Mbit/s with framing)
[1;36m[Device: id=2] RX[0m: 0.20 Mpps, 107 Mbit/s (138 Mbit/s with framing)
[0;34m[Device: id=2] TX[0m: 0.20 Mpps, 107 Mbit/s (138 Mbit/s with framing)
[1;36m[Device: id=2] RX[0m: 0.20 Mpps, 107 Mbit/s (138 Mbit/s with framing)
[0;34m[Device: id=2] TX[0m: 0.20 Mpps, 107 Mbit/s (138 Mbit/s with framing)
[1;36m[Device: id=2] RX[0m: 0.20 Mpps, 107 Mbit/s (138 Mbit/s with framing)
[0;34m[Device: id=2] TX[0m: 0.20 Mpps, 107 Mbit/s (138 Mbit/s with framing)
[1;36m[Device: id=2] RX[0m: 0.20 Mpps, 107 Mbit/s (138 Mbit/s with framing)
[0;34m[Device: id=2] TX[0m: 0.20 Mpps, 107 Mbit/s (138 Mbit/s with framing)
[1;36m[Device: id=2] RX[0m: 0.20 Mpps, 107 Mbit/s (138 Mbit/s with framing)
[0;34m[Device: id=2] TX[0m: 0.20 Mpps, 107 Mbit/s (138 Mbit/s with framing)
[1;36m[Device: id=2] RX[0m: 0.20 Mpps, 107 Mbit/s (138 Mbit/s with framing)
[0;34m[Device: id=2] TX[0m: 0.20 Mpps, 107 Mbit/s (138 Mbit/s with framing)
[1;36m[Device: id=2] RX[0m: 0.20 Mpps, 107 Mbit/s (138 Mbit/s with framing)
[0;34m[Device: id=2] TX[0m: 0.20 Mpps, 107 Mbit/s (138 Mbit/s with framing)
[1;36m[Device: id=2] RX[0m: 0.20 Mpps, 107 Mbit/s (138 Mbit/s with framing)
[0;34m[Device: id=2] TX[0m: 0.20 Mpps, 107 Mbit/s (138 Mbit/s with framing)
[1;36m[Device: id=2] RX[0m: 0.20 Mpps, 107 Mbit/s (138 Mbit/s with framing)
[0;34m[Device: id=2] TX[0m: 0.20 Mpps, 107 Mbit/s (138 Mbit/s with framing)
[1;36m[Device: id=2] RX[0m: 0.20 Mpps, 107 Mbit/s (138 Mbit/s with framing)
[0;34m[Device: id=2] TX[0m: 0.20 Mpps, 107 Mbit/s (138 Mbit/s with framing)
[1;36m[Device: id=2] RX[0m: 0.20 Mpps, 107 Mbit/s (138 Mbit/s with framing)
[0;34m[Device: id=2] TX[0m: 0.20 Mpps, 107 Mbit/s (138 Mbit/s with framing)
[1;36m[Device: id=2] RX[0m: 0.20 Mpps, 107 Mbit/s (138 Mbit/s with framing)
[0;34m[Device: id=2] TX[0m: 0.20 Mpps, 107 Mbit/s (138 Mbit/s with framing)
[1;36m[Device: id=2] RX[0m: 0.20 Mpps, 107 Mbit/s (138 Mbit/s with framing)
[0;34m[Device: id=2] TX[0m: 0.20 Mpps, 107 Mbit/s (138 Mbit/s with framing)
[1;36m[Device: id=2] RX[0m: 0.20 Mpps, 107 Mbit/s (138 Mbit/s with framing)
[0;34m[Device: id=2] TX[0m: 0.20 Mpps, 107 Mbit/s (138 Mbit/s with framing)
[1;36m[Device: id=2] RX[0m: 0.20 Mpps, 107 Mbit/s (138 Mbit/s with framing)
[0;34m[Device: id=2] TX[0m: 0.20 Mpps, 107 Mbit/s (138 Mbit/s with framing)
[1;36m[Device: id=2] RX[0m: 0.20 Mpps, 107 Mbit/s (138 Mbit/s with framing)
[0;34m[Device: id=2] TX[0m: 0.20 Mpps, 107 Mbit/s (138 Mbit/s with framing)
[1;36m[Device: id=2] RX[0m: 0.20 Mpps, 107 Mbit/s (138 Mbit/s with framing)
[0;34m[Device: id=2] TX[0m: 0.20 Mpps, 107 Mbit/s (138 Mbit/s with framing)
[1;36m[Device: id=2] RX[0m: 0.20 Mpps, 107 Mbit/s (138 Mbit/s with framing)
[0;34m[Device: id=2] TX[0m: 0.20 Mpps, 107 Mbit/s (138 Mbit/s with framing)
[1;36m[Device: id=2] RX[0m: 0.20 Mpps, 107 Mbit/s (138 Mbit/s with framing)
[0;34m[Device: id=2] TX[0m: 0.20 Mpps, 107 Mbit/s (138 Mbit/s with framing)
[1;36m[Device: id=2] RX[0m: 0.20 Mpps, 107 Mbit/s (138 Mbit/s with framing)
[0;34m[Device: id=2] TX[0m: 0.20 Mpps, 107 Mbit/s (138 Mbit/s with framing)
[1;36m[Device: id=2] RX[0m: 0.20 Mpps, 107 Mbit/s (138 Mbit/s with framing)
[0;34m[Device: id=2] TX[0m: 0.20 Mpps, 107 Mbit/s (138 Mbit/s with framing)
[1;36m[Device: id=2] RX[0m: 0.20 Mpps, 107 Mbit/s (138 Mbit/s with framing)
[0;34m[Device: id=2] TX[0m: 0.20 Mpps, 107 Mbit/s (138 Mbit/s with framing)
[1;36m[Device: id=2] RX[0m: 0.20 Mpps, 107 Mbit/s (138 Mbit/s with framing)
[0;34m[Device: id=2] TX[0m: 0.20 Mpps, 107 Mbit/s (138 Mbit/s with framing)
[1;36m[Device: id=2] RX[0m: 0.20 Mpps, 107 Mbit/s (138 Mbit/s with framing)
[0;34m[Device: id=2] TX[0m: 0.20 Mpps, 107 Mbit/s (138 Mbit/s with framing)
[1;36m[Device: id=2] RX[0m: 0.20 Mpps, 107 Mbit/s (138 Mbit/s with framing)
[0;34m[Device: id=2] TX[0m: 0.20 Mpps, 107 Mbit/s (138 Mbit/s with framing)
[1;36m[Device: id=2] RX[0m: 0.20 Mpps, 107 Mbit/s (138 Mbit/s with framing)
[0;34m[Device: id=2] TX[0m: 0.20 Mpps, 107 Mbit/s (138 Mbit/s with framing)
[1;36m[Device: id=2] RX[0m: 0.20 Mpps, 107 Mbit/s (138 Mbit/s with framing)
[0;34m[Device: id=2] TX[0m: 0.20 Mpps, 107 Mbit/s (138 Mbit/s with framing)
[1;36m[Device: id=2] RX[0m: 0.20 Mpps, 107 Mbit/s (138 Mbit/s with framing)
[0;34m[Device: id=2] TX[0m: 0.20 Mpps, 107 Mbit/s (138 Mbit/s with framing)
[1;36m[Device: id=2] RX[0m: 0.20 Mpps, 107 Mbit/s (138 Mbit/s with framing)
[0;34m[Device: id=2] TX[0m: 0.20 Mpps, 107 Mbit/s (138 Mbit/s with framing)
[1;36m[Device: id=2] RX[0m: 0.20 Mpps, 107 Mbit/s (138 Mbit/s with framing)
[0;34m[Device: id=2] TX[0m: 0.20 Mpps, 107 Mbit/s (138 Mbit/s with framing)
[1;36m[Device: id=2] RX[0m: 0.20 Mpps, 107 Mbit/s (138 Mbit/s with framing)
[0;34m[Device: id=2] TX[0m: 0.20 Mpps, 107 Mbit/s (138 Mbit/s with framing)
[1;36m[Device: id=2] RX[0m: 0.20 Mpps, 107 Mbit/s (138 Mbit/s with framing)
[0;34m[Device: id=2] TX[0m: 0.20 Mpps, 107 Mbit/s (138 Mbit/s with framing)
[1;36m[Device: id=2] RX[0m: 0.20 Mpps, 107 Mbit/s (138 Mbit/s with framing)
[0;34m[Device: id=2] TX[0m: 0.20 Mpps, 107 Mbit/s (138 Mbit/s with framing)
[1;36m[Device: id=2] RX[0m: 0.20 Mpps, 107 Mbit/s (138 Mbit/s with framing)
[0;34m[Device: id=2] TX[0m: 0.20 Mpps, 107 Mbit/s (138 Mbit/s with framing)
[1;36m[Device: id=2] RX[0m: 0.20 Mpps, 107 Mbit/s (138 Mbit/s with framing)
[0;34m[Device: id=2] TX[0m: 0.20 Mpps, 107 Mbit/s (138 Mbit/s with framing)
[1;36m[Device: id=2] RX[0m: 0.20 Mpps, 107 Mbit/s (138 Mbit/s with framing)
[0;34m[Device: id=2] TX[0m: 0.20 Mpps, 107 Mbit/s (138 Mbit/s with framing)
[1;36m[Device: id=2] RX[0m: 0.20 Mpps, 107 Mbit/s (138 Mbit/s with framing)
[0;34m[Device: id=2] TX[0m: 0.20 Mpps, 107 Mbit/s (138 Mbit/s with framing)
[1;36m[Device: id=2] RX[0m: 0.20 Mpps, 107 Mbit/s (138 Mbit/s with framing)
[0;34m[Device: id=2] TX[0m: 0.20 Mpps, 107 Mbit/s (138 Mbit/s with framing)
[1;36m[Device: id=2] RX[0m: 0.20 Mpps, 107 Mbit/s (138 Mbit/s with framing)
[0;34m[Device: id=2] TX[0m: 0.20 Mpps, 107 Mbit/s (138 Mbit/s with framing)
[1;36m[Device: id=2] RX[0m: 0.20 Mpps, 107 Mbit/s (138 Mbit/s with framing)
[0;34m[Device: id=2] TX[0m: 0.20 Mpps, 107 Mbit/s (138 Mbit/s with framing)
[1;36m[Device: id=2] RX[0m: 0.20 Mpps, 107 Mbit/s (138 Mbit/s with framing)
[0;34m[Device: id=2] TX[0m: 0.20 Mpps, 107 Mbit/s (138 Mbit/s with framing)
[1;36m[Device: id=2] RX[0m: 0.20 Mpps, 107 Mbit/s (138 Mbit/s with framing)
[0;34m[Device: id=2] TX[0m: 0.20 Mpps, 107 Mbit/s (138 Mbit/s with framing)
[1;36m[Device: id=2] RX[0m: 0.20 Mpps, 107 Mbit/s (138 Mbit/s with framing)
[0;34m[Device: id=2] TX[0m: 0.20 Mpps, 107 Mbit/s (138 Mbit/s with framing)
[1;36m[Device: id=2] RX[0m: 0.20 Mpps, 107 Mbit/s (138 Mbit/s with framing)
[0;34m[Device: id=2] TX[0m: 0.20 Mpps, 107 Mbit/s (138 Mbit/s with framing)
[1;36m[Device: id=2] RX[0m: 0.20 Mpps, 107 Mbit/s (138 Mbit/s with framing)
[0;34m[Device: id=2] TX[0m: 0.20 Mpps, 107 Mbit/s (138 Mbit/s with framing)
[1;36m[Device: id=2] RX[0m: 0.20 Mpps, 107 Mbit/s (138 Mbit/s with framing)
[0;34m[Device: id=2] TX[0m: 0.20 Mpps, 107 Mbit/s (138 Mbit/s with framing)
[1;36m[Device: id=2] RX[0m: 0.20 Mpps, 107 Mbit/s (138 Mbit/s with framing)
[0;34m[Device: id=2] TX[0m: 0.20 Mpps, 107 Mbit/s (138 Mbit/s with framing)
[1;36m[Device: id=2] RX[0m: 0.20 Mpps, 107 Mbit/s (138 Mbit/s with framing)
[0;34m[Device: id=2] TX[0m: 0.20 Mpps, 107 Mbit/s (138 Mbit/s with framing)
[1;36m[Device: id=2] RX[0m: 0.20 Mpps, 107 Mbit/s (138 Mbit/s with framing)
[0;34m[Device: id=2] TX[0m: 0.20 Mpps, 107 Mbit/s (138 Mbit/s with framing)
[1;36m[Device: id=2] RX[0m: 0.20 Mpps, 107 Mbit/s (138 Mbit/s with framing)
[0;34m[Device: id=2] TX[0m: 0.20 Mpps, 107 Mbit/s (138 Mbit/s with framing)
[1;36m[Device: id=2] RX[0m: 0.20 Mpps, 107 Mbit/s (138 Mbit/s with framing)
[0;34m[Device: id=2] TX[0m: 0.20 Mpps, 107 Mbit/s (138 Mbit/s with framing)
[1;36m[Device: id=2] RX[0m: 0.20 Mpps, 107 Mbit/s (138 Mbit/s with framing)
[0;34m[Device: id=2] TX[0m: 0.20 Mpps, 107 Mbit/s (138 Mbit/s with framing)
[1;36m[Device: id=2] RX[0m: 0.20 Mpps, 107 Mbit/s (138 Mbit/s with framing)
[0;34m[Device: id=2] TX[0m: 0.20 Mpps, 107 Mbit/s (138 Mbit/s with framing)
[1;36m[Device: id=2] RX[0m: 0.20 Mpps, 107 Mbit/s (138 Mbit/s with framing)
[0;34m[Device: id=2] TX[0m: 0.20 Mpps, 107 Mbit/s (138 Mbit/s with framing)
[1;36m[Device: id=2] RX[0m: 0.20 Mpps, 107 Mbit/s (138 Mbit/s with framing)
[0;34m[Device: id=2] TX[0m: 0.20 Mpps, 107 Mbit/s (138 Mbit/s with framing)
[1;36m[Device: id=2] RX[0m: 0.20 Mpps, 107 Mbit/s (138 Mbit/s with framing)
[0;34m[Device: id=2] TX[0m: 0.20 Mpps, 107 Mbit/s (138 Mbit/s with framing)
[1;36m[Device: id=2] RX[0m: 0.20 Mpps, 107 Mbit/s (138 Mbit/s with framing)
[0;34m[Device: id=2] TX[0m: 0.20 Mpps, 107 Mbit/s (138 Mbit/s with framing)
[1;36m[Device: id=2] RX[0m: 0.20 Mpps, 107 Mbit/s (138 Mbit/s with framing)
[0;34m[Device: id=2] TX[0m: 0.20 Mpps, 107 Mbit/s (138 Mbit/s with framing)
[1;36m[Device: id=2] RX[0m: 0.20 Mpps, 107 Mbit/s (138 Mbit/s with framing)
[0;34m[Device: id=2] TX[0m: 0.20 Mpps, 107 Mbit/s (138 Mbit/s with framing)
[1;36m[Device: id=2] RX[0m: 0.20 Mpps, 107 Mbit/s (138 Mbit/s with framing)
[0;34m[Device: id=2] TX[0m: 0.20 Mpps, 107 Mbit/s (138 Mbit/s with framing)
[1;36m[Device: id=2] RX[0m: 0.20 Mpps, 107 Mbit/s (138 Mbit/s with framing)
[0;34m[Device: id=2] TX[0m: 0.20 Mpps, 107 Mbit/s (138 Mbit/s with framing)
[1;36m[Device: id=2] RX[0m: 0.20 Mpps, 107 Mbit/s (138 Mbit/s with framing)
[0;34m[Device: id=2] TX[0m: 0.20 Mpps, 107 Mbit/s (138 Mbit/s with framing)
[1;36m[Device: id=2] RX[0m: 0.20 Mpps, 107 Mbit/s (138 Mbit/s with framing)
[0;34m[Device: id=2] TX[0m: 0.20 Mpps, 107 Mbit/s (138 Mbit/s with framing)
[1;36m[Device: id=2] RX[0m: 0.20 Mpps, 107 Mbit/s (138 Mbit/s with framing)
[0;34m[Device: id=2] TX[0m: 0.20 Mpps, 107 Mbit/s (138 Mbit/s with framing)
[1;36m[Device: id=2] RX[0m: 0.20 Mpps, 107 Mbit/s (138 Mbit/s with framing)
[0;34m[Device: id=2] TX[0m: 0.20 Mpps, 107 Mbit/s (138 Mbit/s with framing)
[1;36m[Device: id=2] RX[0m: 0.20 Mpps, 107 Mbit/s (139 Mbit/s with framing)
[0;34m[Device: id=2] TX[0m: 0.20 Mpps, 107 Mbit/s (139 Mbit/s with framing)
[1;36m[Device: id=2] RX[0m: 0.20 Mpps, 107 Mbit/s (139 Mbit/s with framing)
[0;34m[Device: id=2] TX[0m: 0.20 Mpps, 107 Mbit/s (139 Mbit/s with framing)
[1;36m[Device: id=2] RX[0m: 0.20 Mpps, 107 Mbit/s (139 Mbit/s with framing)
[0;34m[Device: id=2] TX[0m: 0.20 Mpps, 107 Mbit/s (139 Mbit/s with framing)
[1;36m[Device: id=2] RX[0m: 0.20 Mpps, 107 Mbit/s (138 Mbit/s with framing)
[0;34m[Device: id=2] TX[0m: 0.20 Mpps, 107 Mbit/s (138 Mbit/s with framing)
[1;36m[Device: id=2] RX[0m: 0.20 Mpps, 107 Mbit/s (139 Mbit/s with framing)
[0;34m[Device: id=2] TX[0m: 0.20 Mpps, 107 Mbit/s (139 Mbit/s with framing)
[1;36m[Device: id=2] RX[0m: 0.20 Mpps, 107 Mbit/s (138 Mbit/s with framing)
[0;34m[Device: id=2] TX[0m: 0.20 Mpps, 107 Mbit/s (138 Mbit/s with framing)
[1;36m[Device: id=2] RX[0m: 0.20 Mpps, 107 Mbit/s (138 Mbit/s with framing)
[0;34m[Device: id=2] TX[0m: 0.20 Mpps, 107 Mbit/s (138 Mbit/s with framing)
[1;36m[Device: id=2] RX[0m: 0.20 Mpps, 107 Mbit/s (139 Mbit/s with framing)
[0;34m[Device: id=2] TX[0m: 0.20 Mpps, 107 Mbit/s (139 Mbit/s with framing)
[1;36m[Device: id=2] RX[0m: 0.20 Mpps, 107 Mbit/s (138 Mbit/s with framing)
[0;34m[Device: id=2] TX[0m: 0.20 Mpps, 107 Mbit/s (138 Mbit/s with framing)
[1;36m[Device: id=2] RX[0m: 0.20 Mpps, 107 Mbit/s (138 Mbit/s with framing)
[0;34m[Device: id=2] TX[0m: 0.20 Mpps, 107 Mbit/s (138 Mbit/s with framing)
[1;36m[Device: id=2] RX[0m: 0.20 Mpps, 107 Mbit/s (139 Mbit/s with framing)
[0;34m[Device: id=2] TX[0m: 0.20 Mpps, 107 Mbit/s (139 Mbit/s with framing)
[1;36m[Device: id=2] RX[0m: 0.20 Mpps, 107 Mbit/s (138 Mbit/s with framing)
[0;34m[Device: id=2] TX[0m: 0.20 Mpps, 107 Mbit/s (138 Mbit/s with framing)
[1;36m[Device: id=2] RX[0m: 0.20 Mpps, 107 Mbit/s (138 Mbit/s with framing)
[0;34m[Device: id=2] TX[0m: 0.20 Mpps, 107 Mbit/s (138 Mbit/s with framing)
[1;36m[Device: id=2] RX[0m: 0.20 Mpps, 107 Mbit/s (138 Mbit/s with framing)
[0;34m[Device: id=2] TX[0m: 0.20 Mpps, 107 Mbit/s (138 Mbit/s with framing)
[1;36m[Device: id=2] RX[0m: 0.20 Mpps, 107 Mbit/s (138 Mbit/s with framing)
[0;34m[Device: id=2] TX[0m: 0.20 Mpps, 107 Mbit/s (138 Mbit/s with framing)
[1;36m[Device: id=2] RX[0m: 0.20 Mpps, 107 Mbit/s (138 Mbit/s with framing)
[0;34m[Device: id=2] TX[0m: 0.20 Mpps, 107 Mbit/s (138 Mbit/s with framing)
[1;36m[Device: id=2] RX[0m: 0.20 Mpps, 107 Mbit/s (138 Mbit/s with framing)
[0;34m[Device: id=2] TX[0m: 0.20 Mpps, 107 Mbit/s (138 Mbit/s with framing)
[1;36m[Device: id=2] RX[0m: 0.20 Mpps, 107 Mbit/s (138 Mbit/s with framing)
[0;34m[Device: id=2] TX[0m: 0.20 Mpps, 107 Mbit/s (138 Mbit/s with framing)
[1;36m[Device: id=2] RX[0m: 0.20 Mpps, 107 Mbit/s (138 Mbit/s with framing)
[0;34m[Device: id=2] TX[0m: 0.20 Mpps, 107 Mbit/s (138 Mbit/s with framing)
[1;36m[Device: id=2] RX[0m: 0.20 Mpps, 107 Mbit/s (138 Mbit/s with framing)
[0;34m[Device: id=2] TX[0m: 0.20 Mpps, 107 Mbit/s (138 Mbit/s with framing)
[1;36m[Device: id=2] RX[0m: 0.20 Mpps, 107 Mbit/s (138 Mbit/s with framing)
[0;34m[Device: id=2] TX[0m: 0.20 Mpps, 107 Mbit/s (138 Mbit/s with framing)
[1;36m[Device: id=2] RX[0m: 0.20 Mpps, 107 Mbit/s (138 Mbit/s with framing)
[0;34m[Device: id=2] TX[0m: 0.20 Mpps, 107 Mbit/s (138 Mbit/s with framing)
[1;36m[Device: id=2] RX[0m: 0.20 Mpps, 107 Mbit/s (138 Mbit/s with framing)
[0;34m[Device: id=2] TX[0m: 0.20 Mpps, 107 Mbit/s (138 Mbit/s with framing)
[1;36m[Device: id=2] RX[0m: 0.20 Mpps, 107 Mbit/s (138 Mbit/s with framing)
[0;34m[Device: id=2] TX[0m: 0.20 Mpps, 107 Mbit/s (138 Mbit/s with framing)
[1;36m[Device: id=2] RX[0m: 0.20 Mpps, 107 Mbit/s (138 Mbit/s with framing)
[0;34m[Device: id=2] TX[0m: 0.20 Mpps, 107 Mbit/s (138 Mbit/s with framing)
[1;36m[Device: id=2] RX[0m: 0.20 Mpps, 107 Mbit/s (138 Mbit/s with framing)
[0;34m[Device: id=2] TX[0m: 0.20 Mpps, 107 Mbit/s (138 Mbit/s with framing)
[1;36m[Device: id=2] RX[0m: 0.20 Mpps, 107 Mbit/s (138 Mbit/s with framing)
[0;34m[Device: id=2] TX[0m: 0.20 Mpps, 107 Mbit/s (138 Mbit/s with framing)
[1;36m[Device: id=2] RX[0m: 0.20 Mpps, 107 Mbit/s (138 Mbit/s with framing)
[0;34m[Device: id=2] TX[0m: 0.20 Mpps, 107 Mbit/s (138 Mbit/s with framing)
[1;36m[Device: id=2] RX[0m: 0.20 Mpps, 107 Mbit/s (138 Mbit/s with framing)
[0;34m[Device: id=2] TX[0m: 0.20 Mpps, 107 Mbit/s (138 Mbit/s with framing)
[1;36m[Device: id=2] RX[0m: 0.20 Mpps, 107 Mbit/s (138 Mbit/s with framing)
[0;34m[Device: id=2] TX[0m: 0.20 Mpps, 107 Mbit/s (138 Mbit/s with framing)
[1;36m[Device: id=2] RX[0m: 0.20 Mpps, 107 Mbit/s (138 Mbit/s with framing)
[0;34m[Device: id=2] TX[0m: 0.20 Mpps, 107 Mbit/s (138 Mbit/s with framing)
[1;36m[Device: id=2] RX[0m: 0.20 Mpps, 107 Mbit/s (138 Mbit/s with framing)
[0;34m[Device: id=2] TX[0m: 0.20 Mpps, 107 Mbit/s (138 Mbit/s with framing)
[1;36m[Device: id=2] RX[0m: 0.20 Mpps, 107 Mbit/s (138 Mbit/s with framing)
[0;34m[Device: id=2] TX[0m: 0.20 Mpps, 107 Mbit/s (138 Mbit/s with framing)
[1;36m[Device: id=2] RX[0m: 0.20 Mpps, 107 Mbit/s (138 Mbit/s with framing)
[0;34m[Device: id=2] TX[0m: 0.20 Mpps, 107 Mbit/s (138 Mbit/s with framing)
[1;36m[Device: id=2] RX[0m: 0.20 Mpps, 107 Mbit/s (138 Mbit/s with framing)
[0;34m[Device: id=2] TX[0m: 0.20 Mpps, 107 Mbit/s (138 Mbit/s with framing)
[1;36m[Device: id=2] RX[0m: 0.20 Mpps, 107 Mbit/s (138 Mbit/s with framing)
[0;34m[Device: id=2] TX[0m: 0.20 Mpps, 107 Mbit/s (138 Mbit/s with framing)
[1;36m[Device: id=2] RX[0m: 0.20 Mpps, 107 Mbit/s (138 Mbit/s with framing)
[0;34m[Device: id=2] TX[0m: 0.20 Mpps, 107 Mbit/s (138 Mbit/s with framing)
[1;36m[Device: id=2] RX[0m: 0.20 Mpps, 107 Mbit/s (138 Mbit/s with framing)
[0;34m[Device: id=2] TX[0m: 0.20 Mpps, 107 Mbit/s (138 Mbit/s with framing)
[1;36m[Device: id=2] RX[0m: 0.20 Mpps, 107 Mbit/s (139 Mbit/s with framing)
[0;34m[Device: id=2] TX[0m: 0.20 Mpps, 107 Mbit/s (139 Mbit/s with framing)
[1;36m[Device: id=2] RX[0m: 0.20 Mpps, 107 Mbit/s (138 Mbit/s with framing)
[0;34m[Device: id=2] TX[0m: 0.20 Mpps, 107 Mbit/s (138 Mbit/s with framing)
[1;36m[Device: id=2] RX[0m: 0.20 Mpps, 107 Mbit/s (139 Mbit/s with framing)
[0;34m[Device: id=2] TX[0m: 0.20 Mpps, 107 Mbit/s (139 Mbit/s with framing)
[1;36m[Device: id=2] RX[0m: 0.20 Mpps, 107 Mbit/s (139 Mbit/s with framing)
[0;34m[Device: id=2] TX[0m: 0.20 Mpps, 107 Mbit/s (139 Mbit/s with framing)
[1;36m[Device: id=2] RX[0m: 0.20 Mpps, 107 Mbit/s (139 Mbit/s with framing)
[0;34m[Device: id=2] TX[0m: 0.20 Mpps, 107 Mbit/s (139 Mbit/s with framing)
[1;36m[Device: id=2] RX[0m: 0.20 Mpps, 107 Mbit/s (139 Mbit/s with framing)
[0;34m[Device: id=2] TX[0m: 0.20 Mpps, 107 Mbit/s (139 Mbit/s with framing)
[1;36m[Device: id=2] RX[0m: 0.20 Mpps, 107 Mbit/s (139 Mbit/s with framing)
[0;34m[Device: id=2] TX[0m: 0.20 Mpps, 107 Mbit/s (139 Mbit/s with framing)
[1;36m[Device: id=2] RX[0m: 0.20 Mpps, 107 Mbit/s (139 Mbit/s with framing)
[0;34m[Device: id=2] TX[0m: 0.20 Mpps, 107 Mbit/s (139 Mbit/s with framing)
[1;36m[Device: id=2] RX[0m: 0.20 Mpps, 107 Mbit/s (138 Mbit/s with framing)
[0;34m[Device: id=2] TX[0m: 0.20 Mpps, 107 Mbit/s (138 Mbit/s with framing)
[1;36m[Device: id=2] RX[0m: 0.20 Mpps, 107 Mbit/s (139 Mbit/s with framing)
[0;34m[Device: id=2] TX[0m: 0.20 Mpps, 107 Mbit/s (139 Mbit/s with framing)
[1;36m[Device: id=2] RX[0m: 0.20 Mpps, 107 Mbit/s (139 Mbit/s with framing)
[0;34m[Device: id=2] TX[0m: 0.20 Mpps, 107 Mbit/s (139 Mbit/s with framing)
[1;36m[Device: id=2] RX[0m: 0.20 Mpps, 107 Mbit/s (139 Mbit/s with framing)
[0;34m[Device: id=2] TX[0m: 0.20 Mpps, 107 Mbit/s (139 Mbit/s with framing)
[1;36m[Device: id=2] RX[0m: 0.20 Mpps, 107 Mbit/s (138 Mbit/s with framing)
[0;34m[Device: id=2] TX[0m: 0.20 Mpps, 107 Mbit/s (138 Mbit/s with framing)
[1;36m[Device: id=2] RX[0m: 0.20 Mpps, 107 Mbit/s (139 Mbit/s with framing)
[0;34m[Device: id=2] TX[0m: 0.20 Mpps, 107 Mbit/s (138 Mbit/s with framing)
[1;36m[Device: id=2] RX[0m: 0.20 Mpps, 107 Mbit/s (139 Mbit/s with framing)
[0;34m[Device: id=2] TX[0m: 0.20 Mpps, 107 Mbit/s (139 Mbit/s with framing)
[1;36m[Device: id=2] RX[0m: 0.20 Mpps, 107 Mbit/s (139 Mbit/s with framing)
[0;34m[Device: id=2] TX[0m: 0.20 Mpps, 107 Mbit/s (139 Mbit/s with framing)
[1;36m[Device: id=2] RX[0m: 0.20 Mpps, 107 Mbit/s (138 Mbit/s with framing)
[0;34m[Device: id=2] TX[0m: 0.20 Mpps, 107 Mbit/s (138 Mbit/s with framing)
[1;36m[Device: id=2] RX[0m: 0.20 Mpps, 107 Mbit/s (139 Mbit/s with framing)
[0;34m[Device: id=2] TX[0m: 0.20 Mpps, 107 Mbit/s (139 Mbit/s with framing)
[1;36m[Device: id=2] RX[0m: 0.20 Mpps, 107 Mbit/s (139 Mbit/s with framing)
[0;34m[Device: id=2] TX[0m: 0.20 Mpps, 107 Mbit/s (139 Mbit/s with framing)
[1;36m[Device: id=2] RX[0m: 0.20 Mpps, 107 Mbit/s (139 Mbit/s with framing)
[0;34m[Device: id=2] TX[0m: 0.20 Mpps, 107 Mbit/s (139 Mbit/s with framing)
[1;36m[Device: id=2] RX[0m: 0.20 Mpps, 107 Mbit/s (139 Mbit/s with framing)
[0;34m[Device: id=2] TX[0m: 0.20 Mpps, 107 Mbit/s (139 Mbit/s with framing)
[1;36m[Device: id=2] RX[0m: 0.20 Mpps, 107 Mbit/s (139 Mbit/s with framing)
[0;34m[Device: id=2] TX[0m: 0.20 Mpps, 107 Mbit/s (139 Mbit/s with framing)
[1;36m[Device: id=2] RX[0m: 0.20 Mpps, 107 Mbit/s (139 Mbit/s with framing)
[0;34m[Device: id=2] TX[0m: 0.20 Mpps, 107 Mbit/s (139 Mbit/s with framing)
[1;36m[Device: id=2] RX[0m: 0.20 Mpps, 107 Mbit/s (138 Mbit/s with framing)
[0;34m[Device: id=2] TX[0m: 0.20 Mpps, 107 Mbit/s (138 Mbit/s with framing)
[1;36m[Device: id=2] RX[0m: 0.20 Mpps, 107 Mbit/s (138 Mbit/s with framing)
[0;34m[Device: id=2] TX[0m: 0.20 Mpps, 107 Mbit/s (138 Mbit/s with framing)
[1;36m[Device: id=2] RX[0m: 0.20 Mpps, 107 Mbit/s (138 Mbit/s with framing)
[0;34m[Device: id=2] TX[0m: 0.20 Mpps, 107 Mbit/s (139 Mbit/s with framing)
[1;36m[Device: id=2] RX[0m: 0.20 Mpps, 107 Mbit/s (138 Mbit/s with framing)
[0;34m[Device: id=2] TX[0m: 0.20 Mpps, 107 Mbit/s (138 Mbit/s with framing)
[1;36m[Device: id=2] RX[0m: 0.20 Mpps, 107 Mbit/s (138 Mbit/s with framing)
[0;34m[Device: id=2] TX[0m: 0.20 Mpps, 107 Mbit/s (138 Mbit/s with framing)
[1;36m[Device: id=2] RX[0m: 0.20 Mpps, 107 Mbit/s (138 Mbit/s with framing)
[0;34m[Device: id=2] TX[0m: 0.20 Mpps, 107 Mbit/s (139 Mbit/s with framing)
[1;36m[Device: id=2] RX[0m: 0.20 Mpps, 107 Mbit/s (138 Mbit/s with framing)
[0;34m[Device: id=2] TX[0m: 0.20 Mpps, 107 Mbit/s (138 Mbit/s with framing)
[1;36m[Device: id=2] RX[0m: 0.20 Mpps, 107 Mbit/s (138 Mbit/s with framing)
[0;34m[Device: id=2] TX[0m: 0.20 Mpps, 107 Mbit/s (138 Mbit/s with framing)
[1;36m[Device: id=2] RX[0m: 0.20 Mpps, 107 Mbit/s (138 Mbit/s with framing)
[0;34m[Device: id=2] TX[0m: 0.20 Mpps, 107 Mbit/s (138 Mbit/s with framing)
[1;36m[Device: id=2] RX[0m: 0.20 Mpps, 107 Mbit/s (138 Mbit/s with framing)
[0;34m[Device: id=2] TX[0m: 0.20 Mpps, 107 Mbit/s (138 Mbit/s with framing)
[1;36m[Device: id=2] RX[0m: 0.20 Mpps, 107 Mbit/s (139 Mbit/s with framing)
[0;34m[Device: id=2] TX[0m: 0.20 Mpps, 107 Mbit/s (138 Mbit/s with framing)
[1;36m[Device: id=2] RX[0m: 0.20 Mpps, 107 Mbit/s (138 Mbit/s with framing)
[0;34m[Device: id=2] TX[0m: 0.20 Mpps, 107 Mbit/s (138 Mbit/s with framing)
[1;36m[Device: id=2] RX[0m: 0.20 Mpps, 107 Mbit/s (138 Mbit/s with framing)
[0;34m[Device: id=2] TX[0m: 0.20 Mpps, 107 Mbit/s (138 Mbit/s with framing)
[1;36m[Device: id=2] RX[0m: 0.20 Mpps, 107 Mbit/s (139 Mbit/s with framing)
[0;34m[Device: id=2] TX[0m: 0.20 Mpps, 107 Mbit/s (138 Mbit/s with framing)
[1;36m[Device: id=2] RX[0m: 0.20 Mpps, 107 Mbit/s (139 Mbit/s with framing)
[0;34m[Device: id=2] TX[0m: 0.20 Mpps, 107 Mbit/s (139 Mbit/s with framing)
[1;36m[Device: id=2] RX[0m: 0.20 Mpps, 107 Mbit/s (138 Mbit/s with framing)
[0;34m[Device: id=2] TX[0m: 0.20 Mpps, 107 Mbit/s (139 Mbit/s with framing)
[1;36m[Device: id=2] RX[0m: 0.20 Mpps, 107 Mbit/s (139 Mbit/s with framing)
[0;34m[Device: id=2] TX[0m: 0.20 Mpps, 107 Mbit/s (138 Mbit/s with framing)
[1;36m[Device: id=2] RX[0m: 0.20 Mpps, 107 Mbit/s (139 Mbit/s with framing)
[0;34m[Device: id=2] TX[0m: 0.20 Mpps, 107 Mbit/s (139 Mbit/s with framing)
[1;36m[Device: id=2] RX[0m: 0.20 Mpps, 107 Mbit/s (139 Mbit/s with framing)
[0;34m[Device: id=2] TX[0m: 0.20 Mpps, 107 Mbit/s (139 Mbit/s with framing)
[1;36m[Device: id=2] RX[0m: 0.20 Mpps, 107 Mbit/s (138 Mbit/s with framing)
[0;34m[Device: id=2] TX[0m: 0.20 Mpps, 107 Mbit/s (138 Mbit/s with framing)
[1;36m[Device: id=2] RX[0m: 0.20 Mpps, 107 Mbit/s (138 Mbit/s with framing)
[0;34m[Device: id=2] TX[0m: 0.20 Mpps, 107 Mbit/s (138 Mbit/s with framing)
[1;36m[Device: id=2] RX[0m: 0.20 Mpps, 107 Mbit/s (139 Mbit/s with framing)
[0;34m[Device: id=2] TX[0m: 0.20 Mpps, 107 Mbit/s (139 Mbit/s with framing)
[1;36m[Device: id=2] RX[0m: 0.20 Mpps, 107 Mbit/s (139 Mbit/s with framing)
[0;34m[Device: id=2] TX[0m: 0.20 Mpps, 107 Mbit/s (139 Mbit/s with framing)
[1;36m[Device: id=2] RX[0m: 0.20 Mpps, 107 Mbit/s (139 Mbit/s with framing)
[0;34m[Device: id=2] TX[0m: 0.20 Mpps, 107 Mbit/s (138 Mbit/s with framing)
[1;36m[Device: id=2] RX[0m: 0.20 Mpps, 107 Mbit/s (139 Mbit/s with framing)
[0;34m[Device: id=2] TX[0m: 0.20 Mpps, 107 Mbit/s (139 Mbit/s with framing)
[1;36m[Device: id=2] RX[0m: 0.20 Mpps, 107 Mbit/s (139 Mbit/s with framing)
[0;34m[Device: id=2] TX[0m: 0.20 Mpps, 107 Mbit/s (139 Mbit/s with framing)
[1;36m[Device: id=2] RX[0m: 0.20 Mpps, 107 Mbit/s (139 Mbit/s with framing)
[0;34m[Device: id=2] TX[0m: 0.20 Mpps, 107 Mbit/s (139 Mbit/s with framing)
[1;36m[Device: id=2] RX[0m: 0.20 Mpps, 107 Mbit/s (139 Mbit/s with framing)
[0;34m[Device: id=2] TX[0m: 0.20 Mpps, 107 Mbit/s (139 Mbit/s with framing)
[1;36m[Device: id=2] RX[0m: 0.20 Mpps, 107 Mbit/s (139 Mbit/s with framing)
[0;34m[Device: id=2] TX[0m: 0.20 Mpps, 107 Mbit/s (139 Mbit/s with framing)
[1;36m[Device: id=2] RX[0m: 0.20 Mpps, 107 Mbit/s (139 Mbit/s with framing)
[0;34m[Device: id=2] TX[0m: 0.20 Mpps, 107 Mbit/s (139 Mbit/s with framing)
[1;36m[Device: id=2] RX[0m: 0.20 Mpps, 107 Mbit/s (139 Mbit/s with framing)
[0;34m[Device: id=2] TX[0m: 0.20 Mpps, 107 Mbit/s (139 Mbit/s with framing)
[1;36m[Device: id=2] RX[0m: 0.20 Mpps, 107 Mbit/s (139 Mbit/s with framing)
[0;34m[Device: id=2] TX[0m: 0.20 Mpps, 107 Mbit/s (139 Mbit/s with framing)
[1;36m[Device: id=2] RX[0m: 0.20 Mpps, 107 Mbit/s (139 Mbit/s with framing)
[0;34m[Device: id=2] TX[0m: 0.20 Mpps, 107 Mbit/s (139 Mbit/s with framing)
[1;36m[Device: id=2] RX[0m: 0.20 Mpps, 107 Mbit/s (139 Mbit/s with framing)
[0;34m[Device: id=2] TX[0m: 0.20 Mpps, 107 Mbit/s (139 Mbit/s with framing)
[1;36m[Device: id=2] RX[0m: 0.20 Mpps, 107 Mbit/s (138 Mbit/s with framing)
[0;34m[Device: id=2] TX[0m: 0.20 Mpps, 107 Mbit/s (138 Mbit/s with framing)
[1;36m[Device: id=2] RX[0m: 0.20 Mpps, 107 Mbit/s (139 Mbit/s with framing)
[0;34m[Device: id=2] TX[0m: 0.20 Mpps, 107 Mbit/s (139 Mbit/s with framing)
[1;36m[Device: id=2] RX[0m: 0.20 Mpps, 107 Mbit/s (139 Mbit/s with framing)
[0;34m[Device: id=2] TX[0m: 0.20 Mpps, 107 Mbit/s (139 Mbit/s with framing)
[1;36m[Device: id=2] RX[0m: 0.20 Mpps, 107 Mbit/s (138 Mbit/s with framing)
[0;34m[Device: id=2] TX[0m: 0.20 Mpps, 107 Mbit/s (139 Mbit/s with framing)
[1;36m[Device: id=2] RX[0m: 0.20 Mpps, 107 Mbit/s (139 Mbit/s with framing)
[0;34m[Device: id=2] TX[0m: 0.20 Mpps, 107 Mbit/s (139 Mbit/s with framing)
[1;36m[Device: id=2] RX[0m: 0.20 Mpps, 107 Mbit/s (139 Mbit/s with framing)
[0;34m[Device: id=2] TX[0m: 0.20 Mpps, 107 Mbit/s (139 Mbit/s with framing)
[1;36m[Device: id=2] RX[0m: 0.20 Mpps, 107 Mbit/s (139 Mbit/s with framing)
[0;34m[Device: id=2] TX[0m: 0.20 Mpps, 107 Mbit/s (139 Mbit/s with framing)
[1;36m[Device: id=2] RX[0m: 0.20 Mpps, 107 Mbit/s (138 Mbit/s with framing)
[0;34m[Device: id=2] TX[0m: 0.20 Mpps, 107 Mbit/s (138 Mbit/s with framing)
[1;36m[Device: id=2] RX[0m: 0.20 Mpps, 107 Mbit/s (139 Mbit/s with framing)
[0;34m[Device: id=2] TX[0m: 0.20 Mpps, 107 Mbit/s (138 Mbit/s with framing)
[1;36m[Device: id=2] RX[0m: 0.20 Mpps, 107 Mbit/s (139 Mbit/s with framing)
[0;34m[Device: id=2] TX[0m: 0.20 Mpps, 107 Mbit/s (139 Mbit/s with framing)
[1;36m[Device: id=2] RX[0m: 0.20 Mpps, 107 Mbit/s (138 Mbit/s with framing)
[0;34m[Device: id=2] TX[0m: 0.20 Mpps, 107 Mbit/s (138 Mbit/s with framing)
[1;36m[Device: id=2] RX[0m: 0.20 Mpps, 107 Mbit/s (138 Mbit/s with framing)
[0;34m[Device: id=2] TX[0m: 0.20 Mpps, 107 Mbit/s (138 Mbit/s with framing)
[1;36m[Device: id=2] RX[0m: 0.20 Mpps, 107 Mbit/s (138 Mbit/s with framing)
[0;34m[Device: id=2] TX[0m: 0.20 Mpps, 107 Mbit/s (138 Mbit/s with framing)
[1;36m[Device: id=2] RX[0m: 0.20 Mpps, 107 Mbit/s (138 Mbit/s with framing)
[0;34m[Device: id=2] TX[0m: 0.20 Mpps, 107 Mbit/s (138 Mbit/s with framing)
[1;36m[Device: id=2] RX[0m: 0.20 Mpps, 107 Mbit/s (138 Mbit/s with framing)
[0;34m[Device: id=2] TX[0m: 0.20 Mpps, 107 Mbit/s (138 Mbit/s with framing)
[1;36m[Device: id=2] RX[0m: 0.20 Mpps, 107 Mbit/s (138 Mbit/s with framing)
[0;34m[Device: id=2] TX[0m: 0.20 Mpps, 107 Mbit/s (138 Mbit/s with framing)
[1;36m[Device: id=2] RX[0m: 0.20 Mpps, 107 Mbit/s (138 Mbit/s with framing)
[0;34m[Device: id=2] TX[0m: 0.20 Mpps, 107 Mbit/s (138 Mbit/s with framing)
[1;36m[Device: id=2] RX[0m: 0.20 Mpps, 107 Mbit/s (138 Mbit/s with framing)
[0;34m[Device: id=2] TX[0m: 0.20 Mpps, 107 Mbit/s (138 Mbit/s with framing)
[1;36m[Device: id=2] RX[0m: 0.20 Mpps, 107 Mbit/s (138 Mbit/s with framing)
[0;34m[Device: id=2] TX[0m: 0.20 Mpps, 107 Mbit/s (138 Mbit/s with framing)
[1;36m[Device: id=2] RX[0m: 0.20 Mpps, 107 Mbit/s (138 Mbit/s with framing)
[0;34m[Device: id=2] TX[0m: 0.20 Mpps, 107 Mbit/s (138 Mbit/s with framing)
[1;36m[Device: id=2] RX[0m: 0.20 Mpps, 107 Mbit/s (138 Mbit/s with framing)
[0;34m[Device: id=2] TX[0m: 0.20 Mpps, 107 Mbit/s (138 Mbit/s with framing)
[1;36m[Device: id=2] RX[0m: 0.20 Mpps, 107 Mbit/s (139 Mbit/s with framing)
[0;34m[Device: id=2] TX[0m: 0.20 Mpps, 107 Mbit/s (139 Mbit/s with framing)
[1;36m[Device: id=2] RX[0m: 0.20 Mpps, 107 Mbit/s (138 Mbit/s with framing)
[0;34m[Device: id=2] TX[0m: 0.20 Mpps, 107 Mbit/s (138 Mbit/s with framing)
[1;36m[Device: id=2] RX[0m: 0.20 Mpps, 107 Mbit/s (138 Mbit/s with framing)
[0;34m[Device: id=2] TX[0m: 0.20 Mpps, 107 Mbit/s (138 Mbit/s with framing)
[1;36m[Device: id=2] RX[0m: 0.20 Mpps, 107 Mbit/s (139 Mbit/s with framing)
[0;34m[Device: id=2] TX[0m: 0.20 Mpps, 107 Mbit/s (139 Mbit/s with framing)
[1;36m[Device: id=2] RX[0m: 0.20 Mpps, 107 Mbit/s (139 Mbit/s with framing)
[0;34m[Device: id=2] TX[0m: 0.20 Mpps, 107 Mbit/s (139 Mbit/s with framing)
[1;36m[Device: id=2] RX[0m: 0.20 Mpps, 107 Mbit/s (139 Mbit/s with framing)
[0;34m[Device: id=2] TX[0m: 0.20 Mpps, 107 Mbit/s (139 Mbit/s with framing)
[1;36m[Device: id=2] RX[0m: 0.20 Mpps, 107 Mbit/s (139 Mbit/s with framing)
[0;34m[Device: id=2] TX[0m: 0.20 Mpps, 107 Mbit/s (139 Mbit/s with framing)
[1;36m[Device: id=2] RX[0m: 0.20 Mpps, 107 Mbit/s (139 Mbit/s with framing)
[0;34m[Device: id=2] TX[0m: 0.20 Mpps, 107 Mbit/s (139 Mbit/s with framing)
[1;36m[Device: id=2] RX[0m: 0.20 Mpps, 107 Mbit/s (138 Mbit/s with framing)
[0;34m[Device: id=2] TX[0m: 0.20 Mpps, 107 Mbit/s (138 Mbit/s with framing)
[1;36m[Device: id=2] RX[0m: 0.20 Mpps, 107 Mbit/s (138 Mbit/s with framing)
[0;34m[Device: id=2] TX[0m: 0.20 Mpps, 107 Mbit/s (138 Mbit/s with framing)
[1;36m[Device: id=2] RX[0m: 0.20 Mpps, 107 Mbit/s (138 Mbit/s with framing)
[0;34m[Device: id=2] TX[0m: 0.20 Mpps, 107 Mbit/s (138 Mbit/s with framing)
[1;36m[Device: id=2] RX[0m: 0.20 Mpps, 107 Mbit/s (138 Mbit/s with framing)
[0;34m[Device: id=2] TX[0m: 0.20 Mpps, 107 Mbit/s (138 Mbit/s with framing)
[1;36m[Device: id=2] RX[0m: 0.20 Mpps, 107 Mbit/s (138 Mbit/s with framing)
[0;34m[Device: id=2] TX[0m: 0.20 Mpps, 107 Mbit/s (138 Mbit/s with framing)
[1;36m[Device: id=2] RX[0m: 0.20 Mpps, 107 Mbit/s (139 Mbit/s with framing)
[0;34m[Device: id=2] TX[0m: 0.20 Mpps, 107 Mbit/s (139 Mbit/s with framing)
[1;36m[Device: id=2] RX[0m: 0.20 Mpps, 107 Mbit/s (138 Mbit/s with framing)
[0;34m[Device: id=2] TX[0m: 0.20 Mpps, 107 Mbit/s (138 Mbit/s with framing)
[1;36m[Device: id=2] RX[0m: 0.20 Mpps, 107 Mbit/s (138 Mbit/s with framing)
[0;34m[Device: id=2] TX[0m: 0.20 Mpps, 107 Mbit/s (138 Mbit/s with framing)
[1;36m[Device: id=2] RX[0m: 0.20 Mpps, 107 Mbit/s (139 Mbit/s with framing)
[0;34m[Device: id=2] TX[0m: 0.20 Mpps, 107 Mbit/s (139 Mbit/s with framing)
[1;36m[Device: id=2] RX[0m: 0.20 Mpps, 107 Mbit/s (138 Mbit/s with framing)
[0;34m[Device: id=2] TX[0m: 0.20 Mpps, 107 Mbit/s (138 Mbit/s with framing)
[1;36m[Device: id=2] RX[0m: 0.20 Mpps, 107 Mbit/s (138 Mbit/s with framing)
[0;34m[Device: id=2] TX[0m: 0.20 Mpps, 107 Mbit/s (138 Mbit/s with framing)
[1;36m[Device: id=2] RX[0m: 0.20 Mpps, 107 Mbit/s (138 Mbit/s with framing)
[0;34m[Device: id=2] TX[0m: 0.20 Mpps, 107 Mbit/s (138 Mbit/s with framing)
[1;36m[Device: id=2] RX[0m: 0.20 Mpps, 107 Mbit/s (138 Mbit/s with framing)
[0;34m[Device: id=2] TX[0m: 0.20 Mpps, 107 Mbit/s (138 Mbit/s with framing)
[1;36m[Device: id=2] RX[0m: 0.20 Mpps, 107 Mbit/s (139 Mbit/s with framing)
[0;34m[Device: id=2] TX[0m: 0.20 Mpps, 107 Mbit/s (139 Mbit/s with framing)
[1;36m[Device: id=2] RX[0m: 0.20 Mpps, 107 Mbit/s (139 Mbit/s with framing)
[0;34m[Device: id=2] TX[0m: 0.20 Mpps, 107 Mbit/s (139 Mbit/s with framing)
[1;36m[Device: id=2] RX[0m: 0.20 Mpps, 107 Mbit/s (139 Mbit/s with framing)
[0;34m[Device: id=2] TX[0m: 0.20 Mpps, 107 Mbit/s (139 Mbit/s with framing)
[1;36m[Device: id=2] RX[0m: 0.20 Mpps, 107 Mbit/s (138 Mbit/s with framing)
[0;34m[Device: id=2] TX[0m: 0.20 Mpps, 107 Mbit/s (138 Mbit/s with framing)
[1;36m[Device: id=2] RX[0m: 0.20 Mpps, 107 Mbit/s (138 Mbit/s with framing)
[0;34m[Device: id=2] TX[0m: 0.20 Mpps, 107 Mbit/s (138 Mbit/s with framing)
[1;36m[Device: id=2] RX[0m: 0.20 Mpps, 107 Mbit/s (138 Mbit/s with framing)
[0;34m[Device: id=2] TX[0m: 0.20 Mpps, 107 Mbit/s (138 Mbit/s with framing)
[1;36m[Device: id=2] RX[0m: 0.20 Mpps, 107 Mbit/s (138 Mbit/s with framing)
[0;34m[Device: id=2] TX[0m: 0.20 Mpps, 107 Mbit/s (138 Mbit/s with framing)
[1;36m[Device: id=2] RX[0m: 0.20 Mpps, 107 Mbit/s (138 Mbit/s with framing)
[0;34m[Device: id=2] TX[0m: 0.20 Mpps, 107 Mbit/s (138 Mbit/s with framing)
[1;36m[Device: id=2] RX[0m: 0.20 Mpps, 107 Mbit/s (138 Mbit/s with framing)
[0;34m[Device: id=2] TX[0m: 0.20 Mpps, 107 Mbit/s (138 Mbit/s with framing)
[1;36m[Device: id=2] RX[0m: 0.20 Mpps, 107 Mbit/s (138 Mbit/s with framing)
[0;34m[Device: id=2] TX[0m: 0.20 Mpps, 107 Mbit/s (138 Mbit/s with framing)
[1;36m[Device: id=2] RX[0m: 0.20 Mpps, 107 Mbit/s (138 Mbit/s with framing)
[0;34m[Device: id=2] TX[0m: 0.20 Mpps, 107 Mbit/s (138 Mbit/s with framing)
[1;36m[Device: id=2] RX[0m: 0.20 Mpps, 107 Mbit/s (138 Mbit/s with framing)
[0;34m[Device: id=2] TX[0m: 0.20 Mpps, 107 Mbit/s (138 Mbit/s with framing)
[1;36m[Device: id=2] RX[0m: 0.20 Mpps, 107 Mbit/s (138 Mbit/s with framing)
[0;34m[Device: id=2] TX[0m: 0.20 Mpps, 107 Mbit/s (138 Mbit/s with framing)
[1;36m[Device: id=2] RX[0m: 0.20 Mpps, 107 Mbit/s (138 Mbit/s with framing)
[0;34m[Device: id=2] TX[0m: 0.20 Mpps, 107 Mbit/s (138 Mbit/s with framing)
[1;36m[Device: id=2] RX[0m: 0.20 Mpps, 107 Mbit/s (138 Mbit/s with framing)
[0;34m[Device: id=2] TX[0m: 0.20 Mpps, 107 Mbit/s (138 Mbit/s with framing)
[1;36m[Device: id=2] RX[0m: 0.20 Mpps, 107 Mbit/s (138 Mbit/s with framing)
[0;34m[Device: id=2] TX[0m: 0.20 Mpps, 107 Mbit/s (138 Mbit/s with framing)
[1;36m[Device: id=2] RX[0m: 0.20 Mpps, 107 Mbit/s (138 Mbit/s with framing)
[0;34m[Device: id=2] TX[0m: 0.20 Mpps, 107 Mbit/s (138 Mbit/s with framing)
[1;36m[Device: id=2] RX[0m: 0.20 Mpps, 107 Mbit/s (139 Mbit/s with framing)
[0;34m[Device: id=2] TX[0m: 0.20 Mpps, 107 Mbit/s (139 Mbit/s with framing)
[1;36m[Device: id=2] RX[0m: 0.03 Mpps, 17 Mbit/s (22 Mbit/s with framing)
[0;34m[Device: id=2] TX[0m: 0.03 Mpps, 14 Mbit/s (19 Mbit/s with framing)
[1;36m[Device: id=2] RX[0m: 0.00 Mpps, 0 Mbit/s (0 Mbit/s with framing)
[0;34m[Device: id=2] TX[0m: 0.00 Mpps, 0 Mbit/s (0 Mbit/s with framing)
[1;36m[Device: id=2] RX[0m: 0.00 Mpps, 0 Mbit/s (0 Mbit/s with framing)
[0;34m[Device: id=2] TX[0m: 0.00 Mpps, 0 Mbit/s (0 Mbit/s with framing)
[1;36m[Device: id=2] RX[0m: 0.00 Mpps, 0 Mbit/s (0 Mbit/s with framing)
[0;34m[Device: id=2] TX[0m: 0.00 Mpps, 0 Mbit/s (0 Mbit/s with framing)
[1;36m[Device: id=2] RX[0m: 0.20 (StdDev 0.02) Mpps, 106 (StdDev 11) Mbit/s (137 Mbit/s with framing), total 69622950 packets with 4715450724 bytes (incl. CRC)
[0;34m[Device: id=2] TX[0m: 0.20 (StdDev 0.02) Mpps, 106 (StdDev 11) Mbit/s (137 Mbit/s with framing), total 69622950 packets with 4715450724 bytes (incl. CRC)
