Configuring path properties with 0% loss
Checking path to the server
fd00:0:0:3::1 from fd00:0:0:2::1 dev enp2s0f0 table 200 src fd00:0:0:2::1 metric 1024 pref medium
Running iperf3 client via fd00:0:0:2::1 for 10s
iperf 3.12
Linux klaipeda 6.1.0-17-amd64 #1 SMP PREEMPT_DYNAMIC Debian 6.1.69-1 (2023-12-30) x86_64
Control connection MSS 1428
Time: Tue, 24 Mar 2026 00:14:37 GMT
Connecting to host fd00:0:0:3::1, port 25565
      Cookie: gfn2bw47b6rwe5njh4q7hjjahtmtxncirwkb
      TCP MSS: 1428 (default)
[  5] local fd00:0:0:2::1 port 60031 connected to fd00:0:0:3::1 port 25565
Starting Test: protocol: TCP, 1 streams, 131072 byte blocks, omitting 0 seconds, 10 second test, tos 0
[ ID] Interval           Transfer     Bitrate         Retr  Cwnd
[  5]   0.00-1.00   sec  2.84 MBytes  23.8 Mbits/sec    0    559 KBytes       
[  5]   1.00-2.00   sec  2.29 MBytes  19.2 Mbits/sec    0    616 KBytes       
[  5]   2.00-3.00   sec  1.25 MBytes  10.5 Mbits/sec    0    674 KBytes       
[  5]   3.00-4.00   sec  1.25 MBytes  10.5 Mbits/sec    0    732 KBytes       
[  5]   4.00-5.00   sec  0.00 Bytes  0.00 bits/sec    0    789 KBytes       
[  5]   5.00-6.00   sec  1.25 MBytes  10.5 Mbits/sec    0    846 KBytes       
[  5]   6.00-7.00   sec  1.25 MBytes  10.5 Mbits/sec    0    904 KBytes       
[  5]   7.00-8.00   sec  1.25 MBytes  10.5 Mbits/sec    0    962 KBytes       
[  5]   8.00-9.00   sec  1.25 MBytes  10.5 Mbits/sec    0   1019 KBytes       
[  5]   9.00-10.00  sec  1.25 MBytes  10.5 Mbits/sec    0   1.05 MBytes       
- - - - - - - - - - - - - - - - - - - - - - - - -
Test Complete. Summary Results:
[ ID] Interval           Transfer     Bitrate         Retr
[  5]   0.00-10.00  sec  13.9 MBytes  11.6 Mbits/sec    0             sender
[  5]   0.00-10.93  sec  12.0 MBytes  9.20 Mbits/sec                  receiver
CPU Utilization: local/sender 1.0% (0.0%u/1.0%s), remote/receiver 2.0% (0.2%u/1.8%s)
snd_tcp_congestion cubic
rcv_tcp_congestion cubic

iperf Done.
Client run complete.
