Configuring path properties with 2% loss
Checking path to the server
fd00:0:0:3::1 from fd00:0:0:1::1 dev enp2s0f1 table 100 src fd00:0:0:1::1 metric 1024 pref medium
Running iperf3 client via fd00:0:0:1::1 for 10s
iperf 3.12
Linux klaipeda 6.1.0-17-amd64 #1 SMP PREEMPT_DYNAMIC Debian 6.1.69-1 (2023-12-30) x86_64
Control connection MSS 1428
Time: Tue, 24 Mar 2026 00:23:26 GMT
Connecting to host fd00:0:0:3::1, port 25565
      Cookie: ky44ywp3zznk7my4hlwimpwg57wfvlc2agx4
      TCP MSS: 1428 (default)
[  5] local fd00:0:0:1::1 port 43009 connected to fd00:0:0:3::1 port 25565
Starting Test: protocol: TCP, 1 streams, 131072 byte blocks, omitting 0 seconds, 10 second test, tos 0
[ ID] Interval           Transfer     Bitrate         Retr  Cwnd
[  5]   0.00-1.00   sec  9.12 MBytes  76.5 Mbits/sec   85   75.3 KBytes       
[  5]   1.00-2.00   sec  1.23 MBytes  10.3 Mbits/sec   26   18.1 KBytes       
[  5]   2.00-3.00   sec  1.15 MBytes  9.62 Mbits/sec   23   16.7 KBytes       
[  5]   3.00-4.00   sec  1.24 MBytes  10.4 Mbits/sec   21   20.9 KBytes       
[  5]   4.00-5.00   sec  2.38 MBytes  20.0 Mbits/sec   20   19.5 KBytes       
[  5]   5.00-6.00   sec  1.23 MBytes  10.3 Mbits/sec   15   18.1 KBytes       
[  5]   6.00-7.00   sec  0.00 Bytes  0.00 bits/sec   21   9.76 KBytes       
[  5]   7.00-8.00   sec  1.14 MBytes  9.58 Mbits/sec   26   6.97 KBytes       
[  5]   8.00-9.00   sec  2.38 MBytes  19.9 Mbits/sec   11   22.3 KBytes       
[  5]   9.00-10.00  sec  1.25 MBytes  10.5 Mbits/sec   15   11.2 KBytes       
- - - - - - - - - - - - - - - - - - - - - - - - -
Test Complete. Summary Results:
[ ID] Interval           Transfer     Bitrate         Retr
[  5]   0.00-10.00  sec  21.1 MBytes  17.7 Mbits/sec  263             sender
[  5]   0.00-10.01  sec  18.2 MBytes  15.2 Mbits/sec                  receiver
CPU Utilization: local/sender 0.2% (0.0%u/0.2%s), remote/receiver 0.8% (0.0%u/0.7%s)
snd_tcp_congestion cubic
rcv_tcp_congestion cubic

iperf Done.
Client run complete.
