Configuring server-side netem with 0.5% loss (bidirectional)
iperf 3.12
Linux narva 6.1.0-17-amd64 #1 SMP PREEMPT_DYNAMIC Debian 6.1.69-1 (2023-12-30) x86_64
iperf3 server is listening on port 25565 (PID 3926)
Waiting for iperf3 to handle client connection...
-----------------------------------------------------------
Server listening on 25565 (test #1)
-----------------------------------------------------------
Time: Tue, 24 Mar 2026 00:14:06 GMT
Accepted connection from fd00:0:0:2::1, port 46167
      Cookie: bvhwnvyjjwdyc4qvnan4cstdu3jtffvuqhsy
      TCP MSS: 0 (default)
[  5] local fd00:0:0:3::1 port 25565 connected to fd00:0:0:2::1 port 55503
Starting Test: protocol: TCP, 1 streams, 131072 byte blocks, omitting 0 seconds, 10 second test, tos 0
[ ID] Interval           Transfer     Bitrate
[  5]   0.00-1.00   sec   913 KBytes  7.48 Mbits/sec                  
[  5]   1.00-2.00   sec  1.40 MBytes  11.8 Mbits/sec                  
[  5]   2.00-3.00   sec  1.12 MBytes  9.42 Mbits/sec                  
[  5]   3.00-4.00   sec  1.12 MBytes  9.44 Mbits/sec                  
[  5]   4.00-5.00   sec  1.12 MBytes  9.42 Mbits/sec                  
[  5]   5.00-6.00   sec  1.12 MBytes  9.44 Mbits/sec                  
[  5]   6.00-7.00   sec  1.12 MBytes  9.44 Mbits/sec                  
[  5]   7.00-8.00   sec  1.12 MBytes  9.41 Mbits/sec                  
[  5]   8.00-9.00   sec  1.13 MBytes  9.45 Mbits/sec                  
[  5]   9.00-10.00  sec  1.12 MBytes  9.44 Mbits/sec                  
[  5]  10.00-10.04  sec  40.4 KBytes  8.89 Mbits/sec                  
- - - - - - - - - - - - - - - - - - - - - - - - -
Test Complete. Summary Results:
[ ID] Interval           Transfer     Bitrate
[  5] (sender statistics not available)
[  5]   0.00-10.04  sec  11.3 MBytes  9.47 Mbits/sec                  receiver
rcv_tcp_congestion cubic
Server run complete.
