Configuring server-side netem with 2% loss (bidirectional)
iperf 3.12
Linux narva 6.1.0-17-amd64 #1 SMP PREEMPT_DYNAMIC Debian 6.1.69-1 (2023-12-30) x86_64
iperf3 server is listening on port 25565 (PID 5924)
Waiting for iperf3 to handle client connection...
-----------------------------------------------------------
Server listening on 25565 (test #1)
-----------------------------------------------------------
Time: Tue, 24 Mar 2026 00:19:38 GMT
Accepted connection from fd00:0:0:1::1, port 59749
      Cookie: c2m55itlu7iz4xxydsmgrej4ts2ilhl6janz
      TCP MSS: 0 (default)
[  5] local fd00:0:0:3::1 port 25565 connected to fd00:0:0:1::1 port 55721
Starting Test: protocol: TCP, 1 streams, 131072 byte blocks, omitting 0 seconds, 10 second test, tos 0
[ ID] Interval           Transfer     Bitrate
[  5]   0.00-1.00   sec  1.32 MBytes  11.1 Mbits/sec                  
[  5]   1.00-2.00   sec  1.15 MBytes  9.68 Mbits/sec                  
[  5]   2.00-3.00   sec  1.32 MBytes  11.0 Mbits/sec                  
[  5]   3.00-4.00   sec  1.38 MBytes  11.6 Mbits/sec                  
[  5]   4.00-5.00   sec  1.82 MBytes  15.3 Mbits/sec                  
[  5]   5.00-6.00   sec  1.90 MBytes  15.9 Mbits/sec                  
[  5]   6.00-7.00   sec  1.56 MBytes  13.1 Mbits/sec                  
[  5]   7.00-8.00   sec  1.59 MBytes  13.4 Mbits/sec                  
[  5]   8.00-9.00   sec  1.43 MBytes  12.0 Mbits/sec                  
[  5]   9.00-10.00  sec  1.02 MBytes  8.56 Mbits/sec                  
[  5]  10.00-10.01  sec  26.5 KBytes  21.5 Mbits/sec                  
- - - - - - - - - - - - - - - - - - - - - - - - -
Test Complete. Summary Results:
[ ID] Interval           Transfer     Bitrate
[  5] (sender statistics not available)
[  5]   0.00-10.01  sec  14.5 MBytes  12.2 Mbits/sec                  receiver
rcv_tcp_congestion cubic
Server run complete.
