Configuring server-side netem with 1% loss (bidirectional)
iperf 3.12
Linux narva 6.1.0-17-amd64 #1 SMP PREEMPT_DYNAMIC Debian 6.1.69-1 (2023-12-30) x86_64
iperf3 server is listening on port 25565 (PID 5611)
Waiting for iperf3 to handle client connection...
-----------------------------------------------------------
Server listening on 25565 (test #1)
-----------------------------------------------------------
Time: Tue, 24 Mar 2026 00:18:46 GMT
Accepted connection from fd00:0:0:2::1, port 54947
      Cookie: mzmpb6gxtcem5cur2yifwso2r6glaoj2gqms
      TCP MSS: 0 (default)
[  5] local fd00:0:0:3::1 port 25565 connected to fd00:0:0:2::1 port 48421
Starting Test: protocol: TCP, 1 streams, 131072 byte blocks, omitting 0 seconds, 10 second test, tos 0
[ ID] Interval           Transfer     Bitrate
[  5]   0.00-1.00   sec  4.11 MBytes  34.5 Mbits/sec                  
[  5]   1.00-2.00   sec  1.57 MBytes  13.2 Mbits/sec                  
[  5]   2.00-3.00   sec   922 KBytes  7.55 Mbits/sec                  
[  5]   3.00-4.00   sec   579 KBytes  4.74 Mbits/sec                  
[  5]   4.00-5.00   sec   517 KBytes  4.24 Mbits/sec                  
[  5]   5.00-6.00   sec   414 KBytes  3.39 Mbits/sec                  
[  5]   6.00-7.00   sec   358 KBytes  2.94 Mbits/sec                  
[  5]   7.00-8.00   sec   389 KBytes  3.19 Mbits/sec                  
[  5]   8.00-9.00   sec   503 KBytes  4.12 Mbits/sec                  
[  5]   9.00-10.00  sec   515 KBytes  4.22 Mbits/sec                  
[  5]  10.00-10.05  sec  20.9 KBytes  3.42 Mbits/sec                  
- - - - - - - - - - - - - - - - - - - - - - - - -
Test Complete. Summary Results:
[ ID] Interval           Transfer     Bitrate
[  5] (sender statistics not available)
[  5]   0.00-10.05  sec  9.80 MBytes  8.18 Mbits/sec                  receiver
rcv_tcp_congestion cubic
Server run complete.
