Configuring path properties with 5% loss
Checking path to the server
fd00:0:0:3::1 from fd00:0:0:1::1 dev enp2s0f1 table 100 src fd00:0:0:1::1 metric 1024 pref medium
Running iperf3 client via fd00:0:0:1::1 for 10s
iperf 3.12
Linux klaipeda 6.1.0-17-amd64 #1 SMP PREEMPT_DYNAMIC Debian 6.1.69-1 (2023-12-30) x86_64
Control connection MSS 1428
Time: Tue, 24 Mar 2026 00:27:46 GMT
Connecting to host fd00:0:0:3::1, port 25565
      Cookie: nsmfihvl7f53tmvgaeoiwn6pdgiduh5or6np
      TCP MSS: 1428 (default)
[  5] local fd00:0:0:1::1 port 36259 connected to fd00:0:0:3::1 port 25565
Starting Test: protocol: TCP, 1 streams, 131072 byte blocks, omitting 0 seconds, 10 second test, tos 0
[ ID] Interval           Transfer     Bitrate         Retr  Cwnd
[  5]   0.00-1.00   sec  6.47 MBytes  54.2 Mbits/sec  108   8.37 KBytes       
[  5]   1.00-2.00   sec  1.16 MBytes  9.71 Mbits/sec   17   22.3 KBytes       
[  5]   2.00-3.00   sec  1.17 MBytes  9.83 Mbits/sec   19   5.58 KBytes       
[  5]   3.00-4.00   sec  0.00 Bytes  0.00 bits/sec   19   2.79 KBytes       
[  5]   4.00-5.00   sec  1.16 MBytes  9.78 Mbits/sec   19   11.2 KBytes       
[  5]   5.00-6.00   sec  0.00 Bytes  0.00 bits/sec   24   6.97 KBytes       
[  5]   6.00-7.00   sec  1.16 MBytes  9.77 Mbits/sec   16   12.6 KBytes       
[  5]   7.00-8.00   sec  0.00 Bytes  0.00 bits/sec   24   6.97 KBytes       
[  5]   8.00-9.00   sec  0.00 Bytes  0.00 bits/sec   26   2.79 KBytes       
[  5]   9.00-10.00  sec  1.13 MBytes  9.44 Mbits/sec   16   2.79 KBytes       
- - - - - - - - - - - - - - - - - - - - - - - - -
Test Complete. Summary Results:
[ ID] Interval           Transfer     Bitrate         Retr
[  5]   0.00-10.00  sec  12.2 MBytes  10.3 Mbits/sec  288             sender
[  5]   0.00-10.01  sec  9.24 MBytes  7.74 Mbits/sec                  receiver
CPU Utilization: local/sender 0.2% (0.0%u/0.2%s), remote/receiver 0.4% (0.2%u/0.2%s)
snd_tcp_congestion cubic
rcv_tcp_congestion cubic

iperf Done.
Client run complete.
