Configuring server-side netem with 2% loss (bidirectional)
iperf 3.12
Linux narva 6.1.0-17-amd64 #1 SMP PREEMPT_DYNAMIC Debian 6.1.69-1 (2023-12-30) x86_64
iperf3 server is listening on port 25565 (PID 6568)
Waiting for iperf3 to handle client connection...
-----------------------------------------------------------
Server listening on 25565 (test #1)
-----------------------------------------------------------
Time: Tue, 24 Mar 2026 00:21:23 GMT
Accepted connection from fd00:0:0:2::1, port 37463
      Cookie: mjlmvuobhs5y5sabruj3eazrr5kiltlgeklg
      TCP MSS: 0 (default)
[  5] local fd00:0:0:3::1 port 25565 connected to fd00:0:0:2::1 port 46693
Starting Test: protocol: TCP, 1 streams, 131072 byte blocks, omitting 0 seconds, 10 second test, tos 0
[ ID] Interval           Transfer     Bitrate
[  5]   0.00-1.00   sec   973 KBytes  7.97 Mbits/sec                  
[  5]   1.00-2.00   sec   800 KBytes  6.56 Mbits/sec                  
[  5]   2.00-3.00   sec   436 KBytes  3.58 Mbits/sec                  
[  5]   3.00-4.00   sec   368 KBytes  3.02 Mbits/sec                  
[  5]   4.00-5.00   sec   284 KBytes  2.33 Mbits/sec                  
[  5]   5.00-6.00   sec   254 KBytes  2.08 Mbits/sec                  
[  5]   6.00-7.00   sec   315 KBytes  2.58 Mbits/sec                  
[  5]   7.00-8.00   sec   397 KBytes  3.26 Mbits/sec                  
[  5]   8.00-9.00   sec   294 KBytes  2.41 Mbits/sec                  
[  5]   9.00-10.00  sec   276 KBytes  2.26 Mbits/sec                  
[  5]  10.00-10.31  sec  68.3 KBytes  1.82 Mbits/sec                  
- - - - - - - - - - - - - - - - - - - - - - - - -
Test Complete. Summary Results:
[ ID] Interval           Transfer     Bitrate
[  5] (sender statistics not available)
[  5]   0.00-10.31  sec  4.36 MBytes  3.55 Mbits/sec                  receiver
rcv_tcp_congestion cubic
Server run complete.
