Configuring path properties with 5% loss
Checking path to the server
fd00:0:0:3::1 from fd00:0:0:2::1 dev enp2s0f0 table 200 src fd00:0:0:2::1 metric 1024 pref medium
Running iperf3 client via fd00:0:0:2::1 for 10s
iperf 3.12
Linux klaipeda 6.1.0-17-amd64 #1 SMP PREEMPT_DYNAMIC Debian 6.1.69-1 (2023-12-30) x86_64
Control connection MSS 1428
Time: Tue, 24 Mar 2026 00:28:03 GMT
Connecting to host fd00:0:0:3::1, port 25565
      Cookie: saxcpid7xrudzz7qnfjl2gsqpwtickzwjcpe
      TCP MSS: 1428 (default)
[  5] local fd00:0:0:2::1 port 35233 connected to fd00:0:0:3::1 port 25565
Starting Test: protocol: TCP, 1 streams, 131072 byte blocks, omitting 0 seconds, 10 second test, tos 0
[ ID] Interval           Transfer     Bitrate         Retr  Cwnd
[  5]   0.00-1.00   sec  1024 KBytes  8.38 Mbits/sec   29   12.6 KBytes       
[  5]   1.00-2.00   sec   502 KBytes  4.11 Mbits/sec   23   11.2 KBytes       
[  5]   2.00-3.00   sec   941 KBytes  7.71 Mbits/sec   30   5.58 KBytes       
[  5]   3.00-4.00   sec   628 KBytes  5.14 Mbits/sec   30   6.97 KBytes       
[  5]   4.00-5.00   sec   565 KBytes  4.63 Mbits/sec   21   11.2 KBytes       
[  5]   5.00-6.00   sec   690 KBytes  5.65 Mbits/sec   26   4.18 KBytes       
[  5]   6.00-7.00   sec   314 KBytes  2.57 Mbits/sec   16   9.76 KBytes       
[  5]   7.00-8.00   sec   439 KBytes  3.60 Mbits/sec   22   12.6 KBytes       
[  5]   8.00-9.00   sec   439 KBytes  3.60 Mbits/sec   28   6.97 KBytes       
[  5]   9.00-10.00  sec   314 KBytes  2.57 Mbits/sec   22   5.58 KBytes       
- - - - - - - - - - - - - - - - - - - - - - - - -
Test Complete. Summary Results:
[ ID] Interval           Transfer     Bitrate         Retr
[  5]   0.00-10.00  sec  5.72 MBytes  4.80 Mbits/sec  247             sender
[  5]   0.00-10.01  sec  5.56 MBytes  4.66 Mbits/sec                  receiver
CPU Utilization: local/sender 0.2% (0.0%u/0.2%s), remote/receiver 0.4% (0.1%u/0.3%s)
snd_tcp_congestion cubic
rcv_tcp_congestion cubic

iperf Done.
Client run complete.
