[1;37m[INFO]  Initializing DPDK. This will take a few seconds...[0m
[1;37m[INFO]  Found 8 usable devices:[0m
   Device 0: 00:25:90:ED:BD:DD ([0;32mIntel Corporation Ethernet Controller 10-Gigabit X540-AT2[0m)
   Device 1: 6C:B3:11:4A:37:41 ([0;32mIntel Corporation I210 Gigabit Fiber Network Connection[0m)
   Device 2: A0:36:9F:59:07:00 ([0;32mIntel Corporation Ethernet Controller 10-Gigabit X540-AT2[0m)
   Device 3: A0:36:9F:59:07:02 ([0;32mIntel Corporation Ethernet Controller 10-Gigabit X540-AT2[0m)
   Device 4: 90:E2:BA:2A:91:E8 ([0;32mIntel Corporation 82580 Gigabit Network Connection[0m)
   Device 5: 90:E2:BA:2A:91:E9 ([0;32mIntel Corporation 82580 Gigabit Network Connection[0m)
   Device 6: 90:E2:BA:2A:91:EA ([0;32mIntel Corporation 82580 Gigabit Network Connection[0m)
   Device 7: 90:E2:BA:2A:91:EB ([0;32mIntel Corporation 82580 Gigabit Network Connection[0m)
[1;33m[WARN]  Device 3 already configured, skipping initilization[0m
[1;37m[INFO]  Waiting for devices to come up...[0m
[1;37m[INFO]  Device 3 (A0:36:9F:59:07:02) is up: full-duplex 10000 MBit/s[0m
[1;37m[INFO]  [0;32m1 device is up.[0m[0m
[1;36m[Device: id=3] RX[0m: 0.01 Mpps, 102 Mbit/s (104 Mbit/s with framing)
[0;34m[Device: id=3] TX[0m: 0.01 Mpps, 100 Mbit/s (102 Mbit/s with framing)
[1;36m[Device: id=3] RX[0m: 0.02 Mpps, 106 Mbit/s (110 Mbit/s with framing)
[0;34m[Device: id=3] TX[0m: 0.02 Mpps, 106 Mbit/s (110 Mbit/s with framing)
[1;36m[Device: id=3] RX[0m: 0.02 Mpps, 106 Mbit/s (110 Mbit/s with framing)
[0;34m[Device: id=3] TX[0m: 0.02 Mpps, 106 Mbit/s (110 Mbit/s with framing)
[1;36m[Device: id=3] RX[0m: 0.02 Mpps, 106 Mbit/s (110 Mbit/s with framing)
[0;34m[Device: id=3] TX[0m: 0.02 Mpps, 106 Mbit/s (110 Mbit/s with framing)
[1;36m[Device: id=3] RX[0m: 0.02 Mpps, 106 Mbit/s (110 Mbit/s with framing)
[0;34m[Device: id=3] TX[0m: 0.02 Mpps, 106 Mbit/s (110 Mbit/s with framing)
[1;36m[Device: id=3] RX[0m: 0.02 Mpps, 106 Mbit/s (110 Mbit/s with framing)
[0;34m[Device: id=3] TX[0m: 0.02 Mpps, 106 Mbit/s (110 Mbit/s with framing)
[1;36m[Device: id=3] RX[0m: 0.02 Mpps, 106 Mbit/s (110 Mbit/s with framing)
[0;34m[Device: id=3] TX[0m: 0.02 Mpps, 106 Mbit/s (110 Mbit/s with framing)
[1;36m[Device: id=3] RX[0m: 0.02 Mpps, 106 Mbit/s (110 Mbit/s with framing)
[0;34m[Device: id=3] TX[0m: 0.02 Mpps, 106 Mbit/s (110 Mbit/s with framing)
[1;36m[Device: id=3] RX[0m: 0.03 Mpps, 107 Mbit/s (112 Mbit/s with framing)
[0;34m[Device: id=3] TX[0m: 0.03 Mpps, 107 Mbit/s (112 Mbit/s with framing)
[1;36m[Device: id=3] RX[0m: 0.03 Mpps, 107 Mbit/s (112 Mbit/s with framing)
[0;34m[Device: id=3] TX[0m: 0.03 Mpps, 107 Mbit/s (112 Mbit/s with framing)
[1;36m[Device: id=3] RX[0m: 0.03 Mpps, 107 Mbit/s (111 Mbit/s with framing)
[0;34m[Device: id=3] TX[0m: 0.03 Mpps, 107 Mbit/s (111 Mbit/s with framing)
[1;36m[Device: id=3] RX[0m: 0.03 Mpps, 107 Mbit/s (112 Mbit/s with framing)
[0;34m[Device: id=3] TX[0m: 0.03 Mpps, 107 Mbit/s (112 Mbit/s with framing)
[1;36m[Device: id=3] RX[0m: 0.03 Mpps, 107 Mbit/s (111 Mbit/s with framing)
[0;34m[Device: id=3] TX[0m: 0.03 Mpps, 107 Mbit/s (111 Mbit/s with framing)
[1;36m[Device: id=3] RX[0m: 0.03 Mpps, 107 Mbit/s (112 Mbit/s with framing)
[0;34m[Device: id=3] TX[0m: 0.03 Mpps, 107 Mbit/s (111 Mbit/s with framing)
[1;36m[Device: id=3] RX[0m: 0.03 Mpps, 107 Mbit/s (111 Mbit/s with framing)
[0;34m[Device: id=3] TX[0m: 0.03 Mpps, 107 Mbit/s (111 Mbit/s with framing)
[1;36m[Device: id=3] RX[0m: 0.03 Mpps, 107 Mbit/s (111 Mbit/s with framing)
[0;34m[Device: id=3] TX[0m: 0.03 Mpps, 107 Mbit/s (111 Mbit/s with framing)
[1;36m[Device: id=3] RX[0m: 0.03 Mpps, 107 Mbit/s (112 Mbit/s with framing)
[0;34m[Device: id=3] TX[0m: 0.03 Mpps, 107 Mbit/s (112 Mbit/s with framing)
[1;36m[Device: id=3] RX[0m: 0.03 Mpps, 107 Mbit/s (112 Mbit/s with framing)
[0;34m[Device: id=3] TX[0m: 0.03 Mpps, 107 Mbit/s (112 Mbit/s with framing)
[1;36m[Device: id=3] RX[0m: 0.03 Mpps, 107 Mbit/s (112 Mbit/s with framing)
[0;34m[Device: id=3] TX[0m: 0.03 Mpps, 107 Mbit/s (112 Mbit/s with framing)
[1;36m[Device: id=3] RX[0m: 0.03 Mpps, 107 Mbit/s (111 Mbit/s with framing)
[0;34m[Device: id=3] TX[0m: 0.03 Mpps, 107 Mbit/s (111 Mbit/s with framing)
[1;36m[Device: id=3] RX[0m: 0.03 Mpps, 107 Mbit/s (112 Mbit/s with framing)
[0;34m[Device: id=3] TX[0m: 0.03 Mpps, 107 Mbit/s (112 Mbit/s with framing)
[1;36m[Device: id=3] RX[0m: 0.03 Mpps, 108 Mbit/s (112 Mbit/s with framing)
[0;34m[Device: id=3] TX[0m: 0.03 Mpps, 107 Mbit/s (112 Mbit/s with framing)
[1;36m[Device: id=3] RX[0m: 0.03 Mpps, 107 Mbit/s (112 Mbit/s with framing)
[0;34m[Device: id=3] TX[0m: 0.03 Mpps, 107 Mbit/s (112 Mbit/s with framing)
[1;36m[Device: id=3] RX[0m: 0.03 Mpps, 107 Mbit/s (111 Mbit/s with framing)
[0;34m[Device: id=3] TX[0m: 0.03 Mpps, 107 Mbit/s (111 Mbit/s with framing)
[1;36m[Device: id=3] RX[0m: 0.03 Mpps, 107 Mbit/s (111 Mbit/s with framing)
[0;34m[Device: id=3] TX[0m: 0.03 Mpps, 107 Mbit/s (111 Mbit/s with framing)
[1;36m[Device: id=3] RX[0m: 0.03 Mpps, 107 Mbit/s (112 Mbit/s with framing)
[0;34m[Device: id=3] TX[0m: 0.03 Mpps, 107 Mbit/s (112 Mbit/s with framing)
[1;36m[Device: id=3] RX[0m: 0.03 Mpps, 107 Mbit/s (111 Mbit/s with framing)
[0;34m[Device: id=3] TX[0m: 0.03 Mpps, 107 Mbit/s (111 Mbit/s with framing)
[1;36m[Device: id=3] RX[0m: 0.03 Mpps, 107 Mbit/s (112 Mbit/s with framing)
[0;34m[Device: id=3] TX[0m: 0.03 Mpps, 107 Mbit/s (112 Mbit/s with framing)
[1;36m[Device: id=3] RX[0m: 0.03 Mpps, 107 Mbit/s (112 Mbit/s with framing)
[0;34m[Device: id=3] TX[0m: 0.03 Mpps, 107 Mbit/s (112 Mbit/s with framing)
[1;36m[Device: id=3] RX[0m: 0.03 Mpps, 107 Mbit/s (112 Mbit/s with framing)
[0;34m[Device: id=3] TX[0m: 0.03 Mpps, 107 Mbit/s (112 Mbit/s with framing)
[1;36m[Device: id=3] RX[0m: 0.03 Mpps, 107 Mbit/s (112 Mbit/s with framing)
[0;34m[Device: id=3] TX[0m: 0.03 Mpps, 107 Mbit/s (112 Mbit/s with framing)
[1;36m[Device: id=3] RX[0m: 0.03 Mpps, 107 Mbit/s (112 Mbit/s with framing)
[0;34m[Device: id=3] TX[0m: 0.03 Mpps, 107 Mbit/s (112 Mbit/s with framing)
[1;36m[Device: id=3] RX[0m: 0.03 Mpps, 107 Mbit/s (112 Mbit/s with framing)
[0;34m[Device: id=3] TX[0m: 0.03 Mpps, 107 Mbit/s (112 Mbit/s with framing)
[1;36m[Device: id=3] RX[0m: 0.03 Mpps, 107 Mbit/s (112 Mbit/s with framing)
[0;34m[Device: id=3] TX[0m: 0.03 Mpps, 107 Mbit/s (112 Mbit/s with framing)
[1;36m[Device: id=3] RX[0m: 0.03 Mpps, 107 Mbit/s (112 Mbit/s with framing)
[0;34m[Device: id=3] TX[0m: 0.03 Mpps, 107 Mbit/s (112 Mbit/s with framing)
[1;36m[Device: id=3] RX[0m: 0.03 Mpps, 107 Mbit/s (112 Mbit/s with framing)
[0;34m[Device: id=3] TX[0m: 0.03 Mpps, 107 Mbit/s (112 Mbit/s with framing)
[1;36m[Device: id=3] RX[0m: 0.03 Mpps, 107 Mbit/s (112 Mbit/s with framing)
[0;34m[Device: id=3] TX[0m: 0.03 Mpps, 107 Mbit/s (112 Mbit/s with framing)
[1;36m[Device: id=3] RX[0m: 0.03 Mpps, 107 Mbit/s (112 Mbit/s with framing)
[0;34m[Device: id=3] TX[0m: 0.03 Mpps, 107 Mbit/s (112 Mbit/s with framing)
[1;36m[Device: id=3] RX[0m: 0.03 Mpps, 107 Mbit/s (112 Mbit/s with framing)
[0;34m[Device: id=3] TX[0m: 0.03 Mpps, 107 Mbit/s (112 Mbit/s with framing)
[1;36m[Device: id=3] RX[0m: 0.03 Mpps, 107 Mbit/s (112 Mbit/s with framing)
[0;34m[Device: id=3] TX[0m: 0.03 Mpps, 107 Mbit/s (112 Mbit/s with framing)
[1;36m[Device: id=3] RX[0m: 0.03 Mpps, 107 Mbit/s (112 Mbit/s with framing)
[0;34m[Device: id=3] TX[0m: 0.03 Mpps, 107 Mbit/s (112 Mbit/s with framing)
[1;36m[Device: id=3] RX[0m: 0.03 Mpps, 107 Mbit/s (112 Mbit/s with framing)
[0;34m[Device: id=3] TX[0m: 0.03 Mpps, 107 Mbit/s (112 Mbit/s with framing)
[1;36m[Device: id=3] RX[0m: 0.03 Mpps, 107 Mbit/s (112 Mbit/s with framing)
[0;34m[Device: id=3] TX[0m: 0.03 Mpps, 107 Mbit/s (112 Mbit/s with framing)
[1;36m[Device: id=3] RX[0m: 0.03 Mpps, 107 Mbit/s (112 Mbit/s with framing)
[0;34m[Device: id=3] TX[0m: 0.03 Mpps, 107 Mbit/s (112 Mbit/s with framing)
[1;36m[Device: id=3] RX[0m: 0.03 Mpps, 107 Mbit/s (112 Mbit/s with framing)
[0;34m[Device: id=3] TX[0m: 0.03 Mpps, 107 Mbit/s (112 Mbit/s with framing)
[1;36m[Device: id=3] RX[0m: 0.03 Mpps, 107 Mbit/s (112 Mbit/s with framing)
[0;34m[Device: id=3] TX[0m: 0.03 Mpps, 107 Mbit/s (112 Mbit/s with framing)
[1;36m[Device: id=3] RX[0m: 0.03 Mpps, 107 Mbit/s (112 Mbit/s with framing)
[0;34m[Device: id=3] TX[0m: 0.03 Mpps, 107 Mbit/s (112 Mbit/s with framing)
[1;36m[Device: id=3] RX[0m: 0.03 Mpps, 107 Mbit/s (112 Mbit/s with framing)
[0;34m[Device: id=3] TX[0m: 0.03 Mpps, 107 Mbit/s (112 Mbit/s with framing)
[1;36m[Device: id=3] RX[0m: 0.03 Mpps, 107 Mbit/s (112 Mbit/s with framing)
[0;34m[Device: id=3] TX[0m: 0.03 Mpps, 107 Mbit/s (112 Mbit/s with framing)
[1;36m[Device: id=3] RX[0m: 0.03 Mpps, 107 Mbit/s (112 Mbit/s with framing)
[0;34m[Device: id=3] TX[0m: 0.03 Mpps, 107 Mbit/s (112 Mbit/s with framing)
[1;36m[Device: id=3] RX[0m: 0.03 Mpps, 107 Mbit/s (112 Mbit/s with framing)
[0;34m[Device: id=3] TX[0m: 0.03 Mpps, 107 Mbit/s (112 Mbit/s with framing)
[1;36m[Device: id=3] RX[0m: 0.03 Mpps, 107 Mbit/s (112 Mbit/s with framing)
[0;34m[Device: id=3] TX[0m: 0.03 Mpps, 107 Mbit/s (112 Mbit/s with framing)
[1;36m[Device: id=3] RX[0m: 0.03 Mpps, 107 Mbit/s (112 Mbit/s with framing)
[0;34m[Device: id=3] TX[0m: 0.03 Mpps, 107 Mbit/s (112 Mbit/s with framing)
[1;36m[Device: id=3] RX[0m: 0.03 Mpps, 107 Mbit/s (112 Mbit/s with framing)
[0;34m[Device: id=3] TX[0m: 0.03 Mpps, 107 Mbit/s (112 Mbit/s with framing)
[1;36m[Device: id=3] RX[0m: 0.03 Mpps, 107 Mbit/s (112 Mbit/s with framing)
[0;34m[Device: id=3] TX[0m: 0.03 Mpps, 107 Mbit/s (112 Mbit/s with framing)
[1;36m[Device: id=3] RX[0m: 0.03 Mpps, 107 Mbit/s (112 Mbit/s with framing)
[0;34m[Device: id=3] TX[0m: 0.03 Mpps, 107 Mbit/s (112 Mbit/s with framing)
[1;36m[Device: id=3] RX[0m: 0.03 Mpps, 107 Mbit/s (112 Mbit/s with framing)
[0;34m[Device: id=3] TX[0m: 0.03 Mpps, 107 Mbit/s (112 Mbit/s with framing)
[1;36m[Device: id=3] RX[0m: 0.03 Mpps, 107 Mbit/s (112 Mbit/s with framing)
[0;34m[Device: id=3] TX[0m: 0.03 Mpps, 107 Mbit/s (112 Mbit/s with framing)
[1;36m[Device: id=3] RX[0m: 0.03 Mpps, 107 Mbit/s (112 Mbit/s with framing)
[0;34m[Device: id=3] TX[0m: 0.03 Mpps, 107 Mbit/s (112 Mbit/s with framing)
[1;36m[Device: id=3] RX[0m: 0.03 Mpps, 107 Mbit/s (112 Mbit/s with framing)
[0;34m[Device: id=3] TX[0m: 0.03 Mpps, 107 Mbit/s (112 Mbit/s with framing)
[1;36m[Device: id=3] RX[0m: 0.03 Mpps, 107 Mbit/s (112 Mbit/s with framing)
[0;34m[Device: id=3] TX[0m: 0.03 Mpps, 107 Mbit/s (112 Mbit/s with framing)
[1;36m[Device: id=3] RX[0m: 0.03 Mpps, 107 Mbit/s (112 Mbit/s with framing)
[0;34m[Device: id=3] TX[0m: 0.03 Mpps, 107 Mbit/s (112 Mbit/s with framing)
[1;36m[Device: id=3] RX[0m: 0.03 Mpps, 107 Mbit/s (112 Mbit/s with framing)
[0;34m[Device: id=3] TX[0m: 0.03 Mpps, 107 Mbit/s (112 Mbit/s with framing)
[1;36m[Device: id=3] RX[0m: 0.03 Mpps, 107 Mbit/s (112 Mbit/s with framing)
[0;34m[Device: id=3] TX[0m: 0.03 Mpps, 107 Mbit/s (112 Mbit/s with framing)
[1;36m[Device: id=3] RX[0m: 0.03 Mpps, 107 Mbit/s (112 Mbit/s with framing)
[0;34m[Device: id=3] TX[0m: 0.03 Mpps, 107 Mbit/s (112 Mbit/s with framing)
[1;36m[Device: id=3] RX[0m: 0.03 Mpps, 107 Mbit/s (112 Mbit/s with framing)
[0;34m[Device: id=3] TX[0m: 0.03 Mpps, 107 Mbit/s (112 Mbit/s with framing)
[1;36m[Device: id=3] RX[0m: 0.03 Mpps, 107 Mbit/s (112 Mbit/s with framing)
[0;34m[Device: id=3] TX[0m: 0.03 Mpps, 107 Mbit/s (112 Mbit/s with framing)
[1;36m[Device: id=3] RX[0m: 0.03 Mpps, 107 Mbit/s (111 Mbit/s with framing)
[0;34m[Device: id=3] TX[0m: 0.03 Mpps, 107 Mbit/s (111 Mbit/s with framing)
[1;36m[Device: id=3] RX[0m: 0.03 Mpps, 107 Mbit/s (112 Mbit/s with framing)
[0;34m[Device: id=3] TX[0m: 0.03 Mpps, 107 Mbit/s (112 Mbit/s with framing)
[1;36m[Device: id=3] RX[0m: 0.03 Mpps, 107 Mbit/s (112 Mbit/s with framing)
[0;34m[Device: id=3] TX[0m: 0.03 Mpps, 107 Mbit/s (112 Mbit/s with framing)
[1;36m[Device: id=3] RX[0m: 0.03 Mpps, 107 Mbit/s (112 Mbit/s with framing)
[0;34m[Device: id=3] TX[0m: 0.03 Mpps, 107 Mbit/s (112 Mbit/s with framing)
[1;36m[Device: id=3] RX[0m: 0.03 Mpps, 107 Mbit/s (112 Mbit/s with framing)
[0;34m[Device: id=3] TX[0m: 0.03 Mpps, 107 Mbit/s (112 Mbit/s with framing)
[1;36m[Device: id=3] RX[0m: 0.03 Mpps, 108 Mbit/s (112 Mbit/s with framing)
[0;34m[Device: id=3] TX[0m: 0.03 Mpps, 108 Mbit/s (112 Mbit/s with framing)
[1;36m[Device: id=3] RX[0m: 0.03 Mpps, 107 Mbit/s (112 Mbit/s with framing)
[0;34m[Device: id=3] TX[0m: 0.03 Mpps, 107 Mbit/s (112 Mbit/s with framing)
[1;36m[Device: id=3] RX[0m: 0.03 Mpps, 107 Mbit/s (112 Mbit/s with framing)
[0;34m[Device: id=3] TX[0m: 0.03 Mpps, 107 Mbit/s (112 Mbit/s with framing)
[1;36m[Device: id=3] RX[0m: 0.03 Mpps, 107 Mbit/s (112 Mbit/s with framing)
[0;34m[Device: id=3] TX[0m: 0.03 Mpps, 107 Mbit/s (112 Mbit/s with framing)
[1;36m[Device: id=3] RX[0m: 0.03 Mpps, 107 Mbit/s (112 Mbit/s with framing)
[0;34m[Device: id=3] TX[0m: 0.03 Mpps, 107 Mbit/s (112 Mbit/s with framing)
[1;36m[Device: id=3] RX[0m: 0.03 Mpps, 107 Mbit/s (112 Mbit/s with framing)
[0;34m[Device: id=3] TX[0m: 0.03 Mpps, 107 Mbit/s (112 Mbit/s with framing)
[1;36m[Device: id=3] RX[0m: 0.03 Mpps, 107 Mbit/s (112 Mbit/s with framing)
[0;34m[Device: id=3] TX[0m: 0.03 Mpps, 107 Mbit/s (112 Mbit/s with framing)
[1;36m[Device: id=3] RX[0m: 0.03 Mpps, 107 Mbit/s (112 Mbit/s with framing)
[0;34m[Device: id=3] TX[0m: 0.03 Mpps, 107 Mbit/s (112 Mbit/s with framing)
[1;36m[Device: id=3] RX[0m: 0.03 Mpps, 107 Mbit/s (112 Mbit/s with framing)
[0;34m[Device: id=3] TX[0m: 0.03 Mpps, 107 Mbit/s (112 Mbit/s with framing)
[1;36m[Device: id=3] RX[0m: 0.03 Mpps, 107 Mbit/s (112 Mbit/s with framing)
[0;34m[Device: id=3] TX[0m: 0.03 Mpps, 107 Mbit/s (112 Mbit/s with framing)
[1;36m[Device: id=3] RX[0m: 0.03 Mpps, 107 Mbit/s (112 Mbit/s with framing)
[0;34m[Device: id=3] TX[0m: 0.03 Mpps, 107 Mbit/s (112 Mbit/s with framing)
[1;36m[Device: id=3] RX[0m: 0.03 Mpps, 107 Mbit/s (112 Mbit/s with framing)
[0;34m[Device: id=3] TX[0m: 0.03 Mpps, 107 Mbit/s (112 Mbit/s with framing)
[1;36m[Device: id=3] RX[0m: 0.03 Mpps, 107 Mbit/s (112 Mbit/s with framing)
[0;34m[Device: id=3] TX[0m: 0.03 Mpps, 107 Mbit/s (112 Mbit/s with framing)
[1;36m[Device: id=3] RX[0m: 0.03 Mpps, 107 Mbit/s (112 Mbit/s with framing)
[0;34m[Device: id=3] TX[0m: 0.03 Mpps, 107 Mbit/s (112 Mbit/s with framing)
[1;36m[Device: id=3] RX[0m: 0.03 Mpps, 107 Mbit/s (112 Mbit/s with framing)
[0;34m[Device: id=3] TX[0m: 0.03 Mpps, 107 Mbit/s (112 Mbit/s with framing)
[1;36m[Device: id=3] RX[0m: 0.03 Mpps, 107 Mbit/s (111 Mbit/s with framing)
[0;34m[Device: id=3] TX[0m: 0.03 Mpps, 107 Mbit/s (112 Mbit/s with framing)
[1;36m[Device: id=3] RX[0m: 0.03 Mpps, 107 Mbit/s (112 Mbit/s with framing)
[0;34m[Device: id=3] TX[0m: 0.03 Mpps, 107 Mbit/s (112 Mbit/s with framing)
[1;36m[Device: id=3] RX[0m: 0.03 Mpps, 107 Mbit/s (112 Mbit/s with framing)
[0;34m[Device: id=3] TX[0m: 0.03 Mpps, 107 Mbit/s (112 Mbit/s with framing)
[1;36m[Device: id=3] RX[0m: 0.03 Mpps, 107 Mbit/s (112 Mbit/s with framing)
[0;34m[Device: id=3] TX[0m: 0.03 Mpps, 107 Mbit/s (112 Mbit/s with framing)
[1;36m[Device: id=3] RX[0m: 0.03 Mpps, 107 Mbit/s (111 Mbit/s with framing)
[0;34m[Device: id=3] TX[0m: 0.03 Mpps, 107 Mbit/s (112 Mbit/s with framing)
[1;36m[Device: id=3] RX[0m: 0.03 Mpps, 107 Mbit/s (112 Mbit/s with framing)
[0;34m[Device: id=3] TX[0m: 0.03 Mpps, 107 Mbit/s (112 Mbit/s with framing)
[1;36m[Device: id=3] RX[0m: 0.03 Mpps, 107 Mbit/s (112 Mbit/s with framing)
[0;34m[Device: id=3] TX[0m: 0.03 Mpps, 107 Mbit/s (112 Mbit/s with framing)
[1;36m[Device: id=3] RX[0m: 0.03 Mpps, 107 Mbit/s (112 Mbit/s with framing)
[0;34m[Device: id=3] TX[0m: 0.03 Mpps, 107 Mbit/s (112 Mbit/s with framing)
[1;36m[Device: id=3] RX[0m: 0.03 Mpps, 107 Mbit/s (111 Mbit/s with framing)
[0;34m[Device: id=3] TX[0m: 0.03 Mpps, 107 Mbit/s (112 Mbit/s with framing)
[1;36m[Device: id=3] RX[0m: 0.03 Mpps, 107 Mbit/s (112 Mbit/s with framing)
[0;34m[Device: id=3] TX[0m: 0.03 Mpps, 107 Mbit/s (112 Mbit/s with framing)
[1;36m[Device: id=3] RX[0m: 0.03 Mpps, 107 Mbit/s (112 Mbit/s with framing)
[0;34m[Device: id=3] TX[0m: 0.03 Mpps, 107 Mbit/s (112 Mbit/s with framing)
[1;36m[Device: id=3] RX[0m: 0.03 Mpps, 107 Mbit/s (112 Mbit/s with framing)
[0;34m[Device: id=3] TX[0m: 0.03 Mpps, 107 Mbit/s (112 Mbit/s with framing)
[1;36m[Device: id=3] RX[0m: 0.03 Mpps, 107 Mbit/s (112 Mbit/s with framing)
[0;34m[Device: id=3] TX[0m: 0.03 Mpps, 107 Mbit/s (112 Mbit/s with framing)
[1;36m[Device: id=3] RX[0m: 0.03 Mpps, 108 Mbit/s (112 Mbit/s with framing)
[0;34m[Device: id=3] TX[0m: 0.03 Mpps, 108 Mbit/s (112 Mbit/s with framing)
[1;36m[Device: id=3] RX[0m: 0.03 Mpps, 107 Mbit/s (112 Mbit/s with framing)
[0;34m[Device: id=3] TX[0m: 0.03 Mpps, 107 Mbit/s (112 Mbit/s with framing)
[1;36m[Device: id=3] RX[0m: 0.03 Mpps, 107 Mbit/s (112 Mbit/s with framing)
[0;34m[Device: id=3] TX[0m: 0.03 Mpps, 107 Mbit/s (112 Mbit/s with framing)
[1;36m[Device: id=3] RX[0m: 0.03 Mpps, 107 Mbit/s (112 Mbit/s with framing)
[0;34m[Device: id=3] TX[0m: 0.03 Mpps, 107 Mbit/s (112 Mbit/s with framing)
[1;36m[Device: id=3] RX[0m: 0.03 Mpps, 107 Mbit/s (112 Mbit/s with framing)
[0;34m[Device: id=3] TX[0m: 0.03 Mpps, 107 Mbit/s (112 Mbit/s with framing)
[1;36m[Device: id=3] RX[0m: 0.03 Mpps, 107 Mbit/s (112 Mbit/s with framing)
[0;34m[Device: id=3] TX[0m: 0.03 Mpps, 107 Mbit/s (112 Mbit/s with framing)
[1;36m[Device: id=3] RX[0m: 0.03 Mpps, 107 Mbit/s (112 Mbit/s with framing)
[0;34m[Device: id=3] TX[0m: 0.03 Mpps, 107 Mbit/s (112 Mbit/s with framing)
[1;36m[Device: id=3] RX[0m: 0.03 Mpps, 107 Mbit/s (112 Mbit/s with framing)
[0;34m[Device: id=3] TX[0m: 0.03 Mpps, 107 Mbit/s (112 Mbit/s with framing)
[1;36m[Device: id=3] RX[0m: 0.03 Mpps, 108 Mbit/s (112 Mbit/s with framing)
[0;34m[Device: id=3] TX[0m: 0.03 Mpps, 108 Mbit/s (112 Mbit/s with framing)
[1;36m[Device: id=3] RX[0m: 0.03 Mpps, 107 Mbit/s (112 Mbit/s with framing)
[0;34m[Device: id=3] TX[0m: 0.03 Mpps, 107 Mbit/s (112 Mbit/s with framing)
[1;36m[Device: id=3] RX[0m: 0.03 Mpps, 107 Mbit/s (112 Mbit/s with framing)
[0;34m[Device: id=3] TX[0m: 0.03 Mpps, 107 Mbit/s (112 Mbit/s with framing)
[1;36m[Device: id=3] RX[0m: 0.03 Mpps, 107 Mbit/s (112 Mbit/s with framing)
[0;34m[Device: id=3] TX[0m: 0.03 Mpps, 107 Mbit/s (112 Mbit/s with framing)
[1;36m[Device: id=3] RX[0m: 0.03 Mpps, 107 Mbit/s (112 Mbit/s with framing)
[0;34m[Device: id=3] TX[0m: 0.03 Mpps, 107 Mbit/s (112 Mbit/s with framing)
[1;36m[Device: id=3] RX[0m: 0.03 Mpps, 107 Mbit/s (112 Mbit/s with framing)
[0;34m[Device: id=3] TX[0m: 0.03 Mpps, 107 Mbit/s (112 Mbit/s with framing)
[1;36m[Device: id=3] RX[0m: 0.03 Mpps, 107 Mbit/s (112 Mbit/s with framing)
[0;34m[Device: id=3] TX[0m: 0.03 Mpps, 107 Mbit/s (112 Mbit/s with framing)
[1;36m[Device: id=3] RX[0m: 0.03 Mpps, 107 Mbit/s (112 Mbit/s with framing)
[0;34m[Device: id=3] TX[0m: 0.03 Mpps, 107 Mbit/s (112 Mbit/s with framing)
[1;36m[Device: id=3] RX[0m: 0.03 Mpps, 107 Mbit/s (111 Mbit/s with framing)
[0;34m[Device: id=3] TX[0m: 0.03 Mpps, 107 Mbit/s (111 Mbit/s with framing)
[1;36m[Device: id=3] RX[0m: 0.03 Mpps, 107 Mbit/s (111 Mbit/s with framing)
[0;34m[Device: id=3] TX[0m: 0.03 Mpps, 107 Mbit/s (111 Mbit/s with framing)
[1;36m[Device: id=3] RX[0m: 0.03 Mpps, 107 Mbit/s (111 Mbit/s with framing)
[0;34m[Device: id=3] TX[0m: 0.03 Mpps, 107 Mbit/s (111 Mbit/s with framing)
[1;36m[Device: id=3] RX[0m: 0.03 Mpps, 107 Mbit/s (111 Mbit/s with framing)
[0;34m[Device: id=3] TX[0m: 0.03 Mpps, 107 Mbit/s (111 Mbit/s with framing)
[1;36m[Device: id=3] RX[0m: 0.03 Mpps, 107 Mbit/s (111 Mbit/s with framing)
[0;34m[Device: id=3] TX[0m: 0.03 Mpps, 107 Mbit/s (111 Mbit/s with framing)
[1;36m[Device: id=3] RX[0m: 0.03 Mpps, 107 Mbit/s (111 Mbit/s with framing)
[0;34m[Device: id=3] TX[0m: 0.03 Mpps, 107 Mbit/s (111 Mbit/s with framing)
[1;36m[Device: id=3] RX[0m: 0.03 Mpps, 107 Mbit/s (111 Mbit/s with framing)
[0;34m[Device: id=3] TX[0m: 0.03 Mpps, 107 Mbit/s (111 Mbit/s with framing)
[1;36m[Device: id=3] RX[0m: 0.03 Mpps, 107 Mbit/s (111 Mbit/s with framing)
[0;34m[Device: id=3] TX[0m: 0.03 Mpps, 107 Mbit/s (111 Mbit/s with framing)
[1;36m[Device: id=3] RX[0m: 0.03 Mpps, 107 Mbit/s (111 Mbit/s with framing)
[0;34m[Device: id=3] TX[0m: 0.03 Mpps, 107 Mbit/s (111 Mbit/s with framing)
[1;36m[Device: id=3] RX[0m: 0.03 Mpps, 107 Mbit/s (111 Mbit/s with framing)
[0;34m[Device: id=3] TX[0m: 0.03 Mpps, 107 Mbit/s (111 Mbit/s with framing)
[1;36m[Device: id=3] RX[0m: 0.03 Mpps, 107 Mbit/s (111 Mbit/s with framing)
[0;34m[Device: id=3] TX[0m: 0.03 Mpps, 107 Mbit/s (111 Mbit/s with framing)
[1;36m[Device: id=3] RX[0m: 0.03 Mpps, 107 Mbit/s (111 Mbit/s with framing)
[0;34m[Device: id=3] TX[0m: 0.03 Mpps, 107 Mbit/s (111 Mbit/s with framing)
[1;36m[Device: id=3] RX[0m: 0.03 Mpps, 107 Mbit/s (111 Mbit/s with framing)
[0;34m[Device: id=3] TX[0m: 0.03 Mpps, 107 Mbit/s (111 Mbit/s with framing)
[1;36m[Device: id=3] RX[0m: 0.03 Mpps, 107 Mbit/s (111 Mbit/s with framing)
[0;34m[Device: id=3] TX[0m: 0.03 Mpps, 107 Mbit/s (111 Mbit/s with framing)
[1;36m[Device: id=3] RX[0m: 0.03 Mpps, 107 Mbit/s (112 Mbit/s with framing)
[0;34m[Device: id=3] TX[0m: 0.03 Mpps, 107 Mbit/s (112 Mbit/s with framing)
[1;36m[Device: id=3] RX[0m: 0.03 Mpps, 107 Mbit/s (111 Mbit/s with framing)
[0;34m[Device: id=3] TX[0m: 0.03 Mpps, 107 Mbit/s (111 Mbit/s with framing)
[1;36m[Device: id=3] RX[0m: 0.03 Mpps, 107 Mbit/s (111 Mbit/s with framing)
[0;34m[Device: id=3] TX[0m: 0.03 Mpps, 107 Mbit/s (111 Mbit/s with framing)
[1;36m[Device: id=3] RX[0m: 0.03 Mpps, 107 Mbit/s (111 Mbit/s with framing)
[0;34m[Device: id=3] TX[0m: 0.03 Mpps, 107 Mbit/s (111 Mbit/s with framing)
[1;36m[Device: id=3] RX[0m: 0.03 Mpps, 107 Mbit/s (111 Mbit/s with framing)
[0;34m[Device: id=3] TX[0m: 0.03 Mpps, 107 Mbit/s (111 Mbit/s with framing)
[1;36m[Device: id=3] RX[0m: 0.03 Mpps, 107 Mbit/s (111 Mbit/s with framing)
[0;34m[Device: id=3] TX[0m: 0.03 Mpps, 107 Mbit/s (111 Mbit/s with framing)
[1;36m[Device: id=3] RX[0m: 0.03 Mpps, 107 Mbit/s (111 Mbit/s with framing)
[0;34m[Device: id=3] TX[0m: 0.03 Mpps, 107 Mbit/s (111 Mbit/s with framing)
[1;36m[Device: id=3] RX[0m: 0.03 Mpps, 107 Mbit/s (111 Mbit/s with framing)
[0;34m[Device: id=3] TX[0m: 0.03 Mpps, 107 Mbit/s (111 Mbit/s with framing)
[1;36m[Device: id=3] RX[0m: 0.03 Mpps, 107 Mbit/s (111 Mbit/s with framing)
[0;34m[Device: id=3] TX[0m: 0.03 Mpps, 107 Mbit/s (111 Mbit/s with framing)
[1;36m[Device: id=3] RX[0m: 0.03 Mpps, 107 Mbit/s (111 Mbit/s with framing)
[0;34m[Device: id=3] TX[0m: 0.03 Mpps, 107 Mbit/s (111 Mbit/s with framing)
[1;36m[Device: id=3] RX[0m: 0.03 Mpps, 107 Mbit/s (111 Mbit/s with framing)
[0;34m[Device: id=3] TX[0m: 0.03 Mpps, 107 Mbit/s (111 Mbit/s with framing)
[1;36m[Device: id=3] RX[0m: 0.03 Mpps, 107 Mbit/s (111 Mbit/s with framing)
[0;34m[Device: id=3] TX[0m: 0.03 Mpps, 107 Mbit/s (111 Mbit/s with framing)
[1;36m[Device: id=3] RX[0m: 0.03 Mpps, 107 Mbit/s (111 Mbit/s with framing)
[0;34m[Device: id=3] TX[0m: 0.03 Mpps, 107 Mbit/s (111 Mbit/s with framing)
[1;36m[Device: id=3] RX[0m: 0.03 Mpps, 107 Mbit/s (111 Mbit/s with framing)
[0;34m[Device: id=3] TX[0m: 0.03 Mpps, 107 Mbit/s (111 Mbit/s with framing)
[1;36m[Device: id=3] RX[0m: 0.03 Mpps, 107 Mbit/s (111 Mbit/s with framing)
[0;34m[Device: id=3] TX[0m: 0.03 Mpps, 107 Mbit/s (111 Mbit/s with framing)
[1;36m[Device: id=3] RX[0m: 0.03 Mpps, 107 Mbit/s (111 Mbit/s with framing)
[0;34m[Device: id=3] TX[0m: 0.03 Mpps, 107 Mbit/s (111 Mbit/s with framing)
[1;36m[Device: id=3] RX[0m: 0.03 Mpps, 107 Mbit/s (111 Mbit/s with framing)
[0;34m[Device: id=3] TX[0m: 0.03 Mpps, 107 Mbit/s (111 Mbit/s with framing)
[1;36m[Device: id=3] RX[0m: 0.03 Mpps, 107 Mbit/s (111 Mbit/s with framing)
[0;34m[Device: id=3] TX[0m: 0.03 Mpps, 107 Mbit/s (111 Mbit/s with framing)
[1;36m[Device: id=3] RX[0m: 0.03 Mpps, 107 Mbit/s (111 Mbit/s with framing)
[0;34m[Device: id=3] TX[0m: 0.03 Mpps, 107 Mbit/s (111 Mbit/s with framing)
[1;36m[Device: id=3] RX[0m: 0.03 Mpps, 107 Mbit/s (111 Mbit/s with framing)
[0;34m[Device: id=3] TX[0m: 0.03 Mpps, 107 Mbit/s (111 Mbit/s with framing)
[1;36m[Device: id=3] RX[0m: 0.03 Mpps, 107 Mbit/s (112 Mbit/s with framing)
[0;34m[Device: id=3] TX[0m: 0.03 Mpps, 107 Mbit/s (112 Mbit/s with framing)
[1;36m[Device: id=3] RX[0m: 0.03 Mpps, 107 Mbit/s (111 Mbit/s with framing)
[0;34m[Device: id=3] TX[0m: 0.03 Mpps, 107 Mbit/s (111 Mbit/s with framing)
[1;36m[Device: id=3] RX[0m: 0.03 Mpps, 107 Mbit/s (111 Mbit/s with framing)
[0;34m[Device: id=3] TX[0m: 0.03 Mpps, 107 Mbit/s (111 Mbit/s with framing)
[1;36m[Device: id=3] RX[0m: 0.03 Mpps, 107 Mbit/s (112 Mbit/s with framing)
[0;34m[Device: id=3] TX[0m: 0.03 Mpps, 107 Mbit/s (112 Mbit/s with framing)
[1;36m[Device: id=3] RX[0m: 0.03 Mpps, 107 Mbit/s (112 Mbit/s with framing)
[0;34m[Device: id=3] TX[0m: 0.03 Mpps, 107 Mbit/s (112 Mbit/s with framing)
[1;36m[Device: id=3] RX[0m: 0.03 Mpps, 107 Mbit/s (111 Mbit/s with framing)
[0;34m[Device: id=3] TX[0m: 0.03 Mpps, 107 Mbit/s (111 Mbit/s with framing)
[1;36m[Device: id=3] RX[0m: 0.03 Mpps, 107 Mbit/s (111 Mbit/s with framing)
[0;34m[Device: id=3] TX[0m: 0.03 Mpps, 107 Mbit/s (111 Mbit/s with framing)
[1;36m[Device: id=3] RX[0m: 0.03 Mpps, 107 Mbit/s (112 Mbit/s with framing)
[0;34m[Device: id=3] TX[0m: 0.03 Mpps, 107 Mbit/s (111 Mbit/s with framing)
[1;36m[Device: id=3] RX[0m: 0.03 Mpps, 107 Mbit/s (111 Mbit/s with framing)
[0;34m[Device: id=3] TX[0m: 0.03 Mpps, 107 Mbit/s (111 Mbit/s with framing)
[1;36m[Device: id=3] RX[0m: 0.03 Mpps, 107 Mbit/s (111 Mbit/s with framing)
[0;34m[Device: id=3] TX[0m: 0.03 Mpps, 107 Mbit/s (111 Mbit/s with framing)
[1;36m[Device: id=3] RX[0m: 0.03 Mpps, 107 Mbit/s (111 Mbit/s with framing)
[0;34m[Device: id=3] TX[0m: 0.03 Mpps, 107 Mbit/s (111 Mbit/s with framing)
[1;36m[Device: id=3] RX[0m: 0.03 Mpps, 107 Mbit/s (111 Mbit/s with framing)
[0;34m[Device: id=3] TX[0m: 0.03 Mpps, 107 Mbit/s (112 Mbit/s with framing)
[1;36m[Device: id=3] RX[0m: 0.03 Mpps, 107 Mbit/s (111 Mbit/s with framing)
[0;34m[Device: id=3] TX[0m: 0.03 Mpps, 107 Mbit/s (111 Mbit/s with framing)
[1;36m[Device: id=3] RX[0m: 0.03 Mpps, 107 Mbit/s (111 Mbit/s with framing)
[0;34m[Device: id=3] TX[0m: 0.03 Mpps, 107 Mbit/s (111 Mbit/s with framing)
[1;36m[Device: id=3] RX[0m: 0.03 Mpps, 107 Mbit/s (112 Mbit/s with framing)
[0;34m[Device: id=3] TX[0m: 0.03 Mpps, 107 Mbit/s (112 Mbit/s with framing)
[1;36m[Device: id=3] RX[0m: 0.03 Mpps, 107 Mbit/s (111 Mbit/s with framing)
[0;34m[Device: id=3] TX[0m: 0.03 Mpps, 107 Mbit/s (111 Mbit/s with framing)
[1;36m[Device: id=3] RX[0m: 0.03 Mpps, 107 Mbit/s (111 Mbit/s with framing)
[0;34m[Device: id=3] TX[0m: 0.03 Mpps, 107 Mbit/s (111 Mbit/s with framing)
[1;36m[Device: id=3] RX[0m: 0.03 Mpps, 107 Mbit/s (111 Mbit/s with framing)
[0;34m[Device: id=3] TX[0m: 0.03 Mpps, 107 Mbit/s (111 Mbit/s with framing)
[1;36m[Device: id=3] RX[0m: 0.03 Mpps, 107 Mbit/s (111 Mbit/s with framing)
[0;34m[Device: id=3] TX[0m: 0.03 Mpps, 107 Mbit/s (111 Mbit/s with framing)
[1;36m[Device: id=3] RX[0m: 0.03 Mpps, 107 Mbit/s (111 Mbit/s with framing)
[0;34m[Device: id=3] TX[0m: 0.03 Mpps, 107 Mbit/s (111 Mbit/s with framing)
[1;36m[Device: id=3] RX[0m: 0.03 Mpps, 107 Mbit/s (111 Mbit/s with framing)
[0;34m[Device: id=3] TX[0m: 0.03 Mpps, 107 Mbit/s (111 Mbit/s with framing)
[1;36m[Device: id=3] RX[0m: 0.03 Mpps, 107 Mbit/s (111 Mbit/s with framing)
[0;34m[Device: id=3] TX[0m: 0.03 Mpps, 107 Mbit/s (111 Mbit/s with framing)
[1;36m[Device: id=3] RX[0m: 0.03 Mpps, 107 Mbit/s (111 Mbit/s with framing)
[0;34m[Device: id=3] TX[0m: 0.03 Mpps, 107 Mbit/s (111 Mbit/s with framing)
[1;36m[Device: id=3] RX[0m: 0.03 Mpps, 107 Mbit/s (111 Mbit/s with framing)
[0;34m[Device: id=3] TX[0m: 0.03 Mpps, 107 Mbit/s (111 Mbit/s with framing)
[1;36m[Device: id=3] RX[0m: 0.03 Mpps, 107 Mbit/s (111 Mbit/s with framing)
[0;34m[Device: id=3] TX[0m: 0.03 Mpps, 107 Mbit/s (111 Mbit/s with framing)
[1;36m[Device: id=3] RX[0m: 0.03 Mpps, 107 Mbit/s (111 Mbit/s with framing)
[0;34m[Device: id=3] TX[0m: 0.03 Mpps, 107 Mbit/s (111 Mbit/s with framing)
[1;36m[Device: id=3] RX[0m: 0.03 Mpps, 107 Mbit/s (112 Mbit/s with framing)
[0;34m[Device: id=3] TX[0m: 0.03 Mpps, 107 Mbit/s (111 Mbit/s with framing)
[1;36m[Device: id=3] RX[0m: 0.03 Mpps, 107 Mbit/s (111 Mbit/s with framing)
[0;34m[Device: id=3] TX[0m: 0.03 Mpps, 107 Mbit/s (111 Mbit/s with framing)
[1;36m[Device: id=3] RX[0m: 0.03 Mpps, 107 Mbit/s (111 Mbit/s with framing)
[0;34m[Device: id=3] TX[0m: 0.03 Mpps, 107 Mbit/s (111 Mbit/s with framing)
[1;36m[Device: id=3] RX[0m: 0.03 Mpps, 107 Mbit/s (111 Mbit/s with framing)
[0;34m[Device: id=3] TX[0m: 0.03 Mpps, 107 Mbit/s (111 Mbit/s with framing)
[1;36m[Device: id=3] RX[0m: 0.03 Mpps, 107 Mbit/s (111 Mbit/s with framing)
[0;34m[Device: id=3] TX[0m: 0.03 Mpps, 107 Mbit/s (111 Mbit/s with framing)
[1;36m[Device: id=3] RX[0m: 0.03 Mpps, 107 Mbit/s (111 Mbit/s with framing)
[0;34m[Device: id=3] TX[0m: 0.03 Mpps, 107 Mbit/s (111 Mbit/s with framing)
[1;36m[Device: id=3] RX[0m: 0.03 Mpps, 107 Mbit/s (111 Mbit/s with framing)
[0;34m[Device: id=3] TX[0m: 0.03 Mpps, 107 Mbit/s (111 Mbit/s with framing)
[1;36m[Device: id=3] RX[0m: 0.03 Mpps, 107 Mbit/s (111 Mbit/s with framing)
[0;34m[Device: id=3] TX[0m: 0.03 Mpps, 107 Mbit/s (111 Mbit/s with framing)
[1;36m[Device: id=3] RX[0m: 0.03 Mpps, 107 Mbit/s (111 Mbit/s with framing)
[0;34m[Device: id=3] TX[0m: 0.03 Mpps, 107 Mbit/s (111 Mbit/s with framing)
[1;36m[Device: id=3] RX[0m: 0.03 Mpps, 107 Mbit/s (111 Mbit/s with framing)
[0;34m[Device: id=3] TX[0m: 0.03 Mpps, 107 Mbit/s (111 Mbit/s with framing)
[1;36m[Device: id=3] RX[0m: 0.03 Mpps, 107 Mbit/s (111 Mbit/s with framing)
[0;34m[Device: id=3] TX[0m: 0.03 Mpps, 107 Mbit/s (111 Mbit/s with framing)
[1;36m[Device: id=3] RX[0m: 0.03 Mpps, 107 Mbit/s (111 Mbit/s with framing)
[0;34m[Device: id=3] TX[0m: 0.03 Mpps, 107 Mbit/s (112 Mbit/s with framing)
[1;36m[Device: id=3] RX[0m: 0.03 Mpps, 107 Mbit/s (111 Mbit/s with framing)
[0;34m[Device: id=3] TX[0m: 0.03 Mpps, 107 Mbit/s (111 Mbit/s with framing)
[1;36m[Device: id=3] RX[0m: 0.03 Mpps, 107 Mbit/s (111 Mbit/s with framing)
[0;34m[Device: id=3] TX[0m: 0.03 Mpps, 107 Mbit/s (111 Mbit/s with framing)
[1;36m[Device: id=3] RX[0m: 0.03 Mpps, 107 Mbit/s (111 Mbit/s with framing)
[0;34m[Device: id=3] TX[0m: 0.03 Mpps, 107 Mbit/s (111 Mbit/s with framing)
[1;36m[Device: id=3] RX[0m: 0.03 Mpps, 107 Mbit/s (111 Mbit/s with framing)
[0;34m[Device: id=3] TX[0m: 0.03 Mpps, 107 Mbit/s (111 Mbit/s with framing)
[1;36m[Device: id=3] RX[0m: 0.03 Mpps, 107 Mbit/s (111 Mbit/s with framing)
[0;34m[Device: id=3] TX[0m: 0.03 Mpps, 107 Mbit/s (111 Mbit/s with framing)
[1;36m[Device: id=3] RX[0m: 0.03 Mpps, 107 Mbit/s (112 Mbit/s with framing)
[0;34m[Device: id=3] TX[0m: 0.03 Mpps, 107 Mbit/s (112 Mbit/s with framing)
[1;36m[Device: id=3] RX[0m: 0.03 Mpps, 107 Mbit/s (111 Mbit/s with framing)
[0;34m[Device: id=3] TX[0m: 0.03 Mpps, 107 Mbit/s (111 Mbit/s with framing)
[1;36m[Device: id=3] RX[0m: 0.03 Mpps, 107 Mbit/s (111 Mbit/s with framing)
[0;34m[Device: id=3] TX[0m: 0.03 Mpps, 107 Mbit/s (111 Mbit/s with framing)
[1;36m[Device: id=3] RX[0m: 0.03 Mpps, 107 Mbit/s (111 Mbit/s with framing)
[0;34m[Device: id=3] TX[0m: 0.03 Mpps, 107 Mbit/s (111 Mbit/s with framing)
[1;36m[Device: id=3] RX[0m: 0.03 Mpps, 107 Mbit/s (111 Mbit/s with framing)
[0;34m[Device: id=3] TX[0m: 0.03 Mpps, 107 Mbit/s (111 Mbit/s with framing)
[1;36m[Device: id=3] RX[0m: 0.03 Mpps, 107 Mbit/s (111 Mbit/s with framing)
[0;34m[Device: id=3] TX[0m: 0.03 Mpps, 107 Mbit/s (112 Mbit/s with framing)
[1;36m[Device: id=3] RX[0m: 0.03 Mpps, 107 Mbit/s (111 Mbit/s with framing)
[0;34m[Device: id=3] TX[0m: 0.03 Mpps, 107 Mbit/s (111 Mbit/s with framing)
[1;36m[Device: id=3] RX[0m: 0.03 Mpps, 107 Mbit/s (111 Mbit/s with framing)
[0;34m[Device: id=3] TX[0m: 0.03 Mpps, 107 Mbit/s (111 Mbit/s with framing)
[1;36m[Device: id=3] RX[0m: 0.03 Mpps, 107 Mbit/s (111 Mbit/s with framing)
[0;34m[Device: id=3] TX[0m: 0.03 Mpps, 107 Mbit/s (111 Mbit/s with framing)
[1;36m[Device: id=3] RX[0m: 0.03 Mpps, 107 Mbit/s (111 Mbit/s with framing)
[0;34m[Device: id=3] TX[0m: 0.03 Mpps, 107 Mbit/s (111 Mbit/s with framing)
[1;36m[Device: id=3] RX[0m: 0.03 Mpps, 107 Mbit/s (111 Mbit/s with framing)
[0;34m[Device: id=3] TX[0m: 0.03 Mpps, 107 Mbit/s (111 Mbit/s with framing)
[1;36m[Device: id=3] RX[0m: 0.03 Mpps, 107 Mbit/s (111 Mbit/s with framing)
[0;34m[Device: id=3] TX[0m: 0.03 Mpps, 107 Mbit/s (111 Mbit/s with framing)
[1;36m[Device: id=3] RX[0m: 0.03 Mpps, 107 Mbit/s (112 Mbit/s with framing)
[0;34m[Device: id=3] TX[0m: 0.03 Mpps, 107 Mbit/s (112 Mbit/s with framing)
[1;36m[Device: id=3] RX[0m: 0.03 Mpps, 107 Mbit/s (112 Mbit/s with framing)
[0;34m[Device: id=3] TX[0m: 0.03 Mpps, 107 Mbit/s (112 Mbit/s with framing)
[1;36m[Device: id=3] RX[0m: 0.03 Mpps, 107 Mbit/s (111 Mbit/s with framing)
[0;34m[Device: id=3] TX[0m: 0.03 Mpps, 107 Mbit/s (111 Mbit/s with framing)
[1;36m[Device: id=3] RX[0m: 0.03 Mpps, 107 Mbit/s (111 Mbit/s with framing)
[0;34m[Device: id=3] TX[0m: 0.03 Mpps, 107 Mbit/s (111 Mbit/s with framing)
[1;36m[Device: id=3] RX[0m: 0.03 Mpps, 107 Mbit/s (111 Mbit/s with framing)
[0;34m[Device: id=3] TX[0m: 0.03 Mpps, 107 Mbit/s (111 Mbit/s with framing)
[1;36m[Device: id=3] RX[0m: 0.03 Mpps, 107 Mbit/s (112 Mbit/s with framing)
[0;34m[Device: id=3] TX[0m: 0.03 Mpps, 107 Mbit/s (111 Mbit/s with framing)
[1;36m[Device: id=3] RX[0m: 0.03 Mpps, 107 Mbit/s (111 Mbit/s with framing)
[0;34m[Device: id=3] TX[0m: 0.03 Mpps, 107 Mbit/s (111 Mbit/s with framing)
[1;36m[Device: id=3] RX[0m: 0.03 Mpps, 107 Mbit/s (112 Mbit/s with framing)
[0;34m[Device: id=3] TX[0m: 0.03 Mpps, 107 Mbit/s (112 Mbit/s with framing)
[1;36m[Device: id=3] RX[0m: 0.03 Mpps, 107 Mbit/s (112 Mbit/s with framing)
[0;34m[Device: id=3] TX[0m: 0.03 Mpps, 107 Mbit/s (112 Mbit/s with framing)
[1;36m[Device: id=3] RX[0m: 0.03 Mpps, 107 Mbit/s (112 Mbit/s with framing)
[0;34m[Device: id=3] TX[0m: 0.03 Mpps, 107 Mbit/s (111 Mbit/s with framing)
[1;36m[Device: id=3] RX[0m: 0.03 Mpps, 107 Mbit/s (111 Mbit/s with framing)
[0;34m[Device: id=3] TX[0m: 0.03 Mpps, 107 Mbit/s (111 Mbit/s with framing)
[1;36m[Device: id=3] RX[0m: 0.03 Mpps, 107 Mbit/s (111 Mbit/s with framing)
[0;34m[Device: id=3] TX[0m: 0.03 Mpps, 107 Mbit/s (111 Mbit/s with framing)
[1;36m[Device: id=3] RX[0m: 0.03 Mpps, 107 Mbit/s (111 Mbit/s with framing)
[0;34m[Device: id=3] TX[0m: 0.03 Mpps, 107 Mbit/s (111 Mbit/s with framing)
[1;36m[Device: id=3] RX[0m: 0.03 Mpps, 107 Mbit/s (112 Mbit/s with framing)
[0;34m[Device: id=3] TX[0m: 0.03 Mpps, 107 Mbit/s (111 Mbit/s with framing)
[1;36m[Device: id=3] RX[0m: 0.03 Mpps, 107 Mbit/s (111 Mbit/s with framing)
[0;34m[Device: id=3] TX[0m: 0.03 Mpps, 107 Mbit/s (111 Mbit/s with framing)
[1;36m[Device: id=3] RX[0m: 0.03 Mpps, 107 Mbit/s (111 Mbit/s with framing)
[0;34m[Device: id=3] TX[0m: 0.03 Mpps, 107 Mbit/s (111 Mbit/s with framing)
[1;36m[Device: id=3] RX[0m: 0.03 Mpps, 107 Mbit/s (112 Mbit/s with framing)
[0;34m[Device: id=3] TX[0m: 0.03 Mpps, 107 Mbit/s (112 Mbit/s with framing)
[1;36m[Device: id=3] RX[0m: 0.03 Mpps, 107 Mbit/s (111 Mbit/s with framing)
[0;34m[Device: id=3] TX[0m: 0.03 Mpps, 107 Mbit/s (111 Mbit/s with framing)
[1;36m[Device: id=3] RX[0m: 0.03 Mpps, 107 Mbit/s (111 Mbit/s with framing)
[0;34m[Device: id=3] TX[0m: 0.03 Mpps, 107 Mbit/s (111 Mbit/s with framing)
[1;36m[Device: id=3] RX[0m: 0.03 Mpps, 107 Mbit/s (111 Mbit/s with framing)
[0;34m[Device: id=3] TX[0m: 0.03 Mpps, 107 Mbit/s (111 Mbit/s with framing)
[1;36m[Device: id=3] RX[0m: 0.03 Mpps, 107 Mbit/s (112 Mbit/s with framing)
[0;34m[Device: id=3] TX[0m: 0.03 Mpps, 107 Mbit/s (112 Mbit/s with framing)
[1;36m[Device: id=3] RX[0m: 0.03 Mpps, 107 Mbit/s (111 Mbit/s with framing)
[0;34m[Device: id=3] TX[0m: 0.03 Mpps, 107 Mbit/s (111 Mbit/s with framing)
[1;36m[Device: id=3] RX[0m: 0.03 Mpps, 107 Mbit/s (111 Mbit/s with framing)
[0;34m[Device: id=3] TX[0m: 0.03 Mpps, 107 Mbit/s (111 Mbit/s with framing)
[1;36m[Device: id=3] RX[0m: 0.03 Mpps, 107 Mbit/s (111 Mbit/s with framing)
[0;34m[Device: id=3] TX[0m: 0.03 Mpps, 107 Mbit/s (111 Mbit/s with framing)
[1;36m[Device: id=3] RX[0m: 0.03 Mpps, 107 Mbit/s (111 Mbit/s with framing)
[0;34m[Device: id=3] TX[0m: 0.03 Mpps, 107 Mbit/s (111 Mbit/s with framing)
[1;36m[Device: id=3] RX[0m: 0.03 Mpps, 107 Mbit/s (111 Mbit/s with framing)
[0;34m[Device: id=3] TX[0m: 0.03 Mpps, 107 Mbit/s (111 Mbit/s with framing)
[1;36m[Device: id=3] RX[0m: 0.03 Mpps, 107 Mbit/s (111 Mbit/s with framing)
[0;34m[Device: id=3] TX[0m: 0.03 Mpps, 107 Mbit/s (111 Mbit/s with framing)
[1;36m[Device: id=3] RX[0m: 0.03 Mpps, 107 Mbit/s (111 Mbit/s with framing)
[0;34m[Device: id=3] TX[0m: 0.03 Mpps, 107 Mbit/s (111 Mbit/s with framing)
[1;36m[Device: id=3] RX[0m: 0.03 Mpps, 107 Mbit/s (111 Mbit/s with framing)
[0;34m[Device: id=3] TX[0m: 0.03 Mpps, 107 Mbit/s (111 Mbit/s with framing)
[1;36m[Device: id=3] RX[0m: 0.03 Mpps, 107 Mbit/s (111 Mbit/s with framing)
[0;34m[Device: id=3] TX[0m: 0.03 Mpps, 107 Mbit/s (111 Mbit/s with framing)
[1;36m[Device: id=3] RX[0m: 0.03 Mpps, 107 Mbit/s (111 Mbit/s with framing)
[0;34m[Device: id=3] TX[0m: 0.03 Mpps, 107 Mbit/s (111 Mbit/s with framing)
[1;36m[Device: id=3] RX[0m: 0.03 Mpps, 107 Mbit/s (111 Mbit/s with framing)
[0;34m[Device: id=3] TX[0m: 0.03 Mpps, 107 Mbit/s (111 Mbit/s with framing)
[1;36m[Device: id=3] RX[0m: 0.03 Mpps, 107 Mbit/s (111 Mbit/s with framing)
[0;34m[Device: id=3] TX[0m: 0.03 Mpps, 107 Mbit/s (111 Mbit/s with framing)
[1;36m[Device: id=3] RX[0m: 0.03 Mpps, 107 Mbit/s (111 Mbit/s with framing)
[0;34m[Device: id=3] TX[0m: 0.03 Mpps, 107 Mbit/s (111 Mbit/s with framing)
[1;36m[Device: id=3] RX[0m: 0.03 Mpps, 107 Mbit/s (111 Mbit/s with framing)
[0;34m[Device: id=3] TX[0m: 0.03 Mpps, 107 Mbit/s (111 Mbit/s with framing)
[1;36m[Device: id=3] RX[0m: 0.03 Mpps, 107 Mbit/s (111 Mbit/s with framing)
[0;34m[Device: id=3] TX[0m: 0.03 Mpps, 107 Mbit/s (111 Mbit/s with framing)
[1;36m[Device: id=3] RX[0m: 0.03 Mpps, 107 Mbit/s (111 Mbit/s with framing)
[0;34m[Device: id=3] TX[0m: 0.03 Mpps, 107 Mbit/s (111 Mbit/s with framing)
[1;36m[Device: id=3] RX[0m: 0.03 Mpps, 107 Mbit/s (111 Mbit/s with framing)
[0;34m[Device: id=3] TX[0m: 0.03 Mpps, 107 Mbit/s (111 Mbit/s with framing)
[1;36m[Device: id=3] RX[0m: 0.03 Mpps, 107 Mbit/s (111 Mbit/s with framing)
[0;34m[Device: id=3] TX[0m: 0.03 Mpps, 107 Mbit/s (111 Mbit/s with framing)
[1;36m[Device: id=3] RX[0m: 0.03 Mpps, 107 Mbit/s (111 Mbit/s with framing)
[0;34m[Device: id=3] TX[0m: 0.03 Mpps, 107 Mbit/s (111 Mbit/s with framing)
[1;36m[Device: id=3] RX[0m: 0.03 Mpps, 107 Mbit/s (111 Mbit/s with framing)
[0;34m[Device: id=3] TX[0m: 0.03 Mpps, 107 Mbit/s (111 Mbit/s with framing)
[1;36m[Device: id=3] RX[0m: 0.03 Mpps, 107 Mbit/s (111 Mbit/s with framing)
[0;34m[Device: id=3] TX[0m: 0.03 Mpps, 107 Mbit/s (111 Mbit/s with framing)
[1;36m[Device: id=3] RX[0m: 0.03 Mpps, 107 Mbit/s (112 Mbit/s with framing)
[0;34m[Device: id=3] TX[0m: 0.03 Mpps, 107 Mbit/s (112 Mbit/s with framing)
[1;36m[Device: id=3] RX[0m: 0.03 Mpps, 107 Mbit/s (112 Mbit/s with framing)
[0;34m[Device: id=3] TX[0m: 0.03 Mpps, 107 Mbit/s (112 Mbit/s with framing)
[1;36m[Device: id=3] RX[0m: 0.03 Mpps, 107 Mbit/s (111 Mbit/s with framing)
[0;34m[Device: id=3] TX[0m: 0.03 Mpps, 107 Mbit/s (112 Mbit/s with framing)
[1;36m[Device: id=3] RX[0m: 0.03 Mpps, 107 Mbit/s (111 Mbit/s with framing)
[0;34m[Device: id=3] TX[0m: 0.03 Mpps, 107 Mbit/s (111 Mbit/s with framing)
[1;36m[Device: id=3] RX[0m: 0.03 Mpps, 107 Mbit/s (111 Mbit/s with framing)
[0;34m[Device: id=3] TX[0m: 0.03 Mpps, 107 Mbit/s (111 Mbit/s with framing)
[1;36m[Device: id=3] RX[0m: 0.03 Mpps, 107 Mbit/s (111 Mbit/s with framing)
[0;34m[Device: id=3] TX[0m: 0.03 Mpps, 107 Mbit/s (111 Mbit/s with framing)
[1;36m[Device: id=3] RX[0m: 0.03 Mpps, 107 Mbit/s (112 Mbit/s with framing)
[0;34m[Device: id=3] TX[0m: 0.03 Mpps, 107 Mbit/s (112 Mbit/s with framing)
[1;36m[Device: id=3] RX[0m: 0.03 Mpps, 107 Mbit/s (112 Mbit/s with framing)
[0;34m[Device: id=3] TX[0m: 0.03 Mpps, 107 Mbit/s (111 Mbit/s with framing)
[1;36m[Device: id=3] RX[0m: 0.03 Mpps, 107 Mbit/s (111 Mbit/s with framing)
[0;34m[Device: id=3] TX[0m: 0.03 Mpps, 107 Mbit/s (111 Mbit/s with framing)
[1;36m[Device: id=3] RX[0m: 0.03 Mpps, 107 Mbit/s (111 Mbit/s with framing)
[0;34m[Device: id=3] TX[0m: 0.03 Mpps, 107 Mbit/s (111 Mbit/s with framing)
[1;36m[Device: id=3] RX[0m: 0.03 Mpps, 107 Mbit/s (111 Mbit/s with framing)
[0;34m[Device: id=3] TX[0m: 0.03 Mpps, 107 Mbit/s (111 Mbit/s with framing)
[1;36m[Device: id=3] RX[0m: 0.03 Mpps, 107 Mbit/s (112 Mbit/s with framing)
[0;34m[Device: id=3] TX[0m: 0.03 Mpps, 107 Mbit/s (112 Mbit/s with framing)
[1;36m[Device: id=3] RX[0m: 0.03 Mpps, 107 Mbit/s (112 Mbit/s with framing)
[0;34m[Device: id=3] TX[0m: 0.03 Mpps, 107 Mbit/s (111 Mbit/s with framing)
[1;36m[Device: id=3] RX[0m: 0.03 Mpps, 107 Mbit/s (111 Mbit/s with framing)
[0;34m[Device: id=3] TX[0m: 0.03 Mpps, 107 Mbit/s (111 Mbit/s with framing)
[1;36m[Device: id=3] RX[0m: 0.03 Mpps, 107 Mbit/s (111 Mbit/s with framing)
[0;34m[Device: id=3] TX[0m: 0.03 Mpps, 107 Mbit/s (111 Mbit/s with framing)
[1;36m[Device: id=3] RX[0m: 0.03 Mpps, 107 Mbit/s (111 Mbit/s with framing)
[0;34m[Device: id=3] TX[0m: 0.03 Mpps, 107 Mbit/s (111 Mbit/s with framing)
[1;36m[Device: id=3] RX[0m: 0.03 Mpps, 107 Mbit/s (111 Mbit/s with framing)
[0;34m[Device: id=3] TX[0m: 0.03 Mpps, 107 Mbit/s (111 Mbit/s with framing)
[1;36m[Device: id=3] RX[0m: 0.03 Mpps, 107 Mbit/s (111 Mbit/s with framing)
[0;34m[Device: id=3] TX[0m: 0.03 Mpps, 107 Mbit/s (111 Mbit/s with framing)
[1;36m[Device: id=3] RX[0m: 0.03 Mpps, 107 Mbit/s (112 Mbit/s with framing)
[0;34m[Device: id=3] TX[0m: 0.03 Mpps, 107 Mbit/s (112 Mbit/s with framing)
[1;36m[Device: id=3] RX[0m: 0.03 Mpps, 107 Mbit/s (111 Mbit/s with framing)
[0;34m[Device: id=3] TX[0m: 0.03 Mpps, 107 Mbit/s (111 Mbit/s with framing)
[1;36m[Device: id=3] RX[0m: 0.03 Mpps, 107 Mbit/s (111 Mbit/s with framing)
[0;34m[Device: id=3] TX[0m: 0.03 Mpps, 107 Mbit/s (111 Mbit/s with framing)
[1;36m[Device: id=3] RX[0m: 0.03 Mpps, 107 Mbit/s (111 Mbit/s with framing)
[0;34m[Device: id=3] TX[0m: 0.03 Mpps, 107 Mbit/s (111 Mbit/s with framing)
[1;36m[Device: id=3] RX[0m: 0.03 Mpps, 107 Mbit/s (111 Mbit/s with framing)
[0;34m[Device: id=3] TX[0m: 0.03 Mpps, 107 Mbit/s (111 Mbit/s with framing)
[1;36m[Device: id=3] RX[0m: 0.03 Mpps, 107 Mbit/s (111 Mbit/s with framing)
[0;34m[Device: id=3] TX[0m: 0.03 Mpps, 107 Mbit/s (111 Mbit/s with framing)
[1;36m[Device: id=3] RX[0m: 0.03 Mpps, 107 Mbit/s (111 Mbit/s with framing)
[0;34m[Device: id=3] TX[0m: 0.03 Mpps, 107 Mbit/s (111 Mbit/s with framing)
[1;36m[Device: id=3] RX[0m: 0.03 Mpps, 107 Mbit/s (111 Mbit/s with framing)
[0;34m[Device: id=3] TX[0m: 0.03 Mpps, 107 Mbit/s (111 Mbit/s with framing)
[1;36m[Device: id=3] RX[0m: 0.03 Mpps, 107 Mbit/s (112 Mbit/s with framing)
[0;34m[Device: id=3] TX[0m: 0.03 Mpps, 107 Mbit/s (112 Mbit/s with framing)
[1;36m[Device: id=3] RX[0m: 0.03 Mpps, 107 Mbit/s (112 Mbit/s with framing)
[0;34m[Device: id=3] TX[0m: 0.03 Mpps, 107 Mbit/s (112 Mbit/s with framing)
[1;36m[Device: id=3] RX[0m: 0.03 Mpps, 107 Mbit/s (112 Mbit/s with framing)
[0;34m[Device: id=3] TX[0m: 0.03 Mpps, 107 Mbit/s (112 Mbit/s with framing)
[1;36m[Device: id=3] RX[0m: 0.03 Mpps, 107 Mbit/s (111 Mbit/s with framing)
[0;34m[Device: id=3] TX[0m: 0.03 Mpps, 107 Mbit/s (111 Mbit/s with framing)
[1;36m[Device: id=3] RX[0m: 0.03 Mpps, 107 Mbit/s (112 Mbit/s with framing)
[0;34m[Device: id=3] TX[0m: 0.03 Mpps, 107 Mbit/s (112 Mbit/s with framing)
[1;36m[Device: id=3] RX[0m: 0.03 Mpps, 107 Mbit/s (111 Mbit/s with framing)
[0;34m[Device: id=3] TX[0m: 0.03 Mpps, 107 Mbit/s (111 Mbit/s with framing)
[1;36m[Device: id=3] RX[0m: 0.03 Mpps, 107 Mbit/s (111 Mbit/s with framing)
[0;34m[Device: id=3] TX[0m: 0.03 Mpps, 107 Mbit/s (111 Mbit/s with framing)
[1;36m[Device: id=3] RX[0m: 0.03 Mpps, 107 Mbit/s (111 Mbit/s with framing)
[0;34m[Device: id=3] TX[0m: 0.03 Mpps, 107 Mbit/s (111 Mbit/s with framing)
[1;36m[Device: id=3] RX[0m: 0.03 Mpps, 107 Mbit/s (112 Mbit/s with framing)
[0;34m[Device: id=3] TX[0m: 0.03 Mpps, 107 Mbit/s (112 Mbit/s with framing)
[1;36m[Device: id=3] RX[0m: 0.03 Mpps, 107 Mbit/s (112 Mbit/s with framing)
[0;34m[Device: id=3] TX[0m: 0.03 Mpps, 107 Mbit/s (112 Mbit/s with framing)
[1;36m[Device: id=3] RX[0m: 0.03 Mpps, 107 Mbit/s (111 Mbit/s with framing)
[0;34m[Device: id=3] TX[0m: 0.03 Mpps, 107 Mbit/s (111 Mbit/s with framing)
[1;36m[Device: id=3] RX[0m: 0.03 Mpps, 107 Mbit/s (112 Mbit/s with framing)
[0;34m[Device: id=3] TX[0m: 0.03 Mpps, 107 Mbit/s (112 Mbit/s with framing)
[1;36m[Device: id=3] RX[0m: 0.03 Mpps, 107 Mbit/s (112 Mbit/s with framing)
[0;34m[Device: id=3] TX[0m: 0.03 Mpps, 107 Mbit/s (112 Mbit/s with framing)
[1;36m[Device: id=3] RX[0m: 0.03 Mpps, 107 Mbit/s (111 Mbit/s with framing)
[0;34m[Device: id=3] TX[0m: 0.03 Mpps, 107 Mbit/s (111 Mbit/s with framing)
[1;36m[Device: id=3] RX[0m: 0.03 Mpps, 107 Mbit/s (111 Mbit/s with framing)
[0;34m[Device: id=3] TX[0m: 0.03 Mpps, 107 Mbit/s (111 Mbit/s with framing)
[1;36m[Device: id=3] RX[0m: 0.03 Mpps, 107 Mbit/s (111 Mbit/s with framing)
[0;34m[Device: id=3] TX[0m: 0.03 Mpps, 107 Mbit/s (111 Mbit/s with framing)
[1;36m[Device: id=3] RX[0m: 0.03 Mpps, 107 Mbit/s (112 Mbit/s with framing)
[0;34m[Device: id=3] TX[0m: 0.03 Mpps, 107 Mbit/s (112 Mbit/s with framing)
[1;36m[Device: id=3] RX[0m: 0.03 Mpps, 107 Mbit/s (111 Mbit/s with framing)
[0;34m[Device: id=3] TX[0m: 0.03 Mpps, 107 Mbit/s (111 Mbit/s with framing)
[1;36m[Device: id=3] RX[0m: 0.03 Mpps, 107 Mbit/s (112 Mbit/s with framing)
[0;34m[Device: id=3] TX[0m: 0.03 Mpps, 107 Mbit/s (112 Mbit/s with framing)
[1;36m[Device: id=3] RX[0m: 0.03 Mpps, 107 Mbit/s (112 Mbit/s with framing)
[0;34m[Device: id=3] TX[0m: 0.03 Mpps, 107 Mbit/s (112 Mbit/s with framing)
[1;36m[Device: id=3] RX[0m: 0.03 Mpps, 107 Mbit/s (111 Mbit/s with framing)
[0;34m[Device: id=3] TX[0m: 0.03 Mpps, 107 Mbit/s (111 Mbit/s with framing)
[1;36m[Device: id=3] RX[0m: 0.03 Mpps, 107 Mbit/s (111 Mbit/s with framing)
[0;34m[Device: id=3] TX[0m: 0.03 Mpps, 107 Mbit/s (111 Mbit/s with framing)
[1;36m[Device: id=3] RX[0m: 0.03 Mpps, 107 Mbit/s (112 Mbit/s with framing)
[0;34m[Device: id=3] TX[0m: 0.03 Mpps, 107 Mbit/s (111 Mbit/s with framing)
[1;36m[Device: id=3] RX[0m: 0.03 Mpps, 107 Mbit/s (112 Mbit/s with framing)
[0;34m[Device: id=3] TX[0m: 0.03 Mpps, 107 Mbit/s (112 Mbit/s with framing)
[1;36m[Device: id=3] RX[0m: 0.03 Mpps, 107 Mbit/s (112 Mbit/s with framing)
[0;34m[Device: id=3] TX[0m: 0.03 Mpps, 107 Mbit/s (112 Mbit/s with framing)
[1;36m[Device: id=3] RX[0m: 0.03 Mpps, 107 Mbit/s (111 Mbit/s with framing)
[0;34m[Device: id=3] TX[0m: 0.03 Mpps, 107 Mbit/s (111 Mbit/s with framing)
[1;36m[Device: id=3] RX[0m: 0.03 Mpps, 107 Mbit/s (111 Mbit/s with framing)
[0;34m[Device: id=3] TX[0m: 0.03 Mpps, 107 Mbit/s (111 Mbit/s with framing)
[1;36m[Device: id=3] RX[0m: 0.03 Mpps, 107 Mbit/s (111 Mbit/s with framing)
[0;34m[Device: id=3] TX[0m: 0.03 Mpps, 107 Mbit/s (111 Mbit/s with framing)
[1;36m[Device: id=3] RX[0m: 0.03 Mpps, 107 Mbit/s (111 Mbit/s with framing)
[0;34m[Device: id=3] TX[0m: 0.03 Mpps, 107 Mbit/s (111 Mbit/s with framing)
[1;36m[Device: id=3] RX[0m: 0.03 Mpps, 107 Mbit/s (111 Mbit/s with framing)
[0;34m[Device: id=3] TX[0m: 0.03 Mpps, 107 Mbit/s (111 Mbit/s with framing)
[1;36m[Device: id=3] RX[0m: 0.03 Mpps, 107 Mbit/s (111 Mbit/s with framing)
[0;34m[Device: id=3] TX[0m: 0.03 Mpps, 107 Mbit/s (111 Mbit/s with framing)
[1;36m[Device: id=3] RX[0m: 0.03 Mpps, 107 Mbit/s (111 Mbit/s with framing)
[0;34m[Device: id=3] TX[0m: 0.03 Mpps, 107 Mbit/s (111 Mbit/s with framing)
[1;36m[Device: id=3] RX[0m: 0.03 Mpps, 107 Mbit/s (111 Mbit/s with framing)
[0;34m[Device: id=3] TX[0m: 0.03 Mpps, 107 Mbit/s (111 Mbit/s with framing)
[1;36m[Device: id=3] RX[0m: 0.03 Mpps, 107 Mbit/s (111 Mbit/s with framing)
[0;34m[Device: id=3] TX[0m: 0.03 Mpps, 107 Mbit/s (111 Mbit/s with framing)
[1;36m[Device: id=3] RX[0m: 0.03 Mpps, 107 Mbit/s (111 Mbit/s with framing)
[0;34m[Device: id=3] TX[0m: 0.03 Mpps, 107 Mbit/s (111 Mbit/s with framing)
[1;36m[Device: id=3] RX[0m: 0.03 Mpps, 107 Mbit/s (111 Mbit/s with framing)
[0;34m[Device: id=3] TX[0m: 0.03 Mpps, 107 Mbit/s (111 Mbit/s with framing)
[1;36m[Device: id=3] RX[0m: 0.03 Mpps, 107 Mbit/s (111 Mbit/s with framing)
[0;34m[Device: id=3] TX[0m: 0.03 Mpps, 107 Mbit/s (111 Mbit/s with framing)
[1;36m[Device: id=3] RX[0m: 0.03 Mpps, 107 Mbit/s (111 Mbit/s with framing)
[0;34m[Device: id=3] TX[0m: 0.03 Mpps, 107 Mbit/s (111 Mbit/s with framing)
[1;36m[Device: id=3] RX[0m: 0.03 Mpps, 107 Mbit/s (111 Mbit/s with framing)
[0;34m[Device: id=3] TX[0m: 0.03 Mpps, 107 Mbit/s (111 Mbit/s with framing)
[1;36m[Device: id=3] RX[0m: 0.03 Mpps, 107 Mbit/s (111 Mbit/s with framing)
[0;34m[Device: id=3] TX[0m: 0.03 Mpps, 107 Mbit/s (111 Mbit/s with framing)
[1;36m[Device: id=3] RX[0m: 0.03 Mpps, 107 Mbit/s (111 Mbit/s with framing)
[0;34m[Device: id=3] TX[0m: 0.03 Mpps, 107 Mbit/s (111 Mbit/s with framing)
[1;36m[Device: id=3] RX[0m: 0.03 Mpps, 107 Mbit/s (111 Mbit/s with framing)
[0;34m[Device: id=3] TX[0m: 0.03 Mpps, 107 Mbit/s (111 Mbit/s with framing)
[1;36m[Device: id=3] RX[0m: 0.03 Mpps, 107 Mbit/s (111 Mbit/s with framing)
[0;34m[Device: id=3] TX[0m: 0.03 Mpps, 107 Mbit/s (111 Mbit/s with framing)
[1;36m[Device: id=3] RX[0m: 0.03 Mpps, 107 Mbit/s (111 Mbit/s with framing)
[0;34m[Device: id=3] TX[0m: 0.03 Mpps, 107 Mbit/s (111 Mbit/s with framing)
[1;36m[Device: id=3] RX[0m: 0.03 Mpps, 107 Mbit/s (111 Mbit/s with framing)
[0;34m[Device: id=3] TX[0m: 0.03 Mpps, 107 Mbit/s (111 Mbit/s with framing)
[1;36m[Device: id=3] RX[0m: 0.03 Mpps, 107 Mbit/s (111 Mbit/s with framing)
[0;34m[Device: id=3] TX[0m: 0.03 Mpps, 107 Mbit/s (111 Mbit/s with framing)
[1;36m[Device: id=3] RX[0m: 0.03 Mpps, 107 Mbit/s (111 Mbit/s with framing)
[0;34m[Device: id=3] TX[0m: 0.03 Mpps, 107 Mbit/s (111 Mbit/s with framing)
[1;36m[Device: id=3] RX[0m: 0.03 Mpps, 107 Mbit/s (111 Mbit/s with framing)
[0;34m[Device: id=3] TX[0m: 0.03 Mpps, 107 Mbit/s (111 Mbit/s with framing)
[1;36m[Device: id=3] RX[0m: 0.03 Mpps, 107 Mbit/s (112 Mbit/s with framing)
[0;34m[Device: id=3] TX[0m: 0.03 Mpps, 107 Mbit/s (111 Mbit/s with framing)
[1;36m[Device: id=3] RX[0m: 0.03 Mpps, 107 Mbit/s (112 Mbit/s with framing)
[0;34m[Device: id=3] TX[0m: 0.03 Mpps, 107 Mbit/s (112 Mbit/s with framing)
[1;36m[Device: id=3] RX[0m: 0.03 Mpps, 107 Mbit/s (111 Mbit/s with framing)
[0;34m[Device: id=3] TX[0m: 0.03 Mpps, 107 Mbit/s (111 Mbit/s with framing)
[1;36m[Device: id=3] RX[0m: 0.03 Mpps, 107 Mbit/s (111 Mbit/s with framing)
[0;34m[Device: id=3] TX[0m: 0.03 Mpps, 107 Mbit/s (111 Mbit/s with framing)
[1;36m[Device: id=3] RX[0m: 0.03 Mpps, 107 Mbit/s (111 Mbit/s with framing)
[0;34m[Device: id=3] TX[0m: 0.03 Mpps, 107 Mbit/s (111 Mbit/s with framing)
[1;36m[Device: id=3] RX[0m: 0.03 Mpps, 107 Mbit/s (111 Mbit/s with framing)
[0;34m[Device: id=3] TX[0m: 0.03 Mpps, 107 Mbit/s (111 Mbit/s with framing)
[1;36m[Device: id=3] RX[0m: 0.03 Mpps, 107 Mbit/s (111 Mbit/s with framing)
[0;34m[Device: id=3] TX[0m: 0.03 Mpps, 107 Mbit/s (111 Mbit/s with framing)
[1;36m[Device: id=3] RX[0m: 0.03 Mpps, 107 Mbit/s (112 Mbit/s with framing)
[0;34m[Device: id=3] TX[0m: 0.03 Mpps, 107 Mbit/s (111 Mbit/s with framing)
[1;36m[Device: id=3] RX[0m: 0.03 Mpps, 107 Mbit/s (111 Mbit/s with framing)
[0;34m[Device: id=3] TX[0m: 0.03 Mpps, 107 Mbit/s (111 Mbit/s with framing)
[1;36m[Device: id=3] RX[0m: 0.03 Mpps, 107 Mbit/s (111 Mbit/s with framing)
[0;34m[Device: id=3] TX[0m: 0.03 Mpps, 107 Mbit/s (112 Mbit/s with framing)
[1;36m[Device: id=3] RX[0m: 0.03 Mpps, 107 Mbit/s (112 Mbit/s with framing)
[0;34m[Device: id=3] TX[0m: 0.03 Mpps, 107 Mbit/s (112 Mbit/s with framing)
[1;36m[Device: id=3] RX[0m: 0.03 Mpps, 107 Mbit/s (111 Mbit/s with framing)
[0;34m[Device: id=3] TX[0m: 0.03 Mpps, 107 Mbit/s (111 Mbit/s with framing)
[1;36m[Device: id=3] RX[0m: 0.03 Mpps, 107 Mbit/s (111 Mbit/s with framing)
[0;34m[Device: id=3] TX[0m: 0.03 Mpps, 107 Mbit/s (111 Mbit/s with framing)
[1;36m[Device: id=3] RX[0m: 0.03 Mpps, 107 Mbit/s (111 Mbit/s with framing)
[0;34m[Device: id=3] TX[0m: 0.03 Mpps, 107 Mbit/s (111 Mbit/s with framing)
[1;36m[Device: id=3] RX[0m: 0.03 Mpps, 107 Mbit/s (111 Mbit/s with framing)
[0;34m[Device: id=3] TX[0m: 0.03 Mpps, 107 Mbit/s (111 Mbit/s with framing)
[1;36m[Device: id=3] RX[0m: 0.03 Mpps, 107 Mbit/s (111 Mbit/s with framing)
[0;34m[Device: id=3] TX[0m: 0.03 Mpps, 107 Mbit/s (111 Mbit/s with framing)
[1;36m[Device: id=3] RX[0m: 0.03 Mpps, 107 Mbit/s (111 Mbit/s with framing)
[0;34m[Device: id=3] TX[0m: 0.03 Mpps, 107 Mbit/s (111 Mbit/s with framing)
[1;36m[Device: id=3] RX[0m: 0.03 Mpps, 107 Mbit/s (111 Mbit/s with framing)
[0;34m[Device: id=3] TX[0m: 0.03 Mpps, 107 Mbit/s (111 Mbit/s with framing)
[1;36m[Device: id=3] RX[0m: 0.03 Mpps, 107 Mbit/s (111 Mbit/s with framing)
[0;34m[Device: id=3] TX[0m: 0.03 Mpps, 107 Mbit/s (111 Mbit/s with framing)
[1;36m[Device: id=3] RX[0m: 0.03 Mpps, 107 Mbit/s (111 Mbit/s with framing)
[0;34m[Device: id=3] TX[0m: 0.03 Mpps, 107 Mbit/s (111 Mbit/s with framing)
[1;36m[Device: id=3] RX[0m: 0.03 Mpps, 107 Mbit/s (112 Mbit/s with framing)
[0;34m[Device: id=3] TX[0m: 0.03 Mpps, 107 Mbit/s (111 Mbit/s with framing)
[1;36m[Device: id=3] RX[0m: 0.03 Mpps, 107 Mbit/s (112 Mbit/s with framing)
[0;34m[Device: id=3] TX[0m: 0.03 Mpps, 107 Mbit/s (111 Mbit/s with framing)
[1;36m[Device: id=3] RX[0m: 0.03 Mpps, 107 Mbit/s (111 Mbit/s with framing)
[0;34m[Device: id=3] TX[0m: 0.03 Mpps, 107 Mbit/s (111 Mbit/s with framing)
[1;36m[Device: id=3] RX[0m: 0.03 Mpps, 107 Mbit/s (111 Mbit/s with framing)
[0;34m[Device: id=3] TX[0m: 0.03 Mpps, 107 Mbit/s (111 Mbit/s with framing)
[1;36m[Device: id=3] RX[0m: 0.03 Mpps, 107 Mbit/s (111 Mbit/s with framing)
[0;34m[Device: id=3] TX[0m: 0.03 Mpps, 107 Mbit/s (111 Mbit/s with framing)
[1;36m[Device: id=3] RX[0m: 0.03 Mpps, 107 Mbit/s (111 Mbit/s with framing)
[0;34m[Device: id=3] TX[0m: 0.03 Mpps, 107 Mbit/s (111 Mbit/s with framing)
[1;36m[Device: id=3] RX[0m: 0.03 Mpps, 107 Mbit/s (111 Mbit/s with framing)
[0;34m[Device: id=3] TX[0m: 0.03 Mpps, 107 Mbit/s (111 Mbit/s with framing)
[1;36m[Device: id=3] RX[0m: 0.03 Mpps, 107 Mbit/s (111 Mbit/s with framing)
[0;34m[Device: id=3] TX[0m: 0.03 Mpps, 107 Mbit/s (111 Mbit/s with framing)
[1;36m[Device: id=3] RX[0m: 0.03 Mpps, 107 Mbit/s (111 Mbit/s with framing)
[0;34m[Device: id=3] TX[0m: 0.03 Mpps, 107 Mbit/s (111 Mbit/s with framing)
[1;36m[Device: id=3] RX[0m: 0.03 Mpps, 107 Mbit/s (111 Mbit/s with framing)
[0;34m[Device: id=3] TX[0m: 0.03 Mpps, 107 Mbit/s (111 Mbit/s with framing)
Samples: 4978872, Average: 8259.5 ns, StdDev: 1238.8 ns, Quartiles: 8166.0/8179.0/8192.0 ns
[1;37m[INFO]  Saving histogram to '/root/MoonGen/histogram-latencies.csv'[0m
[1;36m[Device: id=3] RX[0m: 0.03 (StdDev 0.00) Mpps, 107 (StdDev 0) Mbit/s (111 Mbit/s with framing), total 9273708 packets with 4733739216 bytes (incl. CRC)
[0;34m[Device: id=3] TX[0m: 0.03 (StdDev 0.00) Mpps, 107 (StdDev 0) Mbit/s (111 Mbit/s with framing), total 9273708 packets with 4733739216 bytes (incl. CRC)
