Configuring server-side netem with 5% loss (bidirectional)
iperf 3.12
Linux narva 6.1.0-17-amd64 #1 SMP PREEMPT_DYNAMIC Debian 6.1.69-1 (2023-12-30) x86_64
iperf3 server is listening on port 25565 (PID 7515)
Waiting for iperf3 to handle client connection...
-----------------------------------------------------------
Server listening on 25565 (test #1)
-----------------------------------------------------------
Time: Tue, 24 Mar 2026 00:23:59 GMT
Accepted connection from fd00:0:0:1::1, port 43199
      Cookie: ec7qc36qs3aiuxw7mlhvaqdw4tond2vwscd2
      TCP MSS: 0 (default)
[  5] local fd00:0:0:3::1 port 25565 connected to fd00:0:0:1::1 port 50825
Starting Test: protocol: TCP, 1 streams, 131072 byte blocks, omitting 0 seconds, 10 second test, tos 0
[ ID] Interval           Transfer     Bitrate
[  5]   0.00-1.00   sec  3.24 MBytes  27.2 Mbits/sec                  
[  5]   1.00-2.00   sec   331 KBytes  2.71 Mbits/sec                  
[  5]   2.00-3.00   sec   674 KBytes  5.52 Mbits/sec                  
[  5]   3.00-4.00   sec   771 KBytes  6.32 Mbits/sec                  
[  5]   4.00-5.00   sec   887 KBytes  7.27 Mbits/sec                  
[  5]   5.00-6.00   sec   608 KBytes  4.98 Mbits/sec                  
[  5]   6.00-7.00   sec   300 KBytes  2.46 Mbits/sec                  
[  5]   7.00-8.00   sec   611 KBytes  5.00 Mbits/sec                  
[  5]   8.00-9.00   sec   487 KBytes  3.99 Mbits/sec                  
[  5]   9.00-10.00  sec   545 KBytes  4.47 Mbits/sec                  
[  5]  10.00-10.01  sec  8.37 KBytes  6.31 Mbits/sec                  
- - - - - - - - - - - - - - - - - - - - - - - - -
Test Complete. Summary Results:
[ ID] Interval           Transfer     Bitrate
[  5] (sender statistics not available)
[  5]   0.00-10.01  sec  8.34 MBytes  6.98 Mbits/sec                  receiver
rcv_tcp_congestion cubic
Server run complete.
