Configuring path properties with 1% loss
Checking path to the server
fd00:0:0:3::1 from fd00:0:0:2::1 dev enp2s0f0 table 200 src fd00:0:0:2::1 metric 1024 pref medium
Running iperf3 client via fd00:0:0:2::1 for 10s
iperf 3.12
Linux klaipeda 6.1.0-17-amd64 #1 SMP PREEMPT_DYNAMIC Debian 6.1.69-1 (2023-12-30) x86_64
Control connection MSS 1428
Time: Tue, 24 Mar 2026 00:21:06 GMT
Connecting to host fd00:0:0:3::1, port 25565
      Cookie: gsmk3r34lblxejap6xf44c2yhmesfob2vrl4
      TCP MSS: 1428 (default)
[  5] local fd00:0:0:2::1 port 51241 connected to fd00:0:0:3::1 port 25565
Starting Test: protocol: TCP, 1 streams, 131072 byte blocks, omitting 0 seconds, 10 second test, tos 0
[ ID] Interval           Transfer     Bitrate         Retr  Cwnd
[  5]   0.00-1.00   sec  1.45 MBytes  12.1 Mbits/sec   15   25.1 KBytes       
[  5]   1.00-2.00   sec  1.29 MBytes  10.8 Mbits/sec    8   29.3 KBytes       
[  5]   2.00-3.00   sec  1.10 MBytes  9.25 Mbits/sec    9   23.7 KBytes       
[  5]   3.00-4.00   sec  1.10 MBytes  9.25 Mbits/sec    8   27.9 KBytes       
[  5]   4.00-5.00   sec  1.10 MBytes  9.25 Mbits/sec   12   20.9 KBytes       
[  5]   5.00-6.00   sec  1.10 MBytes  9.25 Mbits/sec    3   26.5 KBytes       
[  5]   6.00-7.00   sec  1.10 MBytes  9.25 Mbits/sec    8   25.1 KBytes       
[  5]   7.00-8.00   sec  1.10 MBytes  9.25 Mbits/sec   10   23.7 KBytes       
[  5]   8.00-9.00   sec  1.10 MBytes  9.25 Mbits/sec    4   29.3 KBytes       
[  5]   9.00-10.00  sec  1.10 MBytes  9.25 Mbits/sec    5   26.5 KBytes       
- - - - - - - - - - - - - - - - - - - - - - - - -
Test Complete. Summary Results:
[ ID] Interval           Transfer     Bitrate         Retr
[  5]   0.00-10.00  sec  11.6 MBytes  9.70 Mbits/sec   82             sender
[  5]   0.00-10.02  sec  11.3 MBytes  9.47 Mbits/sec                  receiver
CPU Utilization: local/sender 0.2% (0.0%u/0.2%s), remote/receiver 1.9% (0.2%u/1.7%s)
snd_tcp_congestion cubic
rcv_tcp_congestion cubic

iperf Done.
Client run complete.
