Configuring server-side netem with 0% loss (bidirectional)
iperf 3.12
Linux narva 6.1.0-17-amd64 #1 SMP PREEMPT_DYNAMIC Debian 6.1.69-1 (2023-12-30) x86_64
iperf3 server is listening on port 25565 (PID 3080)
Waiting for iperf3 to handle client connection...
-----------------------------------------------------------
Server listening on 25565 (test #1)
-----------------------------------------------------------
Time: Tue, 24 Mar 2026 00:11:45 GMT
Accepted connection from fd00:0:0:2::1, port 51191
      Cookie: 45njthd2digxch7i6p35fzcmlrhotbmjhm3b
      TCP MSS: 0 (default)
[  5] local fd00:0:0:3::1 port 25565 connected to fd00:0:0:2::1 port 35047
Starting Test: protocol: TCP, 1 streams, 131072 byte blocks, omitting 0 seconds, 10 second test, tos 0
[ ID] Interval           Transfer     Bitrate
[  5]   0.00-1.00   sec  4.36 MBytes  36.6 Mbits/sec                  
[  5]   1.00-2.00   sec  5.62 MBytes  47.2 Mbits/sec                  
[  5]   2.00-3.00   sec  5.62 MBytes  47.1 Mbits/sec                  
[  5]   3.00-4.00   sec  5.62 MBytes  47.2 Mbits/sec                  
[  5]   4.00-5.00   sec  5.62 MBytes  47.2 Mbits/sec                  
[  5]   5.00-6.00   sec  5.62 MBytes  47.1 Mbits/sec                  
[  5]   6.00-7.00   sec  5.62 MBytes  47.2 Mbits/sec                  
[  5]   7.00-8.00   sec  5.62 MBytes  47.2 Mbits/sec                  
[  5]   8.00-9.00   sec  5.63 MBytes  47.2 Mbits/sec                  
[  5]   9.00-10.00  sec  5.62 MBytes  47.1 Mbits/sec                  
[  5]  10.00-10.53  sec  2.99 MBytes  47.1 Mbits/sec                  
- - - - - - - - - - - - - - - - - - - - - - - - -
Test Complete. Summary Results:
[ ID] Interval           Transfer     Bitrate
[  5] (sender statistics not available)
[  5]   0.00-10.53  sec  57.9 MBytes  46.2 Mbits/sec                  receiver
rcv_tcp_congestion cubic
Server run complete.
