Configuring server-side netem with 1% loss (bidirectional)
iperf 3.12
Linux narva 6.1.0-17-amd64 #1 SMP PREEMPT_DYNAMIC Debian 6.1.69-1 (2023-12-30) x86_64
iperf3 server is listening on port 25565 (PID 5302)
Waiting for iperf3 to handle client connection...
-----------------------------------------------------------
Server listening on 25565 (test #1)
-----------------------------------------------------------
Time: Tue, 24 Mar 2026 00:17:53 GMT
Accepted connection from fd00:0:0:2::1, port 58271
      Cookie: 44qesdlvulgoftljnhim33cmwwwhqwibxlue
      TCP MSS: 0 (default)
[  5] local fd00:0:0:3::1 port 25565 connected to fd00:0:0:2::1 port 53149
Starting Test: protocol: TCP, 1 streams, 131072 byte blocks, omitting 0 seconds, 10 second test, tos 0
[ ID] Interval           Transfer     Bitrate
[  5]   0.00-1.00   sec   908 KBytes  7.44 Mbits/sec                  
[  5]   1.00-2.00   sec  1.27 MBytes  10.7 Mbits/sec                  
[  5]   2.00-3.00   sec   753 KBytes  6.17 Mbits/sec                  
[  5]   3.00-4.00   sec   344 KBytes  2.82 Mbits/sec                  
[  5]   4.00-5.00   sec   279 KBytes  2.28 Mbits/sec                  
[  5]   5.00-6.00   sec   312 KBytes  2.56 Mbits/sec                  
[  5]   6.00-7.00   sec   331 KBytes  2.71 Mbits/sec                  
[  5]   7.00-8.00   sec   351 KBytes  2.88 Mbits/sec                  
[  5]   8.00-9.00   sec   265 KBytes  2.17 Mbits/sec                  
[  5]   9.00-10.00  sec   417 KBytes  3.42 Mbits/sec                  
[  5]  10.00-10.05  sec  26.5 KBytes  4.25 Mbits/sec                  
- - - - - - - - - - - - - - - - - - - - - - - - -
Test Complete. Summary Results:
[ ID] Interval           Transfer     Bitrate
[  5] (sender statistics not available)
[  5]   0.00-10.05  sec  5.17 MBytes  4.31 Mbits/sec                  receiver
rcv_tcp_congestion cubic
Server run complete.
