Configuring server-side netem with 0.5% loss (bidirectional)
iperf 3.12
Linux narva 6.1.0-17-amd64 #1 SMP PREEMPT_DYNAMIC Debian 6.1.69-1 (2023-12-30) x86_64
iperf3 server is listening on port 25565 (PID 4352)
Waiting for iperf3 to handle client connection...
-----------------------------------------------------------
Server listening on 25565 (test #1)
-----------------------------------------------------------
Time: Tue, 24 Mar 2026 00:15:17 GMT
Accepted connection from fd00:0:0:2::1, port 40133
      Cookie: e7kwvjzw4ricq6ijknngw3oi22ekbx4z36pm
      TCP MSS: 0 (default)
[  5] local fd00:0:0:3::1 port 25565 connected to fd00:0:0:2::1 port 53355
Starting Test: protocol: TCP, 1 streams, 131072 byte blocks, omitting 0 seconds, 10 second test, tos 0
[ ID] Interval           Transfer     Bitrate
[  5]   0.00-1.00   sec  3.76 MBytes  31.6 Mbits/sec                  
[  5]   1.00-2.00   sec  1.97 MBytes  16.6 Mbits/sec                  
[  5]   2.00-3.00   sec   604 KBytes  4.95 Mbits/sec                  
[  5]   3.00-4.00   sec   427 KBytes  3.50 Mbits/sec                  
[  5]   4.00-5.00   sec   491 KBytes  4.02 Mbits/sec                  
[  5]   5.00-6.00   sec   533 KBytes  4.36 Mbits/sec                  
[  5]   6.00-7.00   sec   431 KBytes  3.53 Mbits/sec                  
[  5]   7.00-8.00   sec   367 KBytes  3.00 Mbits/sec                  
[  5]   8.00-9.00   sec   608 KBytes  4.98 Mbits/sec                  
[  5]   9.00-10.00  sec   640 KBytes  5.24 Mbits/sec                  
[  5]  10.00-10.05  sec  32.1 KBytes  5.16 Mbits/sec                  
- - - - - - - - - - - - - - - - - - - - - - - - -
Test Complete. Summary Results:
[ ID] Interval           Transfer     Bitrate
[  5] (sender statistics not available)
[  5]   0.00-10.05  sec  9.77 MBytes  8.16 Mbits/sec                  receiver
rcv_tcp_congestion cubic
Server run complete.
